#
# There is insufficient memory for the Java Runtime Environment to continue.
# Native memory allocation (malloc) failed to allocate 1969776 bytes. Error detail: Chunk::new
# Possible reasons:
#   The system is out of physical RAM or swap space
#   This process is running with CompressedOops enabled, and the Java Heap may be blocking the growth of the native heap
# Possible solutions:
#   Reduce memory load on the system
#   Increase physical memory or swap space
#   Check if swap backing store is full
#   Decrease Java heap size (-Xmx/-Xms)
#   Decrease number of Java threads
#   Decrease Java thread stack sizes (-Xss)
#   Set larger code cache with -XX:ReservedCodeCacheSize=
#   JVM is running with Unscaled Compressed Oops mode in which the Java heap is
#     placed in the first 4GB address space. The Java Heap base address is the
#     maximum limit for the native heap growth. Please use -XX:HeapBaseMinAddress
#     to set the Java Heap base and to place the Java Heap above 4GB virtual address.
# This output file may be truncated or incomplete.
#
#  Out of Memory Error (arena.cpp:168), pid=2428, tid=17632
#
# JRE version: OpenJDK Runtime Environment (21.0.5) (build 21.0.5+-12932927-b750.29)
# Java VM: OpenJDK 64-Bit Server VM (21.0.5+-12932927-b750.29, mixed mode, tiered, compressed oops, compressed class ptrs, g1 gc, windows-amd64)
# No core dump will be written. Minidumps are not enabled by default on client versions of Windows
#

---------------  S U M M A R Y ------------

Command Line: --add-opens=java.base/java.lang=ALL-UNNAMED --add-opens=java.base/java.lang.invoke=ALL-UNNAMED --add-opens=java.base/java.util=ALL-UNNAMED --add-opens=java.prefs/java.util.prefs=ALL-UNNAMED --add-exports=jdk.compiler/com.sun.tools.javac.api=ALL-UNNAMED --add-exports=jdk.compiler/com.sun.tools.javac.util=ALL-UNNAMED --add-opens=java.base/java.util=ALL-UNNAMED --add-opens=java.prefs/java.util.prefs=ALL-UNNAMED --add-opens=java.base/java.nio.charset=ALL-UNNAMED --add-opens=java.base/java.net=ALL-UNNAMED --add-opens=java.base/java.util.concurrent.atomic=ALL-UNNAMED --add-opens=java.xml/javax.xml.namespace=ALL-UNNAMED -Xmx2048m -Dfile.encoding=UTF-8 -Duser.country=US -Duser.language=en -Duser.variant -javaagent:C:\Users\ma725\.gradle\wrapper\dists\gradle-8.11.1-bin\bpt9gzteqjrbo1mjrsomdt32c\gradle-8.11.1\lib\agents\gradle-instrumentation-agent-8.11.1.jar org.gradle.launcher.daemon.bootstrap.GradleDaemon 8.11.1

Host: 12th Gen Intel(R) Core(TM) i5-12450H, 12 cores, 7G,  Windows 11 , 64 bit Build 26100 (10.0.26100.3775)
Time: Sun May 25 19:47:59 2025 Bangladesh Standard Time elapsed time: 4.566143 seconds (0d 0h 0m 4s)

---------------  T H R E A D  ---------------

Current thread (0x000001c93d7212a0):  JavaThread "C2 CompilerThread2" daemon [_thread_in_native, id=17632, stack(0x0000005c2af00000,0x0000005c2b000000) (1024K)]


Current CompileTask:
C2:4566 3982   !   4       java.lang.ClassLoader::loadClass (121 bytes)

Stack: [0x0000005c2af00000,0x0000005c2b000000]
Native frames: (J=compiled Java code, j=interpreted, Vv=VM code, C=native code)
V  [jvm.dll+0x6cfb29]
V  [jvm.dll+0x85ded3]
V  [jvm.dll+0x86042e]
V  [jvm.dll+0x860b13]
V  [jvm.dll+0x27e6b6]
V  [jvm.dll+0xbff6d]
V  [jvm.dll+0xc04a3]
V  [jvm.dll+0x3b5fc1]
V  [jvm.dll+0x381f97]
V  [jvm.dll+0x38140a]
V  [jvm.dll+0x247c62]
V  [jvm.dll+0x247231]
V  [jvm.dll+0x1c5ee4]
V  [jvm.dll+0x25697c]
V  [jvm.dll+0x254ec6]
V  [jvm.dll+0x3f0ce6]
V  [jvm.dll+0x806368]
V  [jvm.dll+0x6ce3fd]
C  [ucrtbase.dll+0x37b0]
C  [KERNEL32.DLL+0x2e8d7]
C  [ntdll.dll+0xb14fc]


---------------  P R O C E S S  ---------------

Threads class SMR info:
_java_thread_list=0x000001c93d5ca8d0, length=46, elements={
0x000001c91ed07600, 0x000001c937235870, 0x000001c9372382d0, 0x000001c93723a680,
0x000001c93723b0d0, 0x000001c93721e030, 0x000001c93721e690, 0x000001c93721f410,
0x000001c93721fea0, 0x000001c93735ffa0, 0x000001c937412ac0, 0x000001c9376d8080,
0x000001c93d1487b0, 0x000001c93d019d20, 0x000001c93d37b650, 0x000001c93d257ba0,
0x000001c93d258a10, 0x000001c93d4bb040, 0x000001c93d4dc410, 0x000001c93d524910,
0x000001c93d51c8c0, 0x000001c93d51f6c0, 0x000001c93d51fd50, 0x000001c93d521100,
0x000001c93d5224b0, 0x000001c93d7212a0, 0x000001c93d5203e0, 0x000001c93d521790,
0x000001c93d520a70, 0x000001c93d521e20, 0x000001c93d522b40, 0x000001c93e441210,
0x000001c93e43eab0, 0x000001c93e4404f0, 0x000001c93e43fe60, 0x000001c93e4418a0,
0x000001c93e441f30, 0x000001c93e440b80, 0x000001c93e4425c0, 0x000001c93e43f140,
0x000001c93e442c50, 0x000001c93e43f7d0, 0x000001c93e444d20, 0x000001c93e444690,
0x000001c93e4432e0, 0x000001c93e4460d0
}

Java Threads: ( => current thread )
  0x000001c91ed07600 JavaThread "main"                              [_thread_blocked, id=9128, stack(0x0000005c28400000,0x0000005c28500000) (1024K)]
  0x000001c937235870 JavaThread "Reference Handler"          daemon [_thread_blocked, id=13708, stack(0x0000005c28c00000,0x0000005c28d00000) (1024K)]
  0x000001c9372382d0 JavaThread "Finalizer"                  daemon [_thread_blocked, id=16884, stack(0x0000005c28d00000,0x0000005c28e00000) (1024K)]
  0x000001c93723a680 JavaThread "Signal Dispatcher"          daemon [_thread_blocked, id=18828, stack(0x0000005c28e00000,0x0000005c28f00000) (1024K)]
  0x000001c93723b0d0 JavaThread "Attach Listener"            daemon [_thread_blocked, id=18424, stack(0x0000005c28f00000,0x0000005c29000000) (1024K)]
  0x000001c93721e030 JavaThread "Service Thread"             daemon [_thread_blocked, id=15372, stack(0x0000005c29000000,0x0000005c29100000) (1024K)]
  0x000001c93721e690 JavaThread "Monitor Deflation Thread"   daemon [_thread_blocked, id=1904, stack(0x0000005c29100000,0x0000005c29200000) (1024K)]
  0x000001c93721f410 JavaThread "C2 CompilerThread0"         daemon [_thread_blocked, id=6908, stack(0x0000005c29200000,0x0000005c29300000) (1024K)]
  0x000001c93721fea0 JavaThread "C1 CompilerThread0"         daemon [_thread_in_native, id=15272, stack(0x0000005c29300000,0x0000005c29400000) (1024K)]
  0x000001c93735ffa0 JavaThread "Common-Cleaner"             daemon [_thread_blocked, id=14936, stack(0x0000005c29400000,0x0000005c29500000) (1024K)]
  0x000001c937412ac0 JavaThread "C2 CompilerThread1"         daemon [_thread_blocked, id=15908, stack(0x0000005c29500000,0x0000005c29600000) (1024K)]
  0x000001c9376d8080 JavaThread "Notification Thread"        daemon [_thread_blocked, id=18928, stack(0x0000005c29600000,0x0000005c29700000) (1024K)]
  0x000001c93d1487b0 JavaThread "Daemon health stats"               [_thread_blocked, id=15828, stack(0x0000005c29d00000,0x0000005c29e00000) (1024K)]
  0x000001c93d019d20 JavaThread "Incoming local TCP Connector on port 58142"        [_thread_in_native, id=7576, stack(0x0000005c29e00000,0x0000005c29f00000) (1024K)]
  0x000001c93d37b650 JavaThread "Daemon periodic checks"            [_thread_blocked, id=17040, stack(0x0000005c29f00000,0x0000005c2a000000) (1024K)]
  0x000001c93d257ba0 JavaThread "Daemon"                            [_thread_blocked, id=16932, stack(0x0000005c2a000000,0x0000005c2a100000) (1024K)]
  0x000001c93d258a10 JavaThread "Handler for socket connection from /127.0.0.1:58142 to /127.0.0.1:58143"        [_thread_in_native, id=6244, stack(0x0000005c2a100000,0x0000005c2a200000) (1024K)]
  0x000001c93d4bb040 JavaThread "Cancel handler"                    [_thread_blocked, id=11944, stack(0x0000005c2a200000,0x0000005c2a300000) (1024K)]
  0x000001c93d4dc410 JavaThread "Daemon worker"                     [_thread_in_vm, id=15224, stack(0x0000005c2a300000,0x0000005c2a400000) (1024K)]
  0x000001c93d524910 JavaThread "Asynchronous log dispatcher for DefaultDaemonConnection: socket connection from /127.0.0.1:58142 to /127.0.0.1:58143"        [_thread_blocked, id=1432, stack(0x0000005c2a400000,0x0000005c2a500000) (1024K)]
  0x000001c93d51c8c0 JavaThread "Stdin handler"                     [_thread_blocked, id=11292, stack(0x0000005c2a500000,0x0000005c2a600000) (1024K)]
  0x000001c93d51f6c0 JavaThread "Daemon client event forwarder"        [_thread_blocked, id=19164, stack(0x0000005c2a600000,0x0000005c2a700000) (1024K)]
  0x000001c93d51fd50 JavaThread "Cache worker for journal cache (C:\Users\ma725\.gradle\caches\journal-1)"        [_thread_blocked, id=19004, stack(0x0000005c2ac00000,0x0000005c2ad00000) (1024K)]
  0x000001c93d521100 JavaThread "File lock request listener"        [_thread_in_native, id=16664, stack(0x0000005c2ad00000,0x0000005c2ae00000) (1024K)]
  0x000001c93d5224b0 JavaThread "Cache worker for file hash cache (C:\Users\ma725\.gradle\caches\8.11.1\fileHashes)"        [_thread_blocked, id=4336, stack(0x0000005c2ae00000,0x0000005c2af00000) (1024K)]
=>0x000001c93d7212a0 JavaThread "C2 CompilerThread2"         daemon [_thread_in_native, id=17632, stack(0x0000005c2af00000,0x0000005c2b000000) (1024K)]
  0x000001c93d5203e0 JavaThread "Cache worker for file content cache (C:\Users\ma725\.gradle\caches\8.11.1\fileContent)"        [_thread_blocked, id=7252, stack(0x0000005c2b000000,0x0000005c2b100000) (1024K)]
  0x000001c93d521790 JavaThread "Cache worker for file hash cache (E:\YourClass\.gradle\8.11.1\fileHashes)"        [_thread_blocked, id=20120, stack(0x0000005c2b100000,0x0000005c2b200000) (1024K)]
  0x000001c93d520a70 JavaThread "Cache worker for Build Output Cleanup Cache (E:\YourClass\.gradle\buildOutputCleanup)"        [_thread_blocked, id=9292, stack(0x0000005c2b200000,0x0000005c2b300000) (1024K)]
  0x000001c93d521e20 JavaThread "File watcher server"        daemon [_thread_in_native, id=11880, stack(0x0000005c2b300000,0x0000005c2b400000) (1024K)]
  0x000001c93d522b40 JavaThread "File watcher consumer"      daemon [_thread_blocked, id=13120, stack(0x0000005c2b400000,0x0000005c2b500000) (1024K)]
  0x000001c93e441210 JavaThread "jar transforms"                    [_thread_blocked, id=1220, stack(0x0000005c2b500000,0x0000005c2b600000) (1024K)]
  0x000001c93e43eab0 JavaThread "jar transforms Thread 2"           [_thread_blocked, id=3704, stack(0x0000005c2b600000,0x0000005c2b700000) (1024K)]
  0x000001c93e4404f0 JavaThread "jar transforms Thread 3"           [_thread_blocked, id=7900, stack(0x0000005c2b700000,0x0000005c2b800000) (1024K)]
  0x000001c93e43fe60 JavaThread "jar transforms Thread 4"           [_thread_blocked, id=1440, stack(0x0000005c2b800000,0x0000005c2b900000) (1024K)]
  0x000001c93e4418a0 JavaThread "jar transforms Thread 5"           [_thread_blocked, id=16032, stack(0x0000005c2b900000,0x0000005c2ba00000) (1024K)]
  0x000001c93e441f30 JavaThread "jar transforms Thread 6"           [_thread_blocked, id=11036, stack(0x0000005c2ba00000,0x0000005c2bb00000) (1024K)]
  0x000001c93e440b80 JavaThread "jar transforms Thread 7"           [_thread_blocked, id=19828, stack(0x0000005c2bb00000,0x0000005c2bc00000) (1024K)]
  0x000001c93e4425c0 JavaThread "jar transforms Thread 8"           [_thread_blocked, id=11216, stack(0x0000005c2bc00000,0x0000005c2bd00000) (1024K)]
  0x000001c93e43f140 JavaThread "jar transforms Thread 9"           [_thread_blocked, id=2400, stack(0x0000005c2bd00000,0x0000005c2be00000) (1024K)]
  0x000001c93e442c50 JavaThread "jar transforms Thread 10"          [_thread_blocked, id=18764, stack(0x0000005c2be00000,0x0000005c2bf00000) (1024K)]
  0x000001c93e43f7d0 JavaThread "jar transforms Thread 11"          [_thread_blocked, id=9076, stack(0x0000005c2bf00000,0x0000005c2c000000) (1024K)]
  0x000001c93e444d20 JavaThread "jar transforms Thread 12"          [_thread_blocked, id=6540, stack(0x0000005c2c000000,0x0000005c2c100000) (1024K)]
  0x000001c93e444690 JavaThread "Cache worker for checksums cache (E:\YourClass\.gradle\8.11.1\checksums)"        [_thread_blocked, id=14220, stack(0x0000005c2c100000,0x0000005c2c200000) (1024K)]
  0x000001c93e4432e0 JavaThread "Cache worker for cache directory md-rule (C:\Users\ma725\.gradle\caches\8.11.1\md-rule)"        [_thread_blocked, id=14876, stack(0x0000005c2c200000,0x0000005c2c300000) (1024K)]
  0x000001c93e4460d0 JavaThread "Cache worker for cache directory md-supplier (C:\Users\ma725\.gradle\caches\8.11.1\md-supplier)"        [_thread_blocked, id=8816, stack(0x0000005c2c300000,0x0000005c2c400000) (1024K)]
Total: 46

Other Threads:
  0x000001c93707e0a0 VMThread "VM Thread"                           [id=18564, stack(0x0000005c28b00000,0x0000005c28c00000) (1024K)]
  0x000001c937004ab0 WatcherThread "VM Periodic Task Thread"        [id=7128, stack(0x0000005c28a00000,0x0000005c28b00000) (1024K)]
  0x000001c91ed62c60 WorkerThread "GC Thread#0"                     [id=11584, stack(0x0000005c28500000,0x0000005c28600000) (1024K)]
  0x000001c937a10320 WorkerThread "GC Thread#1"                     [id=19584, stack(0x0000005c29700000,0x0000005c29800000) (1024K)]
  0x000001c937790420 WorkerThread "GC Thread#2"                     [id=17712, stack(0x0000005c29800000,0x0000005c29900000) (1024K)]
  0x000001c93c64cf60 WorkerThread "GC Thread#3"                     [id=7140, stack(0x0000005c29900000,0x0000005c29a00000) (1024K)]
  0x000001c93c592340 WorkerThread "GC Thread#4"                     [id=20360, stack(0x0000005c29a00000,0x0000005c29b00000) (1024K)]
  0x000001c93d076ed0 WorkerThread "GC Thread#5"                     [id=2240, stack(0x0000005c29b00000,0x0000005c29c00000) (1024K)]
  0x000001c93cede8c0 WorkerThread "GC Thread#6"                     [id=3156, stack(0x0000005c29c00000,0x0000005c29d00000) (1024K)]
  0x000001c93d3aa5d0 WorkerThread "GC Thread#7"                     [id=12760, stack(0x0000005c2a700000,0x0000005c2a800000) (1024K)]
  0x000001c93d3aa970 WorkerThread "GC Thread#8"                     [id=3352, stack(0x0000005c2a800000,0x0000005c2a900000) (1024K)]
  0x000001c93d3a9e90 WorkerThread "GC Thread#9"                     [id=4004, stack(0x0000005c2a900000,0x0000005c2aa00000) (1024K)]
  0x000001c91ed74360 ConcurrentGCThread "G1 Main Marker"            [id=19116, stack(0x0000005c28600000,0x0000005c28700000) (1024K)]
  0x000001c91ed74d70 WorkerThread "G1 Conc#0"                       [id=19488, stack(0x0000005c28700000,0x0000005c28800000) (1024K)]
  0x000001c93d3aa230 WorkerThread "G1 Conc#1"                       [id=12808, stack(0x0000005c2aa00000,0x0000005c2ab00000) (1024K)]
  0x000001c93d3aad10 WorkerThread "G1 Conc#2"                       [id=6132, stack(0x0000005c2ab00000,0x0000005c2ac00000) (1024K)]
  0x000001c936ed55b0 ConcurrentGCThread "G1 Refine#0"               [id=17736, stack(0x0000005c28800000,0x0000005c28900000) (1024K)]
  0x000001c936ed5ed0 ConcurrentGCThread "G1 Service"                [id=16704, stack(0x0000005c28900000,0x0000005c28a00000) (1024K)]
Total: 18

Threads with active compile tasks:
C2 CompilerThread2  4577 3982   !   4       java.lang.ClassLoader::loadClass (121 bytes)
Total: 1

VM state: not at safepoint (normal execution)

VM Mutex/Monitor currently owned by a thread: None

Heap address: 0x0000000080000000, size: 2048 MB, Compressed Oops mode: 32-bit

CDS archive(s) not mapped
Compressed class space mapped at: 0x0000000100000000-0x0000000140000000, reserved size: 1073741824
Narrow klass base: 0x0000000000000000, Narrow klass shift: 3, Narrow klass range: 0x140000000

GC Precious Log:
 CardTable entry size: 512
 Card Set container configuration: InlinePtr #cards 5 size 8 Array Of Cards #cards 12 size 40 Howl #buckets 4 coarsen threshold 1843 Howl Bitmap #cards 512 size 80 coarsen threshold 460 Card regions per heap region 1 cards per card region 2048
 CPUs: 12 total, 12 available
 Memory: 7860M
 Large Page Support: Disabled
 NUMA Support: Disabled
 Compressed Oops: Enabled (32-bit)
 Heap Region Size: 1M
 Heap Min Capacity: 8M
 Heap Initial Capacity: 124M
 Heap Max Capacity: 2G
 Pre-touch: Disabled
 Parallel Workers: 10
 Concurrent Workers: 3
 Concurrent Refinement Workers: 10
 Periodic GC: Disabled

Heap:
 garbage-first heap   total 94208K, used 76957K [0x0000000080000000, 0x0000000100000000)
  region size 1024K, 35 young (35840K), 3 survivors (3072K)
 Metaspace       used 44416K, committed 45760K, reserved 1114112K
  class space    used 6197K, committed 6848K, reserved 1048576K

Heap Regions: E=young(eden), S=young(survivor), O=old, HS=humongous(starts), HC=humongous(continues), CS=collection set, F=free, TAMS=top-at-mark-start, PB=parsable bottom
|   0|0x0000000080000000, 0x0000000080100000, 0x0000000080100000|100%| O|  |TAMS 0x0000000080000000| PB 0x0000000080000000| Untracked 
|   1|0x0000000080100000, 0x0000000080200000, 0x0000000080200000|100%|HS|  |TAMS 0x0000000080100000| PB 0x0000000080100000| Complete 
|   2|0x0000000080200000, 0x0000000080300000, 0x0000000080300000|100%|HC|  |TAMS 0x0000000080200000| PB 0x0000000080200000| Complete 
|   3|0x0000000080300000, 0x0000000080400000, 0x0000000080400000|100%|HC|  |TAMS 0x0000000080300000| PB 0x0000000080300000| Complete 
|   4|0x0000000080400000, 0x0000000080500000, 0x0000000080500000|100%| O|  |TAMS 0x0000000080400000| PB 0x0000000080400000| Untracked 
|   5|0x0000000080500000, 0x0000000080600000, 0x0000000080600000|100%| O|  |TAMS 0x0000000080500000| PB 0x0000000080500000| Untracked 
|   6|0x0000000080600000, 0x0000000080700000, 0x0000000080700000|100%| O|  |TAMS 0x0000000080600000| PB 0x0000000080600000| Untracked 
|   7|0x0000000080700000, 0x0000000080800000, 0x0000000080800000|100%|HS|  |TAMS 0x0000000080700000| PB 0x0000000080700000| Complete 
|   8|0x0000000080800000, 0x0000000080900000, 0x0000000080900000|100%| O|  |TAMS 0x0000000080800000| PB 0x0000000080800000| Untracked 
|   9|0x0000000080900000, 0x0000000080a00000, 0x0000000080a00000|100%| O|  |TAMS 0x0000000080900000| PB 0x0000000080900000| Untracked 
|  10|0x0000000080a00000, 0x0000000080b00000, 0x0000000080b00000|100%| O|Cm|TAMS 0x0000000080a00000| PB 0x0000000080a00000| Complete 
|  11|0x0000000080b00000, 0x0000000080c00000, 0x0000000080c00000|100%| O|  |TAMS 0x0000000080b00000| PB 0x0000000080b00000| Untracked 
|  12|0x0000000080c00000, 0x0000000080d00000, 0x0000000080d00000|100%| O|  |TAMS 0x0000000080c00000| PB 0x0000000080c00000| Untracked 
|  13|0x0000000080d00000, 0x0000000080e00000, 0x0000000080e00000|100%| O|  |TAMS 0x0000000080d00000| PB 0x0000000080d00000| Untracked 
|  14|0x0000000080e00000, 0x0000000080f00000, 0x0000000080f00000|100%| O|  |TAMS 0x0000000080e00000| PB 0x0000000080e00000| Untracked 
|  15|0x0000000080f00000, 0x0000000081000000, 0x0000000081000000|100%| O|  |TAMS 0x0000000080f00000| PB 0x0000000080f00000| Untracked 
|  16|0x0000000081000000, 0x0000000081100000, 0x0000000081100000|100%| O|  |TAMS 0x0000000081000000| PB 0x0000000081000000| Untracked 
|  17|0x0000000081100000, 0x0000000081200000, 0x0000000081200000|100%| O|  |TAMS 0x0000000081100000| PB 0x0000000081100000| Untracked 
|  18|0x0000000081200000, 0x0000000081300000, 0x0000000081300000|100%| O|  |TAMS 0x0000000081200000| PB 0x0000000081200000| Untracked 
|  19|0x0000000081300000, 0x0000000081400000, 0x0000000081400000|100%| O|  |TAMS 0x0000000081300000| PB 0x0000000081300000| Untracked 
|  20|0x0000000081400000, 0x0000000081500000, 0x0000000081500000|100%| O|  |TAMS 0x0000000081400000| PB 0x0000000081400000| Untracked 
|  21|0x0000000081500000, 0x0000000081600000, 0x0000000081600000|100%|HS|  |TAMS 0x0000000081500000| PB 0x0000000081500000| Complete 
|  22|0x0000000081600000, 0x0000000081700000, 0x0000000081700000|100%|HC|  |TAMS 0x0000000081600000| PB 0x0000000081600000| Complete 
|  23|0x0000000081700000, 0x0000000081800000, 0x0000000081800000|100%|HC|  |TAMS 0x0000000081700000| PB 0x0000000081700000| Complete 
|  24|0x0000000081800000, 0x0000000081900000, 0x0000000081900000|100%|HC|  |TAMS 0x0000000081800000| PB 0x0000000081800000| Complete 
|  25|0x0000000081900000, 0x0000000081a00000, 0x0000000081a00000|100%|HC|  |TAMS 0x0000000081900000| PB 0x0000000081900000| Complete 
|  26|0x0000000081a00000, 0x0000000081b00000, 0x0000000081b00000|100%|HC|  |TAMS 0x0000000081a00000| PB 0x0000000081a00000| Complete 
|  27|0x0000000081b00000, 0x0000000081c00000, 0x0000000081c00000|100%|HS|  |TAMS 0x0000000081b00000| PB 0x0000000081b00000| Complete 
|  28|0x0000000081c00000, 0x0000000081d00000, 0x0000000081d00000|100%|HC|  |TAMS 0x0000000081c00000| PB 0x0000000081c00000| Complete 
|  29|0x0000000081d00000, 0x0000000081e00000, 0x0000000081e00000|100%|HS|  |TAMS 0x0000000081d00000| PB 0x0000000081d00000| Complete 
|  30|0x0000000081e00000, 0x0000000081f00000, 0x0000000081f00000|100%| O|  |TAMS 0x0000000081e00000| PB 0x0000000081e00000| Untracked 
|  31|0x0000000081f00000, 0x0000000082000000, 0x0000000082000000|100%| O|  |TAMS 0x0000000081f00000| PB 0x0000000081f00000| Untracked 
|  32|0x0000000082000000, 0x0000000082100000, 0x0000000082100000|100%| O|  |TAMS 0x0000000082000000| PB 0x0000000082000000| Untracked 
|  33|0x0000000082100000, 0x0000000082200000, 0x0000000082200000|100%| O|  |TAMS 0x0000000082100000| PB 0x0000000082100000| Untracked 
|  34|0x0000000082200000, 0x0000000082300000, 0x0000000082300000|100%| O|  |TAMS 0x0000000082200000| PB 0x0000000082200000| Untracked 
|  35|0x0000000082300000, 0x0000000082400000, 0x0000000082400000|100%|HS|  |TAMS 0x0000000082300000| PB 0x0000000082300000| Complete 
|  36|0x0000000082400000, 0x0000000082500000, 0x0000000082500000|100%|HC|  |TAMS 0x0000000082400000| PB 0x0000000082400000| Complete 
|  37|0x0000000082500000, 0x0000000082600000, 0x0000000082600000|100%|HC|  |TAMS 0x0000000082500000| PB 0x0000000082500000| Complete 
|  38|0x0000000082600000, 0x0000000082700000, 0x0000000082700000|100%|HC|  |TAMS 0x0000000082600000| PB 0x0000000082600000| Complete 
|  39|0x0000000082700000, 0x0000000082800000, 0x0000000082800000|100%| O|  |TAMS 0x0000000082700000| PB 0x0000000082700000| Untracked 
|  40|0x0000000082800000, 0x0000000082900000, 0x0000000082900000|100%| O|  |TAMS 0x0000000082800000| PB 0x0000000082800000| Untracked 
|  41|0x0000000082900000, 0x00000000829decb0, 0x0000000082a00000| 87%| O|  |TAMS 0x0000000082900000| PB 0x0000000082900000| Untracked 
|  42|0x0000000082a00000, 0x0000000082a00000, 0x0000000082b00000|  0%| F|  |TAMS 0x0000000082a00000| PB 0x0000000082a00000| Untracked 
|  43|0x0000000082b00000, 0x0000000082b00000, 0x0000000082c00000|  0%| F|  |TAMS 0x0000000082b00000| PB 0x0000000082b00000| Untracked 
|  44|0x0000000082c00000, 0x0000000082c00000, 0x0000000082d00000|  0%| F|  |TAMS 0x0000000082c00000| PB 0x0000000082c00000| Untracked 
|  45|0x0000000082d00000, 0x0000000082d00000, 0x0000000082e00000|  0%| F|  |TAMS 0x0000000082d00000| PB 0x0000000082d00000| Untracked 
|  46|0x0000000082e00000, 0x0000000082e00000, 0x0000000082f00000|  0%| F|  |TAMS 0x0000000082e00000| PB 0x0000000082e00000| Untracked 
|  47|0x0000000082f00000, 0x0000000082f48760, 0x0000000083000000| 28%| S|CS|TAMS 0x0000000082f00000| PB 0x0000000082f00000| Complete 
|  48|0x0000000083000000, 0x0000000083100000, 0x0000000083100000|100%| S|CS|TAMS 0x0000000083000000| PB 0x0000000083000000| Complete 
|  49|0x0000000083100000, 0x0000000083200000, 0x0000000083200000|100%| S|CS|TAMS 0x0000000083100000| PB 0x0000000083100000| Complete 
|  50|0x0000000083200000, 0x0000000083200000, 0x0000000083300000|  0%| F|  |TAMS 0x0000000083200000| PB 0x0000000083200000| Untracked 
|  51|0x0000000083300000, 0x0000000083300000, 0x0000000083400000|  0%| F|  |TAMS 0x0000000083300000| PB 0x0000000083300000| Untracked 
|  52|0x0000000083400000, 0x0000000083400000, 0x0000000083500000|  0%| F|  |TAMS 0x0000000083400000| PB 0x0000000083400000| Untracked 
|  53|0x0000000083500000, 0x0000000083500000, 0x0000000083600000|  0%| F|  |TAMS 0x0000000083500000| PB 0x0000000083500000| Untracked 
|  54|0x0000000083600000, 0x0000000083600000, 0x0000000083700000|  0%| F|  |TAMS 0x0000000083600000| PB 0x0000000083600000| Untracked 
|  55|0x0000000083700000, 0x0000000083700000, 0x0000000083800000|  0%| F|  |TAMS 0x0000000083700000| PB 0x0000000083700000| Untracked 
|  56|0x0000000083800000, 0x0000000083800000, 0x0000000083900000|  0%| F|  |TAMS 0x0000000083800000| PB 0x0000000083800000| Untracked 
|  57|0x0000000083900000, 0x0000000083900000, 0x0000000083a00000|  0%| F|  |TAMS 0x0000000083900000| PB 0x0000000083900000| Untracked 
|  58|0x0000000083a00000, 0x0000000083a00000, 0x0000000083b00000|  0%| F|  |TAMS 0x0000000083a00000| PB 0x0000000083a00000| Untracked 
|  59|0x0000000083b00000, 0x0000000083b80000, 0x0000000083c00000| 50%| E|  |TAMS 0x0000000083b00000| PB 0x0000000083b00000| Complete 
|  60|0x0000000083c00000, 0x0000000083d00000, 0x0000000083d00000|100%| E|CS|TAMS 0x0000000083c00000| PB 0x0000000083c00000| Complete 
|  61|0x0000000083d00000, 0x0000000083e00000, 0x0000000083e00000|100%| E|CS|TAMS 0x0000000083d00000| PB 0x0000000083d00000| Complete 
|  62|0x0000000083e00000, 0x0000000083f00000, 0x0000000083f00000|100%| E|CS|TAMS 0x0000000083e00000| PB 0x0000000083e00000| Complete 
|  63|0x0000000083f00000, 0x0000000084000000, 0x0000000084000000|100%| E|CS|TAMS 0x0000000083f00000| PB 0x0000000083f00000| Complete 
|  64|0x0000000084000000, 0x0000000084100000, 0x0000000084100000|100%| E|CS|TAMS 0x0000000084000000| PB 0x0000000084000000| Complete 
|  65|0x0000000084100000, 0x0000000084200000, 0x0000000084200000|100%| E|CS|TAMS 0x0000000084100000| PB 0x0000000084100000| Complete 
|  66|0x0000000084200000, 0x0000000084300000, 0x0000000084300000|100%| E|CS|TAMS 0x0000000084200000| PB 0x0000000084200000| Complete 
|  67|0x0000000084300000, 0x0000000084400000, 0x0000000084400000|100%| E|CS|TAMS 0x0000000084300000| PB 0x0000000084300000| Complete 
|  68|0x0000000084400000, 0x0000000084500000, 0x0000000084500000|100%| E|CS|TAMS 0x0000000084400000| PB 0x0000000084400000| Complete 
|  69|0x0000000084500000, 0x0000000084600000, 0x0000000084600000|100%| E|CS|TAMS 0x0000000084500000| PB 0x0000000084500000| Complete 
|  70|0x0000000084600000, 0x0000000084700000, 0x0000000084700000|100%| E|CS|TAMS 0x0000000084600000| PB 0x0000000084600000| Complete 
|  71|0x0000000084700000, 0x0000000084800000, 0x0000000084800000|100%| E|CS|TAMS 0x0000000084700000| PB 0x0000000084700000| Complete 
|  72|0x0000000084800000, 0x0000000084900000, 0x0000000084900000|100%| E|CS|TAMS 0x0000000084800000| PB 0x0000000084800000| Complete 
|  73|0x0000000084900000, 0x0000000084a00000, 0x0000000084a00000|100%| E|CS|TAMS 0x0000000084900000| PB 0x0000000084900000| Complete 
|  74|0x0000000084a00000, 0x0000000084b00000, 0x0000000084b00000|100%| E|CS|TAMS 0x0000000084a00000| PB 0x0000000084a00000| Complete 
|  75|0x0000000084b00000, 0x0000000084c00000, 0x0000000084c00000|100%| E|CS|TAMS 0x0000000084b00000| PB 0x0000000084b00000| Complete 
|  76|0x0000000084c00000, 0x0000000084d00000, 0x0000000084d00000|100%| E|CS|TAMS 0x0000000084c00000| PB 0x0000000084c00000| Complete 
|  77|0x0000000084d00000, 0x0000000084e00000, 0x0000000084e00000|100%| E|CS|TAMS 0x0000000084d00000| PB 0x0000000084d00000| Complete 
|  78|0x0000000084e00000, 0x0000000084f00000, 0x0000000084f00000|100%| E|CS|TAMS 0x0000000084e00000| PB 0x0000000084e00000| Complete 
|  79|0x0000000084f00000, 0x0000000085000000, 0x0000000085000000|100%| E|CS|TAMS 0x0000000084f00000| PB 0x0000000084f00000| Complete 
|  80|0x0000000085000000, 0x0000000085100000, 0x0000000085100000|100%| E|CS|TAMS 0x0000000085000000| PB 0x0000000085000000| Complete 
|  81|0x0000000085100000, 0x0000000085200000, 0x0000000085200000|100%| E|CS|TAMS 0x0000000085100000| PB 0x0000000085100000| Complete 
|  82|0x0000000085200000, 0x0000000085300000, 0x0000000085300000|100%| E|CS|TAMS 0x0000000085200000| PB 0x0000000085200000| Complete 
|  83|0x0000000085300000, 0x0000000085400000, 0x0000000085400000|100%| E|CS|TAMS 0x0000000085300000| PB 0x0000000085300000| Complete 
|  84|0x0000000085400000, 0x0000000085500000, 0x0000000085500000|100%| E|CS|TAMS 0x0000000085400000| PB 0x0000000085400000| Complete 
|  85|0x0000000085500000, 0x0000000085600000, 0x0000000085600000|100%| E|CS|TAMS 0x0000000085500000| PB 0x0000000085500000| Complete 
|  86|0x0000000085600000, 0x0000000085700000, 0x0000000085700000|100%| E|CS|TAMS 0x0000000085600000| PB 0x0000000085600000| Complete 
|  87|0x0000000085700000, 0x0000000085800000, 0x0000000085800000|100%| E|CS|TAMS 0x0000000085700000| PB 0x0000000085700000| Complete 
|  98|0x0000000086200000, 0x0000000086300000, 0x0000000086300000|100%| E|CS|TAMS 0x0000000086200000| PB 0x0000000086200000| Complete 
|  99|0x0000000086300000, 0x0000000086400000, 0x0000000086400000|100%| E|CS|TAMS 0x0000000086300000| PB 0x0000000086300000| Complete 
| 100|0x0000000086400000, 0x0000000086500000, 0x0000000086500000|100%| E|CS|TAMS 0x0000000086400000| PB 0x0000000086400000| Complete 
| 123|0x0000000087b00000, 0x0000000087c00000, 0x0000000087c00000|100%| E|CS|TAMS 0x0000000087b00000| PB 0x0000000087b00000| Complete 

Card table byte_map: [0x000001c931fd0000,0x000001c9323d0000] _byte_map_base: 0x000001c931bd0000

Marking Bits: (CMBitMap*) 0x000001c91ed63a80
 Bits: [0x000001c9323d0000, 0x000001c9343d0000)

Polling page: 0x000001c91d4b0000

Metaspace:

Usage:
  Non-class:     37.33 MB used.
      Class:      6.05 MB used.
       Both:     43.39 MB used.

Virtual space:
  Non-class space:       64.00 MB reserved,      38.00 MB ( 59%) committed,  1 nodes.
      Class space:        1.00 GB reserved,       6.69 MB ( <1%) committed,  1 nodes.
             Both:        1.06 GB reserved,      44.69 MB (  4%) committed. 

Chunk freelists:
   Non-Class:  9.52 MB
       Class:  9.17 MB
        Both:  18.68 MB

MaxMetaspaceSize: unlimited
CompressedClassSpaceSize: 1.00 GB
Initial GC threshold: 21.00 MB
Current GC threshold: 58.69 MB
CDS: off
 - commit_granule_bytes: 65536.
 - commit_granule_words: 8192.
 - virtual_space_node_default_size: 8388608.
 - enlarge_chunks_in_place: 1.
 - use_allocation_guard: 0.


Internal statistics:

num_allocs_failed_limit: 6.
num_arena_births: 2346.
num_arena_deaths: 0.
num_vsnodes_births: 2.
num_vsnodes_deaths: 0.
num_space_committed: 715.
num_space_uncommitted: 0.
num_chunks_returned_to_freelist: 6.
num_chunks_taken_from_freelist: 4160.
num_chunk_merges: 6.
num_chunk_splits: 2596.
num_chunks_enlarged: 1503.
num_inconsistent_stats: 0.

CodeHeap 'non-profiled nmethods': size=120000Kb used=2338Kb max_used=2338Kb free=117661Kb
 bounds [0x000001c929a10000, 0x000001c929c80000, 0x000001c930f40000]
CodeHeap 'profiled nmethods': size=120000Kb used=7132Kb max_used=7132Kb free=112867Kb
 bounds [0x000001c921f40000, 0x000001c922640000, 0x000001c929470000]
CodeHeap 'non-nmethods': size=5760Kb used=1512Kb max_used=1562Kb free=4247Kb
 bounds [0x000001c929470000, 0x000001c9296e0000, 0x000001c929a10000]
 total_blobs=4306 nmethods=3709 adapters=500
 compilation: enabled
              stopped_count=0, restarted_count=0
 full_count=0

Compilation events (20 events):
Event: 3.542 Thread 0x000001c93721fea0 nmethod 4052 0x000001c929c51d10 code [0x000001c929c51ea0, 0x000001c929c51f68]
Event: 3.542 Thread 0x000001c93721fea0 4055       3       java.util.HashMap::afterNodeAccess (1 bytes)
Event: 3.542 Thread 0x000001c93721fea0 nmethod 4055 0x000001c9222b3b90 code [0x000001c9222b3d20, 0x000001c9222b3e28]
Event: 3.542 Thread 0x000001c93721fea0 4053       1       org.codehaus.groovy.util.ReferenceBundle::getType (5 bytes)
Event: 3.542 Thread 0x000001c93721fea0 nmethod 4053 0x000001c929c52010 code [0x000001c929c521a0, 0x000001c929c52268]
Event: 3.542 Thread 0x000001c93721fea0 4056       3       org.codehaus.groovy.util.LazyReference::<init> (17 bytes)
Event: 3.542 Thread 0x000001c93721fea0 nmethod 4056 0x000001c92261d690 code [0x000001c92261d860, 0x000001c92261dba8]
Event: 3.542 Thread 0x000001c93721fea0 4054       1       org.codehaus.groovy.util.ReferenceBundle::getManager (5 bytes)
Event: 3.542 Thread 0x000001c93721fea0 nmethod 4054 0x000001c929c52310 code [0x000001c929c524a0, 0x000001c929c52568]
Event: 3.543 Thread 0x000001c93721fea0 4057       3       jdk.internal.org.objectweb.asm.MethodWriter::visitVarInsn (302 bytes)
Event: 3.543 Thread 0x000001c93721fea0 nmethod 4057 0x000001c92261dd10 code [0x000001c92261df80, 0x000001c92261e870]
Event: 3.545 Thread 0x000001c93721f410 nmethod 4042 0x000001c929c52610 code [0x000001c929c528a0, 0x000001c929c53630]
Event: 3.562 Thread 0x000001c93721fea0 4058       3       jdk.internal.module.Builder::newExports (11 bytes)
Event: 3.562 Thread 0x000001c93721fea0 nmethod 4058 0x000001c92261eb10 code [0x000001c92261ecc0, 0x000001c92261ee08]
Event: 3.562 Thread 0x000001c93721fea0 4060       3       java.util.ImmutableCollections$SetN::hashCode (46 bytes)
Event: 3.562 Thread 0x000001c93721fea0 nmethod 4060 0x000001c92261ee90 code [0x000001c92261f040, 0x000001c92261f310]
Event: 3.562 Thread 0x000001c93721fea0 4061       3       java.lang.module.ModuleDescriptor$Exports::hashCode (36 bytes)
Event: 3.562 Thread 0x000001c93721fea0 nmethod 4061 0x000001c92261f490 code [0x000001c92261f660, 0x000001c92261f8e0]
Event: 3.562 Thread 0x000001c93721fea0 4059       3       java.lang.module.ModuleDescriptor$1::newExports (14 bytes)
Event: 3.562 Thread 0x000001c93721f410 4063       4       java.lang.String::concat (15 bytes)

GC Heap History (16 events):
Event: 0.310 GC heap before
{Heap before GC invocations=0 (full 0):
 garbage-first heap   total 126976K, used 22528K [0x0000000080000000, 0x0000000100000000)
  region size 1024K, 23 young (23552K), 0 survivors (0K)
 Metaspace       used 7965K, committed 8128K, reserved 1114112K
  class space    used 709K, committed 768K, reserved 1048576K
}
Event: 0.313 GC heap after
{Heap after GC invocations=1 (full 0):
 garbage-first heap   total 126976K, used 3408K [0x0000000080000000, 0x0000000100000000)
  region size 1024K, 3 young (3072K), 3 survivors (3072K)
 Metaspace       used 7965K, committed 8128K, reserved 1114112K
  class space    used 709K, committed 768K, reserved 1048576K
}
Event: 0.658 GC heap before
{Heap before GC invocations=1 (full 0):
 garbage-first heap   total 126976K, used 40272K [0x0000000080000000, 0x0000000100000000)
  region size 1024K, 37 young (37888K), 3 survivors (3072K)
 Metaspace       used 12131K, committed 12352K, reserved 1114112K
  class space    used 1276K, committed 1408K, reserved 1048576K
}
Event: 0.664 GC heap after
{Heap after GC invocations=2 (full 0):
 garbage-first heap   total 126976K, used 11172K [0x0000000080000000, 0x0000000100000000)
  region size 1024K, 5 young (5120K), 5 survivors (5120K)
 Metaspace       used 12131K, committed 12352K, reserved 1114112K
  class space    used 1276K, committed 1408K, reserved 1048576K
}
Event: 1.050 GC heap before
{Heap before GC invocations=2 (full 0):
 garbage-first heap   total 126976K, used 61348K [0x0000000080000000, 0x0000000100000000)
  region size 1024K, 52 young (53248K), 5 survivors (5120K)
 Metaspace       used 14247K, committed 14464K, reserved 1114112K
  class space    used 1558K, committed 1664K, reserved 1048576K
}
Event: 1.056 GC heap after
{Heap after GC invocations=3 (full 0):
 garbage-first heap   total 126976K, used 17732K [0x0000000080000000, 0x0000000100000000)
  region size 1024K, 6 young (6144K), 6 survivors (6144K)
 Metaspace       used 14247K, committed 14464K, reserved 1114112K
  class space    used 1558K, committed 1664K, reserved 1048576K
}
Event: 1.391 GC heap before
{Heap before GC invocations=3 (full 0):
 garbage-first heap   total 126976K, used 40260K [0x0000000080000000, 0x0000000100000000)
  region size 1024K, 29 young (29696K), 6 survivors (6144K)
 Metaspace       used 21201K, committed 21504K, reserved 1114112K
  class space    used 2433K, committed 2560K, reserved 1048576K
}
Event: 1.395 GC heap after
{Heap after GC invocations=4 (full 0):
 garbage-first heap   total 126976K, used 20707K [0x0000000080000000, 0x0000000100000000)
  region size 1024K, 3 young (3072K), 3 survivors (3072K)
 Metaspace       used 21201K, committed 21504K, reserved 1114112K
  class space    used 2433K, committed 2560K, reserved 1048576K
}
Event: 2.114 GC heap before
{Heap before GC invocations=5 (full 0):
 garbage-first heap   total 71680K, used 69859K [0x0000000080000000, 0x0000000100000000)
  region size 1024K, 52 young (53248K), 3 survivors (3072K)
 Metaspace       used 29456K, committed 30080K, reserved 1114112K
  class space    used 3747K, committed 4032K, reserved 1048576K
}
Event: 2.118 GC heap after
{Heap after GC invocations=6 (full 0):
 garbage-first heap   total 77824K, used 23674K [0x0000000080000000, 0x0000000100000000)
  region size 1024K, 6 young (6144K), 6 survivors (6144K)
 Metaspace       used 29456K, committed 30080K, reserved 1114112K
  class space    used 3747K, committed 4032K, reserved 1048576K
}
Event: 2.456 GC heap before
{Heap before GC invocations=6 (full 0):
 garbage-first heap   total 77824K, used 59514K [0x0000000080000000, 0x0000000100000000)
  region size 1024K, 41 young (41984K), 6 survivors (6144K)
 Metaspace       used 34257K, committed 35072K, reserved 1114112K
  class space    used 4572K, committed 4928K, reserved 1048576K
}
Event: 2.461 GC heap after
{Heap after GC invocations=7 (full 0):
 garbage-first heap   total 77824K, used 25765K [0x0000000080000000, 0x0000000100000000)
  region size 1024K, 6 young (6144K), 6 survivors (6144K)
 Metaspace       used 34257K, committed 35072K, reserved 1114112K
  class space    used 4572K, committed 4928K, reserved 1048576K
}
Event: 2.606 GC heap before
{Heap before GC invocations=7 (full 0):
 garbage-first heap   total 77824K, used 48293K [0x0000000080000000, 0x0000000100000000)
  region size 1024K, 17 young (17408K), 6 survivors (6144K)
 Metaspace       used 35159K, committed 35968K, reserved 1114112K
  class space    used 4723K, committed 5120K, reserved 1048576K
}
Event: 2.612 GC heap after
{Heap after GC invocations=8 (full 0):
 garbage-first heap   total 94208K, used 41743K [0x0000000080000000, 0x0000000100000000)
  region size 1024K, 6 young (6144K), 6 survivors (6144K)
 Metaspace       used 35159K, committed 35968K, reserved 1114112K
  class space    used 4723K, committed 5120K, reserved 1048576K
}
Event: 3.210 GC heap before
{Heap before GC invocations=9 (full 0):
 garbage-first heap   total 94208K, used 79631K [0x0000000080000000, 0x0000000100000000)
  region size 1024K, 42 young (43008K), 6 survivors (6144K)
 Metaspace       used 39817K, committed 40896K, reserved 1114112K
  class space    used 5461K, committed 6016K, reserved 1048576K
}
Event: 3.215 GC heap after
{Heap after GC invocations=10 (full 0):
 garbage-first heap   total 94208K, used 45213K [0x0000000080000000, 0x0000000100000000)
  region size 1024K, 3 young (3072K), 3 survivors (3072K)
 Metaspace       used 39817K, committed 40896K, reserved 1114112K
  class space    used 5461K, committed 6016K, reserved 1048576K
}

Dll operation events (3 events):
Event: 0.005 Loaded shared library E:\android studio\jbr\bin\java.dll
Event: 0.008 Loaded shared library E:\android studio\jbr\bin\zip.dll
Event: 0.359 Loaded shared library E:\android studio\jbr\bin\verify.dll

Deoptimization events (20 events):
Event: 3.518 Thread 0x000001c93d4dc410 Uncommon trap: trap_request=0xffffffc6 fr.pc=0x000001c929c013bc relative=0x00000000000004dc
Event: 3.518 Thread 0x000001c93d4dc410 Uncommon trap: reason=bimorphic_or_optimized_type_check action=maybe_recompile pc=0x000001c929c013bc method=java.io.BufferedInputStream.implRead([BII)I @ 100 c2
Event: 3.518 Thread 0x000001c93d4dc410 DEOPT PACKING pc=0x000001c929c013bc sp=0x0000005c2a3f6dc0
Event: 3.518 Thread 0x000001c93d4dc410 DEOPT UNPACKING pc=0x000001c9294c46a2 sp=0x0000005c2a3f6da8 mode 2
Event: 3.543 Thread 0x000001c93d4dc410 Uncommon trap: trap_request=0xffffff45 fr.pc=0x000001c929b2f7f4 relative=0x0000000000000654
Event: 3.543 Thread 0x000001c93d4dc410 Uncommon trap: reason=unstable_if action=reinterpret pc=0x000001c929b2f7f4 method=jdk.internal.org.objectweb.asm.MethodWriter.visitVarInsn(II)V @ 108 c2
Event: 3.543 Thread 0x000001c93d4dc410 DEOPT PACKING pc=0x000001c929b2f7f4 sp=0x0000005c2a3eeb90
Event: 3.543 Thread 0x000001c93d4dc410 DEOPT UNPACKING pc=0x000001c9294c46a2 sp=0x0000005c2a3eeb58 mode 2
Event: 3.543 Thread 0x000001c93d4dc410 Uncommon trap: trap_request=0xffffff45 fr.pc=0x000001c929be3720 relative=0x0000000000000480
Event: 3.543 Thread 0x000001c93d4dc410 Uncommon trap: reason=unstable_if action=reinterpret pc=0x000001c929be3720 method=jdk.internal.org.objectweb.asm.MethodWriter.visitMethodInsn(ILjava/lang/String;Ljava/lang/String;Ljava/lang/String;Z)V @ 81 c2
Event: 3.543 Thread 0x000001c93d4dc410 DEOPT PACKING pc=0x000001c929be3720 sp=0x0000005c2a3eeb80
Event: 3.543 Thread 0x000001c93d4dc410 DEOPT UNPACKING pc=0x000001c9294c46a2 sp=0x0000005c2a3eeb20 mode 2
Event: 3.543 Thread 0x000001c93d4dc410 Uncommon trap: trap_request=0xffffff45 fr.pc=0x000001c929bed604 relative=0x0000000000000964
Event: 3.543 Thread 0x000001c93d4dc410 Uncommon trap: reason=unstable_if action=reinterpret pc=0x000001c929bed604 method=jdk.internal.org.objectweb.asm.MethodWriter.visitInsn(I)V @ 24 c2
Event: 3.543 Thread 0x000001c93d4dc410 DEOPT PACKING pc=0x000001c929bed604 sp=0x0000005c2a3eeb70
Event: 3.543 Thread 0x000001c93d4dc410 DEOPT UNPACKING pc=0x000001c9294c46a2 sp=0x0000005c2a3eeb58 mode 2
Event: 3.544 Thread 0x000001c93d4dc410 Uncommon trap: trap_request=0xffffff45 fr.pc=0x000001c929b88a58 relative=0x0000000000000c58
Event: 3.544 Thread 0x000001c93d4dc410 Uncommon trap: reason=unstable_if action=reinterpret pc=0x000001c929b88a58 method=java.lang.invoke.LambdaForm.useCount(Ljava/lang/invoke/LambdaForm$Name;)I @ 8 c2
Event: 3.544 Thread 0x000001c93d4dc410 DEOPT PACKING pc=0x000001c929b88a58 sp=0x0000005c2a3f45b0
Event: 3.544 Thread 0x000001c93d4dc410 DEOPT UNPACKING pc=0x000001c9294c46a2 sp=0x0000005c2a3f4480 mode 2

Classes loaded (20 events):
Event: 3.515 Loading class java/util/Timer
Event: 3.515 Loading class java/util/Timer done
Event: 3.537 Loading class java/security/AccessControlException
Event: 3.537 Loading class java/security/AccessControlException done
Event: 3.542 Loading class java/lang/invoke/MethodHandleImpl$BindCaller
Event: 3.543 Loading class java/lang/invoke/MethodHandleImpl$BindCaller done
Event: 3.543 Loading class java/lang/invoke/MethodHandleImpl$BindCaller$1
Event: 3.543 Loading class java/lang/invoke/MethodHandleImpl$BindCaller$1 done
Event: 3.543 Loading class java/lang/invoke/MethodHandleImpl$BindCaller$InjectedInvokerHolder
Event: 3.543 Loading class java/lang/invoke/MethodHandleImpl$BindCaller$InjectedInvokerHolder done
Event: 3.544 Loading class java/util/Collections$CopiesList
Event: 3.544 Loading class java/util/Collections$CopiesList done
Event: 3.545 Loading class java/util/LinkedList$ListItr
Event: 3.545 Loading class java/util/LinkedList$ListItr done
Event: 3.556 Loading class java/lang/reflect/GenericSignatureFormatError
Event: 3.556 Loading class java/lang/reflect/GenericSignatureFormatError done
Event: 3.556 Loading class java/lang/reflect/MalformedParameterizedTypeException
Event: 3.556 Loading class java/lang/reflect/MalformedParameterizedTypeException done
Event: 3.561 Loading class java/lang/IllegalCallerException
Event: 3.561 Loading class java/lang/IllegalCallerException done

Classes unloaded (0 events):
No events

Classes redefined (0 events):
No events

Internal exceptions (20 events):
Event: 3.286 Thread 0x000001c93d4dc410 Exception <a 'java/lang/NoSuchMethodError'{0x000000008531a610}: 'java.lang.Object java.lang.invoke.DirectMethodHandle$Holder.invokeSpecial(java.lang.Object, java.lang.Object, java.lang.Object, java.lang.Object, java.lang.Object, java.lang.Object, java.lang.Object, java.lang.Object, java.lang.Object, java.lang.Object, java.lang.Object, java.lang.Object, java.lang.Object, java.lang.Object, java.lang.Object, java.lang.Object)'> (0x000000008531a610) 
thrown [s\src\hotspot\share\interpreter\linkResolver.cpp, li
Event: 3.286 Thread 0x000001c93d4dc410 Exception <a 'java/lang/NoSuchMethodError'{0x000000008531fb40}: 'java.lang.Object java.lang.invoke.DelegatingMethodHandle$Holder.reinvoke_L(java.lang.Object, java.lang.Object, java.lang.Object, java.lang.Object, java.lang.Object, java.lang.Object, java.lang.Object, java.lang.Object, java.lang.Object, java.lang.Object, java.lang.Object, java.lang.Object, java.lang.Object, java.lang.Object, java.lang.Object)'> (0x000000008531fb40) 
thrown [s\src\hotspot\share\interpreter\linkResolver.cpp, line 784]
Event: 3.295 Thread 0x000001c93d4dc410 Exception <a 'java/lang/NoSuchMethodError'{0x0000000085281bf0}: 'java.lang.Object java.lang.invoke.DelegatingMethodHandle$Holder.reinvoke_L(java.lang.Object, java.lang.Object, java.lang.Object, java.lang.Object, java.lang.Object, java.lang.Object, java.lang.Object, java.lang.Object, java.lang.Object, java.lang.Object, java.lang.Object, java.lang.Object, java.lang.Object, java.lang.Object, java.lang.Object, java.lang.Object, java.lang.Object, java.lang.Object, java.lang.Object, java.lang.Object, java.lang.O
Event: 3.297 Thread 0x000001c93d4dc410 Exception <a 'java/lang/NoSuchMethodError'{0x0000000085160478}: 'java.lang.Object java.lang.invoke.DirectMethodHandle$Holder.invokeStatic(java.lang.Object, java.lang.Object, java.lang.Object, java.lang.Object, java.lang.Object, java.lang.Object, java.lang.Object, java.lang.Object, java.lang.Object, java.lang.Object, java.lang.Object, java.lang.Object, java.lang.Object, java.lang.Object, java.lang.Object, java.lang.Object, java.lang.Object, java.lang.Object, java.lang.Object, java.lang.Object, java.lang.Obj
Event: 3.298 Thread 0x000001c93d4dc410 Exception <a 'java/lang/NoSuchMethodError'{0x0000000085195568}: 'java.lang.Object java.lang.invoke.DirectMethodHandle$Holder.invokeStatic(java.lang.Object, java.lang.Object, java.lang.Object, java.lang.Object, java.lang.Object, java.lang.Object, java.lang.Object, java.lang.Object, java.lang.Object, java.lang.Object, java.lang.Object, java.lang.Object, java.lang.Object, java.lang.Object, java.lang.Object, java.lang.Object, java.lang.Object, java.lang.Object, java.lang.Object, java.lang.Object, java.lang.Obj
Event: 3.298 Thread 0x000001c93d4dc410 Exception <a 'java/lang/NoSuchMethodError'{0x00000000851cc7f8}: 'java.lang.Object java.lang.invoke.DirectMethodHandle$Holder.invokeStatic(java.lang.Object, java.lang.Object, java.lang.Object, java.lang.Object, java.lang.Object, java.lang.Object, java.lang.Object, java.lang.Object, java.lang.Object, java.lang.Object, java.lang.Object, java.lang.Object, java.lang.Object, java.lang.Object, java.lang.Object, java.lang.Object, java.lang.Object, java.lang.Object, java.lang.Object, java.lang.Object, java.lang.Obj
Event: 3.303 Thread 0x000001c93d4dc410 Exception <a 'java/lang/NoSuchMethodError'{0x00000000850607b8}: 'java.lang.Object java.lang.invoke.DirectMethodHandle$Holder.newInvokeSpecial(java.lang.Object, java.lang.Object, java.lang.Object, java.lang.Object, java.lang.Object, java.lang.Object, java.lang.Object, java.lang.Object, java.lang.Object, java.lang.Object, java.lang.Object, java.lang.Object, java.lang.Object, java.lang.Object, java.lang.Object, java.lang.Object, java.lang.Object, java.lang.Object, java.lang.Object)'> (0x00000000850607b8) 
thr
Event: 3.303 Thread 0x000001c93d4dc410 Exception <a 'java/lang/NoSuchMethodError'{0x0000000085067438}: 'java.lang.Object java.lang.invoke.DirectMethodHandle$Holder.invokeSpecial(java.lang.Object, java.lang.Object, java.lang.Object, java.lang.Object, java.lang.Object, java.lang.Object, java.lang.Object, java.lang.Object, java.lang.Object, java.lang.Object, java.lang.Object, java.lang.Object, java.lang.Object, java.lang.Object, java.lang.Object, java.lang.Object, java.lang.Object, java.lang.Object, java.lang.Object, java.lang.Object)'> (0x0000000
Event: 3.303 Thread 0x000001c93d4dc410 Exception <a 'java/lang/NoSuchMethodError'{0x000000008506cc88}: 'java.lang.Object java.lang.invoke.DelegatingMethodHandle$Holder.reinvoke_L(java.lang.Object, java.lang.Object, java.lang.Object, java.lang.Object, java.lang.Object, java.lang.Object, java.lang.Object, java.lang.Object, java.lang.Object, java.lang.Object, java.lang.Object, java.lang.Object, java.lang.Object, java.lang.Object, java.lang.Object, java.lang.Object, java.lang.Object, java.lang.Object, java.lang.Object)'> (0x000000008506cc88) 
throw
Event: 3.351 Thread 0x000001c93d4dc410 Exception <a 'java/lang/IncompatibleClassChangeError'{0x0000000084a44df0}: Found class java.lang.Object, but interface was expected> (0x0000000084a44df0) 
thrown [s\src\hotspot\share\interpreter\linkResolver.cpp, line 851]
Event: 3.368 Thread 0x000001c93d4dc410 Exception <a 'java/lang/NoSuchMethodError'{0x00000000849c1578}: 'java.lang.Object java.lang.invoke.DirectMethodHandle$Holder.invokeVirtual(java.lang.Object, java.lang.Object, int)'> (0x00000000849c1578) 
thrown [s\src\hotspot\share\interpreter\linkResolver.cpp, line 784]
Event: 3.370 Thread 0x000001c93d4dc410 Exception <a 'java/lang/NoSuchMethodError'{0x00000000849f4320}: 'void java.lang.invoke.DirectMethodHandle$Holder.invokeStatic(java.lang.Object, java.lang.Object, java.lang.Object, int)'> (0x00000000849f4320) 
thrown [s\src\hotspot\share\interpreter\linkResolver.cpp, line 784]
Event: 3.408 Thread 0x000001c93d4dc410 Exception <a 'java/lang/NoSuchMethodError'{0x000000008467d8f8}: 'void java.lang.invoke.DirectMethodHandle$Holder.invokeInterface(java.lang.Object, java.lang.Object, java.lang.Object, java.lang.Object, java.lang.Object, java.lang.Object, java.lang.Object)'> (0x000000008467d8f8) 
thrown [s\src\hotspot\share\interpreter\linkResolver.cpp, line 784]
Event: 3.408 Thread 0x000001c93d4dc410 Exception <a 'java/lang/NoSuchMethodError'{0x00000000846824c0}: 'void java.lang.invoke.DelegatingMethodHandle$Holder.reinvoke_L(java.lang.Object, java.lang.Object, java.lang.Object, java.lang.Object, java.lang.Object, java.lang.Object, java.lang.Object)'> (0x00000000846824c0) 
thrown [s\src\hotspot\share\interpreter\linkResolver.cpp, line 784]
Event: 3.441 Thread 0x000001c93d4dc410 Exception <a 'java/lang/NoSuchMethodError'{0x00000000844276c0}: 'java.lang.Object java.lang.invoke.DirectMethodHandle$Holder.invokeStaticInit(java.lang.Object, java.lang.Object, java.lang.Object, java.lang.Object, java.lang.Object, java.lang.Object, java.lang.Object)'> (0x00000000844276c0) 
thrown [s\src\hotspot\share\interpreter\linkResolver.cpp, line 784]
Event: 3.448 Thread 0x000001c93d4dc410 Exception <a 'java/lang/NoSuchMethodError'{0x000000008444e560}: 'java.lang.Object java.lang.invoke.DirectMethodHandle$Holder.invokeSpecial(java.lang.Object, java.lang.Object, java.lang.Object, int, java.lang.Object, java.lang.Object)'> (0x000000008444e560) 
thrown [s\src\hotspot\share\interpreter\linkResolver.cpp, line 784]
Event: 3.543 Thread 0x000001c93d4dc410 Implicit null exception at 0x000001c929b2f2b4 to 0x000001c929b2f7e8
Event: 3.543 Thread 0x000001c93d4dc410 Implicit null exception at 0x000001c929be3398 to 0x000001c929be3714
Event: 3.543 Thread 0x000001c93d4dc410 Implicit null exception at 0x000001c929becd30 to 0x000001c929bed5f4
Event: 3.543 Thread 0x000001c93d4dc410 Exception <a 'java/lang/NoSuchMethodError'{0x0000000083f6cfe8}: 'java.lang.reflect.Method[] java.lang.Class.getDeclaredMethods(java.lang.Class)'> (0x0000000083f6cfe8) 
thrown [s\src\hotspot\share\interpreter\linkResolver.cpp, line 784]

ZGC Phase Switch (0 events):
No events

VM Operations (20 events):
Event: 2.625 Executing VM operation: G1PauseCleanup
Event: 2.626 Executing VM operation: G1PauseCleanup done
Event: 2.903 Executing VM operation: HandshakeAllThreads (Deoptimize)
Event: 2.904 Executing VM operation: HandshakeAllThreads (Deoptimize) done
Event: 3.185 Executing VM operation: HandshakeAllThreads (Deoptimize)
Event: 3.186 Executing VM operation: HandshakeAllThreads (Deoptimize) done
Event: 3.210 Executing VM operation: G1CollectForAllocation (G1 Evacuation Pause)
Event: 3.215 Executing VM operation: G1CollectForAllocation (G1 Evacuation Pause) done
Event: 3.252 Executing VM operation: HandshakeAllThreads (Deoptimize)
Event: 3.252 Executing VM operation: HandshakeAllThreads (Deoptimize) done
Event: 3.352 Executing VM operation: HandshakeAllThreads (Deoptimize)
Event: 3.352 Executing VM operation: HandshakeAllThreads (Deoptimize) done
Event: 3.411 Executing VM operation: HandshakeAllThreads (Deoptimize)
Event: 3.411 Executing VM operation: HandshakeAllThreads (Deoptimize) done
Event: 3.411 Executing VM operation: HandshakeAllThreads (Deoptimize)
Event: 3.411 Executing VM operation: HandshakeAllThreads (Deoptimize) done
Event: 3.538 Executing VM operation: HandshakeAllThreads (Deoptimize)
Event: 3.538 Executing VM operation: HandshakeAllThreads (Deoptimize) done
Event: 3.562 Executing VM operation: ICBufferFull
Event: 3.562 Executing VM operation: ICBufferFull done

Memory protections (0 events):
No events

Nmethod flushes (20 events):
Event: 2.621 Thread 0x000001c93707e0a0 flushing  nmethod 0x000001c921f95910
Event: 2.621 Thread 0x000001c93707e0a0 flushing  nmethod 0x000001c921f95e90
Event: 2.621 Thread 0x000001c93707e0a0 flushing  nmethod 0x000001c921fe8410
Event: 2.621 Thread 0x000001c93707e0a0 flushing  nmethod 0x000001c921fe9290
Event: 2.621 Thread 0x000001c93707e0a0 flushing  nmethod 0x000001c921feaf90
Event: 2.621 Thread 0x000001c93707e0a0 flushing  nmethod 0x000001c921febc90
Event: 2.621 Thread 0x000001c93707e0a0 flushing  nmethod 0x000001c921fec790
Event: 2.621 Thread 0x000001c93707e0a0 flushing  nmethod 0x000001c92204c190
Event: 2.621 Thread 0x000001c93707e0a0 flushing  nmethod 0x000001c922055010
Event: 2.621 Thread 0x000001c93707e0a0 flushing  nmethod 0x000001c922057d90
Event: 2.621 Thread 0x000001c93707e0a0 flushing  nmethod 0x000001c92205d710
Event: 2.621 Thread 0x000001c93707e0a0 flushing  nmethod 0x000001c9220b8590
Event: 2.621 Thread 0x000001c93707e0a0 flushing  nmethod 0x000001c9220b9b10
Event: 2.621 Thread 0x000001c93707e0a0 flushing  nmethod 0x000001c92210ec10
Event: 2.621 Thread 0x000001c93707e0a0 flushing  nmethod 0x000001c922259390
Event: 2.621 Thread 0x000001c93707e0a0 flushing  nmethod 0x000001c92232ac90
Event: 2.621 Thread 0x000001c93707e0a0 flushing  nmethod 0x000001c92232af90
Event: 2.621 Thread 0x000001c93707e0a0 flushing  nmethod 0x000001c92232b810
Event: 2.621 Thread 0x000001c93707e0a0 flushing  nmethod 0x000001c92236be90
Event: 2.621 Thread 0x000001c93707e0a0 flushing  nmethod 0x000001c92236d190

Events (20 events):
Event: 2.179 Thread 0x000001c93d4dc410 Thread added: 0x000001c93d5203e0
Event: 2.338 Thread 0x000001c93d4dc410 Thread added: 0x000001c93d521790
Event: 2.345 Thread 0x000001c93d4dc410 Thread added: 0x000001c93d520a70
Event: 2.444 Thread 0x000001c93d4dc410 Thread added: 0x000001c93d521e20
Event: 2.447 Thread 0x000001c93d4dc410 Thread added: 0x000001c93d522b40
Event: 2.507 Thread 0x000001c93d4dc410 Thread added: 0x000001c93e441210
Event: 2.507 Thread 0x000001c93d4dc410 Thread added: 0x000001c93e43eab0
Event: 2.508 Thread 0x000001c93d4dc410 Thread added: 0x000001c93e4404f0
Event: 2.508 Thread 0x000001c93d4dc410 Thread added: 0x000001c93e43fe60
Event: 2.508 Thread 0x000001c93d4dc410 Thread added: 0x000001c93e4418a0
Event: 2.508 Thread 0x000001c93d4dc410 Thread added: 0x000001c93e441f30
Event: 2.508 Thread 0x000001c93d4dc410 Thread added: 0x000001c93e440b80
Event: 2.508 Thread 0x000001c93d4dc410 Thread added: 0x000001c93e4425c0
Event: 2.508 Thread 0x000001c93d4dc410 Thread added: 0x000001c93e43f140
Event: 2.508 Thread 0x000001c93d4dc410 Thread added: 0x000001c93e442c50
Event: 2.508 Thread 0x000001c93d4dc410 Thread added: 0x000001c93e43f7d0
Event: 2.508 Thread 0x000001c93d4dc410 Thread added: 0x000001c93e444d20
Event: 3.114 Thread 0x000001c93d4dc410 Thread added: 0x000001c93e444690
Event: 3.231 Thread 0x000001c93d4dc410 Thread added: 0x000001c93e4432e0
Event: 3.285 Thread 0x000001c93d4dc410 Thread added: 0x000001c93e4460d0


Dynamic libraries:
0x00007ff68a1b0000 - 0x00007ff68a1ba000 	E:\android studio\jbr\bin\java.exe
0x00007ffa00f00000 - 0x00007ffa01160000 	C:\WINDOWS\SYSTEM32\ntdll.dll
0x00007ff9ff6d0000 - 0x00007ff9ff797000 	C:\WINDOWS\System32\KERNEL32.DLL
0x00007ff9fe2e0000 - 0x00007ff9fe6aa000 	C:\WINDOWS\System32\KERNELBASE.dll
0x00007ff9fe0e0000 - 0x00007ff9fe22b000 	C:\WINDOWS\System32\ucrtbase.dll
0x00007ff9f1770000 - 0x00007ff9f1788000 	E:\android studio\jbr\bin\jli.dll
0x00007ff9f1730000 - 0x00007ff9f174b000 	E:\android studio\jbr\bin\VCRUNTIME140.dll
0x00007ff9fee70000 - 0x00007ff9ff03c000 	C:\WINDOWS\System32\USER32.dll
0x00007ff9fe970000 - 0x00007ff9fe997000 	C:\WINDOWS\System32\win32u.dll
0x00007ff9ffec0000 - 0x00007ff9ffeea000 	C:\WINDOWS\System32\GDI32.dll
0x00007ff9c6880000 - 0x00007ff9c6b17000 	C:\WINDOWS\WinSxS\amd64_microsoft.windows.common-controls_6595b64144ccf1df_6.0.26100.3624_none_3e086962e3345f24\COMCTL32.dll
0x00007ff9fe830000 - 0x00007ff9fe961000 	C:\WINDOWS\System32\gdi32full.dll
0x00007ff9ffce0000 - 0x00007ff9ffd89000 	C:\WINDOWS\System32\msvcrt.dll
0x00007ff9fe230000 - 0x00007ff9fe2d3000 	C:\WINDOWS\System32\msvcp_win.dll
0x00007ff9ff140000 - 0x00007ff9ff16f000 	C:\WINDOWS\System32\IMM32.DLL
0x00007ff9f1ba0000 - 0x00007ff9f1bac000 	E:\android studio\jbr\bin\vcruntime140_1.dll
0x00007ff9d83d0000 - 0x00007ff9d845d000 	E:\android studio\jbr\bin\msvcp140.dll
0x00007ff97f440000 - 0x00007ff9800ca000 	E:\android studio\jbr\bin\server\jvm.dll
0x00007ffa001c0000 - 0x00007ffa00272000 	C:\WINDOWS\System32\ADVAPI32.dll
0x00007ff9fedc0000 - 0x00007ff9fee66000 	C:\WINDOWS\System32\sechost.dll
0x00007ffa005f0000 - 0x00007ffa00706000 	C:\WINDOWS\System32\RPCRT4.dll
0x00007ff9ff1a0000 - 0x00007ff9ff214000 	C:\WINDOWS\System32\WS2_32.dll
0x00007ff9fcd70000 - 0x00007ff9fcdce000 	C:\WINDOWS\SYSTEM32\POWRPROF.dll
0x00007ff9ed150000 - 0x00007ff9ed15b000 	C:\WINDOWS\SYSTEM32\VERSION.dll
0x00007ff9f1eb0000 - 0x00007ff9f1ee6000 	C:\WINDOWS\SYSTEM32\WINMM.dll
0x00007ff9fcd50000 - 0x00007ff9fcd64000 	C:\WINDOWS\SYSTEM32\UMPDC.dll
0x00007ff9fd010000 - 0x00007ff9fd02a000 	C:\WINDOWS\SYSTEM32\kernel.appcore.dll
0x00007ff9f19d0000 - 0x00007ff9f19da000 	E:\android studio\jbr\bin\jimage.dll
0x00007ff9fb8e0000 - 0x00007ff9fbb21000 	C:\WINDOWS\SYSTEM32\DBGHELP.DLL
0x00007ff9ff2b0000 - 0x00007ff9ff632000 	C:\WINDOWS\System32\combase.dll
0x00007ff9ffd90000 - 0x00007ff9ffe66000 	C:\WINDOWS\System32\OLEAUT32.dll
0x00007ff9e7aa0000 - 0x00007ff9e7ad9000 	C:\WINDOWS\SYSTEM32\dbgcore.DLL
0x00007ff9fe9a0000 - 0x00007ff9fea39000 	C:\WINDOWS\System32\bcryptPrimitives.dll
0x00007ff9f1760000 - 0x00007ff9f176e000 	E:\android studio\jbr\bin\instrument.dll
0x00007ff9f15d0000 - 0x00007ff9f15f0000 	E:\android studio\jbr\bin\java.dll
0x00007ff9ec790000 - 0x00007ff9ec7a8000 	E:\android studio\jbr\bin\zip.dll
0x00007ffa00720000 - 0x00007ffa00e49000 	C:\WINDOWS\System32\SHELL32.dll
0x00007ff9fea40000 - 0x00007ff9feba8000 	C:\WINDOWS\System32\wintypes.dll
0x00007ff9fbdc0000 - 0x00007ff9fc612000 	C:\WINDOWS\SYSTEM32\windows.storage.dll
0x00007ff9ffef0000 - 0x00007ff9fffdd000 	C:\WINDOWS\System32\SHCORE.dll
0x00007ffa00e50000 - 0x00007ffa00eb4000 	C:\WINDOWS\System32\shlwapi.dll
0x00007ff9fdff0000 - 0x00007ff9fe01f000 	C:\WINDOWS\SYSTEM32\profapi.dll
0x00007ff9f1800000 - 0x00007ff9f1810000 	E:\android studio\jbr\bin\net.dll
0x00007ff9f5650000 - 0x00007ff9f576d000 	C:\WINDOWS\SYSTEM32\WINHTTP.dll
0x00007ff9fd530000 - 0x00007ff9fd59a000 	C:\WINDOWS\system32\mswsock.dll
0x00007ff9e16c0000 - 0x00007ff9e16d6000 	E:\android studio\jbr\bin\nio.dll
0x00007ff9f4ec0000 - 0x00007ff9f4ed0000 	E:\android studio\jbr\bin\verify.dll
0x00007ff9d9810000 - 0x00007ff9d9837000 	C:\Users\ma725\.gradle\native\c067742578af261105cb4f569cf0c3c89f3d7b1fecec35dd04571415982c5e48\windows-amd64\native-platform.dll
0x00007ff9c94a0000 - 0x00007ff9c95e4000 	C:\Users\ma725\.gradle\native\100fb08df4bc3b14c8652ba06237920a3bd2aa13389f12d3474272988ae205f9\windows-amd64\native-platform-file-events.dll
0x00007ff9f1690000 - 0x00007ff9f1699000 	E:\android studio\jbr\bin\management.dll
0x00007ff9f15c0000 - 0x00007ff9f15cb000 	E:\android studio\jbr\bin\management_ext.dll
0x00007ffa005e0000 - 0x00007ffa005e8000 	C:\WINDOWS\System32\PSAPI.DLL
0x00007ff9fd7e0000 - 0x00007ff9fd7fc000 	C:\WINDOWS\SYSTEM32\CRYPTSP.dll
0x00007ff9fcf70000 - 0x00007ff9fcfaa000 	C:\WINDOWS\system32\rsaenh.dll
0x00007ff9fd5d0000 - 0x00007ff9fd5fb000 	C:\WINDOWS\SYSTEM32\USERENV.dll
0x00007ff9fdfc0000 - 0x00007ff9fdfe6000 	C:\WINDOWS\SYSTEM32\bcrypt.dll
0x00007ff9fd7d0000 - 0x00007ff9fd7dc000 	C:\WINDOWS\SYSTEM32\CRYPTBASE.dll
0x00007ff9fca60000 - 0x00007ff9fca93000 	C:\WINDOWS\SYSTEM32\IPHLPAPI.DLL
0x00007ffa00710000 - 0x00007ffa0071a000 	C:\WINDOWS\System32\NSI.dll
0x00007ff9f16e0000 - 0x00007ff9f16e9000 	E:\android studio\jbr\bin\extnet.dll
0x00007ff9ba4b0000 - 0x00007ff9ba4b8000 	C:\WINDOWS\system32\wshunix.dll

dbghelp: loaded successfully - version: 4.0.5 - missing functions: none
symbol engine: initialized successfully - sym options: 0x614 - pdb path: .;E:\android studio\jbr\bin;C:\WINDOWS\SYSTEM32;C:\WINDOWS\WinSxS\amd64_microsoft.windows.common-controls_6595b64144ccf1df_6.0.26100.3624_none_3e086962e3345f24;E:\android studio\jbr\bin\server;C:\Users\ma725\.gradle\native\c067742578af261105cb4f569cf0c3c89f3d7b1fecec35dd04571415982c5e48\windows-amd64;C:\Users\ma725\.gradle\native\100fb08df4bc3b14c8652ba06237920a3bd2aa13389f12d3474272988ae205f9\windows-amd64

VM Arguments:
jvm_args: --add-opens=java.base/java.lang=ALL-UNNAMED --add-opens=java.base/java.lang.invoke=ALL-UNNAMED --add-opens=java.base/java.util=ALL-UNNAMED --add-opens=java.prefs/java.util.prefs=ALL-UNNAMED --add-exports=jdk.compiler/com.sun.tools.javac.api=ALL-UNNAMED --add-exports=jdk.compiler/com.sun.tools.javac.util=ALL-UNNAMED --add-opens=java.base/java.util=ALL-UNNAMED --add-opens=java.prefs/java.util.prefs=ALL-UNNAMED --add-opens=java.base/java.nio.charset=ALL-UNNAMED --add-opens=java.base/java.net=ALL-UNNAMED --add-opens=java.base/java.util.concurrent.atomic=ALL-UNNAMED --add-opens=java.xml/javax.xml.namespace=ALL-UNNAMED -Xmx2048m -Dfile.encoding=UTF-8 -Duser.country=US -Duser.language=en -Duser.variant -javaagent:C:\Users\ma725\.gradle\wrapper\dists\gradle-8.11.1-bin\bpt9gzteqjrbo1mjrsomdt32c\gradle-8.11.1\lib\agents\gradle-instrumentation-agent-8.11.1.jar 
java_command: org.gradle.launcher.daemon.bootstrap.GradleDaemon 8.11.1
java_class_path (initial): C:\Users\ma725\.gradle\wrapper\dists\gradle-8.11.1-bin\bpt9gzteqjrbo1mjrsomdt32c\gradle-8.11.1\lib\gradle-daemon-main-8.11.1.jar
Launcher Type: SUN_STANDARD

[Global flags]
     intx CICompilerCount                          = 4                                         {product} {ergonomic}
     uint ConcGCThreads                            = 3                                         {product} {ergonomic}
     uint G1ConcRefinementThreads                  = 10                                        {product} {ergonomic}
   size_t G1HeapRegionSize                         = 1048576                                   {product} {ergonomic}
    uintx GCDrainStackTargetSize                   = 64                                        {product} {ergonomic}
   size_t InitialHeapSize                          = 130023424                                 {product} {ergonomic}
   size_t MarkStackSize                            = 4194304                                   {product} {ergonomic}
   size_t MaxHeapSize                              = 2147483648                                {product} {command line}
   size_t MaxNewSize                               = 1287651328                                {product} {ergonomic}
   size_t MinHeapDeltaBytes                        = 1048576                                   {product} {ergonomic}
   size_t MinHeapSize                              = 8388608                                   {product} {ergonomic}
    uintx NonNMethodCodeHeapSize                   = 5839372                                {pd product} {ergonomic}
    uintx NonProfiledCodeHeapSize                  = 122909434                              {pd product} {ergonomic}
    uintx ProfiledCodeHeapSize                     = 122909434                              {pd product} {ergonomic}
    uintx ReservedCodeCacheSize                    = 251658240                              {pd product} {ergonomic}
     bool SegmentedCodeCache                       = true                                      {product} {ergonomic}
   size_t SoftMaxHeapSize                          = 2147483648                             {manageable} {ergonomic}
     bool UseCompressedOops                        = true                           {product lp64_product} {ergonomic}
     bool UseG1GC                                  = true                                      {product} {ergonomic}
     bool UseLargePagesIndividualAllocation        = false                                  {pd product} {ergonomic}

Logging:
Log output configuration:
 #0: stdout all=warning uptime,level,tags foldmultilines=false
 #1: stderr all=off uptime,level,tags foldmultilines=false

Environment Variables:
JAVA_HOME=E:\android studio\jbr
PATH=C:\Program Files\Common Files\Oracle\Java\javapath;C:\WINDOWS\system32;C:\WINDOWS;C:\WINDOWS\System32\Wbem;C:\WINDOWS\System32\WindowsPowerShell\v1.0\;C:\WINDOWS\System32\OpenSSH\;E:\android studio\jbr\bin;C:\Program Files (x86)\NVIDIA Corporation\PhysX\Common;C:\Program Files\NVIDIA Corporation\NVIDIA app\NvDLISR;C:\MinGW\bin;C:\Program Files\Git\cmd;C:\Program Files\Git LFS;C:\Users\ma725\AppData\Local\Programs\Python\Python39\Scripts\;C:\Users\ma725\AppData\Local\Programs\Python\Python39\;C:\Users\ma725\AppData\Local\Programs\Python\Launcher\;C:\Users\ma725\AppData\Local\Microsoft\WindowsApps;E:\Microsoft VS Code\bin;C:\Program Files (x86)\GnuWin32\bin;C:\MinGW\bin;C:\MinGW\msys\1.0\bin;
USERNAME=ma725
OS=Windows_NT
PROCESSOR_IDENTIFIER=Intel64 Family 6 Model 154 Stepping 3, GenuineIntel
TMP=C:\Users\ma725\AppData\Local\Temp
TEMP=C:\Users\ma725\AppData\Local\Temp




Periodic native trim disabled

JNI global refs:
JNI global refs: 26, weak refs: 0

JNI global refs memory usage: 835, weak refs: 833

Process memory usage:
Resident Set Size: 268032K (3% of 8048768K total physical memory with 692756K free physical memory)

OOME stack traces (most recent first):
Classloader memory used:
Loader org.gradle.internal.classloader.VisitableURLClassLoader                         : 19820K
Loader bootstrap                                                                       : 19028K
Loader org.gradle.initialization.MixInLegacyTypesClassLoader                           : 4452K
Loader org.gradle.internal.classloader.VisitableURLClassLoader                         : 726K
Loader jdk.internal.loader.ClassLoaders$AppClassLoader                                 : 232K
Loader jdk.internal.reflect.DelegatingClassLoader                                      : 153K
Loader jdk.internal.loader.ClassLoaders$PlatformClassLoader                            : 113K
Loader org.gradle.groovy.scripts.internal.DefaultScriptCompilationHandler$ScriptClassLoader: 6584B

Classes loaded by more than one classloader:
Class org.gradle.api.GradleException                                                  : loaded 3 times (x 78B)
Class org.gradle.internal.classloader.FilteringClassLoader                            : loaded 2 times (x 101B)
Class org.gradle.internal.classloader.ClassLoaderHierarchy                            : loaded 2 times (x 66B)
Class org.gradle.api.internal.classpath.ManifestUtil                                  : loaded 2 times (x 67B)
Class org.gradle.internal.operations.MultipleBuildOperationFailures                   : loaded 2 times (x 91B)
Class org.gradle.internal.classloader.DefaultClassLoaderFactory                       : loaded 2 times (x 78B)
Class org.gradle.internal.classloader.ClassLoaderVisitor                              : loaded 2 times (x 72B)
Class org.gradle.api.internal.classpath.EffectiveClassPath                            : loaded 2 times (x 86B)
Class org.gradle.api.internal.DefaultClassPathProvider                                : loaded 2 times (x 72B)
Class [Lorg.gradle.api.internal.ClassPathProvider;                                    : loaded 2 times (x 65B)
Class org.gradle.api.internal.ClassPathProvider                                       : loaded 2 times (x 66B)
Class org.gradle.internal.service.UnknownServiceException                             : loaded 2 times (x 79B)
Class org.gradle.internal.classpath.TransformedClassPath                              : loaded 2 times (x 92B)
Class org.gradle.internal.classloader.InstrumentingClassLoader                        : loaded 2 times (x 66B)
Class org.gradle.internal.service.ServiceLocator                                      : loaded 2 times (x 66B)
Class org.gradle.internal.InternalTransformer                                         : loaded 2 times (x 66B)
Class org.gradle.internal.time.DefaultTimer                                           : loaded 2 times (x 76B)
Class org.gradle.internal.classloader.ClasspathUtil$1                                 : loaded 2 times (x 72B)
Class org.gradle.api.internal.classpath.DefaultModuleRegistry$DefaultModule           : loaded 2 times (x 82B)
Class org.gradle.internal.time.DefaultCountdownTimer                                  : loaded 2 times (x 84B)
Class kotlin.Function                                                                 : loaded 2 times (x 66B)
Class org.gradle.api.internal.classpath.Module                                        : loaded 2 times (x 66B)
Class org.gradle.api.internal.classpath.UnknownModuleException                        : loaded 2 times (x 78B)
Class org.gradle.api.internal.DefaultClassPathRegistry                                : loaded 2 times (x 72B)
Class org.gradle.api.internal.ClassPathRegistry                                       : loaded 2 times (x 66B)
Class org.gradle.internal.classpath.DefaultClassPath$ImmutableUniqueList              : loaded 2 times (x 195B)
Class org.gradle.internal.classpath.ClassPath                                         : loaded 2 times (x 66B)
Class org.gradle.api.UncheckedIOException                                             : loaded 2 times (x 78B)
Class kotlin.UninitializedPropertyAccessException                                     : loaded 2 times (x 78B)
Class org.gradle.internal.installation.GradleInstallation$1                           : loaded 2 times (x 71B)
Class org.gradle.api.internal.classpath.ModuleRegistry                                : loaded 2 times (x 66B)
Class org.gradle.api.internal.classpath.DefaultModuleRegistry                         : loaded 2 times (x 82B)
Class org.gradle.internal.time.MonotonicClock                                         : loaded 2 times (x 73B)
Class org.gradle.internal.service.ServiceLookupException                              : loaded 2 times (x 78B)
Class org.gradle.internal.classloader.ClassLoaderFactory                              : loaded 2 times (x 66B)
Class org.gradle.internal.service.CachingServiceLocator                               : loaded 2 times (x 78B)
Class org.gradle.internal.time.TimeSource                                             : loaded 2 times (x 66B)
Class org.gradle.internal.exceptions.ResolutionProvider                               : loaded 2 times (x 66B)
Class org.gradle.internal.classloader.ClasspathUtil                                   : loaded 2 times (x 67B)
Class org.gradle.internal.time.TimeSource$1                                           : loaded 2 times (x 73B)
Class org.gradle.api.specs.Spec                                                       : loaded 2 times (x 66B)
Class org.gradle.internal.time.Clock                                                  : loaded 2 times (x 66B)
Class org.gradle.internal.classloader.VisitableURLClassLoader$InstrumentingVisitableURLClassLoader: loaded 2 times (x 119B)
Class org.gradle.internal.classloader.VisitableURLClassLoader$Spec                    : loaded 2 times (x 70B)
Class org.gradle.internal.classpath.DefaultClassPath                                  : loaded 2 times (x 86B)
Class org.gradle.internal.classloader.ClassLoaderSpec                                 : loaded 2 times (x 67B)
Class org.gradle.internal.classloader.VisitableURLClassLoader                         : loaded 2 times (x 113B)
Class org.gradle.internal.Cast                                                        : loaded 2 times (x 67B)
Class org.gradle.api.Action                                                           : loaded 2 times (x 66B)
Class kotlin.jvm.functions.Function1                                                  : loaded 2 times (x 66B)
Class org.gradle.internal.classpath.DefaultClassPath$ImmutableUniqueList$Builder      : loaded 2 times (x 71B)
Class kotlin.NotImplementedError                                                      : loaded 2 times (x 78B)
Class org.gradle.internal.exceptions.NonGradleCauseExceptionsHolder                   : loaded 2 times (x 66B)
Class org.gradle.internal.IoActions                                                   : loaded 2 times (x 67B)
Class org.gradle.internal.classloader.SystemClassLoaderSpec                           : loaded 2 times (x 67B)
Class org.gradle.internal.exceptions.MultiCauseException                              : loaded 2 times (x 66B)
Class org.gradle.internal.time.CountdownTimer                                         : loaded 2 times (x 66B)
Class kotlin.jvm.internal.Intrinsics                                                  : loaded 2 times (x 67B)
Class org.gradle.tooling.model.ProjectModel                                           : loaded 2 times (x 66B)
Class kotlin.KotlinNullPointerException                                               : loaded 2 times (x 79B)
Class org.gradle.internal.exceptions.DefaultMultiCauseException                       : loaded 2 times (x 91B)
Class org.gradle.internal.time.Time                                                   : loaded 2 times (x 67B)
Class org.gradle.api.internal.classpath.GlobalCacheRootsProvider                      : loaded 2 times (x 66B)
Class org.gradle.internal.time.Timer                                                  : loaded 2 times (x 66B)
Class org.gradle.internal.installation.CurrentGradleInstallationLocator               : loaded 2 times (x 67B)
Class org.gradle.internal.service.DefaultServiceLocator                               : loaded 2 times (x 79B)
Class org.gradle.util.GradleVersion                                                   : loaded 2 times (x 79B)
Class org.gradle.internal.installation.CurrentGradleInstallation                      : loaded 2 times (x 69B)
Class org.gradle.util.internal.GUtil                                                  : loaded 2 times (x 67B)
Class org.gradle.internal.installation.GradleInstallation                             : loaded 2 times (x 71B)

---------------  S Y S T E M  ---------------

OS:
 Windows 11 , 64 bit Build 26100 (10.0.26100.3775)
OS uptime: 0 days 17:11 hours

CPU: total 12 (initial active 12) (6 cores per cpu, 2 threads per core) family 6 model 154 stepping 3 microcode 0x432, cx8, cmov, fxsr, ht, mmx, 3dnowpref, sse, sse2, sse3, ssse3, sse4.1, sse4.2, popcnt, lzcnt, tsc, tscinvbit, avx, avx2, aes, erms, clmul, bmi1, bmi2, adx, sha, fma, vzeroupper, clflush, clflushopt, clwb, serialize, rdtscp, rdpid, fsrm, f16c, pku, cet_ibt, cet_ss
Processor Information for processor 0
  Max Mhz: 2000, Current Mhz: 2000, Mhz Limit: 2000
Processor Information for processor 1
  Max Mhz: 2000, Current Mhz: 2000, Mhz Limit: 2000
Processor Information for processor 2
  Max Mhz: 2000, Current Mhz: 2000, Mhz Limit: 2000
Processor Information for processor 3
  Max Mhz: 2000, Current Mhz: 2000, Mhz Limit: 2000
Processor Information for processor 4
  Max Mhz: 2000, Current Mhz: 2000, Mhz Limit: 2000
Processor Information for processor 5
  Max Mhz: 2000, Current Mhz: 2000, Mhz Limit: 2000
Processor Information for processor 6
  Max Mhz: 2000, Current Mhz: 2000, Mhz Limit: 2000
Processor Information for processor 7
  Max Mhz: 2000, Current Mhz: 2000, Mhz Limit: 2000
Processor Information for processor 8
  Max Mhz: 2000, Current Mhz: 1500, Mhz Limit: 1500
Processor Information for processor 9
  Max Mhz: 2000, Current Mhz: 1500, Mhz Limit: 1500
Processor Information for processor 10
  Max Mhz: 2000, Current Mhz: 1500, Mhz Limit: 1500
Processor Information for processor 11
  Max Mhz: 2000, Current Mhz: 1500, Mhz Limit: 1500

Memory: 4k page, system-wide physical 7860M (676M free)
TotalPageFile size 16052M (AvailPageFile size 5M)
current process WorkingSet (physical memory assigned to process): 262M, peak: 262M
current process commit charge ("private bytes"): 302M, peak: 304M

vm_info: OpenJDK 64-Bit Server VM (21.0.5+-12932927-b750.29) for windows-amd64 JRE (21.0.5+-12932927-b750.29), built on 2025-01-17T02:01:10Z by "builder" with MS VC++ 16.10 / 16.11 (VS2019)

END.
