#
# There is insufficient memory for the Java Runtime Environment to continue.
# Native memory allocation (malloc) failed to allocate 461312 bytes. Error detail: Chunk::new
# Possible reasons:
#   The system is out of physical RAM or swap space
#   This process is running with CompressedOops enabled, and the Java Heap may be blocking the growth of the native heap
# Possible solutions:
#   Reduce memory load on the system
#   Increase physical memory or swap space
#   Check if swap backing store is full
#   Decrease Java heap size (-Xmx/-Xms)
#   Decrease number of Java threads
#   Decrease Java thread stack sizes (-Xss)
#   Set larger code cache with -XX:ReservedCodeCacheSize=
#   JVM is running with Unscaled Compressed Oops mode in which the Java heap is
#     placed in the first 4GB address space. The Java Heap base address is the
#     maximum limit for the native heap growth. Please use -XX:HeapBaseMinAddress
#     to set the Java Heap base and to place the Java Heap above 4GB virtual address.
# This output file may be truncated or incomplete.
#
#  Out of Memory Error (arena.cpp:168), pid=8696, tid=21308
#
# JRE version: OpenJDK Runtime Environment (21.0.5) (build 21.0.5+-12932927-b750.29)
# Java VM: OpenJDK 64-Bit Server VM (21.0.5+-12932927-b750.29, mixed mode, tiered, compressed oops, compressed class ptrs, g1 gc, windows-amd64)
# No core dump will be written. Minidumps are not enabled by default on client versions of Windows
#

---------------  S U M M A R Y ------------

Command Line: --add-opens=java.base/java.lang=ALL-UNNAMED --add-opens=java.base/java.lang.invoke=ALL-UNNAMED --add-opens=java.base/java.util=ALL-UNNAMED --add-opens=java.prefs/java.util.prefs=ALL-UNNAMED --add-exports=jdk.compiler/com.sun.tools.javac.api=ALL-UNNAMED --add-exports=jdk.compiler/com.sun.tools.javac.util=ALL-UNNAMED --add-opens=java.base/java.util=ALL-UNNAMED --add-opens=java.prefs/java.util.prefs=ALL-UNNAMED --add-opens=java.base/java.nio.charset=ALL-UNNAMED --add-opens=java.base/java.net=ALL-UNNAMED --add-opens=java.base/java.util.concurrent.atomic=ALL-UNNAMED --add-opens=java.xml/javax.xml.namespace=ALL-UNNAMED -Xmx2048m -Dfile.encoding=UTF-8 -Duser.country=US -Duser.language=en -Duser.variant -javaagent:C:\Users\ma725\.gradle\wrapper\dists\gradle-8.11.1-bin\bpt9gzteqjrbo1mjrsomdt32c\gradle-8.11.1\lib\agents\gradle-instrumentation-agent-8.11.1.jar org.gradle.launcher.daemon.bootstrap.GradleDaemon 8.11.1

Host: 12th Gen Intel(R) Core(TM) i5-12450H, 12 cores, 7G,  Windows 11 , 64 bit Build 22621 (10.0.22621.4974)
Time: Wed May  7 00:51:53 2025 Bangladesh Standard Time elapsed time: 10.393990 seconds (0d 0h 0m 10s)

---------------  T H R E A D  ---------------

Current thread (0x00000284f308a230):  JavaThread "C2 CompilerThread0" daemon [_thread_in_native, id=21308, stack(0x0000008644c00000,0x0000008644d00000) (1024K)]


Current CompileTask:
C2:10394 8567       4       sun.reflect.generics.parser.SignatureParser::parsePackageNameAndSimpleClassTypeSignature (119 bytes)

Stack: [0x0000008644c00000,0x0000008644d00000]
Native frames: (J=compiled Java code, j=interpreted, Vv=VM code, C=native code)
V  [jvm.dll+0x6cfb29]
V  [jvm.dll+0x85ded3]
V  [jvm.dll+0x86042e]
V  [jvm.dll+0x860b13]
V  [jvm.dll+0x27e6b6]
V  [jvm.dll+0xbff6d]
V  [jvm.dll+0xc04a3]
V  [jvm.dll+0x3b5ffb]
V  [jvm.dll+0x381f97]
V  [jvm.dll+0x38140a]
V  [jvm.dll+0x247c62]
V  [jvm.dll+0x247231]
V  [jvm.dll+0x1c5ee4]
V  [jvm.dll+0x25697c]
V  [jvm.dll+0x254ec6]
V  [jvm.dll+0x3f0ce6]
V  [jvm.dll+0x806368]
V  [jvm.dll+0x6ce3fd]
C  [ucrtbase.dll+0x29333]
C  [KERNEL32.DLL+0x1259d]
C  [ntdll.dll+0x5af38]


---------------  P R O C E S S  ---------------

Threads class SMR info:
_java_thread_list=0x00000284f7d3def0, length=68, elements={
0x00000284d72dd450, 0x00000284f3065470, 0x00000284f3066120, 0x00000284f30855b0,
0x00000284f3086000, 0x00000284f3086a50, 0x00000284f30874a0, 0x00000284f308a230,
0x00000284f3095260, 0x00000284f31fcbb0, 0x00000284f3360610, 0x00000284f4f68920,
0x00000284f4d6c010, 0x00000284f4e4f060, 0x00000284f51055c0, 0x00000284f5113210,
0x00000284f4fa3710, 0x00000284f4fa8760, 0x00000284f4fa91d0, 0x00000284f4fdfba0,
0x00000284f4fe15e0, 0x00000284f4fe2990, 0x00000284f4fe08c0, 0x00000284f4fe0f50,
0x00000284f4fe0230, 0x00000284f4fe1c70, 0x00000284f4fe2300, 0x00000284f4fe3020,
0x00000284f78c2ca0, 0x00000284f78c3330, 0x00000284f78c4050, 0x00000284f78c39c0,
0x00000284f36b1f10, 0x00000284f36af7b0, 0x00000284f36ac9c0, 0x00000284f36b0b60,
0x00000284f36ad050, 0x00000284f36b2c30, 0x00000284f36afe40, 0x00000284f36ad6e0,
0x00000284f36b32c0, 0x00000284f36b11f0, 0x00000284f36aea90, 0x00000284f36b04d0,
0x00000284f36b1880, 0x00000284f36b25a0, 0x00000284f36b3950, 0x00000284f36add70,
0x00000284f36b3fe0, 0x00000284f36ae400, 0x00000284f78c5400, 0x00000284f76b2080,
0x00000284f76b8980, 0x00000284f76b5500, 0x00000284f76b47e0, 0x00000284f76b9010,
0x00000284f76b6220, 0x00000284f76b5b90, 0x00000284f76b96a0, 0x00000284f76b4e70,
0x00000284f76b75d0, 0x00000284f76b82f0, 0x00000284f76b2710, 0x00000284f76b2da0,
0x00000284f76b3430, 0x00000284f859cbc0, 0x00000284f7384710, 0x00000284f8599dd0
}

Java Threads: ( => current thread )
  0x00000284d72dd450 JavaThread "main"                              [_thread_blocked, id=9836, stack(0x0000008643e00000,0x0000008643f00000) (1024K)]
  0x00000284f3065470 JavaThread "Reference Handler"          daemon [_thread_blocked, id=84, stack(0x0000008644600000,0x0000008644700000) (1024K)]
  0x00000284f3066120 JavaThread "Finalizer"                  daemon [_thread_blocked, id=4104, stack(0x0000008644700000,0x0000008644800000) (1024K)]
  0x00000284f30855b0 JavaThread "Signal Dispatcher"          daemon [_thread_blocked, id=1508, stack(0x0000008644800000,0x0000008644900000) (1024K)]
  0x00000284f3086000 JavaThread "Attach Listener"            daemon [_thread_blocked, id=15732, stack(0x0000008644900000,0x0000008644a00000) (1024K)]
  0x00000284f3086a50 JavaThread "Service Thread"             daemon [_thread_blocked, id=18428, stack(0x0000008644a00000,0x0000008644b00000) (1024K)]
  0x00000284f30874a0 JavaThread "Monitor Deflation Thread"   daemon [_thread_blocked, id=16016, stack(0x0000008644b00000,0x0000008644c00000) (1024K)]
=>0x00000284f308a230 JavaThread "C2 CompilerThread0"         daemon [_thread_in_native, id=21308, stack(0x0000008644c00000,0x0000008644d00000) (1024K)]
  0x00000284f3095260 JavaThread "C1 CompilerThread0"         daemon [_thread_blocked, id=19992, stack(0x0000008644d00000,0x0000008644e00000) (1024K)]
  0x00000284f31fcbb0 JavaThread "Common-Cleaner"             daemon [_thread_blocked, id=1380, stack(0x0000008644e00000,0x0000008644f00000) (1024K)]
  0x00000284f3360610 JavaThread "Notification Thread"        daemon [_thread_blocked, id=3144, stack(0x0000008644f00000,0x0000008645000000) (1024K)]
  0x00000284f4f68920 JavaThread "Daemon health stats"               [_thread_blocked, id=9228, stack(0x0000008645600000,0x0000008645700000) (1024K)]
  0x00000284f4d6c010 JavaThread "Incoming local TCP Connector on port 52091"        [_thread_in_native, id=10756, stack(0x0000008645700000,0x0000008645800000) (1024K)]
  0x00000284f4e4f060 JavaThread "Daemon periodic checks"            [_thread_blocked, id=17952, stack(0x0000008645800000,0x0000008645900000) (1024K)]
  0x00000284f51055c0 JavaThread "Daemon"                            [_thread_blocked, id=360, stack(0x0000008645900000,0x0000008645a00000) (1024K)]
  0x00000284f5113210 JavaThread "Handler for socket connection from /127.0.0.1:52091 to /127.0.0.1:52092"        [_thread_in_native, id=19180, stack(0x0000008645a00000,0x0000008645b00000) (1024K)]
  0x00000284f4fa3710 JavaThread "Cancel handler"                    [_thread_blocked, id=8168, stack(0x0000008645b00000,0x0000008645c00000) (1024K)]
  0x00000284f4fa8760 JavaThread "Daemon worker"                     [_thread_in_native, id=18008, stack(0x0000008645c00000,0x0000008645d00000) (1024K)]
  0x00000284f4fa91d0 JavaThread "Asynchronous log dispatcher for DefaultDaemonConnection: socket connection from /127.0.0.1:52091 to /127.0.0.1:52092"        [_thread_blocked, id=21312, stack(0x0000008645d00000,0x0000008645e00000) (1024K)]
  0x00000284f4fdfba0 JavaThread "Stdin handler"                     [_thread_blocked, id=15728, stack(0x0000008645e00000,0x0000008645f00000) (1024K)]
  0x00000284f4fe15e0 JavaThread "Daemon client event forwarder"        [_thread_blocked, id=5720, stack(0x0000008645f00000,0x0000008646000000) (1024K)]
  0x00000284f4fe2990 JavaThread "Cache worker for journal cache (C:\Users\ma725\.gradle\caches\journal-1)"        [_thread_blocked, id=13640, stack(0x0000008646600000,0x0000008646700000) (1024K)]
  0x00000284f4fe08c0 JavaThread "File lock request listener"        [_thread_in_native, id=12208, stack(0x0000008646700000,0x0000008646800000) (1024K)]
  0x00000284f4fe0f50 JavaThread "Cache worker for file hash cache (C:\Users\ma725\.gradle\caches\8.11.1\fileHashes)"        [_thread_blocked, id=16964, stack(0x0000008646800000,0x0000008646900000) (1024K)]
  0x00000284f4fe0230 JavaThread "Cache worker for file content cache (C:\Users\ma725\.gradle\caches\8.11.1\fileContent)"        [_thread_blocked, id=4168, stack(0x0000008646900000,0x0000008646a00000) (1024K)]
  0x00000284f4fe1c70 JavaThread "Cache worker for file hash cache (E:\YourClass\.gradle\8.11.1\fileHashes)"        [_thread_blocked, id=14732, stack(0x0000008646a00000,0x0000008646b00000) (1024K)]
  0x00000284f4fe2300 JavaThread "Cache worker for Build Output Cleanup Cache (E:\YourClass\.gradle\buildOutputCleanup)"        [_thread_blocked, id=20980, stack(0x0000008646b00000,0x0000008646c00000) (1024K)]
  0x00000284f4fe3020 JavaThread "File watcher server"        daemon [_thread_in_native, id=20596, stack(0x0000008646c00000,0x0000008646d00000) (1024K)]
  0x00000284f78c2ca0 JavaThread "File watcher consumer"      daemon [_thread_blocked, id=16868, stack(0x0000008646d00000,0x0000008646e00000) (1024K)]
  0x00000284f78c3330 JavaThread "Cache worker for checksums cache (E:\YourClass\.gradle\8.11.1\checksums)"        [_thread_blocked, id=9028, stack(0x0000008646e00000,0x0000008646f00000) (1024K)]
  0x00000284f78c4050 JavaThread "Cache worker for cache directory md-rule (C:\Users\ma725\.gradle\caches\8.11.1\md-rule)"        [_thread_blocked, id=15252, stack(0x0000008646f00000,0x0000008647000000) (1024K)]
  0x00000284f78c39c0 JavaThread "Cache worker for cache directory md-supplier (C:\Users\ma725\.gradle\caches\8.11.1\md-supplier)"        [_thread_blocked, id=18284, stack(0x0000008647000000,0x0000008647100000) (1024K)]
  0x00000284f36b1f10 JavaThread "Unconstrained build operations"        [_thread_blocked, id=18508, stack(0x0000008645000000,0x0000008645100000) (1024K)]
  0x00000284f36af7b0 JavaThread "Unconstrained build operations Thread 2"        [_thread_blocked, id=17616, stack(0x0000008647100000,0x0000008647200000) (1024K)]
  0x00000284f36ac9c0 JavaThread "Unconstrained build operations Thread 3"        [_thread_blocked, id=2984, stack(0x0000008647200000,0x0000008647300000) (1024K)]
  0x00000284f36b0b60 JavaThread "Unconstrained build operations Thread 4"        [_thread_blocked, id=3532, stack(0x0000008647300000,0x0000008647400000) (1024K)]
  0x00000284f36ad050 JavaThread "Unconstrained build operations Thread 5"        [_thread_blocked, id=9148, stack(0x0000008647400000,0x0000008647500000) (1024K)]
  0x00000284f36b2c30 JavaThread "Unconstrained build operations Thread 6"        [_thread_blocked, id=17900, stack(0x0000008647500000,0x0000008647600000) (1024K)]
  0x00000284f36afe40 JavaThread "Unconstrained build operations Thread 7"        [_thread_blocked, id=9320, stack(0x0000008647600000,0x0000008647700000) (1024K)]
  0x00000284f36ad6e0 JavaThread "Unconstrained build operations Thread 8"        [_thread_blocked, id=6972, stack(0x0000008647700000,0x0000008647800000) (1024K)]
  0x00000284f36b32c0 JavaThread "Unconstrained build operations Thread 9"        [_thread_blocked, id=19632, stack(0x0000008647800000,0x0000008647900000) (1024K)]
  0x00000284f36b11f0 JavaThread "Unconstrained build operations Thread 10"        [_thread_blocked, id=21416, stack(0x0000008647900000,0x0000008647a00000) (1024K)]
  0x00000284f36aea90 JavaThread "Unconstrained build operations Thread 11"        [_thread_blocked, id=2436, stack(0x0000008647a00000,0x0000008647b00000) (1024K)]
  0x00000284f36b04d0 JavaThread "Unconstrained build operations Thread 12"        [_thread_blocked, id=20820, stack(0x0000008647c00000,0x0000008647d00000) (1024K)]
  0x00000284f36b1880 JavaThread "Unconstrained build operations Thread 13"        [_thread_blocked, id=21396, stack(0x0000008647d00000,0x0000008647e00000) (1024K)]
  0x00000284f36b25a0 JavaThread "Unconstrained build operations Thread 14"        [_thread_blocked, id=9532, stack(0x0000008647e00000,0x0000008647f00000) (1024K)]
  0x00000284f36b3950 JavaThread "Unconstrained build operations Thread 15"        [_thread_blocked, id=7556, stack(0x0000008647f00000,0x0000008648000000) (1024K)]
  0x00000284f36add70 JavaThread "Unconstrained build operations Thread 16"        [_thread_blocked, id=10992, stack(0x0000008648000000,0x0000008648100000) (1024K)]
  0x00000284f36b3fe0 JavaThread "Unconstrained build operations Thread 17"        [_thread_blocked, id=15568, stack(0x0000008648100000,0x0000008648200000) (1024K)]
  0x00000284f36ae400 JavaThread "Unconstrained build operations Thread 18"        [_thread_blocked, id=11040, stack(0x0000008648200000,0x0000008648300000) (1024K)]
  0x00000284f78c5400 JavaThread "Unconstrained build operations Thread 19"        [_thread_blocked, id=1432, stack(0x0000008648300000,0x0000008648400000) (1024K)]
  0x00000284f76b2080 JavaThread "Unconstrained build operations Thread 20"        [_thread_blocked, id=21088, stack(0x0000008648400000,0x0000008648500000) (1024K)]
  0x00000284f76b8980 JavaThread "Unconstrained build operations Thread 21"        [_thread_blocked, id=20368, stack(0x0000008648500000,0x0000008648600000) (1024K)]
  0x00000284f76b5500 JavaThread "Unconstrained build operations Thread 22"        [_thread_blocked, id=11660, stack(0x0000008648600000,0x0000008648700000) (1024K)]
  0x00000284f76b47e0 JavaThread "Unconstrained build operations Thread 23"        [_thread_blocked, id=4440, stack(0x0000008648700000,0x0000008648800000) (1024K)]
  0x00000284f76b9010 JavaThread "Unconstrained build operations Thread 24"        [_thread_blocked, id=14500, stack(0x0000008648800000,0x0000008648900000) (1024K)]
  0x00000284f76b6220 JavaThread "Unconstrained build operations Thread 25"        [_thread_blocked, id=19652, stack(0x0000008648900000,0x0000008648a00000) (1024K)]
  0x00000284f76b5b90 JavaThread "Unconstrained build operations Thread 26"        [_thread_blocked, id=7740, stack(0x0000008648a00000,0x0000008648b00000) (1024K)]
  0x00000284f76b96a0 JavaThread "Unconstrained build operations Thread 27"        [_thread_blocked, id=7096, stack(0x0000008648b00000,0x0000008648c00000) (1024K)]
  0x00000284f76b4e70 JavaThread "Unconstrained build operations Thread 28"        [_thread_blocked, id=19640, stack(0x0000008648c00000,0x0000008648d00000) (1024K)]
  0x00000284f76b75d0 JavaThread "Unconstrained build operations Thread 29"        [_thread_blocked, id=7932, stack(0x0000008648d00000,0x0000008648e00000) (1024K)]
  0x00000284f76b82f0 JavaThread "Unconstrained build operations Thread 30"        [_thread_blocked, id=3376, stack(0x0000008648e00000,0x0000008648f00000) (1024K)]
  0x00000284f76b2710 JavaThread "Unconstrained build operations Thread 31"        [_thread_blocked, id=5976, stack(0x0000008648f00000,0x0000008649000000) (1024K)]
  0x00000284f76b2da0 JavaThread "Unconstrained build operations Thread 32"        [_thread_blocked, id=2240, stack(0x0000008649000000,0x0000008649100000) (1024K)]
  0x00000284f76b3430 JavaThread "Unconstrained build operations Thread 33"        [_thread_blocked, id=18700, stack(0x0000008649100000,0x0000008649200000) (1024K)]
  0x00000284f859cbc0 JavaThread "build event listener"              [_thread_blocked, id=5624, stack(0x0000008647b00000,0x0000008647c00000) (1024K)]
  0x00000284f7384710 JavaThread "C2 CompilerThread1"         daemon [_thread_in_native, id=11836, stack(0x0000008649200000,0x0000008649300000) (1024K)]
  0x00000284f8599dd0 JavaThread "Memory manager"                    [_thread_blocked, id=18844, stack(0x0000008649300000,0x0000008649400000) (1024K)]
Total: 68

Other Threads:
  0x00000284f3018050 VMThread "VM Thread"                           [id=20352, stack(0x0000008644500000,0x0000008644600000) (1024K)]
  0x00000284eedb05f0 WatcherThread "VM Periodic Task Thread"        [id=13928, stack(0x0000008644400000,0x0000008644500000) (1024K)]
  0x00000284d73365a0 WorkerThread "GC Thread#0"                     [id=21244, stack(0x0000008643f00000,0x0000008644000000) (1024K)]
  0x00000284f3b073d0 WorkerThread "GC Thread#1"                     [id=18972, stack(0x0000008645100000,0x0000008645200000) (1024K)]
  0x00000284f3b963b0 WorkerThread "GC Thread#2"                     [id=18756, stack(0x0000008645200000,0x0000008645300000) (1024K)]
  0x00000284f3a32510 WorkerThread "GC Thread#3"                     [id=3868, stack(0x0000008645300000,0x0000008645400000) (1024K)]
  0x00000284f4029400 WorkerThread "GC Thread#4"                     [id=5324, stack(0x0000008645400000,0x0000008645500000) (1024K)]
  0x00000284f447d750 WorkerThread "GC Thread#5"                     [id=13016, stack(0x0000008645500000,0x0000008645600000) (1024K)]
  0x00000284f51533a0 WorkerThread "GC Thread#6"                     [id=8980, stack(0x0000008646000000,0x0000008646100000) (1024K)]
  0x00000284f515b950 WorkerThread "GC Thread#7"                     [id=5608, stack(0x0000008646100000,0x0000008646200000) (1024K)]
  0x00000284f51880f0 WorkerThread "GC Thread#8"                     [id=6612, stack(0x0000008646200000,0x0000008646300000) (1024K)]
  0x00000284f5189a50 WorkerThread "GC Thread#9"                     [id=12668, stack(0x0000008646300000,0x0000008646400000) (1024K)]
  0x00000284d7347d90 ConcurrentGCThread "G1 Main Marker"            [id=18724, stack(0x0000008644000000,0x0000008644100000) (1024K)]
  0x00000284d7348a00 WorkerThread "G1 Conc#0"                       [id=20900, stack(0x0000008644100000,0x0000008644200000) (1024K)]
  0x00000284f5188490 WorkerThread "G1 Conc#1"                       [id=12484, stack(0x0000008646400000,0x0000008646500000) (1024K)]
  0x00000284f5188830 WorkerThread "G1 Conc#2"                       [id=17636, stack(0x0000008646500000,0x0000008646600000) (1024K)]
  0x00000284eec85db0 ConcurrentGCThread "G1 Refine#0"               [id=20700, stack(0x0000008644200000,0x0000008644300000) (1024K)]
  0x00000284eec86730 ConcurrentGCThread "G1 Service"                [id=19076, stack(0x0000008644300000,0x0000008644400000) (1024K)]
Total: 18

Threads with active compile tasks:
C2 CompilerThread0  10419 8567       4       sun.reflect.generics.parser.SignatureParser::parsePackageNameAndSimpleClassTypeSignature (119 bytes)
C2 CompilerThread1  10419 8570       4       java.util.jar.Manifest$FastInputStream::readLine (9 bytes)
Total: 2

VM state: not at safepoint (normal execution)

VM Mutex/Monitor currently owned by a thread: None

Heap address: 0x0000000080000000, size: 2048 MB, Compressed Oops mode: 32-bit

CDS archive(s) not mapped
Compressed class space mapped at: 0x0000000100000000-0x0000000140000000, reserved size: 1073741824
Narrow klass base: 0x0000000000000000, Narrow klass shift: 3, Narrow klass range: 0x140000000

GC Precious Log:
 CardTable entry size: 512
 Card Set container configuration: InlinePtr #cards 5 size 8 Array Of Cards #cards 12 size 40 Howl #buckets 4 coarsen threshold 1843 Howl Bitmap #cards 512 size 80 coarsen threshold 460 Card regions per heap region 1 cards per card region 2048
 CPUs: 12 total, 12 available
 Memory: 7860M
 Large Page Support: Disabled
 NUMA Support: Disabled
 Compressed Oops: Enabled (32-bit)
 Heap Region Size: 1M
 Heap Min Capacity: 8M
 Heap Initial Capacity: 124M
 Heap Max Capacity: 2G
 Pre-touch: Disabled
 Parallel Workers: 10
 Concurrent Workers: 3
 Concurrent Refinement Workers: 10
 Periodic GC: Disabled

Heap:
 garbage-first heap   total 118784K, used 72221K [0x0000000080000000, 0x0000000100000000)
  region size 1024K, 13 young (13312K), 2 survivors (2048K)
 Metaspace       used 76027K, committed 77952K, reserved 1179648K
  class space    used 10315K, committed 11264K, reserved 1048576K

Heap Regions: E=young(eden), S=young(survivor), O=old, HS=humongous(starts), HC=humongous(continues), CS=collection set, F=free, TAMS=top-at-mark-start, PB=parsable bottom
|   0|0x0000000080000000, 0x0000000080100000, 0x0000000080100000|100%| O|  |TAMS 0x0000000080000000| PB 0x0000000080000000| Untracked 
|   1|0x0000000080100000, 0x0000000080200000, 0x0000000080200000|100%|HS|  |TAMS 0x0000000080100000| PB 0x0000000080100000| Complete 
|   2|0x0000000080200000, 0x0000000080300000, 0x0000000080300000|100%|HC|  |TAMS 0x0000000080200000| PB 0x0000000080200000| Complete 
|   3|0x0000000080300000, 0x0000000080400000, 0x0000000080400000|100%|HC|  |TAMS 0x0000000080300000| PB 0x0000000080300000| Complete 
|   4|0x0000000080400000, 0x0000000080500000, 0x0000000080500000|100%| O|  |TAMS 0x0000000080400000| PB 0x0000000080400000| Untracked 
|   5|0x0000000080500000, 0x0000000080600000, 0x0000000080600000|100%| O|  |TAMS 0x0000000080500000| PB 0x0000000080500000| Untracked 
|   6|0x0000000080600000, 0x0000000080700000, 0x0000000080700000|100%| O|  |TAMS 0x0000000080600000| PB 0x0000000080600000| Untracked 
|   7|0x0000000080700000, 0x0000000080800000, 0x0000000080800000|100%|HS|  |TAMS 0x0000000080700000| PB 0x0000000080700000| Complete 
|   8|0x0000000080800000, 0x0000000080900000, 0x0000000080900000|100%| O|  |TAMS 0x0000000080800000| PB 0x0000000080800000| Untracked 
|   9|0x0000000080900000, 0x0000000080a00000, 0x0000000080a00000|100%| O|  |TAMS 0x0000000080900000| PB 0x0000000080900000| Untracked 
|  10|0x0000000080a00000, 0x0000000080b00000, 0x0000000080b00000|100%| O|  |TAMS 0x0000000080a00000| PB 0x0000000080a00000| Untracked 
|  11|0x0000000080b00000, 0x0000000080c00000, 0x0000000080c00000|100%| O|  |TAMS 0x0000000080b00000| PB 0x0000000080b00000| Untracked 
|  12|0x0000000080c00000, 0x0000000080ce95d8, 0x0000000080d00000| 91%| O|  |TAMS 0x0000000080c00000| PB 0x0000000080c00000| Untracked 
|  13|0x0000000080d00000, 0x0000000080e00000, 0x0000000080e00000|100%| O|  |TAMS 0x0000000080d00000| PB 0x0000000080d00000| Untracked 
|  14|0x0000000080e00000, 0x0000000080f00000, 0x0000000080f00000|100%| O|  |TAMS 0x0000000080e00000| PB 0x0000000080e00000| Untracked 
|  15|0x0000000080f00000, 0x0000000081000000, 0x0000000081000000|100%| O|  |TAMS 0x0000000080f00000| PB 0x0000000080f00000| Untracked 
|  16|0x0000000081000000, 0x0000000081100000, 0x0000000081100000|100%| O|  |TAMS 0x0000000081000000| PB 0x0000000081000000| Untracked 
|  17|0x0000000081100000, 0x0000000081200000, 0x0000000081200000|100%| O|  |TAMS 0x0000000081100000| PB 0x0000000081100000| Untracked 
|  18|0x0000000081200000, 0x0000000081300000, 0x0000000081300000|100%| O|  |TAMS 0x0000000081200000| PB 0x0000000081200000| Untracked 
|  19|0x0000000081300000, 0x0000000081400000, 0x0000000081400000|100%| O|  |TAMS 0x0000000081300000| PB 0x0000000081300000| Untracked 
|  20|0x0000000081400000, 0x0000000081500000, 0x0000000081500000|100%| O|  |TAMS 0x0000000081400000| PB 0x0000000081400000| Untracked 
|  21|0x0000000081500000, 0x0000000081500000, 0x0000000081600000|  0%| F|  |TAMS 0x0000000081500000| PB 0x0000000081500000| Untracked 
|  22|0x0000000081600000, 0x0000000081700000, 0x0000000081700000|100%| O|  |TAMS 0x0000000081600000| PB 0x0000000081600000| Untracked 
|  23|0x0000000081700000, 0x0000000081800000, 0x0000000081800000|100%| O|  |TAMS 0x0000000081700000| PB 0x0000000081700000| Untracked 
|  24|0x0000000081800000, 0x0000000081900000, 0x0000000081900000|100%|HS|  |TAMS 0x0000000081800000| PB 0x0000000081800000| Complete 
|  25|0x0000000081900000, 0x0000000081a00000, 0x0000000081a00000|100%|HS|  |TAMS 0x0000000081900000| PB 0x0000000081900000| Complete 
|  26|0x0000000081a00000, 0x0000000081b00000, 0x0000000081b00000|100%| O|  |TAMS 0x0000000081a00000| PB 0x0000000081a00000| Untracked 
|  27|0x0000000081b00000, 0x0000000081c00000, 0x0000000081c00000|100%| O|  |TAMS 0x0000000081b00000| PB 0x0000000081b00000| Untracked 
|  28|0x0000000081c00000, 0x0000000081d00000, 0x0000000081d00000|100%| O|  |TAMS 0x0000000081c00000| PB 0x0000000081c00000| Untracked 
|  29|0x0000000081d00000, 0x0000000081e00000, 0x0000000081e00000|100%| O|  |TAMS 0x0000000081d00000| PB 0x0000000081d00000| Untracked 
|  30|0x0000000081e00000, 0x0000000081f00000, 0x0000000081f00000|100%| O|  |TAMS 0x0000000081e00000| PB 0x0000000081e00000| Untracked 
|  31|0x0000000081f00000, 0x0000000082000000, 0x0000000082000000|100%| O|  |TAMS 0x0000000081f00000| PB 0x0000000081f00000| Untracked 
|  32|0x0000000082000000, 0x0000000082100000, 0x0000000082100000|100%| O|  |TAMS 0x0000000082000000| PB 0x0000000082000000| Untracked 
|  33|0x0000000082100000, 0x0000000082200000, 0x0000000082200000|100%|HS|  |TAMS 0x0000000082100000| PB 0x0000000082100000| Complete 
|  34|0x0000000082200000, 0x0000000082300000, 0x0000000082300000|100%|HS|  |TAMS 0x0000000082200000| PB 0x0000000082200000| Complete 
|  35|0x0000000082300000, 0x0000000082400000, 0x0000000082400000|100%| O|  |TAMS 0x0000000082300000| PB 0x0000000082300000| Untracked 
|  36|0x0000000082400000, 0x0000000082500000, 0x0000000082500000|100%|HS|  |TAMS 0x0000000082400000| PB 0x0000000082400000| Complete 
|  37|0x0000000082500000, 0x0000000082600000, 0x0000000082600000|100%|HS|  |TAMS 0x0000000082500000| PB 0x0000000082500000| Complete 
|  38|0x0000000082600000, 0x0000000082700000, 0x0000000082700000|100%| O|  |TAMS 0x0000000082600000| PB 0x0000000082600000| Untracked 
|  39|0x0000000082700000, 0x0000000082800000, 0x0000000082800000|100%| O|  |TAMS 0x0000000082700000| PB 0x0000000082700000| Untracked 
|  40|0x0000000082800000, 0x0000000082900000, 0x0000000082900000|100%| O|  |TAMS 0x0000000082800000| PB 0x0000000082800000| Untracked 
|  41|0x0000000082900000, 0x0000000082a00000, 0x0000000082a00000|100%| O|  |TAMS 0x0000000082900000| PB 0x0000000082900000| Untracked 
|  42|0x0000000082a00000, 0x0000000082b00000, 0x0000000082b00000|100%| O|  |TAMS 0x0000000082a00000| PB 0x0000000082a00000| Untracked 
|  43|0x0000000082b00000, 0x0000000082c00000, 0x0000000082c00000|100%| O|  |TAMS 0x0000000082b00000| PB 0x0000000082b00000| Untracked 
|  44|0x0000000082c00000, 0x0000000082d00000, 0x0000000082d00000|100%| O|  |TAMS 0x0000000082c00000| PB 0x0000000082c00000| Untracked 
|  45|0x0000000082d00000, 0x0000000082e00000, 0x0000000082e00000|100%| O|  |TAMS 0x0000000082d00000| PB 0x0000000082d00000| Untracked 
|  46|0x0000000082e00000, 0x0000000082e00000, 0x0000000082f00000|  0%| F|  |TAMS 0x0000000082e00000| PB 0x0000000082e00000| Untracked 
|  47|0x0000000082f00000, 0x0000000083000000, 0x0000000083000000|100%| O|  |TAMS 0x0000000082f00000| PB 0x0000000082f00000| Untracked 
|  48|0x0000000083000000, 0x0000000083100000, 0x0000000083100000|100%| O|  |TAMS 0x0000000083000000| PB 0x0000000083000000| Untracked 
|  49|0x0000000083100000, 0x0000000083200000, 0x0000000083200000|100%| O|  |TAMS 0x0000000083100000| PB 0x0000000083100000| Untracked 
|  50|0x0000000083200000, 0x0000000083300000, 0x0000000083300000|100%| O|  |TAMS 0x0000000083200000| PB 0x0000000083200000| Untracked 
|  51|0x0000000083300000, 0x0000000083400000, 0x0000000083400000|100%| O|  |TAMS 0x0000000083300000| PB 0x0000000083300000| Untracked 
|  52|0x0000000083400000, 0x0000000083400000, 0x0000000083500000|  0%| F|  |TAMS 0x0000000083400000| PB 0x0000000083400000| Untracked 
|  53|0x0000000083500000, 0x0000000083500000, 0x0000000083600000|  0%| F|  |TAMS 0x0000000083500000| PB 0x0000000083500000| Untracked 
|  54|0x0000000083600000, 0x0000000083600000, 0x0000000083700000|  0%| F|  |TAMS 0x0000000083600000| PB 0x0000000083600000| Untracked 
|  55|0x0000000083700000, 0x0000000083700000, 0x0000000083800000|  0%| F|  |TAMS 0x0000000083700000| PB 0x0000000083700000| Untracked 
|  56|0x0000000083800000, 0x0000000083800000, 0x0000000083900000|  0%| F|  |TAMS 0x0000000083800000| PB 0x0000000083800000| Untracked 
|  57|0x0000000083900000, 0x0000000083900000, 0x0000000083a00000|  0%| F|  |TAMS 0x0000000083900000| PB 0x0000000083900000| Untracked 
|  58|0x0000000083a00000, 0x0000000083a00000, 0x0000000083b00000|  0%| F|  |TAMS 0x0000000083a00000| PB 0x0000000083a00000| Untracked 
|  59|0x0000000083b00000, 0x0000000083b00000, 0x0000000083c00000|  0%| F|  |TAMS 0x0000000083b00000| PB 0x0000000083b00000| Untracked 
|  60|0x0000000083c00000, 0x0000000083c9de38, 0x0000000083d00000| 61%| S|CS|TAMS 0x0000000083c00000| PB 0x0000000083c00000| Complete 
|  61|0x0000000083d00000, 0x0000000083e00000, 0x0000000083e00000|100%| S|CS|TAMS 0x0000000083d00000| PB 0x0000000083d00000| Complete 
|  62|0x0000000083e00000, 0x0000000083e00000, 0x0000000083f00000|  0%| F|  |TAMS 0x0000000083e00000| PB 0x0000000083e00000| Untracked 
|  63|0x0000000083f00000, 0x0000000083f00000, 0x0000000084000000|  0%| F|  |TAMS 0x0000000083f00000| PB 0x0000000083f00000| Untracked 
|  64|0x0000000084000000, 0x0000000084000000, 0x0000000084100000|  0%| F|  |TAMS 0x0000000084000000| PB 0x0000000084000000| Untracked 
|  65|0x0000000084100000, 0x0000000084100000, 0x0000000084200000|  0%| F|  |TAMS 0x0000000084100000| PB 0x0000000084100000| Untracked 
|  66|0x0000000084200000, 0x0000000084200000, 0x0000000084300000|  0%| F|  |TAMS 0x0000000084200000| PB 0x0000000084200000| Untracked 
|  67|0x0000000084300000, 0x0000000084300000, 0x0000000084400000|  0%| F|  |TAMS 0x0000000084300000| PB 0x0000000084300000| Untracked 
|  68|0x0000000084400000, 0x0000000084400000, 0x0000000084500000|  0%| F|  |TAMS 0x0000000084400000| PB 0x0000000084400000| Untracked 
|  69|0x0000000084500000, 0x0000000084500000, 0x0000000084600000|  0%| F|  |TAMS 0x0000000084500000| PB 0x0000000084500000| Untracked 
|  70|0x0000000084600000, 0x0000000084600000, 0x0000000084700000|  0%| F|  |TAMS 0x0000000084600000| PB 0x0000000084600000| Untracked 
|  71|0x0000000084700000, 0x0000000084700000, 0x0000000084800000|  0%| F|  |TAMS 0x0000000084700000| PB 0x0000000084700000| Untracked 
|  72|0x0000000084800000, 0x0000000084800000, 0x0000000084900000|  0%| F|  |TAMS 0x0000000084800000| PB 0x0000000084800000| Untracked 
|  73|0x0000000084900000, 0x0000000084900000, 0x0000000084a00000|  0%| F|  |TAMS 0x0000000084900000| PB 0x0000000084900000| Untracked 
|  74|0x0000000084a00000, 0x0000000084a00000, 0x0000000084b00000|  0%| F|  |TAMS 0x0000000084a00000| PB 0x0000000084a00000| Untracked 
|  75|0x0000000084b00000, 0x0000000084b00000, 0x0000000084c00000|  0%| F|  |TAMS 0x0000000084b00000| PB 0x0000000084b00000| Untracked 
|  76|0x0000000084c00000, 0x0000000084c00000, 0x0000000084d00000|  0%| F|  |TAMS 0x0000000084c00000| PB 0x0000000084c00000| Untracked 
|  77|0x0000000084d00000, 0x0000000084d00000, 0x0000000084e00000|  0%| F|  |TAMS 0x0000000084d00000| PB 0x0000000084d00000| Untracked 
|  78|0x0000000084e00000, 0x0000000084e00000, 0x0000000084f00000|  0%| F|  |TAMS 0x0000000084e00000| PB 0x0000000084e00000| Untracked 
|  79|0x0000000084f00000, 0x0000000084f00000, 0x0000000085000000|  0%| F|  |TAMS 0x0000000084f00000| PB 0x0000000084f00000| Untracked 
|  80|0x0000000085000000, 0x0000000085000000, 0x0000000085100000|  0%| F|  |TAMS 0x0000000085000000| PB 0x0000000085000000| Untracked 
|  81|0x0000000085100000, 0x0000000085100000, 0x0000000085200000|  0%| F|  |TAMS 0x0000000085100000| PB 0x0000000085100000| Untracked 
|  82|0x0000000085200000, 0x0000000085200000, 0x0000000085300000|  0%| F|  |TAMS 0x0000000085200000| PB 0x0000000085200000| Untracked 
|  83|0x0000000085300000, 0x0000000085300000, 0x0000000085400000|  0%| F|  |TAMS 0x0000000085300000| PB 0x0000000085300000| Untracked 
|  84|0x0000000085400000, 0x0000000085400000, 0x0000000085500000|  0%| F|  |TAMS 0x0000000085400000| PB 0x0000000085400000| Untracked 
|  85|0x0000000085500000, 0x0000000085500000, 0x0000000085600000|  0%| F|  |TAMS 0x0000000085500000| PB 0x0000000085500000| Untracked 
|  86|0x0000000085600000, 0x0000000085600000, 0x0000000085700000|  0%| F|  |TAMS 0x0000000085600000| PB 0x0000000085600000| Untracked 
|  87|0x0000000085700000, 0x0000000085700000, 0x0000000085800000|  0%| F|  |TAMS 0x0000000085700000| PB 0x0000000085700000| Untracked 
|  88|0x0000000085800000, 0x0000000085800000, 0x0000000085900000|  0%| F|  |TAMS 0x0000000085800000| PB 0x0000000085800000| Untracked 
|  89|0x0000000085900000, 0x0000000085900000, 0x0000000085a00000|  0%| F|  |TAMS 0x0000000085900000| PB 0x0000000085900000| Untracked 
|  90|0x0000000085a00000, 0x0000000085a00000, 0x0000000085b00000|  0%| F|  |TAMS 0x0000000085a00000| PB 0x0000000085a00000| Untracked 
|  91|0x0000000085b00000, 0x0000000085b00000, 0x0000000085c00000|  0%| F|  |TAMS 0x0000000085b00000| PB 0x0000000085b00000| Untracked 
|  92|0x0000000085c00000, 0x0000000085c00000, 0x0000000085d00000|  0%| F|  |TAMS 0x0000000085c00000| PB 0x0000000085c00000| Untracked 
|  93|0x0000000085d00000, 0x0000000085d00000, 0x0000000085e00000|  0%| F|  |TAMS 0x0000000085d00000| PB 0x0000000085d00000| Untracked 
|  94|0x0000000085e00000, 0x0000000085e00000, 0x0000000085f00000|  0%| F|  |TAMS 0x0000000085e00000| PB 0x0000000085e00000| Untracked 
|  95|0x0000000085f00000, 0x0000000085f80000, 0x0000000086000000| 50%| E|  |TAMS 0x0000000085f00000| PB 0x0000000085f00000| Complete 
|  96|0x0000000086000000, 0x0000000086100000, 0x0000000086100000|100%| E|CS|TAMS 0x0000000086000000| PB 0x0000000086000000| Complete 
|  97|0x0000000086100000, 0x0000000086200000, 0x0000000086200000|100%| E|CS|TAMS 0x0000000086100000| PB 0x0000000086100000| Complete 
|  98|0x0000000086200000, 0x0000000086300000, 0x0000000086300000|100%| E|CS|TAMS 0x0000000086200000| PB 0x0000000086200000| Complete 
|  99|0x0000000086300000, 0x0000000086400000, 0x0000000086400000|100%| E|CS|TAMS 0x0000000086300000| PB 0x0000000086300000| Complete 
| 100|0x0000000086400000, 0x0000000086500000, 0x0000000086500000|100%| E|CS|TAMS 0x0000000086400000| PB 0x0000000086400000| Complete 
| 101|0x0000000086500000, 0x0000000086600000, 0x0000000086600000|100%| E|CS|TAMS 0x0000000086500000| PB 0x0000000086500000| Complete 
| 102|0x0000000086600000, 0x0000000086700000, 0x0000000086700000|100%| E|CS|TAMS 0x0000000086600000| PB 0x0000000086600000| Complete 
| 103|0x0000000086700000, 0x0000000086800000, 0x0000000086800000|100%| E|CS|TAMS 0x0000000086700000| PB 0x0000000086700000| Complete 
| 104|0x0000000086800000, 0x0000000086900000, 0x0000000086900000|100%| E|CS|TAMS 0x0000000086800000| PB 0x0000000086800000| Complete 
| 105|0x0000000086900000, 0x0000000086a00000, 0x0000000086a00000|100%| E|CS|TAMS 0x0000000086900000| PB 0x0000000086900000| Complete 
| 123|0x0000000087b00000, 0x0000000087c00000, 0x0000000087c00000|100%| E|CS|TAMS 0x0000000087b00000| PB 0x0000000087b00000| Complete 
|2039|0x00000000ff700000, 0x00000000ff800000, 0x00000000ff800000|100%| O|  |TAMS 0x00000000ff700000| PB 0x00000000ff700000| Untracked 
|2040|0x00000000ff800000, 0x00000000ff900000, 0x00000000ff900000|100%| O|  |TAMS 0x00000000ff800000| PB 0x00000000ff800000| Untracked 
|2041|0x00000000ff900000, 0x00000000ffa00000, 0x00000000ffa00000|100%| O|  |TAMS 0x00000000ff900000| PB 0x00000000ff900000| Untracked 
|2042|0x00000000ffa00000, 0x00000000ffb00000, 0x00000000ffb00000|100%| O|  |TAMS 0x00000000ffa00000| PB 0x00000000ffa00000| Untracked 
|2043|0x00000000ffb00000, 0x00000000ffc00000, 0x00000000ffc00000|100%| O|  |TAMS 0x00000000ffb00000| PB 0x00000000ffb00000| Untracked 
|2044|0x00000000ffc00000, 0x00000000ffd00000, 0x00000000ffd00000|100%| O|  |TAMS 0x00000000ffc00000| PB 0x00000000ffc00000| Untracked 
|2045|0x00000000ffd00000, 0x00000000ffe00000, 0x00000000ffe00000|100%| O|  |TAMS 0x00000000ffd00000| PB 0x00000000ffd00000| Untracked 
|2046|0x00000000ffe00000, 0x00000000fff00000, 0x00000000fff00000|100%| O|  |TAMS 0x00000000ffe00000| PB 0x00000000ffe00000| Untracked 
|2047|0x00000000fff00000, 0x0000000100000000, 0x0000000100000000|100%| O|  |TAMS 0x00000000fff00000| PB 0x00000000fff00000| Untracked 

Card table byte_map: [0x00000284e9d80000,0x00000284ea180000] _byte_map_base: 0x00000284e9980000

Marking Bits: (CMBitMap*) 0x00000284d73374b0
 Bits: [0x00000284ea180000, 0x00000284ec180000)

Polling page: 0x00000284d5260000

Metaspace:

Usage:
  Non-class:     64.17 MB used.
      Class:     10.07 MB used.
       Both:     74.25 MB used.

Virtual space:
  Non-class space:      128.00 MB reserved,      65.12 MB ( 51%) committed,  2 nodes.
      Class space:        1.00 GB reserved,      11.00 MB (  1%) committed,  1 nodes.
             Both:        1.12 GB reserved,      76.12 MB (  7%) committed. 

Chunk freelists:
   Non-Class:  14.86 MB
       Class:  4.97 MB
        Both:  19.83 MB

MaxMetaspaceSize: unlimited
CompressedClassSpaceSize: 1.00 GB
Initial GC threshold: 21.00 MB
Current GC threshold: 111.81 MB
CDS: off
 - commit_granule_bytes: 65536.
 - commit_granule_words: 8192.
 - virtual_space_node_default_size: 8388608.
 - enlarge_chunks_in_place: 1.
 - use_allocation_guard: 0.


Internal statistics:

num_allocs_failed_limit: 12.
num_arena_births: 3446.
num_arena_deaths: 0.
num_vsnodes_births: 3.
num_vsnodes_deaths: 0.
num_space_committed: 1218.
num_space_uncommitted: 0.
num_chunks_returned_to_freelist: 12.
num_chunks_taken_from_freelist: 6645.
num_chunk_merges: 12.
num_chunk_splits: 4313.
num_chunks_enlarged: 2659.
num_inconsistent_stats: 0.

CodeHeap 'non-profiled nmethods': size=120000Kb used=4380Kb max_used=4380Kb free=115619Kb
 bounds [0x00000284e1f00000, 0x00000284e2350000, 0x00000284e9430000]
CodeHeap 'profiled nmethods': size=120000Kb used=14136Kb max_used=14136Kb free=105863Kb
 bounds [0x00000284da430000, 0x00000284db200000, 0x00000284e1960000]
CodeHeap 'non-nmethods': size=5760Kb used=2013Kb max_used=2079Kb free=3746Kb
 bounds [0x00000284e1960000, 0x00000284e1bd0000, 0x00000284e1f00000]
 total_blobs=8472 nmethods=7693 adapters=682
 compilation: enabled
              stopped_count=0, restarted_count=0
 full_count=0

Compilation events (20 events):
Event: 10.365 Thread 0x00000284f308a230 8567       4       sun.reflect.generics.parser.SignatureParser::parsePackageNameAndSimpleClassTypeSignature (119 bytes)
Event: 10.365 Thread 0x00000284f3095260 nmethod 8558 0x00000284db1eab90 code [0x00000284db1eaec0, 0x00000284db1ec400]
Event: 10.366 Thread 0x00000284f3095260 8560       3       org.gradle.internal.instantiation.generator.AsmBackedClassGenerator$ClassBuilderImpl$$Lambda/0x00000001002d4e20::emit (37 bytes)
Event: 10.366 Thread 0x00000284f3095260 nmethod 8560 0x00000284db1ecb90 code [0x00000284db1ecd40, 0x00000284db1ecec0]
Event: 10.366 Thread 0x00000284f3095260 8561       3       org.gradle.internal.instantiation.generator.AsmBackedClassGenerator$ClassBuilderImpl::lambda$applyConventionMappingToGetter$36 (23 bytes)
Event: 10.366 Thread 0x00000284f3095260 nmethod 8561 0x00000284db1ecf90 code [0x00000284db1ed140, 0x00000284db1ed340]
Event: 10.366 Thread 0x00000284f3095260 8562       3       org.gradle.internal.instantiation.generator.AsmBackedClassGenerator$ClassBuilderImpl$37::<init> (403 bytes)
Event: 10.369 Thread 0x00000284f3095260 nmethod 8562 0x00000284db1ed490 code [0x00000284db1edbe0, 0x00000284db1f2518]
Event: 10.370 Thread 0x00000284f7384710 8568       4       jdk.internal.org.objectweb.asm.Handler::putExceptionTable (63 bytes)
Event: 10.370 Thread 0x00000284f3095260 8563       3       org.gradle.internal.instantiation.generator.AsmBackedClassGenerator$ClassBuilderImpl::access$3700 (4 bytes)
Event: 10.370 Thread 0x00000284f3095260 nmethod 8563 0x00000284db1f3c90 code [0x00000284db1f3e20, 0x00000284db1f3f18]
Event: 10.370 Thread 0x00000284f3095260 8564       3       org.gradle.internal.instantiation.generator.AsmBackedClassGenerator$ClassBuilderImpl::access$3900 (4 bytes)
Event: 10.370 Thread 0x00000284f3095260 nmethod 8564 0x00000284db1f3f90 code [0x00000284db1f4120, 0x00000284db1f4218]
Event: 10.370 Thread 0x00000284f3095260 8565       3       org.gradle.internal.instantiation.generator.AsmBackedClassGenerator$ClassBuilderImpl::access$4100 (4 bytes)
Event: 10.370 Thread 0x00000284f3095260 nmethod 8565 0x00000284db1f4290 code [0x00000284db1f4420, 0x00000284db1f4518]
Event: 10.370 Thread 0x00000284f3095260 8559       3       com.google.common.collect.LinkedHashMultimap$ValueSet::mask (8 bytes)
Event: 10.370 Thread 0x00000284f3095260 nmethod 8559 0x00000284db1f4590 code [0x00000284db1f4720, 0x00000284db1f4838]
Event: 10.370 Thread 0x00000284f3095260 8566       3       org.gradle.internal.instantiation.generator.AsmBackedClassGenerator$ClassBuilderImpl$$Lambda/0x00000001002d4e20::<init> (50 bytes)
Event: 10.370 Thread 0x00000284f3095260 nmethod 8566 0x00000284db1f4910 code [0x00000284db1f4ac0, 0x00000284db1f4e70]
Event: 10.374 Thread 0x00000284f7384710 nmethod 8568 0x00000284e2099690 code [0x00000284e2099880, 0x00000284e2099ba0]

GC Heap History (20 events):
Event: 4.445 GC heap before
{Heap before GC invocations=9 (full 0):
 garbage-first heap   total 92160K, used 81702K [0x0000000080000000, 0x0000000100000000)
  region size 1024K, 59 young (60416K), 4 survivors (4096K)
 Metaspace       used 45543K, committed 46720K, reserved 1114112K
  class space    used 6072K, committed 6656K, reserved 1048576K
}
Event: 4.460 GC heap after
{Heap after GC invocations=10 (full 0):
 garbage-first heap   total 92160K, used 31273K [0x0000000080000000, 0x0000000100000000)
  region size 1024K, 8 young (8192K), 8 survivors (8192K)
 Metaspace       used 45543K, committed 46720K, reserved 1114112K
  class space    used 6072K, committed 6656K, reserved 1048576K
}
Event: 4.623 GC heap before
{Heap before GC invocations=10 (full 0):
 garbage-first heap   total 92160K, used 78377K [0x0000000080000000, 0x0000000100000000)
  region size 1024K, 54 young (55296K), 8 survivors (8192K)
 Metaspace       used 46640K, committed 47872K, reserved 1114112K
  class space    used 6237K, committed 6848K, reserved 1048576K
}
Event: 4.628 GC heap after
{Heap after GC invocations=11 (full 0):
 garbage-first heap   total 92160K, used 32798K [0x0000000080000000, 0x0000000100000000)
  region size 1024K, 3 young (3072K), 3 survivors (3072K)
 Metaspace       used 46640K, committed 47872K, reserved 1114112K
  class space    used 6237K, committed 6848K, reserved 1048576K
}
Event: 5.292 GC heap before
{Heap before GC invocations=11 (full 0):
 garbage-first heap   total 92160K, used 80926K [0x0000000080000000, 0x0000000100000000)
  region size 1024K, 49 young (50176K), 3 survivors (3072K)
 Metaspace       used 53357K, committed 54912K, reserved 1114112K
  class space    used 7185K, committed 7936K, reserved 1048576K
}
Event: 5.311 GC heap after
{Heap after GC invocations=12 (full 0):
 garbage-first heap   total 92160K, used 35786K [0x0000000080000000, 0x0000000100000000)
  region size 1024K, 6 young (6144K), 6 survivors (6144K)
 Metaspace       used 53357K, committed 54912K, reserved 1114112K
  class space    used 7185K, committed 7936K, reserved 1048576K
}
Event: 5.780 GC heap before
{Heap before GC invocations=12 (full 0):
 garbage-first heap   total 92160K, used 76746K [0x0000000080000000, 0x0000000100000000)
  region size 1024K, 47 young (48128K), 6 survivors (6144K)
 Metaspace       used 59402K, committed 60928K, reserved 1114112K
  class space    used 8056K, committed 8832K, reserved 1048576K
}
Event: 5.785 GC heap after
{Heap after GC invocations=13 (full 0):
 garbage-first heap   total 110592K, used 37752K [0x0000000080000000, 0x0000000100000000)
  region size 1024K, 6 young (6144K), 6 survivors (6144K)
 Metaspace       used 59402K, committed 60928K, reserved 1114112K
  class space    used 8056K, committed 8832K, reserved 1048576K
}
Event: 6.876 GC heap before
{Heap before GC invocations=14 (full 0):
 garbage-first heap   total 110592K, used 96120K [0x0000000080000000, 0x0000000100000000)
  region size 1024K, 64 young (65536K), 6 survivors (6144K)
 Metaspace       used 65425K, committed 67136K, reserved 1114112K
  class space    used 8956K, committed 9792K, reserved 1048576K
}
Event: 6.884 GC heap after
{Heap after GC invocations=15 (full 0):
 garbage-first heap   total 110592K, used 43746K [0x0000000080000000, 0x0000000100000000)
  region size 1024K, 8 young (8192K), 8 survivors (8192K)
 Metaspace       used 65425K, committed 67136K, reserved 1114112K
  class space    used 8956K, committed 9792K, reserved 1048576K
}
Event: 7.827 GC heap before
{Heap before GC invocations=15 (full 0):
 garbage-first heap   total 110592K, used 94946K [0x0000000080000000, 0x0000000100000000)
  region size 1024K, 59 young (60416K), 8 survivors (8192K)
 Metaspace       used 66414K, committed 68096K, reserved 1114112K
  class space    used 9061K, committed 9920K, reserved 1048576K
}
Event: 7.834 GC heap after
{Heap after GC invocations=16 (full 0):
 garbage-first heap   total 110592K, used 46333K [0x0000000080000000, 0x0000000100000000)
  region size 1024K, 5 young (5120K), 5 survivors (5120K)
 Metaspace       used 66414K, committed 68096K, reserved 1114112K
  class space    used 9061K, committed 9920K, reserved 1048576K
}
Event: 8.122 GC heap before
{Heap before GC invocations=16 (full 0):
 garbage-first heap   total 110592K, used 95485K [0x0000000080000000, 0x0000000100000000)
  region size 1024K, 54 young (55296K), 5 survivors (5120K)
 Metaspace       used 66629K, committed 68352K, reserved 1114112K
  class space    used 9061K, committed 9920K, reserved 1048576K
}
Event: 8.127 GC heap after
{Heap after GC invocations=17 (full 0):
 garbage-first heap   total 110592K, used 47224K [0x0000000080000000, 0x0000000100000000)
  region size 1024K, 5 young (5120K), 5 survivors (5120K)
 Metaspace       used 66629K, committed 68352K, reserved 1114112K
  class space    used 9061K, committed 9920K, reserved 1048576K
}
Event: 8.489 GC heap before
{Heap before GC invocations=17 (full 0):
 garbage-first heap   total 110592K, used 96376K [0x0000000080000000, 0x0000000100000000)
  region size 1024K, 54 young (55296K), 5 survivors (5120K)
 Metaspace       used 66891K, committed 68544K, reserved 1114112K
  class space    used 9099K, committed 9920K, reserved 1048576K
}
Event: 8.496 GC heap after
{Heap after GC invocations=18 (full 0):
 garbage-first heap   total 110592K, used 48611K [0x0000000080000000, 0x0000000100000000)
  region size 1024K, 5 young (5120K), 5 survivors (5120K)
 Metaspace       used 66891K, committed 68544K, reserved 1114112K
  class space    used 9099K, committed 9920K, reserved 1048576K
}
Event: 9.526 GC heap before
{Heap before GC invocations=19 (full 0):
 garbage-first heap   total 110592K, used 104931K [0x0000000080000000, 0x0000000100000000)
  region size 1024K, 54 young (55296K), 5 survivors (5120K)
 Metaspace       used 70486K, committed 72192K, reserved 1114112K
  class space    used 9577K, committed 10432K, reserved 1048576K
}
Event: 9.532 GC heap after
{Heap after GC invocations=20 (full 0):
 garbage-first heap   total 118784K, used 61641K [0x0000000080000000, 0x0000000100000000)
  region size 1024K, 7 young (7168K), 7 survivors (7168K)
 Metaspace       used 70486K, committed 72192K, reserved 1114112K
  class space    used 9577K, committed 10432K, reserved 1048576K
}
Event: 10.247 GC heap before
{Heap before GC invocations=20 (full 0):
 garbage-first heap   total 118784K, used 103625K [0x0000000080000000, 0x0000000100000000)
  region size 1024K, 48 young (49152K), 7 survivors (7168K)
 Metaspace       used 75050K, committed 76864K, reserved 1179648K
  class space    used 10158K, committed 11072K, reserved 1048576K
}
Event: 10.259 GC heap after
{Heap after GC invocations=21 (full 0):
 garbage-first heap   total 118784K, used 61981K [0x0000000080000000, 0x0000000100000000)
  region size 1024K, 2 young (2048K), 2 survivors (2048K)
 Metaspace       used 75050K, committed 76864K, reserved 1179648K
  class space    used 10158K, committed 11072K, reserved 1048576K
}

Dll operation events (3 events):
Event: 0.007 Loaded shared library E:\android studio\jbr\bin\java.dll
Event: 0.010 Loaded shared library E:\android studio\jbr\bin\zip.dll
Event: 0.519 Loaded shared library E:\android studio\jbr\bin\verify.dll

Deoptimization events (20 events):
Event: 10.259 Thread 0x00000284f4fa8760 Uncommon trap: trap_request=0xffffffc6 fr.pc=0x00000284e2119a20 relative=0x00000000000008e0
Event: 10.259 Thread 0x00000284f4fa8760 Uncommon trap: reason=bimorphic_or_optimized_type_check action=maybe_recompile pc=0x00000284e2119a20 method=java.util.regex.Pattern$Start.match(Ljava/util/regex/Matcher;ILjava/lang/CharSequence;)Z @ 44 c2
Event: 10.259 Thread 0x00000284f4fa8760 DEOPT PACKING pc=0x00000284e2119a20 sp=0x0000008645cf4440
Event: 10.260 Thread 0x00000284f4fa8760 DEOPT UNPACKING pc=0x00000284e19b46a2 sp=0x0000008645cf4318 mode 2
Event: 10.260 Thread 0x00000284f4fa8760 Uncommon trap: trap_request=0xffffffc6 fr.pc=0x00000284e2119a20 relative=0x00000000000008e0
Event: 10.260 Thread 0x00000284f4fa8760 Uncommon trap: reason=bimorphic_or_optimized_type_check action=maybe_recompile pc=0x00000284e2119a20 method=java.util.regex.Pattern$Start.match(Ljava/util/regex/Matcher;ILjava/lang/CharSequence;)Z @ 44 c2
Event: 10.260 Thread 0x00000284f4fa8760 DEOPT PACKING pc=0x00000284e2119a20 sp=0x0000008645cf4440
Event: 10.260 Thread 0x00000284f4fa8760 DEOPT UNPACKING pc=0x00000284e19b46a2 sp=0x0000008645cf4318 mode 2
Event: 10.260 Thread 0x00000284f4fa8760 Uncommon trap: trap_request=0xffffffc6 fr.pc=0x00000284e2119a20 relative=0x00000000000008e0
Event: 10.260 Thread 0x00000284f4fa8760 Uncommon trap: reason=bimorphic_or_optimized_type_check action=maybe_recompile pc=0x00000284e2119a20 method=java.util.regex.Pattern$Start.match(Ljava/util/regex/Matcher;ILjava/lang/CharSequence;)Z @ 44 c2
Event: 10.260 Thread 0x00000284f4fa8760 DEOPT PACKING pc=0x00000284e2119a20 sp=0x0000008645cf4440
Event: 10.260 Thread 0x00000284f4fa8760 DEOPT UNPACKING pc=0x00000284e19b46a2 sp=0x0000008645cf4318 mode 2
Event: 10.260 Thread 0x00000284f4fa8760 Uncommon trap: trap_request=0xffffffc6 fr.pc=0x00000284e2110f78 relative=0x00000000000008b8
Event: 10.260 Thread 0x00000284f4fa8760 Uncommon trap: reason=bimorphic_or_optimized_type_check action=maybe_recompile pc=0x00000284e2110f78 method=java.util.regex.Pattern$Start.match(Ljava/util/regex/Matcher;ILjava/lang/CharSequence;)Z @ 44 c2
Event: 10.260 Thread 0x00000284f4fa8760 DEOPT PACKING pc=0x00000284e2110f78 sp=0x0000008645cf43d0
Event: 10.260 Thread 0x00000284f4fa8760 DEOPT UNPACKING pc=0x00000284e19b46a2 sp=0x0000008645cf4320 mode 2
Event: 10.260 Thread 0x00000284f4fa8760 Uncommon trap: trap_request=0xffffffc6 fr.pc=0x00000284e210c734 relative=0x0000000000000714
Event: 10.260 Thread 0x00000284f4fa8760 Uncommon trap: reason=bimorphic_or_optimized_type_check action=maybe_recompile pc=0x00000284e210c734 method=java.util.regex.Pattern$Start.match(Ljava/util/regex/Matcher;ILjava/lang/CharSequence;)Z @ 44 c2
Event: 10.260 Thread 0x00000284f4fa8760 DEOPT PACKING pc=0x00000284e210c734 sp=0x0000008645cf4350
Event: 10.260 Thread 0x00000284f4fa8760 DEOPT UNPACKING pc=0x00000284e19b46a2 sp=0x0000008645cf4320 mode 2

Classes loaded (20 events):
Event: 10.201 Loading class javax/xml/parsers/FactoryFinder
Event: 10.201 Loading class javax/xml/parsers/FactoryFinder done
Event: 10.202 Loading class javax/xml/parsers/FactoryFinder$1
Event: 10.202 Loading class javax/xml/parsers/FactoryFinder$1 done
Event: 10.202 Loading class com/sun/org/apache/xerces/internal/jaxp/DocumentBuilderFactoryImpl
Event: 10.203 Loading class com/sun/org/apache/xerces/internal/jaxp/DocumentBuilderFactoryImpl done
Event: 10.203 Loading class com/sun/org/apache/xerces/internal/utils/XMLSecurityManager
Event: 10.204 Loading class com/sun/org/apache/xerces/internal/utils/XMLSecurityManager done
Event: 10.204 Loading class com/sun/org/apache/xerces/internal/utils/XMLSecurityManager$Limit
Event: 10.204 Loading class com/sun/org/apache/xerces/internal/utils/XMLSecurityManager$Limit done
Event: 10.204 Loading class com/sun/org/apache/xerces/internal/utils/XMLSecurityManager$NameMap
Event: 10.204 Loading class com/sun/org/apache/xerces/internal/utils/XMLSecurityManager$NameMap done
Event: 10.205 Loading class com/sun/org/apache/xerces/internal/utils/XMLSecurityPropertyManager
Event: 10.205 Loading class com/sun/org/apache/xerces/internal/utils/XMLSecurityPropertyManager done
Event: 10.205 Loading class com/sun/org/apache/xerces/internal/utils/XMLSecurityPropertyManager$State
Event: 10.205 Loading class com/sun/org/apache/xerces/internal/utils/XMLSecurityPropertyManager$State done
Event: 10.205 Loading class com/sun/org/apache/xerces/internal/utils/XMLSecurityPropertyManager$Property
Event: 10.205 Loading class com/sun/org/apache/xerces/internal/utils/XMLSecurityPropertyManager$Property done
Event: 10.246 Loading class java/util/regex/Pattern$SliceI
Event: 10.246 Loading class java/util/regex/Pattern$SliceI done

Classes unloaded (0 events):
No events

Classes redefined (0 events):
No events

Internal exceptions (20 events):
Event: 8.400 Thread 0x00000284f4fe15e0 Exception <a 'java/lang/NoSuchMethodError'{0x0000000083a07350}: static Lorg/gradle/internal/build/event/types/AbstractProjectConfigurationResult;.<clinit>()V> (0x0000000083a07350) 
thrown [s\src\hotspot\share\prims\jni.cpp, line 1135]
Event: 8.400 Thread 0x00000284f4fe15e0 Exception <a 'java/lang/NoSuchMethodError'{0x0000000083a08918}: static Lorg/gradle/internal/build/event/types/AbstractOperationResult;.<clinit>()V> (0x0000000083a08918) 
thrown [s\src\hotspot\share\prims\jni.cpp, line 1135]
Event: 8.400 Thread 0x00000284f4fe15e0 Exception <a 'java/lang/NoSuchMethodError'{0x0000000083a098b0}: static Lorg/gradle/internal/build/event/types/AbstractResult;.<clinit>()V> (0x0000000083a098b0) 
thrown [s\src\hotspot\share\prims\jni.cpp, line 1135]
Event: 8.403 Thread 0x00000284f4fe15e0 Exception <a 'java/lang/NoSuchMethodError'{0x0000000083a200c0}: static Lorg/gradle/internal/build/event/types/DefaultPluginApplicationResult;.<clinit>()V> (0x0000000083a200c0) 
thrown [s\src\hotspot\share\prims\jni.cpp, line 1135]
Event: 8.405 Thread 0x00000284f4fe15e0 Exception <a 'java/lang/NoSuchMethodError'{0x0000000083a2b380}: static Lorg/gradle/internal/build/event/types/DefaultBinaryPluginIdentifier;.<clinit>()V> (0x0000000083a2b380) 
thrown [s\src\hotspot\share\prims\jni.cpp, line 1135]
Event: 8.409 Thread 0x00000284f4fe15e0 Exception <a 'java/lang/NoSuchMethodError'{0x0000000083aabde8}: static Lorg/gradle/internal/build/event/types/DefaultScriptPluginIdentifier;.<clinit>()V> (0x0000000083aabde8) 
thrown [s\src\hotspot\share\prims\jni.cpp, line 1135]
Event: 8.472 Thread 0x00000284f4fa8760 Implicit null exception at 0x00000284e223a6dd to 0x00000284e223ab84
Event: 8.588 Thread 0x00000284f4fa8760 Exception <a 'java/lang/NoSuchMethodError'{0x0000000086431318}: 'void java.lang.invoke.Invokers$Holder.invoke_MT(java.lang.Object, java.lang.Object, java.lang.Object, java.lang.Object)'> (0x0000000086431318) 
thrown [s\src\hotspot\share\interpreter\linkResolver.cpp, line 784]
Event: 8.598 Thread 0x00000284f4fa8760 Exception <a 'java/lang/NoSuchMethodError'{0x000000008649cfc0}: 'java.lang.Object java.lang.invoke.DirectMethodHandle$Holder.invokeStaticInit(java.lang.Object, java.lang.Object, java.lang.Object, java.lang.Object, java.lang.Object, java.lang.Object, java.lang.Object)'> (0x000000008649cfc0) 
thrown [s\src\hotspot\share\interpreter\linkResolver.cpp, line 784]
Event: 8.603 Thread 0x00000284f4fa8760 Exception <a 'java/lang/NoSuchMethodError'{0x00000000864c2890}: 'java.lang.Object java.lang.invoke.DirectMethodHandle$Holder.invokeSpecial(java.lang.Object, java.lang.Object, java.lang.Object, int, java.lang.Object, java.lang.Object)'> (0x00000000864c2890) 
thrown [s\src\hotspot\share\interpreter\linkResolver.cpp, line 784]
Event: 8.842 Thread 0x00000284f4fa8760 Exception <a 'java/lang/ClassNotFoundException'{0x0000000085b7f788}: sun/misc/SharedSecrets> (0x0000000085b7f788) 
thrown [s\src\hotspot\share\classfile\systemDictionary.cpp, line 312]
Event: 8.842 Thread 0x00000284f4fa8760 Exception <a 'java/lang/ClassNotFoundException'{0x0000000085b80da0}: org/gradle/api/internal/plugins/DefaultObjectConfigurationActionBeanInfo> (0x0000000085b80da0) 
thrown [s\src\hotspot\share\classfile\systemDictionary.cpp, line 312]
Event: 8.844 Thread 0x00000284f4fa8760 Exception <a 'java/lang/ClassNotFoundException'{0x0000000085b94b90}: org/gradle/api/internal/plugins/DefaultObjectConfigurationActionCustomizer> (0x0000000085b94b90) 
thrown [s\src\hotspot\share\classfile\systemDictionary.cpp, line 312]
Event: 8.848 Thread 0x00000284f4fa8760 Implicit null exception at 0x00000284e2043272 to 0x00000284e20434f0
Event: 8.849 Thread 0x00000284f4fa8760 Exception <a 'java/lang/NoSuchMethodError'{0x0000000085ba20d8}: 'int java.lang.invoke.DirectMethodHandle$Holder.invokeSpecial(java.lang.Object, java.lang.Object, java.lang.Object, int)'> (0x0000000085ba20d8) 
thrown [s\src\hotspot\share\interpreter\linkResolver.cpp, line 784]
Event: 8.851 Thread 0x00000284f4fa8760 Exception <a 'java/lang/NoSuchMethodError'{0x0000000085bb34a0}: 'java.lang.Object java.lang.invoke.DirectMethodHandle$Holder.invokeStatic(java.lang.Object, java.lang.Object, java.lang.Object, java.lang.Object, int)'> (0x0000000085bb34a0) 
thrown [s\src\hotspot\share\interpreter\linkResolver.cpp, line 784]
Event: 10.208 Thread 0x00000284f4fa8760 Exception <a 'java/lang/NoSuchMethodError'{0x000000008400ab78}: 'java.lang.Object java.lang.invoke.DirectMethodHandle$Holder.newInvokeSpecial(java.lang.Object, java.lang.Object, java.lang.Object, java.lang.Object, java.lang.Object, java.lang.Object, java.lang.Object, java.lang.Object, java.lang.Object, java.lang.Object, java.lang.Object, java.lang.Object, java.lang.Object, java.lang.Object, java.lang.Object, java.lang.Object)'> (0x000000008400ab78) 
thrown [s\src\hotspot\share\interpreter\linkResolver.cpp,
Event: 10.208 Thread 0x00000284f4fa8760 Exception <a 'java/lang/NoSuchMethodError'{0x00000000840117e0}: 'java.lang.Object java.lang.invoke.DirectMethodHandle$Holder.invokeSpecial(java.lang.Object, java.lang.Object, java.lang.Object, java.lang.Object, java.lang.Object, java.lang.Object, java.lang.Object, java.lang.Object, java.lang.Object, java.lang.Object, java.lang.Object, java.lang.Object, java.lang.Object, java.lang.Object, java.lang.Object, java.lang.Object, java.lang.Object)'> (0x00000000840117e0) 
thrown [s\src\hotspot\share\interpreter\li
Event: 10.208 Thread 0x00000284f4fa8760 Exception <a 'java/lang/NoSuchMethodError'{0x00000000840173c0}: 'java.lang.Object java.lang.invoke.DelegatingMethodHandle$Holder.reinvoke_L(java.lang.Object, java.lang.Object, java.lang.Object, java.lang.Object, java.lang.Object, java.lang.Object, java.lang.Object, java.lang.Object, java.lang.Object, java.lang.Object, java.lang.Object, java.lang.Object, java.lang.Object, java.lang.Object, java.lang.Object, java.lang.Object)'> (0x00000000840173c0) 
thrown [s\src\hotspot\share\interpreter\linkResolver.cpp, l
Event: 10.296 Thread 0x00000284f4fa8760 Exception <a 'java/lang/NoSuchMethodError'{0x00000000868b9a40}: 'void java.lang.invoke.DirectMethodHandle$Holder.invokeVirtual(java.lang.Object, java.lang.Object)'> (0x00000000868b9a40) 
thrown [s\src\hotspot\share\interpreter\linkResolver.cpp, line 784]

ZGC Phase Switch (0 events):
No events

VM Operations (20 events):
Event: 7.827 Executing VM operation: G1CollectForAllocation (G1 Evacuation Pause)
Event: 7.834 Executing VM operation: G1CollectForAllocation (G1 Evacuation Pause) done
Event: 8.122 Executing VM operation: G1CollectForAllocation (G1 Evacuation Pause)
Event: 8.127 Executing VM operation: G1CollectForAllocation (G1 Evacuation Pause) done
Event: 8.414 Executing VM operation: ICBufferFull
Event: 8.414 Executing VM operation: ICBufferFull done
Event: 8.489 Executing VM operation: G1TryInitiateConcMark (G1 Humongous Allocation)
Event: 8.496 Executing VM operation: G1TryInitiateConcMark (G1 Humongous Allocation) done
Event: 8.517 Executing VM operation: G1PauseRemark
Event: 8.521 Executing VM operation: G1PauseRemark done
Event: 8.533 Executing VM operation: G1PauseCleanup
Event: 8.533 Executing VM operation: G1PauseCleanup done
Event: 8.688 Executing VM operation: HandshakeAllThreads (Deoptimize)
Event: 8.688 Executing VM operation: HandshakeAllThreads (Deoptimize) done
Event: 9.525 Executing VM operation: G1CollectForAllocation (G1 Evacuation Pause)
Event: 9.533 Executing VM operation: G1CollectForAllocation (G1 Evacuation Pause) done
Event: 10.215 Executing VM operation: HandshakeAllThreads (Deoptimize)
Event: 10.215 Executing VM operation: HandshakeAllThreads (Deoptimize) done
Event: 10.246 Executing VM operation: G1CollectForAllocation (G1 Evacuation Pause)
Event: 10.259 Executing VM operation: G1CollectForAllocation (G1 Evacuation Pause) done

Memory protections (0 events):
No events

Nmethod flushes (20 events):
Event: 8.520 Thread 0x00000284f3018050 flushing  nmethod 0x00000284da724c90
Event: 8.520 Thread 0x00000284f3018050 flushing  nmethod 0x00000284da725310
Event: 8.520 Thread 0x00000284f3018050 flushing  nmethod 0x00000284da76fd10
Event: 8.520 Thread 0x00000284f3018050 flushing  nmethod 0x00000284da7c2790
Event: 8.520 Thread 0x00000284f3018050 flushing  nmethod 0x00000284da7c4410
Event: 8.520 Thread 0x00000284f3018050 flushing  nmethod 0x00000284da7c5510
Event: 8.520 Thread 0x00000284f3018050 flushing  nmethod 0x00000284da7c7290
Event: 8.520 Thread 0x00000284f3018050 flushing  nmethod 0x00000284da7cc390
Event: 8.520 Thread 0x00000284f3018050 flushing  nmethod 0x00000284da826010
Event: 8.520 Thread 0x00000284f3018050 flushing  nmethod 0x00000284da8c3510
Event: 8.520 Thread 0x00000284f3018050 flushing  nmethod 0x00000284da8c9110
Event: 8.520 Thread 0x00000284f3018050 flushing  nmethod 0x00000284da954090
Event: 8.520 Thread 0x00000284f3018050 flushing  nmethod 0x00000284daa1a310
Event: 8.520 Thread 0x00000284f3018050 flushing  nmethod 0x00000284daa87b10
Event: 8.520 Thread 0x00000284f3018050 flushing  nmethod 0x00000284daa93990
Event: 8.520 Thread 0x00000284f3018050 flushing  nmethod 0x00000284dab02390
Event: 8.520 Thread 0x00000284f3018050 flushing  nmethod 0x00000284dab68410
Event: 8.520 Thread 0x00000284f3018050 flushing  nmethod 0x00000284dab69790
Event: 8.520 Thread 0x00000284f3018050 flushing  nmethod 0x00000284daba5f90
Event: 8.520 Thread 0x00000284f3018050 flushing  nmethod 0x00000284daba6b10

Events (20 events):
Event: 6.944 Thread 0x00000284f4fa8760 Thread added: 0x00000284f36ae400
Event: 6.949 Thread 0x00000284f4fa8760 Thread added: 0x00000284f78c5400
Event: 6.953 Thread 0x00000284f4fa8760 Thread added: 0x00000284f76b2080
Event: 6.956 Thread 0x00000284f4fa8760 Thread added: 0x00000284f76b8980
Event: 6.959 Thread 0x00000284f4fa8760 Thread added: 0x00000284f76b5500
Event: 7.705 Thread 0x00000284f4fa8760 Thread added: 0x00000284f76b47e0
Event: 7.707 Thread 0x00000284f4fa8760 Thread added: 0x00000284f76b9010
Event: 7.707 Thread 0x00000284f4fa8760 Thread added: 0x00000284f76b6220
Event: 7.708 Thread 0x00000284f4fa8760 Thread added: 0x00000284f76b5b90
Event: 7.709 Thread 0x00000284f4fa8760 Thread added: 0x00000284f76b96a0
Event: 7.710 Thread 0x00000284f4fa8760 Thread added: 0x00000284f76b4e70
Event: 7.710 Thread 0x00000284f4fa8760 Thread added: 0x00000284f76b75d0
Event: 7.711 Thread 0x00000284f4fa8760 Thread added: 0x00000284f76b82f0
Event: 7.712 Thread 0x00000284f4fa8760 Thread added: 0x00000284f76b2710
Event: 7.712 Thread 0x00000284f4fa8760 Thread added: 0x00000284f76b2da0
Event: 7.713 Thread 0x00000284f4fa8760 Thread added: 0x00000284f76b3430
Event: 9.124 Thread 0x00000284f7386250 Thread exited: 0x00000284f7386250
Event: 9.748 Thread 0x00000284f4fa8760 Thread added: 0x00000284f859cbc0
Event: 10.027 Thread 0x00000284f3095260 Thread added: 0x00000284f7384710
Event: 10.283 Thread 0x00000284f4fa8760 Thread added: 0x00000284f8599dd0


Dynamic libraries:
0x00007ff796980000 - 0x00007ff79698a000 	E:\android studio\jbr\bin\java.exe
0x00007ffb71b30000 - 0x00007ffb71d47000 	C:\WINDOWS\SYSTEM32\ntdll.dll
0x00007ffb71200000 - 0x00007ffb712c4000 	C:\WINDOWS\System32\KERNEL32.DLL
0x00007ffb6f0a0000 - 0x00007ffb6f471000 	C:\WINDOWS\System32\KERNELBASE.dll
0x00007ffb6ec70000 - 0x00007ffb6ed81000 	C:\WINDOWS\System32\ucrtbase.dll
0x00007ffb5c860000 - 0x00007ffb5c87b000 	E:\android studio\jbr\bin\VCRUNTIME140.dll
0x00007ffb51360000 - 0x00007ffb51378000 	E:\android studio\jbr\bin\jli.dll
0x00007ffb6f800000 - 0x00007ffb6f9b1000 	C:\WINDOWS\System32\USER32.dll
0x00007ffb6f570000 - 0x00007ffb6f596000 	C:\WINDOWS\System32\win32u.dll
0x00007ffb705e0000 - 0x00007ffb70609000 	C:\WINDOWS\System32\GDI32.dll
0x00007ffb6f5a0000 - 0x00007ffb6f6bb000 	C:\WINDOWS\System32\gdi32full.dll
0x00007ffb39cf0000 - 0x00007ffb39f82000 	C:\WINDOWS\WinSxS\amd64_microsoft.windows.common-controls_6595b64144ccf1df_6.0.22621.4830_none_270fe7d773858e80\COMCTL32.dll
0x00007ffb6f000000 - 0x00007ffb6f09a000 	C:\WINDOWS\System32\msvcp_win.dll
0x00007ffb71150000 - 0x00007ffb711f7000 	C:\WINDOWS\System32\msvcrt.dll
0x00007ffb6fe80000 - 0x00007ffb6feb1000 	C:\WINDOWS\System32\IMM32.DLL
0x00007ffb67cb0000 - 0x00007ffb67cbc000 	E:\android studio\jbr\bin\vcruntime140_1.dll
0x00007ffb4ced0000 - 0x00007ffb4cf5d000 	E:\android studio\jbr\bin\msvcp140.dll
0x00007ffaf3240000 - 0x00007ffaf3eca000 	E:\android studio\jbr\bin\server\jvm.dll
0x00007ffb70120000 - 0x00007ffb701d1000 	C:\WINDOWS\System32\ADVAPI32.dll
0x00007ffb70530000 - 0x00007ffb705d7000 	C:\WINDOWS\System32\sechost.dll
0x00007ffb6f540000 - 0x00007ffb6f568000 	C:\WINDOWS\System32\bcrypt.dll
0x00007ffb70390000 - 0x00007ffb704a4000 	C:\WINDOWS\System32\RPCRT4.dll
0x00007ffb70ea0000 - 0x00007ffb70f11000 	C:\WINDOWS\System32\WS2_32.dll
0x00007ffb67b30000 - 0x00007ffb67b64000 	C:\WINDOWS\SYSTEM32\WINMM.dll
0x00007ffb6db20000 - 0x00007ffb6db6d000 	C:\WINDOWS\SYSTEM32\POWRPROF.dll
0x00007ffb656e0000 - 0x00007ffb656ea000 	C:\WINDOWS\SYSTEM32\VERSION.dll
0x00007ffb6db00000 - 0x00007ffb6db13000 	C:\WINDOWS\SYSTEM32\UMPDC.dll
0x00007ffb6ddb0000 - 0x00007ffb6ddc8000 	C:\WINDOWS\SYSTEM32\kernel.appcore.dll
0x00007ffb67ba0000 - 0x00007ffb67baa000 	E:\android studio\jbr\bin\jimage.dll
0x00007ffb6c700000 - 0x00007ffb6c932000 	C:\WINDOWS\SYSTEM32\DBGHELP.DLL
0x00007ffb6fa70000 - 0x00007ffb6fe00000 	C:\WINDOWS\System32\combase.dll
0x00007ffb6fff0000 - 0x00007ffb700c7000 	C:\WINDOWS\System32\OLEAUT32.dll
0x00007ffb61eb0000 - 0x00007ffb61ee2000 	C:\WINDOWS\SYSTEM32\dbgcore.DLL
0x00007ffb6ee10000 - 0x00007ffb6ee8b000 	C:\WINDOWS\System32\bcryptPrimitives.dll
0x00007ffb67cc0000 - 0x00007ffb67cce000 	E:\android studio\jbr\bin\instrument.dll
0x00007ffb5c770000 - 0x00007ffb5c790000 	E:\android studio\jbr\bin\java.dll
0x00007ffb5c700000 - 0x00007ffb5c718000 	E:\android studio\jbr\bin\zip.dll
0x00007ffb70610000 - 0x00007ffb70e98000 	C:\WINDOWS\System32\SHELL32.dll
0x00007ffb6f6c0000 - 0x00007ffb6f7ff000 	C:\WINDOWS\System32\wintypes.dll
0x00007ffb6cbe0000 - 0x00007ffb6d4ed000 	C:\WINDOWS\SYSTEM32\windows.storage.dll
0x00007ffb719e0000 - 0x00007ffb71aea000 	C:\WINDOWS\System32\SHCORE.dll
0x00007ffb6fe20000 - 0x00007ffb6fe7e000 	C:\WINDOWS\System32\shlwapi.dll
0x00007ffb6eba0000 - 0x00007ffb6ebcb000 	C:\WINDOWS\SYSTEM32\profapi.dll
0x00007ffb67b70000 - 0x00007ffb67b80000 	E:\android studio\jbr\bin\net.dll
0x00007ffb69000000 - 0x00007ffb6912c000 	C:\WINDOWS\SYSTEM32\WINHTTP.dll
0x00007ffb6e220000 - 0x00007ffb6e28a000 	C:\WINDOWS\system32\mswsock.dll
0x00007ffb5c3f0000 - 0x00007ffb5c406000 	E:\android studio\jbr\bin\nio.dll
0x00007ffb653b0000 - 0x00007ffb653c0000 	E:\android studio\jbr\bin\verify.dll
0x00007ffb4d180000 - 0x00007ffb4d1a7000 	C:\Users\ma725\.gradle\native\c067742578af261105cb4f569cf0c3c89f3d7b1fecec35dd04571415982c5e48\windows-amd64\native-platform.dll
0x00007ffb4cd80000 - 0x00007ffb4cec4000 	C:\Users\ma725\.gradle\native\100fb08df4bc3b14c8652ba06237920a3bd2aa13389f12d3474272988ae205f9\windows-amd64\native-platform-file-events.dll
0x00007ffb608f0000 - 0x00007ffb608f9000 	E:\android studio\jbr\bin\management.dll
0x00007ffb605c0000 - 0x00007ffb605cb000 	E:\android studio\jbr\bin\management_ext.dll
0x00007ffb70510000 - 0x00007ffb70518000 	C:\WINDOWS\System32\PSAPI.DLL
0x00007ffb6e480000 - 0x00007ffb6e49b000 	C:\WINDOWS\SYSTEM32\CRYPTSP.dll
0x00007ffb6dd10000 - 0x00007ffb6dd47000 	C:\WINDOWS\system32\rsaenh.dll
0x00007ffb6e310000 - 0x00007ffb6e338000 	C:\WINDOWS\SYSTEM32\USERENV.dll
0x00007ffb6e470000 - 0x00007ffb6e47c000 	C:\WINDOWS\SYSTEM32\CRYPTBASE.dll
0x00007ffb6d7c0000 - 0x00007ffb6d7ed000 	C:\WINDOWS\SYSTEM32\IPHLPAPI.DLL
0x00007ffb70520000 - 0x00007ffb70529000 	C:\WINDOWS\System32\NSI.dll
0x00007ffb676a0000 - 0x00007ffb676a9000 	E:\android studio\jbr\bin\extnet.dll
0x00007ffb38b00000 - 0x00007ffb38b08000 	C:\WINDOWS\system32\wshunix.dll

dbghelp: loaded successfully - version: 4.0.5 - missing functions: none
symbol engine: initialized successfully - sym options: 0x614 - pdb path: .;E:\android studio\jbr\bin;C:\WINDOWS\SYSTEM32;C:\WINDOWS\WinSxS\amd64_microsoft.windows.common-controls_6595b64144ccf1df_6.0.22621.4830_none_270fe7d773858e80;E:\android studio\jbr\bin\server;C:\Users\ma725\.gradle\native\c067742578af261105cb4f569cf0c3c89f3d7b1fecec35dd04571415982c5e48\windows-amd64;C:\Users\ma725\.gradle\native\100fb08df4bc3b14c8652ba06237920a3bd2aa13389f12d3474272988ae205f9\windows-amd64

VM Arguments:
jvm_args: --add-opens=java.base/java.lang=ALL-UNNAMED --add-opens=java.base/java.lang.invoke=ALL-UNNAMED --add-opens=java.base/java.util=ALL-UNNAMED --add-opens=java.prefs/java.util.prefs=ALL-UNNAMED --add-exports=jdk.compiler/com.sun.tools.javac.api=ALL-UNNAMED --add-exports=jdk.compiler/com.sun.tools.javac.util=ALL-UNNAMED --add-opens=java.base/java.util=ALL-UNNAMED --add-opens=java.prefs/java.util.prefs=ALL-UNNAMED --add-opens=java.base/java.nio.charset=ALL-UNNAMED --add-opens=java.base/java.net=ALL-UNNAMED --add-opens=java.base/java.util.concurrent.atomic=ALL-UNNAMED --add-opens=java.xml/javax.xml.namespace=ALL-UNNAMED -Xmx2048m -Dfile.encoding=UTF-8 -Duser.country=US -Duser.language=en -Duser.variant -javaagent:C:\Users\ma725\.gradle\wrapper\dists\gradle-8.11.1-bin\bpt9gzteqjrbo1mjrsomdt32c\gradle-8.11.1\lib\agents\gradle-instrumentation-agent-8.11.1.jar 
java_command: org.gradle.launcher.daemon.bootstrap.GradleDaemon 8.11.1
java_class_path (initial): C:\Users\ma725\.gradle\wrapper\dists\gradle-8.11.1-bin\bpt9gzteqjrbo1mjrsomdt32c\gradle-8.11.1\lib\gradle-daemon-main-8.11.1.jar
Launcher Type: SUN_STANDARD

[Global flags]
     intx CICompilerCount                          = 4                                         {product} {ergonomic}
     uint ConcGCThreads                            = 3                                         {product} {ergonomic}
     uint G1ConcRefinementThreads                  = 10                                        {product} {ergonomic}
   size_t G1HeapRegionSize                         = 1048576                                   {product} {ergonomic}
    uintx GCDrainStackTargetSize                   = 64                                        {product} {ergonomic}
   size_t InitialHeapSize                          = 130023424                                 {product} {ergonomic}
   size_t MarkStackSize                            = 4194304                                   {product} {ergonomic}
   size_t MaxHeapSize                              = 2147483648                                {product} {command line}
   size_t MaxNewSize                               = 1287651328                                {product} {ergonomic}
   size_t MinHeapDeltaBytes                        = 1048576                                   {product} {ergonomic}
   size_t MinHeapSize                              = 8388608                                   {product} {ergonomic}
    uintx NonNMethodCodeHeapSize                   = 5839372                                {pd product} {ergonomic}
    uintx NonProfiledCodeHeapSize                  = 122909434                              {pd product} {ergonomic}
    uintx ProfiledCodeHeapSize                     = 122909434                              {pd product} {ergonomic}
    uintx ReservedCodeCacheSize                    = 251658240                              {pd product} {ergonomic}
     bool SegmentedCodeCache                       = true                                      {product} {ergonomic}
   size_t SoftMaxHeapSize                          = 2147483648                             {manageable} {ergonomic}
     bool UseCompressedOops                        = true                           {product lp64_product} {ergonomic}
     bool UseG1GC                                  = true                                      {product} {ergonomic}
     bool UseLargePagesIndividualAllocation        = false                                  {pd product} {ergonomic}

Logging:
Log output configuration:
 #0: stdout all=warning uptime,level,tags foldmultilines=false
 #1: stderr all=off uptime,level,tags foldmultilines=false

Environment Variables:
JAVA_HOME=E:\android studio\jbr
PATH=C:\Program Files\Common Files\Oracle\Java\javapath;C:\WINDOWS\system32;C:\WINDOWS;C:\WINDOWS\System32\Wbem;C:\WINDOWS\System32\WindowsPowerShell\v1.0\;C:\WINDOWS\System32\OpenSSH\;E:\android studio\jbr\bin;C:\Program Files\Process Lasso\;C:\Program Files (x86)\NVIDIA Corporation\PhysX\Common;C:\Program Files\NVIDIA Corporation\NVIDIA app\NvDLISR;C:\MinGW\bin;C:\Program Files\Git\cmd;C:\Program Files\Git LFS;C:\Users\ma725\AppData\Local\Programs\Python\Python39\Scripts\;C:\Users\ma725\AppData\Local\Programs\Python\Python39\;C:\Users\ma725\AppData\Local\Programs\Python\Launcher\;C:\Users\ma725\AppData\Local\Microsoft\WindowsApps;E:\Microsoft VS Code\bin;C:\Program Files (x86)\GnuWin32\bin;C:\MinGW\bin;C:\MinGW\msys\1.0\bin;
USERNAME=ma725
OS=Windows_NT
PROCESSOR_IDENTIFIER=Intel64 Family 6 Model 154 Stepping 3, GenuineIntel
TMP=C:\Users\ma725\AppData\Local\Temp
TEMP=C:\Users\ma725\AppData\Local\Temp




Periodic native trim disabled

JNI global refs:
JNI global refs: 27, weak refs: 0

JNI global refs memory usage: 835, weak refs: 833

Process memory usage:
Resident Set Size: 324988K (4% of 8048768K total physical memory with 558492K free physical memory)

OOME stack traces (most recent first):
Classloader memory used:
Loader org.gradle.internal.classloader.VisitableURLClassLoader                         : 35045K
Loader bootstrap                                                                       : 23878K
Loader org.gradle.initialization.MixInLegacyTypesClassLoader                           : 10341K
Loader org.gradle.internal.classloader.VisitableURLClassLoader$InstrumentingVisitableURLClassLoader: 5902K
Loader jdk.internal.loader.ClassLoaders$PlatformClassLoader                            : 496K
Loader jdk.internal.loader.ClassLoaders$AppClassLoader                                 : 234K
Loader jdk.internal.reflect.DelegatingClassLoader                                      : 153K
Loader org.gradle.internal.classloader.VisitableURLClassLoader                         : 116K


[error occurred during error reporting (Classloader stats), id 0xe0000001, Out of Memory Error (s\src\hotspot\share\memory\arena.cpp:168)]
---------------  S Y S T E M  ---------------

OS:
 Windows 11 , 64 bit Build 22621 (10.0.22621.4974)
OS uptime: 1 days 1:50 hours

CPU: total 12 (initial active 12) (6 cores per cpu, 2 threads per core) family 6 model 154 stepping 3 microcode 0x432, cx8, cmov, fxsr, ht, mmx, 3dnowpref, sse, sse2, sse3, ssse3, sse4.1, sse4.2, popcnt, lzcnt, tsc, tscinvbit, avx, avx2, aes, erms, clmul, bmi1, bmi2, adx, sha, fma, vzeroupper, clflush, clflushopt, clwb, serialize, rdtscp, rdpid, fsrm, f16c, pku, cet_ibt, cet_ss
Processor Information for processor 0
  Max Mhz: 2000, Current Mhz: 2000, Mhz Limit: 2000
Processor Information for processor 1
  Max Mhz: 2000, Current Mhz: 2000, Mhz Limit: 2000
Processor Information for processor 2
  Max Mhz: 2000, Current Mhz: 2000, Mhz Limit: 2000
Processor Information for processor 3
  Max Mhz: 2000, Current Mhz: 2000, Mhz Limit: 2000
Processor Information for processor 4
  Max Mhz: 2000, Current Mhz: 2000, Mhz Limit: 2000
Processor Information for processor 5
  Max Mhz: 2000, Current Mhz: 2000, Mhz Limit: 2000
Processor Information for processor 6
  Max Mhz: 2000, Current Mhz: 2000, Mhz Limit: 2000
Processor Information for processor 7
  Max Mhz: 2000, Current Mhz: 2000, Mhz Limit: 2000
Processor Information for processor 8
  Max Mhz: 2000, Current Mhz: 1500, Mhz Limit: 1500
Processor Information for processor 9
  Max Mhz: 2000, Current Mhz: 1500, Mhz Limit: 1500
Processor Information for processor 10
  Max Mhz: 2000, Current Mhz: 1500, Mhz Limit: 1500
Processor Information for processor 11
  Max Mhz: 2000, Current Mhz: 1500, Mhz Limit: 1500

Memory: 4k page, system-wide physical 7860M (536M free)
TotalPageFile size 16052M (AvailPageFile size 3M)
current process WorkingSet (physical memory assigned to process): 320M, peak: 340M
current process commit charge ("private bytes"): 362M, peak: 384M

vm_info: OpenJDK 64-Bit Server VM (21.0.5+-12932927-b750.29) for windows-amd64 JRE (21.0.5+-12932927-b750.29), built on 2025-01-17T02:01:10Z by "builder" with MS VC++ 16.10 / 16.11 (VS2019)

END.
