#
# There is insufficient memory for the Java Runtime Environment to continue.
# Native memory allocation (malloc) failed to allocate 2016976 bytes. Error detail: Chunk::new
# Possible reasons:
#   The system is out of physical RAM or swap space
#   This process is running with CompressedOops enabled, and the Java Heap may be blocking the growth of the native heap
# Possible solutions:
#   Reduce memory load on the system
#   Increase physical memory or swap space
#   Check if swap backing store is full
#   Decrease Java heap size (-Xmx/-Xms)
#   Decrease number of Java threads
#   Decrease Java thread stack sizes (-Xss)
#   Set larger code cache with -XX:ReservedCodeCacheSize=
#   JVM is running with Unscaled Compressed Oops mode in which the Java heap is
#     placed in the first 4GB address space. The Java Heap base address is the
#     maximum limit for the native heap growth. Please use -XX:HeapBaseMinAddress
#     to set the Java Heap base and to place the Java Heap above 4GB virtual address.
# This output file may be truncated or incomplete.
#
#  Out of Memory Error (arena.cpp:168), pid=1568, tid=4172
#
# JRE version: OpenJDK Runtime Environment (21.0.5) (build 21.0.5+-12932927-b750.29)
# Java VM: OpenJDK 64-Bit Server VM (21.0.5+-12932927-b750.29, mixed mode, tiered, compressed oops, compressed class ptrs, g1 gc, windows-amd64)
# No core dump will be written. Minidumps are not enabled by default on client versions of Windows
#

---------------  S U M M A R Y ------------

Command Line: --add-opens=java.base/java.lang=ALL-UNNAMED --add-opens=java.base/java.lang.invoke=ALL-UNNAMED --add-opens=java.base/java.util=ALL-UNNAMED --add-opens=java.prefs/java.util.prefs=ALL-UNNAMED --add-exports=jdk.compiler/com.sun.tools.javac.api=ALL-UNNAMED --add-exports=jdk.compiler/com.sun.tools.javac.util=ALL-UNNAMED --add-opens=java.base/java.util=ALL-UNNAMED --add-opens=java.prefs/java.util.prefs=ALL-UNNAMED --add-opens=java.base/java.nio.charset=ALL-UNNAMED --add-opens=java.base/java.net=ALL-UNNAMED --add-opens=java.base/java.util.concurrent.atomic=ALL-UNNAMED --add-opens=java.xml/javax.xml.namespace=ALL-UNNAMED -Xmx2048m -Dfile.encoding=UTF-8 -Duser.country=US -Duser.language=en -Duser.variant -javaagent:C:\Users\ma725\.gradle\wrapper\dists\gradle-8.11.1-bin\bpt9gzteqjrbo1mjrsomdt32c\gradle-8.11.1\lib\agents\gradle-instrumentation-agent-8.11.1.jar org.gradle.launcher.daemon.bootstrap.GradleDaemon 8.11.1

Host: 12th Gen Intel(R) Core(TM) i5-12450H, 12 cores, 7G,  Windows 11 , 64 bit Build 26100 (10.0.26100.3775)
Time: Mon May 26 09:49:30 2025 Bangladesh Standard Time elapsed time: 3.339368 seconds (0d 0h 0m 3s)

---------------  T H R E A D  ---------------

Current thread (0x000001527f0ac930):  JavaThread "C2 CompilerThread1" daemon [_thread_in_native, id=4172, stack(0x00000043e8000000,0x00000043e8100000) (1024K)]


Current CompileTask:
C2:3339 3372   !   4       java.lang.ClassLoader::loadClass (121 bytes)

Stack: [0x00000043e8000000,0x00000043e8100000]
Native frames: (J=compiled Java code, j=interpreted, Vv=VM code, C=native code)
V  [jvm.dll+0x6cfb29]
V  [jvm.dll+0x85ded3]
V  [jvm.dll+0x86042e]
V  [jvm.dll+0x860b13]
V  [jvm.dll+0x27e6b6]
V  [jvm.dll+0xbff6d]
V  [jvm.dll+0xc04a3]
V  [jvm.dll+0x3b5ffb]
V  [jvm.dll+0x381f97]
V  [jvm.dll+0x38140a]
V  [jvm.dll+0x247c62]
V  [jvm.dll+0x247231]
V  [jvm.dll+0x1c5ee4]
V  [jvm.dll+0x25697c]
V  [jvm.dll+0x254ec6]
V  [jvm.dll+0x3f0ce6]
V  [jvm.dll+0x806368]
V  [jvm.dll+0x6ce3fd]
C  [ucrtbase.dll+0x37b0]
C  [KERNEL32.DLL+0x2e8d7]
C  [ntdll.dll+0xb14fc]


---------------  P R O C E S S  ---------------

Threads class SMR info:
_java_thread_list=0x000001527f414910, length=42, elements={
0x000001525e4a7930, 0x000001527852c380, 0x000001527852c9e0, 0x0000015278515ec0,
0x0000015278516520, 0x0000015278516b80, 0x00000152785171e0, 0x0000015278517b70,
0x0000015278546010, 0x00000152785ac620, 0x00000152788582b0, 0x000001527e9ff1a0,
0x000001527ed04a20, 0x000001527db45f70, 0x000001527ea88dd0, 0x000001527ea89430,
0x000001527dc4ea80, 0x000001527ecb0530, 0x000001527ed58ec0, 0x000001527ec4c730,
0x000001527ec4c0a0, 0x000001527ec4cdc0, 0x000001527ec4d450, 0x000001527ec4dae0,
0x000001527f0ac930, 0x000001527ec4e170, 0x000001527ec4acf0, 0x000001527ec4b380,
0x000001527f4f06d0, 0x000001527f4f13f0, 0x000001527f4f0d60, 0x000001527f4edf70,
0x000001527f4ee600, 0x000001527f4eec90, 0x000001527f4ef320, 0x000001527f4ef9b0,
0x000001527f4f0040, 0x000001527f0705a0, 0x000001527f06eb60, 0x000001527f06de40,
0x000001527f06e4d0, 0x000001527f072670
}

Java Threads: ( => current thread )
  0x000001525e4a7930 JavaThread "main"                              [_thread_blocked, id=17612, stack(0x00000043e5600000,0x00000043e5700000) (1024K)]
  0x000001527852c380 JavaThread "Reference Handler"          daemon [_thread_blocked, id=3368, stack(0x00000043e5e00000,0x00000043e5f00000) (1024K)]
  0x000001527852c9e0 JavaThread "Finalizer"                  daemon [_thread_blocked, id=4560, stack(0x00000043e5f00000,0x00000043e6000000) (1024K)]
  0x0000015278515ec0 JavaThread "Signal Dispatcher"          daemon [_thread_blocked, id=10928, stack(0x00000043e6000000,0x00000043e6100000) (1024K)]
  0x0000015278516520 JavaThread "Attach Listener"            daemon [_thread_blocked, id=17512, stack(0x00000043e6100000,0x00000043e6200000) (1024K)]
  0x0000015278516b80 JavaThread "Service Thread"             daemon [_thread_blocked, id=9072, stack(0x00000043e6200000,0x00000043e6300000) (1024K)]
  0x00000152785171e0 JavaThread "Monitor Deflation Thread"   daemon [_thread_blocked, id=12056, stack(0x00000043e6300000,0x00000043e6400000) (1024K)]
  0x0000015278517b70 JavaThread "C2 CompilerThread0"         daemon [_thread_blocked, id=18252, stack(0x00000043e6400000,0x00000043e6500000) (1024K)]
  0x0000015278546010 JavaThread "C1 CompilerThread0"         daemon [_thread_blocked, id=8168, stack(0x00000043e6500000,0x00000043e6600000) (1024K)]
  0x00000152785ac620 JavaThread "Common-Cleaner"             daemon [_thread_blocked, id=9368, stack(0x00000043e6600000,0x00000043e6700000) (1024K)]
  0x00000152788582b0 JavaThread "Notification Thread"        daemon [_thread_blocked, id=5084, stack(0x00000043e6700000,0x00000043e6800000) (1024K)]
  0x000001527e9ff1a0 JavaThread "Daemon health stats"               [_thread_blocked, id=17368, stack(0x00000043e6d00000,0x00000043e6e00000) (1024K)]
  0x000001527ed04a20 JavaThread "Incoming local TCP Connector on port 57764"        [_thread_in_native, id=5048, stack(0x00000043e6e00000,0x00000043e6f00000) (1024K)]
  0x000001527db45f70 JavaThread "Daemon periodic checks"            [_thread_blocked, id=15204, stack(0x00000043e6f00000,0x00000043e7000000) (1024K)]
  0x000001527ea88dd0 JavaThread "Daemon"                            [_thread_blocked, id=1432, stack(0x00000043e7000000,0x00000043e7100000) (1024K)]
  0x000001527ea89430 JavaThread "Handler for socket connection from /127.0.0.1:57764 to /127.0.0.1:57765"        [_thread_in_native, id=14104, stack(0x00000043e7100000,0x00000043e7200000) (1024K)]
  0x000001527dc4ea80 JavaThread "Cancel handler"                    [_thread_blocked, id=9836, stack(0x00000043e7200000,0x00000043e7300000) (1024K)]
  0x000001527ecb0530 JavaThread "Daemon worker"                     [_thread_blocked, id=11704, stack(0x00000043e7300000,0x00000043e7400000) (1024K)]
  0x000001527ed58ec0 JavaThread "Asynchronous log dispatcher for DefaultDaemonConnection: socket connection from /127.0.0.1:57764 to /127.0.0.1:57765"        [_thread_blocked, id=20452, stack(0x00000043e7400000,0x00000043e7500000) (1024K)]
  0x000001527ec4c730 JavaThread "Stdin handler"                     [_thread_blocked, id=18152, stack(0x00000043e7500000,0x00000043e7600000) (1024K)]
  0x000001527ec4c0a0 JavaThread "Daemon client event forwarder"        [_thread_blocked, id=17920, stack(0x00000043e7600000,0x00000043e7700000) (1024K)]
  0x000001527ec4cdc0 JavaThread "Cache worker for journal cache (C:\Users\ma725\.gradle\caches\journal-1)"        [_thread_blocked, id=2160, stack(0x00000043e7d00000,0x00000043e7e00000) (1024K)]
  0x000001527ec4d450 JavaThread "File lock request listener"        [_thread_in_native, id=6080, stack(0x00000043e7e00000,0x00000043e7f00000) (1024K)]
  0x000001527ec4dae0 JavaThread "Cache worker for file hash cache (C:\Users\ma725\.gradle\caches\8.11.1\fileHashes)"        [_thread_blocked, id=1856, stack(0x00000043e7f00000,0x00000043e8000000) (1024K)]
=>0x000001527f0ac930 JavaThread "C2 CompilerThread1"         daemon [_thread_in_native, id=4172, stack(0x00000043e8000000,0x00000043e8100000) (1024K)]
  0x000001527ec4e170 JavaThread "Cache worker for file content cache (C:\Users\ma725\.gradle\caches\8.11.1\fileContent)"        [_thread_blocked, id=11044, stack(0x00000043e8100000,0x00000043e8200000) (1024K)]
  0x000001527ec4acf0 JavaThread "Cache worker for file hash cache (E:\YourClass\.gradle\8.11.1\fileHashes)"        [_thread_blocked, id=18440, stack(0x00000043e8200000,0x00000043e8300000) (1024K)]
  0x000001527ec4b380 JavaThread "Cache worker for Build Output Cleanup Cache (E:\YourClass\.gradle\buildOutputCleanup)"        [_thread_blocked, id=16964, stack(0x00000043e8300000,0x00000043e8400000) (1024K)]
  0x000001527f4f06d0 JavaThread "File watcher server"        daemon [_thread_in_native, id=7052, stack(0x00000043e8400000,0x00000043e8500000) (1024K)]
  0x000001527f4f13f0 JavaThread "File watcher consumer"      daemon [_thread_blocked, id=2024, stack(0x00000043e8500000,0x00000043e8600000) (1024K)]
  0x000001527f4f0d60 JavaThread "jar transforms"                    [_thread_blocked, id=9188, stack(0x00000043e8600000,0x00000043e8700000) (1024K)]
  0x000001527f4edf70 JavaThread "jar transforms Thread 2"           [_thread_blocked, id=7436, stack(0x00000043e8700000,0x00000043e8800000) (1024K)]
  0x000001527f4ee600 JavaThread "jar transforms Thread 3"           [_thread_blocked, id=9364, stack(0x00000043e8800000,0x00000043e8900000) (1024K)]
  0x000001527f4eec90 JavaThread "jar transforms Thread 4"           [_thread_blocked, id=10336, stack(0x00000043e8900000,0x00000043e8a00000) (1024K)]
  0x000001527f4ef320 JavaThread "jar transforms Thread 5"           [_thread_blocked, id=15520, stack(0x00000043e8a00000,0x00000043e8b00000) (1024K)]
  0x000001527f4ef9b0 JavaThread "jar transforms Thread 6"           [_thread_blocked, id=15872, stack(0x00000043e8b00000,0x00000043e8c00000) (1024K)]
  0x000001527f4f0040 JavaThread "jar transforms Thread 7"           [_thread_blocked, id=10264, stack(0x00000043e8c00000,0x00000043e8d00000) (1024K)]
  0x000001527f0705a0 JavaThread "jar transforms Thread 8"           [_thread_blocked, id=7656, stack(0x00000043e8d00000,0x00000043e8e00000) (1024K)]
  0x000001527f06eb60 JavaThread "jar transforms Thread 9"           [_thread_blocked, id=17592, stack(0x00000043e8e00000,0x00000043e8f00000) (1024K)]
  0x000001527f06de40 JavaThread "jar transforms Thread 10"          [_thread_blocked, id=17120, stack(0x00000043e8f00000,0x00000043e9000000) (1024K)]
  0x000001527f06e4d0 JavaThread "jar transforms Thread 11"          [_thread_blocked, id=20232, stack(0x00000043e9000000,0x00000043e9100000) (1024K)]
  0x000001527f072670 JavaThread "jar transforms Thread 12"          [_thread_blocked, id=15276, stack(0x00000043e9100000,0x00000043e9200000) (1024K)]
Total: 42

Other Threads:
  0x0000015277a8d7e0 VMThread "VM Thread"                           [id=1848, stack(0x00000043e5d00000,0x00000043e5e00000) (1024K)]
  0x0000015277a7a9e0 WatcherThread "VM Periodic Task Thread"        [id=12376, stack(0x00000043e5c00000,0x00000043e5d00000) (1024K)]
  0x0000015260864390 WorkerThread "GC Thread#0"                     [id=14964, stack(0x00000043e5700000,0x00000043e5800000) (1024K)]
  0x0000015277a8c220 WorkerThread "GC Thread#1"                     [id=16196, stack(0x00000043e6800000,0x00000043e6900000) (1024K)]
  0x0000015277a8db80 WorkerThread "GC Thread#2"                     [id=10724, stack(0x00000043e6900000,0x00000043e6a00000) (1024K)]
  0x0000015277a8c5c0 WorkerThread "GC Thread#3"                     [id=6288, stack(0x00000043e6a00000,0x00000043e6b00000) (1024K)]
  0x0000015277a8c960 WorkerThread "GC Thread#4"                     [id=6980, stack(0x00000043e6b00000,0x00000043e6c00000) (1024K)]
  0x0000015277a8d440 WorkerThread "GC Thread#5"                     [id=12256, stack(0x00000043e6c00000,0x00000043e6d00000) (1024K)]
  0x000001527ea6cd80 WorkerThread "GC Thread#6"                     [id=18548, stack(0x00000043e7700000,0x00000043e7800000) (1024K)]
  0x000001527ea6d120 WorkerThread "GC Thread#7"                     [id=2360, stack(0x00000043e7800000,0x00000043e7900000) (1024K)]
  0x000001527ea6bf00 WorkerThread "GC Thread#8"                     [id=15252, stack(0x00000043e7900000,0x00000043e7a00000) (1024K)]
  0x000001527ea6a940 WorkerThread "GC Thread#9"                     [id=11592, stack(0x00000043e7a00000,0x00000043e7b00000) (1024K)]
  0x0000015260876290 ConcurrentGCThread "G1 Main Marker"            [id=11904, stack(0x00000043e5800000,0x00000043e5900000) (1024K)]
  0x0000015260876f70 WorkerThread "G1 Conc#0"                       [id=19728, stack(0x00000043e5900000,0x00000043e5a00000) (1024K)]
  0x000001527ea6d4c0 WorkerThread "G1 Conc#1"                       [id=412, stack(0x00000043e7b00000,0x00000043e7c00000) (1024K)]
  0x000001527ea6d860 WorkerThread "G1 Conc#2"                       [id=5228, stack(0x00000043e7c00000,0x00000043e7d00000) (1024K)]
  0x00000152608ce980 ConcurrentGCThread "G1 Refine#0"               [id=13640, stack(0x00000043e5a00000,0x00000043e5b00000) (1024K)]
  0x000001527794ff10 ConcurrentGCThread "G1 Service"                [id=20376, stack(0x00000043e5b00000,0x00000043e5c00000) (1024K)]
Total: 18

Threads with active compile tasks:
C2 CompilerThread0  3363 3384       4       java.lang.invoke.MethodType::makeImpl (109 bytes)
C1 CompilerThread0  3363 3444       3       java.lang.Class::getDeclaredMethod (63 bytes)
C2 CompilerThread1  3363 3372   !   4       java.lang.ClassLoader::loadClass (121 bytes)
Total: 3

VM state: at safepoint (normal execution)

VM Mutex/Monitor currently owned by a thread:  ([mutex/lock_event])
[0x00007ffa2738ac60] FreeList_lock - owner thread: 0x0000015277a8db80
[0x00007ffa2738d360] Threads_lock - owner thread: 0x0000015277a8d7e0
[0x00007ffa2738d460] Heap_lock - owner thread: 0x0000015278546010

Heap address: 0x0000000080000000, size: 2048 MB, Compressed Oops mode: 32-bit

CDS archive(s) not mapped
Compressed class space mapped at: 0x0000000100000000-0x0000000140000000, reserved size: 1073741824
Narrow klass base: 0x0000000000000000, Narrow klass shift: 3, Narrow klass range: 0x140000000

GC Precious Log:
 CardTable entry size: 512
 Card Set container configuration: InlinePtr #cards 5 size 8 Array Of Cards #cards 12 size 40 Howl #buckets 4 coarsen threshold 1843 Howl Bitmap #cards 512 size 80 coarsen threshold 460 Card regions per heap region 1 cards per card region 2048
 CPUs: 12 total, 12 available
 Memory: 7860M
 Large Page Support: Disabled
 NUMA Support: Disabled
 Compressed Oops: Enabled (32-bit)
 Heap Region Size: 1M
 Heap Min Capacity: 8M
 Heap Initial Capacity: 124M
 Heap Max Capacity: 2G
 Pre-touch: Disabled
 Parallel Workers: 10
 Concurrent Workers: 3
 Concurrent Refinement Workers: 10
 Periodic GC: Disabled

Heap:
 garbage-first heap   total 93184K, used 80443K [0x0000000080000000, 0x0000000100000000)
  region size 1024K, 50 young (51200K), 7 survivors (7168K)
 Metaspace       used 35153K, committed 35968K, reserved 1114112K
  class space    used 4730K, committed 5120K, reserved 1048576K

Heap Regions: E=young(eden), S=young(survivor), O=old, HS=humongous(starts), HC=humongous(continues), CS=collection set, F=free, TAMS=top-at-mark-start, PB=parsable bottom
|   0|0x0000000080000000, 0x0000000080100000, 0x0000000080100000|100%| O|  |TAMS 0x0000000080000000| PB 0x0000000080000000| Untracked 
|   1|0x0000000080100000, 0x0000000080200000, 0x0000000080200000|100%|HS|  |TAMS 0x0000000080100000| PB 0x0000000080100000| Complete 
|   2|0x0000000080200000, 0x0000000080300000, 0x0000000080300000|100%|HC|  |TAMS 0x0000000080200000| PB 0x0000000080200000| Complete 
|   3|0x0000000080300000, 0x0000000080400000, 0x0000000080400000|100%|HC|  |TAMS 0x0000000080300000| PB 0x0000000080300000| Complete 
|   4|0x0000000080400000, 0x0000000080500000, 0x0000000080500000|100%| O|  |TAMS 0x0000000080400000| PB 0x0000000080400000| Untracked 
|   5|0x0000000080500000, 0x0000000080600000, 0x0000000080600000|100%| O|  |TAMS 0x0000000080500000| PB 0x0000000080500000| Untracked 
|   6|0x0000000080600000, 0x0000000080700000, 0x0000000080700000|100%| O|  |TAMS 0x0000000080600000| PB 0x0000000080600000| Untracked 
|   7|0x0000000080700000, 0x0000000080800000, 0x0000000080800000|100%|HS|  |TAMS 0x0000000080700000| PB 0x0000000080700000| Complete 
|   8|0x0000000080800000, 0x0000000080900000, 0x0000000080900000|100%| O|  |TAMS 0x0000000080800000| PB 0x0000000080800000| Untracked 
|   9|0x0000000080900000, 0x0000000080a00000, 0x0000000080a00000|100%| O|  |TAMS 0x0000000080900000| PB 0x0000000080900000| Untracked 
|  10|0x0000000080a00000, 0x0000000080b00000, 0x0000000080b00000|100%| O|  |TAMS 0x0000000080a00000| PB 0x0000000080a00000| Untracked 
|  11|0x0000000080b00000, 0x0000000080c00000, 0x0000000080c00000|100%| O|  |TAMS 0x0000000080b00000| PB 0x0000000080b00000| Untracked 
|  12|0x0000000080c00000, 0x0000000080d00000, 0x0000000080d00000|100%| O|  |TAMS 0x0000000080c00000| PB 0x0000000080c00000| Untracked 
|  13|0x0000000080d00000, 0x0000000080d6b5e0, 0x0000000080e00000| 41%| O|CS|TAMS 0x0000000080d00000| PB 0x0000000080d00000| Complete 
|  14|0x0000000080e00000, 0x0000000080f00000, 0x0000000080f00000|100%|HS|  |TAMS 0x0000000080e00000| PB 0x0000000080e00000| Complete 
|  15|0x0000000080f00000, 0x0000000081000000, 0x0000000081000000|100%|HC|  |TAMS 0x0000000080f00000| PB 0x0000000080f00000| Complete 
|  16|0x0000000081000000, 0x0000000081100000, 0x0000000081100000|100%|HC|  |TAMS 0x0000000081000000| PB 0x0000000081000000| Complete 
|  17|0x0000000081100000, 0x0000000081200000, 0x0000000081200000|100%|HC|  |TAMS 0x0000000081100000| PB 0x0000000081100000| Complete 
|  18|0x0000000081200000, 0x0000000081300000, 0x0000000081300000|100%|HC|  |TAMS 0x0000000081200000| PB 0x0000000081200000| Complete 
|  19|0x0000000081300000, 0x0000000081400000, 0x0000000081400000|100%|HC|  |TAMS 0x0000000081300000| PB 0x0000000081300000| Complete 
|  20|0x0000000081400000, 0x0000000081500000, 0x0000000081500000|100%|HS|  |TAMS 0x0000000081400000| PB 0x0000000081400000| Complete 
|  21|0x0000000081500000, 0x0000000081600000, 0x0000000081600000|100%|HC|  |TAMS 0x0000000081500000| PB 0x0000000081500000| Complete 
|  22|0x0000000081600000, 0x0000000081700000, 0x0000000081700000|100%|HC|  |TAMS 0x0000000081600000| PB 0x0000000081600000| Complete 
|  23|0x0000000081700000, 0x0000000081800000, 0x0000000081800000|100%|HC|  |TAMS 0x0000000081700000| PB 0x0000000081700000| Complete 
|  24|0x0000000081800000, 0x0000000081900000, 0x0000000081900000|100%|HS|  |TAMS 0x0000000081800000| PB 0x0000000081800000| Complete 
|  25|0x0000000081900000, 0x0000000081a00000, 0x0000000081a00000|100%|HC|  |TAMS 0x0000000081900000| PB 0x0000000081900000| Complete 
|  26|0x0000000081a00000, 0x0000000081b00000, 0x0000000081b00000|100%| S|  |TAMS 0x0000000081a00000| PB 0x0000000081a00000| Complete 
|  27|0x0000000081b00000, 0x0000000081c00000, 0x0000000081c00000|100%| S|  |TAMS 0x0000000081b00000| PB 0x0000000081b00000| Complete 
|  28|0x0000000081c00000, 0x0000000081d00000, 0x0000000081d00000|100%| S|  |TAMS 0x0000000081c00000| PB 0x0000000081c00000| Complete 
|  29|0x0000000081d00000, 0x0000000081e00000, 0x0000000081e00000|100%| S|  |TAMS 0x0000000081d00000| PB 0x0000000081d00000| Complete 
|  30|0x0000000081e00000, 0x0000000081f00000, 0x0000000081f00000|100%| S|  |TAMS 0x0000000081e00000| PB 0x0000000081e00000| Complete 
|  31|0x0000000081f00000, 0x0000000081f80000, 0x0000000082000000| 50%| E|CS|TAMS 0x0000000081f00000| PB 0x0000000081f00000| Complete 
|  32|0x0000000082000000, 0x0000000082100000, 0x0000000082100000|100%| E|CS|TAMS 0x0000000082000000| PB 0x0000000082000000| Complete 
|  33|0x0000000082100000, 0x0000000082200000, 0x0000000082200000|100%| E|CS|TAMS 0x0000000082100000| PB 0x0000000082100000| Complete 
|  34|0x0000000082200000, 0x0000000082300000, 0x0000000082300000|100%| E|CS|TAMS 0x0000000082200000| PB 0x0000000082200000| Complete 
|  35|0x0000000082300000, 0x0000000082400000, 0x0000000082400000|100%| E|CS|TAMS 0x0000000082300000| PB 0x0000000082300000| Complete 
|  36|0x0000000082400000, 0x0000000082500000, 0x0000000082500000|100%| E|CS|TAMS 0x0000000082400000| PB 0x0000000082400000| Complete 
|  37|0x0000000082500000, 0x0000000082600000, 0x0000000082600000|100%| E|CS|TAMS 0x0000000082500000| PB 0x0000000082500000| Complete 
|  38|0x0000000082600000, 0x0000000082700000, 0x0000000082700000|100%| E|CS|TAMS 0x0000000082600000| PB 0x0000000082600000| Complete 
|  39|0x0000000082700000, 0x0000000082800000, 0x0000000082800000|100%| E|CS|TAMS 0x0000000082700000| PB 0x0000000082700000| Complete 
|  40|0x0000000082800000, 0x0000000082900000, 0x0000000082900000|100%| E|CS|TAMS 0x0000000082800000| PB 0x0000000082800000| Complete 
|  41|0x0000000082900000, 0x0000000082a00000, 0x0000000082a00000|100%| E|CS|TAMS 0x0000000082900000| PB 0x0000000082900000| Complete 
|  42|0x0000000082a00000, 0x0000000082b00000, 0x0000000082b00000|100%| E|CS|TAMS 0x0000000082a00000| PB 0x0000000082a00000| Complete 
|  43|0x0000000082b00000, 0x0000000082c00000, 0x0000000082c00000|100%| E|CS|TAMS 0x0000000082b00000| PB 0x0000000082b00000| Complete 
|  44|0x0000000082c00000, 0x0000000082d00000, 0x0000000082d00000|100%| E|CS|TAMS 0x0000000082c00000| PB 0x0000000082c00000| Complete 
|  45|0x0000000082d00000, 0x0000000082e00000, 0x0000000082e00000|100%| E|CS|TAMS 0x0000000082d00000| PB 0x0000000082d00000| Complete 
|  46|0x0000000082e00000, 0x0000000082f00000, 0x0000000082f00000|100%| E|CS|TAMS 0x0000000082e00000| PB 0x0000000082e00000| Complete 
|  47|0x0000000082f00000, 0x0000000083000000, 0x0000000083000000|100%| E|CS|TAMS 0x0000000082f00000| PB 0x0000000082f00000| Complete 
|  48|0x0000000083000000, 0x0000000083100000, 0x0000000083100000|100%| E|CS|TAMS 0x0000000083000000| PB 0x0000000083000000| Complete 
|  49|0x0000000083100000, 0x0000000083200000, 0x0000000083200000|100%| E|CS|TAMS 0x0000000083100000| PB 0x0000000083100000| Complete 
|  50|0x0000000083200000, 0x0000000083300000, 0x0000000083300000|100%| E|CS|TAMS 0x0000000083200000| PB 0x0000000083200000| Complete 
|  51|0x0000000083300000, 0x0000000083400000, 0x0000000083400000|100%| E|CS|TAMS 0x0000000083300000| PB 0x0000000083300000| Complete 
|  52|0x0000000083400000, 0x0000000083500000, 0x0000000083500000|100%| E|CS|TAMS 0x0000000083400000| PB 0x0000000083400000| Complete 
|  53|0x0000000083500000, 0x0000000083600000, 0x0000000083600000|100%| E|CS|TAMS 0x0000000083500000| PB 0x0000000083500000| Complete 
|  54|0x0000000083600000, 0x0000000083700000, 0x0000000083700000|100%| E|CS|TAMS 0x0000000083600000| PB 0x0000000083600000| Complete 
|  55|0x0000000083700000, 0x0000000083800000, 0x0000000083800000|100%| E|CS|TAMS 0x0000000083700000| PB 0x0000000083700000| Complete 
|  56|0x0000000083800000, 0x0000000083900000, 0x0000000083900000|100%| E|CS|TAMS 0x0000000083800000| PB 0x0000000083800000| Complete 
|  57|0x0000000083900000, 0x0000000083a00000, 0x0000000083a00000|100%| E|CS|TAMS 0x0000000083900000| PB 0x0000000083900000| Complete 
|  58|0x0000000083a00000, 0x0000000083b00000, 0x0000000083b00000|100%| E|CS|TAMS 0x0000000083a00000| PB 0x0000000083a00000| Complete 
|  59|0x0000000083b00000, 0x0000000083c00000, 0x0000000083c00000|100%| E|CS|TAMS 0x0000000083b00000| PB 0x0000000083b00000| Complete 
|  60|0x0000000083c00000, 0x0000000083d00000, 0x0000000083d00000|100%| E|CS|TAMS 0x0000000083c00000| PB 0x0000000083c00000| Complete 
|  61|0x0000000083d00000, 0x0000000083e00000, 0x0000000083e00000|100%| E|CS|TAMS 0x0000000083d00000| PB 0x0000000083d00000| Complete 
|  62|0x0000000083e00000, 0x0000000083f00000, 0x0000000083f00000|100%| E|CS|TAMS 0x0000000083e00000| PB 0x0000000083e00000| Complete 
|  63|0x0000000083f00000, 0x0000000084000000, 0x0000000084000000|100%| E|CS|TAMS 0x0000000083f00000| PB 0x0000000083f00000| Complete 
|  64|0x0000000084000000, 0x0000000084100000, 0x0000000084100000|100%| E|CS|TAMS 0x0000000084000000| PB 0x0000000084000000| Complete 
|  65|0x0000000084100000, 0x0000000084200000, 0x0000000084200000|100%| E|CS|TAMS 0x0000000084100000| PB 0x0000000084100000| Complete 
|  66|0x0000000084200000, 0x0000000084300000, 0x0000000084300000|100%| E|CS|TAMS 0x0000000084200000| PB 0x0000000084200000| Complete 
|  67|0x0000000084300000, 0x0000000084400000, 0x0000000084400000|100%| E|CS|TAMS 0x0000000084300000| PB 0x0000000084300000| Complete 
|  68|0x0000000084400000, 0x0000000084500000, 0x0000000084500000|100%| E|CS|TAMS 0x0000000084400000| PB 0x0000000084400000| Complete 
|  69|0x0000000084500000, 0x0000000084600000, 0x0000000084600000|100%| E|CS|TAMS 0x0000000084500000| PB 0x0000000084500000| Complete 
|  70|0x0000000084600000, 0x00000000846bc660, 0x0000000084700000| 73%| E|CS|TAMS 0x0000000084600000| PB 0x0000000084600000| Complete 
|  71|0x0000000084700000, 0x0000000084800000, 0x0000000084800000|100%| S|  |TAMS 0x0000000084700000| PB 0x0000000084700000| Complete 
|  72|0x0000000084800000, 0x0000000084900000, 0x0000000084900000|100%| S|  |TAMS 0x0000000084800000| PB 0x0000000084800000| Complete 
|  89|0x0000000085900000, 0x0000000085a00000, 0x0000000085a00000|100%| E|CS|TAMS 0x0000000085900000| PB 0x0000000085900000| Complete 
|  90|0x0000000085a00000, 0x0000000085b00000, 0x0000000085b00000|100%| E|CS|TAMS 0x0000000085a00000| PB 0x0000000085a00000| Complete 
|  91|0x0000000085b00000, 0x0000000085c00000, 0x0000000085c00000|100%| E|CS|TAMS 0x0000000085b00000| PB 0x0000000085b00000| Complete 
|  92|0x0000000085c00000, 0x0000000085d00000, 0x0000000085d00000|100%| E|CS|TAMS 0x0000000085c00000| PB 0x0000000085c00000| Complete 
|  93|0x0000000085d00000, 0x0000000085e00000, 0x0000000085e00000|100%| E|CS|TAMS 0x0000000085d00000| PB 0x0000000085d00000| Complete 
|  94|0x0000000085e00000, 0x0000000085f00000, 0x0000000085f00000|100%| E|CS|TAMS 0x0000000085e00000| PB 0x0000000085e00000| Complete 
|  95|0x0000000085f00000, 0x0000000086000000, 0x0000000086000000|100%| E|CS|TAMS 0x0000000085f00000| PB 0x0000000085f00000| Complete 
|  96|0x0000000086000000, 0x0000000086100000, 0x0000000086100000|100%| E|CS|TAMS 0x0000000086000000| PB 0x0000000086000000| Complete 
|  97|0x0000000086100000, 0x0000000086200000, 0x0000000086200000|100%| E|CS|TAMS 0x0000000086100000| PB 0x0000000086100000| Complete 
| 123|0x0000000087b00000, 0x0000000087c00000, 0x0000000087c00000|100%| E|CS|TAMS 0x0000000087b00000| PB 0x0000000087b00000| Complete 
|2040|0x00000000ff800000, 0x00000000ff900000, 0x00000000ff900000|100%| O|  |TAMS 0x00000000ff800000| PB 0x00000000ff800000| Untracked 
|2041|0x00000000ff900000, 0x00000000ffa00000, 0x00000000ffa00000|100%| O|  |TAMS 0x00000000ff900000| PB 0x00000000ff900000| Untracked 
|2042|0x00000000ffa00000, 0x00000000ffb00000, 0x00000000ffb00000|100%| O|  |TAMS 0x00000000ffa00000| PB 0x00000000ffa00000| Untracked 
|2043|0x00000000ffb00000, 0x00000000ffc00000, 0x00000000ffc00000|100%| O|  |TAMS 0x00000000ffb00000| PB 0x00000000ffb00000| Untracked 
|2044|0x00000000ffc00000, 0x00000000ffd00000, 0x00000000ffd00000|100%| O|  |TAMS 0x00000000ffc00000| PB 0x00000000ffc00000| Untracked 
|2045|0x00000000ffd00000, 0x00000000ffe00000, 0x00000000ffe00000|100%| O|  |TAMS 0x00000000ffd00000| PB 0x00000000ffd00000| Untracked 
|2046|0x00000000ffe00000, 0x00000000fff00000, 0x00000000fff00000|100%| O|  |TAMS 0x00000000ffe00000| PB 0x00000000ffe00000| Untracked 
|2047|0x00000000fff00000, 0x0000000100000000, 0x0000000100000000|100%| O|  |TAMS 0x00000000fff00000| PB 0x00000000fff00000| Untracked 

Card table byte_map: [0x00000152732b0000,0x00000152736b0000] _byte_map_base: 0x0000015272eb0000

Marking Bits: (CMBitMap*) 0x00000152608649a0
 Bits: [0x00000152736b0000, 0x00000152756b0000)

Polling page: 0x000001525e770000

Metaspace:

Usage:
  Non-class:     29.71 MB used.
      Class:      4.62 MB used.
       Both:     34.33 MB used.

Virtual space:
  Non-class space:       64.00 MB reserved,      30.12 MB ( 47%) committed,  1 nodes.
      Class space:        1.00 GB reserved,       5.00 MB ( <1%) committed,  1 nodes.
             Both:        1.06 GB reserved,      35.12 MB (  3%) committed. 

Chunk freelists:
   Non-Class:  1.82 MB
       Class:  11.01 MB
        Both:  12.83 MB

MaxMetaspaceSize: unlimited
CompressedClassSpaceSize: 1.00 GB
Initial GC threshold: 21.00 MB
Current GC threshold: 35.12 MB
CDS: off
 - commit_granule_bytes: 65536.
 - commit_granule_words: 8192.
 - virtual_space_node_default_size: 8388608.
 - enlarge_chunks_in_place: 1.
 - use_allocation_guard: 0.


Internal statistics:

num_allocs_failed_limit: 6.
num_arena_births: 1472.
num_arena_deaths: 0.
num_vsnodes_births: 2.
num_vsnodes_deaths: 0.
num_space_committed: 562.
num_space_uncommitted: 0.
num_chunks_returned_to_freelist: 6.
num_chunks_taken_from_freelist: 2630.
num_chunk_merges: 0.
num_chunk_splits: 1665.
num_chunks_enlarged: 1044.
num_inconsistent_stats: 0.

CodeHeap 'non-profiled nmethods': size=120000Kb used=1949Kb max_used=1949Kb free=118050Kb
 bounds [0x000001526b430000, 0x000001526b6a0000, 0x0000015272960000]
CodeHeap 'profiled nmethods': size=120000Kb used=6787Kb max_used=6787Kb free=113212Kb
 bounds [0x0000015263960000, 0x0000015264010000, 0x000001526ae90000]
CodeHeap 'non-nmethods': size=5760Kb used=1488Kb max_used=1537Kb free=4271Kb
 bounds [0x000001526ae90000, 0x000001526b100000, 0x000001526b430000]
 total_blobs=4015 nmethods=3436 adapters=483
 compilation: enabled
              stopped_count=0, restarted_count=0
 full_count=0

Compilation events (20 events):
Event: 3.302 Thread 0x0000015278546010 3431       3       java.io.DataOutputStream::writeUTF (7 bytes)
Event: 3.302 Thread 0x0000015278546010 nmethod 3431 0x0000015263ffb510 code [0x0000015263ffb6c0, 0x0000015263ffb800]
Event: 3.302 Thread 0x0000015278546010 3432       3       java.io.ObjectInputStream$PeekInputStream::readFully (48 bytes)
Event: 3.302 Thread 0x0000015278546010 nmethod 3432 0x0000015263ffb890 code [0x0000015263ffba60, 0x0000015263ffbd98]
Event: 3.302 Thread 0x0000015278546010 3433       3       java.net.URLClassLoader$1::run (5 bytes)
Event: 3.302 Thread 0x0000015278546010 nmethod 3433 0x0000015263ffbf10 code [0x0000015263ffc0c0, 0x0000015263ffc200]
Event: 3.303 Thread 0x0000015278546010 3436       3       java.util.stream.AbstractPipeline::wrapSink (37 bytes)
Event: 3.303 Thread 0x0000015278546010 nmethod 3436 0x0000015263ffc290 code [0x0000015263ffc460, 0x0000015263ffc850]
Event: 3.303 Thread 0x0000015278546010 3434       3       java.util.stream.AbstractPipeline::sourceSpliterator (265 bytes)
Event: 3.303 Thread 0x0000015278546010 nmethod 3434 0x0000015263ffca10 code [0x0000015263ffcca0, 0x0000015263ffdb20]
Event: 3.303 Thread 0x0000015278546010 3435       3       java.util.stream.AbstractPipeline::wrapAndCopyInto (18 bytes)
Event: 3.304 Thread 0x0000015278546010 nmethod 3435 0x0000015263ffe090 code [0x0000015263ffe280, 0x0000015263ffe670]
Event: 3.304 Thread 0x0000015278546010 3437       3       java.util.stream.AbstractPipeline::copyInto (54 bytes)
Event: 3.304 Thread 0x0000015278546010 nmethod 3437 0x0000015263ffe810 code [0x0000015263ffea40, 0x0000015263fff140]
Event: 3.304 Thread 0x0000015278546010 3438       1       java.io.ClassCache$CacheRef::getStrong (5 bytes)
Event: 3.304 Thread 0x0000015278546010 nmethod 3438 0x000001526b617190 code [0x000001526b617320, 0x000001526b6173e8]
Event: 3.304 Thread 0x0000015278546010 3440       3       java.util.stream.AbstractPipeline::evaluate (94 bytes)
Event: 3.304 Thread 0x0000015278546010 nmethod 3440 0x0000015263fff390 code [0x0000015263fff5c0, 0x0000015263fffc50]
Event: 3.304 Thread 0x0000015278546010 3439       1       com.google.common.cache.LocalCache$2::offer (2 bytes)
Event: 3.304 Thread 0x0000015278546010 nmethod 3439 0x000001526b617490 code [0x000001526b617620, 0x000001526b6176e8]

GC Heap History (10 events):
Event: 0.491 GC heap before
{Heap before GC invocations=0 (full 0):
 garbage-first heap   total 126976K, used 22528K [0x0000000080000000, 0x0000000100000000)
  region size 1024K, 23 young (23552K), 0 survivors (0K)
 Metaspace       used 7966K, committed 8128K, reserved 1114112K
  class space    used 709K, committed 768K, reserved 1048576K
}
Event: 0.495 GC heap after
{Heap after GC invocations=1 (full 0):
 garbage-first heap   total 126976K, used 3408K [0x0000000080000000, 0x0000000100000000)
  region size 1024K, 3 young (3072K), 3 survivors (3072K)
 Metaspace       used 7966K, committed 8128K, reserved 1114112K
  class space    used 709K, committed 768K, reserved 1048576K
}
Event: 0.954 GC heap before
{Heap before GC invocations=1 (full 0):
 garbage-first heap   total 126976K, used 39248K [0x0000000080000000, 0x0000000100000000)
  region size 1024K, 36 young (36864K), 3 survivors (3072K)
 Metaspace       used 12120K, committed 12352K, reserved 1114112K
  class space    used 1273K, committed 1408K, reserved 1048576K
}
Event: 0.960 GC heap after
{Heap after GC invocations=2 (full 0):
 garbage-first heap   total 126976K, used 11488K [0x0000000080000000, 0x0000000100000000)
  region size 1024K, 5 young (5120K), 5 survivors (5120K)
 Metaspace       used 12120K, committed 12352K, reserved 1114112K
  class space    used 1273K, committed 1408K, reserved 1048576K
}
Event: 1.308 GC heap before
{Heap before GC invocations=2 (full 0):
 garbage-first heap   total 126976K, used 60640K [0x0000000080000000, 0x0000000100000000)
  region size 1024K, 51 young (52224K), 5 survivors (5120K)
 Metaspace       used 13108K, committed 13376K, reserved 1114112K
  class space    used 1442K, committed 1600K, reserved 1048576K
}
Event: 1.314 GC heap after
{Heap after GC invocations=3 (full 0):
 garbage-first heap   total 126976K, used 17837K [0x0000000080000000, 0x0000000100000000)
  region size 1024K, 5 young (5120K), 5 survivors (5120K)
 Metaspace       used 13108K, committed 13376K, reserved 1114112K
  class space    used 1442K, committed 1600K, reserved 1048576K
}
Event: 1.782 GC heap before
{Heap before GC invocations=3 (full 0):
 garbage-first heap   total 126976K, used 43437K [0x0000000080000000, 0x0000000100000000)
  region size 1024K, 31 young (31744K), 5 survivors (5120K)
 Metaspace       used 21248K, committed 21504K, reserved 1114112K
  class space    used 2446K, committed 2560K, reserved 1048576K
}
Event: 1.787 GC heap after
{Heap after GC invocations=4 (full 0):
 garbage-first heap   total 126976K, used 21358K [0x0000000080000000, 0x0000000100000000)
  region size 1024K, 9 young (9216K), 9 survivors (9216K)
 Metaspace       used 21248K, committed 21504K, reserved 1114112K
  class space    used 2446K, committed 2560K, reserved 1048576K
}
Event: 2.784 GC heap before
{Heap before GC invocations=5 (full 0):
 garbage-first heap   total 75776K, used 74606K [0x0000000080000000, 0x0000000100000000)
  region size 1024K, 61 young (62464K), 9 survivors (9216K)
 Metaspace       used 29877K, committed 30464K, reserved 1114112K
  class space    used 3830K, committed 4096K, reserved 1048576K
}
Event: 2.792 GC heap after
{Heap after GC invocations=6 (full 0):
 garbage-first heap   total 88064K, used 24635K [0x0000000080000000, 0x0000000100000000)
  region size 1024K, 7 young (7168K), 7 survivors (7168K)
 Metaspace       used 29877K, committed 30464K, reserved 1114112K
  class space    used 3830K, committed 4096K, reserved 1048576K
}

Dll operation events (3 events):
Event: 0.009 Loaded shared library E:\android studio\jbr\bin\java.dll
Event: 0.014 Loaded shared library E:\android studio\jbr\bin\zip.dll
Event: 0.584 Loaded shared library E:\android studio\jbr\bin\verify.dll

Deoptimization events (20 events):
Event: 3.221 Thread 0x000001527ecb0530 Uncommon trap: trap_request=0xffffffc6 fr.pc=0x000001526b589844 relative=0x0000000000004b44
Event: 3.221 Thread 0x000001527ecb0530 Uncommon trap: reason=bimorphic_or_optimized_type_check action=maybe_recompile pc=0x000001526b589844 method=java.lang.ClassLoader.loadClass(Ljava/lang/String;Z)Ljava/lang/Class; @ 38 c2
Event: 3.221 Thread 0x000001527ecb0530 DEOPT PACKING pc=0x000001526b589844 sp=0x00000043e73fa230
Event: 3.221 Thread 0x000001527ecb0530 DEOPT UNPACKING pc=0x000001526aee46a2 sp=0x00000043e73fa260 mode 2
Event: 3.221 Thread 0x000001527ecb0530 Uncommon trap: trap_request=0xffffffc6 fr.pc=0x000001526b589844 relative=0x0000000000004b44
Event: 3.221 Thread 0x000001527ecb0530 Uncommon trap: reason=bimorphic_or_optimized_type_check action=maybe_recompile pc=0x000001526b589844 method=java.lang.ClassLoader.loadClass(Ljava/lang/String;Z)Ljava/lang/Class; @ 38 c2
Event: 3.221 Thread 0x000001527ecb0530 DEOPT PACKING pc=0x000001526b589844 sp=0x00000043e73fb2b0
Event: 3.221 Thread 0x000001527ecb0530 DEOPT UNPACKING pc=0x000001526aee46a2 sp=0x00000043e73fb2e0 mode 2
Event: 3.222 Thread 0x000001527ecb0530 Uncommon trap: trap_request=0xffffff45 fr.pc=0x000001526b59c890 relative=0x0000000000006850
Event: 3.222 Thread 0x000001527ecb0530 Uncommon trap: reason=unstable_if action=reinterpret pc=0x000001526b59c890 method=java.net.URLClassLoader.getAndVerifyPackage(Ljava/lang/String;Ljava/util/jar/Manifest;Ljava/net/URL;)Ljava/lang/Package; @ 62 c2
Event: 3.222 Thread 0x000001527ecb0530 DEOPT PACKING pc=0x000001526b59c890 sp=0x00000043e73fb640
Event: 3.222 Thread 0x000001527ecb0530 DEOPT UNPACKING pc=0x000001526aee46a2 sp=0x00000043e73fb3d8 mode 2
Event: 3.223 Thread 0x000001527ecb0530 Uncommon trap: trap_request=0xffffff45 fr.pc=0x000001526b5b60a0 relative=0x0000000000005c60
Event: 3.223 Thread 0x000001527ecb0530 Uncommon trap: reason=unstable_if action=reinterpret pc=0x000001526b5b60a0 method=java.util.zip.ZipFile.getInputStream(Ljava/util/zip/ZipEntry;)Ljava/io/InputStream; @ 101 c2
Event: 3.223 Thread 0x000001527ecb0530 DEOPT PACKING pc=0x000001526b5b60a0 sp=0x00000043e73f78a0
Event: 3.223 Thread 0x000001527ecb0530 DEOPT UNPACKING pc=0x000001526aee46a2 sp=0x00000043e73f7580 mode 2
Event: 3.258 Thread 0x000001527ecb0530 DEOPT PACKING pc=0x0000015263c1fea1 sp=0x00000043e73fa820
Event: 3.258 Thread 0x000001527ecb0530 DEOPT UNPACKING pc=0x000001526aee4e42 sp=0x00000043e73f9d90 mode 0
Event: 3.277 Thread 0x000001527ecb0530 DEOPT PACKING pc=0x0000015263dd42a1 sp=0x00000043e73fa250
Event: 3.277 Thread 0x000001527ecb0530 DEOPT UNPACKING pc=0x000001526aee4e42 sp=0x00000043e73f9750 mode 0

Classes loaded (20 events):
Event: 2.978 Loading class java/io/UnsupportedEncodingException
Event: 2.978 Loading class java/io/UnsupportedEncodingException done
Event: 2.995 Loading class java/util/Collections$SingletonMap
Event: 2.995 Loading class java/util/Collections$SingletonMap done
Event: 3.101 Loading class java/util/concurrent/TimeoutException
Event: 3.101 Loading class java/util/concurrent/TimeoutException done
Event: 3.101 Loading class java/util/concurrent/CancellationException
Event: 3.101 Loading class java/util/concurrent/CancellationException done
Event: 3.115 Loading class java/util/concurrent/locks/AbstractQueuedSynchronizer$SharedNode
Event: 3.115 Loading class java/util/concurrent/locks/AbstractQueuedSynchronizer$SharedNode done
Event: 3.119 Loading class java/io/InterruptedIOException
Event: 3.119 Loading class java/io/InterruptedIOException done
Event: 3.123 Loading class java/util/ArrayDeque$DeqSpliterator
Event: 3.124 Loading class java/util/ArrayDeque$DeqSpliterator done
Event: 3.131 Loading class java/nio/charset/CharacterCodingException
Event: 3.131 Loading class java/nio/charset/CharacterCodingException done
Event: 3.131 Loading class java/lang/Short$ShortCache
Event: 3.132 Loading class java/lang/Short$ShortCache done
Event: 3.186 Loading class sun/nio/fs/WindowsPath$1
Event: 3.186 Loading class sun/nio/fs/WindowsPath$1 done

Classes unloaded (0 events):
No events

Classes redefined (0 events):
No events

Internal exceptions (20 events):
Event: 3.041 Thread 0x000001527ecb0530 Exception <a 'java/lang/NoSuchMethodError'{0x00000000833bbce8}: 'java.lang.Object java.lang.invoke.DirectMethodHandle$Holder.invokeSpecial(java.lang.Object, java.lang.Object, java.lang.Object, java.lang.Object, java.lang.Object, java.lang.Object, java.lang.Object, java.lang.Object, java.lang.Object, java.lang.Object, java.lang.Object, java.lang.Object, java.lang.Object, java.lang.Object)'> (0x00000000833bbce8) 
thrown [s\src\hotspot\share\interpreter\linkResolver.cpp, line 784]
Event: 3.041 Thread 0x000001527ecb0530 Exception <a 'java/lang/NoSuchMethodError'{0x00000000833c0a38}: 'java.lang.Object java.lang.invoke.DelegatingMethodHandle$Holder.reinvoke_L(java.lang.Object, java.lang.Object, java.lang.Object, java.lang.Object, java.lang.Object, java.lang.Object, java.lang.Object, java.lang.Object, java.lang.Object, java.lang.Object, java.lang.Object, java.lang.Object, java.lang.Object)'> (0x00000000833c0a38) 
thrown [s\src\hotspot\share\interpreter\linkResolver.cpp, line 784]
Event: 3.053 Thread 0x000001527ecb0530 Exception <a 'java/lang/NoSuchMethodError'{0x0000000083158bf0}: 'void java.lang.invoke.DirectMethodHandle$Holder.invokeStaticInit(java.lang.Object, java.lang.Object)'> (0x0000000083158bf0) 
thrown [s\src\hotspot\share\interpreter\linkResolver.cpp, line 784]
Event: 3.121 Thread 0x000001527ecb0530 Exception <a 'java/lang/NoSuchMethodError'{0x0000000082bb6570}: 'int java.lang.invoke.DirectMethodHandle$Holder.invokeVirtual(java.lang.Object, java.lang.Object)'> (0x0000000082bb6570) 
thrown [s\src\hotspot\share\interpreter\linkResolver.cpp, line 784]
Event: 3.140 Thread 0x000001527ecb0530 Exception <a 'java/lang/NoSuchMethodError'{0x0000000082aff238}: 'java.lang.Object java.lang.invoke.DirectMethodHandle$Holder.newInvokeSpecial(java.lang.Object, java.lang.Object, long)'> (0x0000000082aff238) 
thrown [s\src\hotspot\share\interpreter\linkResolver.cpp, line 784]
Event: 3.140 Thread 0x000001527ecb0530 Exception <a 'java/lang/NoSuchMethodError'{0x00000000829035d0}: 'java.lang.Object java.lang.invoke.Invokers$Holder.linkToTargetMethod(java.lang.Object, long, java.lang.Object)'> (0x00000000829035d0) 
thrown [s\src\hotspot\share\interpreter\linkResolver.cpp, line 784]
Event: 3.159 Thread 0x000001527ecb0530 Exception <a 'java/lang/NoSuchMethodError'{0x000000008287a220}: 'int java.lang.invoke.DirectMethodHandle$Holder.invokeInterface(java.lang.Object, java.lang.Object)'> (0x000000008287a220) 
thrown [s\src\hotspot\share\interpreter\linkResolver.cpp, line 784]
Event: 3.160 Thread 0x000001527ecb0530 Exception <a 'java/lang/NoSuchMethodError'{0x000000008289d788}: 'java.lang.Object java.lang.invoke.DirectMethodHandle$Holder.invokeStatic(java.lang.Object, java.lang.Object, int, java.lang.Object)'> (0x000000008289d788) 
thrown [s\src\hotspot\share\interpreter\linkResolver.cpp, line 784]
Event: 3.160 Thread 0x000001527ecb0530 Exception <a 'java/lang/NoSuchMethodError'{0x00000000828a4680}: 'java.lang.Object java.lang.invoke.DirectMethodHandle$Holder.newInvokeSpecial(java.lang.Object, java.lang.Object, int, java.lang.Object)'> (0x00000000828a4680) 
thrown [s\src\hotspot\share\interpreter\linkResolver.cpp, line 784]
Event: 3.160 Thread 0x000001527ecb0530 Exception <a 'java/lang/NoSuchMethodError'{0x00000000828a88f8}: 'java.lang.Object java.lang.invoke.DirectMethodHandle$Holder.invokeSpecial(java.lang.Object, java.lang.Object, java.lang.Object, int, java.lang.Object)'> (0x00000000828a88f8) 
thrown [s\src\hotspot\share\interpreter\linkResolver.cpp, line 784]
Event: 3.222 Thread 0x000001527ecb0530 Exception <a 'java/lang/NoSuchMethodError'{0x0000000082760908}: static Lorg/gradle/tooling/internal/consumer/connection/InternalPhasedActionAdapter;.<clinit>()V> (0x0000000082760908) 
thrown [s\src\hotspot\share\prims\jni.cpp, line 1135]
Event: 3.225 Thread 0x000001527ecb0530 Exception <a 'java/lang/NoSuchMethodError'{0x00000000824f18f8}: static Lorg/gradle/tooling/internal/consumer/connection/InternalBuildActionAdapter;.<clinit>()V> (0x00000000824f18f8) 
thrown [s\src\hotspot\share\prims\jni.cpp, line 1135]
Event: 3.281 Thread 0x000001527ecb0530 Exception <a 'java/lang/NoSuchMethodError'{0x000000008226dab0}: static Ljava/lang/Object;.<clinit>()V> (0x000000008226dab0) 
thrown [s\src\hotspot\share\prims\jni.cpp, line 1135]
Event: 3.292 Thread 0x000001527ecb0530 Exception <a 'java/lang/NoSuchMethodError'{0x000000008215a428}: static Lorg/jetbrains/kotlin/idea/gradleTooling/PrepareKotlinIdeImportTaskModel;.<clinit>()V> (0x000000008215a428) 
thrown [s\src\hotspot\share\prims\jni.cpp, line 1135]
Event: 3.293 Thread 0x000001527ecb0530 Exception <a 'java/lang/NoSuchMethodError'{0x00000000821722d0}: static Lorg/jetbrains/kotlin/idea/gradleTooling/KotlinDslScriptModelProvider;.<clinit>()V> (0x00000000821722d0) 
thrown [s\src\hotspot\share\prims\jni.cpp, line 1135]
Event: 3.301 Thread 0x000001527ecb0530 Exception <a 'java/lang/NoSuchMethodError'{0x00000000821eb3f0}: static Ljava/lang/Object;.<clinit>()V> (0x00000000821eb3f0) 
thrown [s\src\hotspot\share\prims\jni.cpp, line 1135]
Event: 3.302 Thread 0x000001527ecb0530 Exception <a 'java/lang/NoSuchMethodError'{0x00000000821fe308}: static Lorg/jetbrains/kotlin/idea/gradleTooling/KotlinGradleModel;.<clinit>()V> (0x00000000821fe308) 
thrown [s\src\hotspot\share\prims\jni.cpp, line 1135]
Event: 3.303 Thread 0x000001527ecb0530 Exception <a 'java/lang/NoSuchMethodError'{0x000000008201ba90}: static Lorg/jetbrains/plugins/gradle/model/AnnotationProcessingModel;.<clinit>()V> (0x000000008201ba90) 
thrown [s\src\hotspot\share\prims\jni.cpp, line 1135]
Event: 3.303 Thread 0x000001527ecb0530 Exception <a 'java/lang/NoSuchMethodError'{0x000000008202bdd8}: static Lorg/jetbrains/plugins/gradle/model/RepositoryModels;.<clinit>()V> (0x000000008202bdd8) 
thrown [s\src\hotspot\share\prims\jni.cpp, line 1135]
Event: 3.303 Thread 0x000001527ecb0530 Exception <a 'java/lang/NoSuchMethodError'{0x000000008203bd60}: static Lorg/jetbrains/plugins/gradle/javaModel/JavaGradleManifestModel;.<clinit>()V> (0x000000008203bd60) 
thrown [s\src\hotspot\share\prims\jni.cpp, line 1135]

ZGC Phase Switch (0 events):
No events

VM Operations (20 events):
Event: 1.782 Executing VM operation: CollectForMetadataAllocation (Metadata GC Threshold)
Event: 1.787 Executing VM operation: CollectForMetadataAllocation (Metadata GC Threshold) done
Event: 1.792 Executing VM operation: G1PauseRemark
Event: 1.794 Executing VM operation: G1PauseRemark done
Event: 1.796 Executing VM operation: G1PauseCleanup
Event: 1.800 Executing VM operation: G1PauseCleanup done
Event: 2.154 Executing VM operation: HandshakeAllThreads (Deoptimize)
Event: 2.154 Executing VM operation: HandshakeAllThreads (Deoptimize) done
Event: 2.468 Executing VM operation: HandshakeAllThreads (Deoptimize)
Event: 2.468 Executing VM operation: HandshakeAllThreads (Deoptimize) done
Event: 2.469 Executing VM operation: HandshakeAllThreads (Deoptimize)
Event: 2.469 Executing VM operation: HandshakeAllThreads (Deoptimize) done
Event: 2.524 Executing VM operation: ICBufferFull
Event: 2.524 Executing VM operation: ICBufferFull done
Event: 2.784 Executing VM operation: G1CollectForAllocation (G1 Evacuation Pause)
Event: 2.792 Executing VM operation: G1CollectForAllocation (G1 Evacuation Pause) done
Event: 3.150 Executing VM operation: HandshakeAllThreads (Deoptimize)
Event: 3.150 Executing VM operation: HandshakeAllThreads (Deoptimize) done
Event: 3.168 Executing VM operation: ICBufferFull
Event: 3.168 Executing VM operation: ICBufferFull done

Memory protections (0 events):
No events

Nmethod flushes (0 events):
No events

Events (20 events):
Event: 2.164 Thread 0x000001527ecb0530 Thread added: 0x000001527ec4d450
Event: 2.190 Thread 0x000001527ecb0530 Thread added: 0x000001527ec4dae0
Event: 2.288 Thread 0x0000015278546010 Thread added: 0x000001527f0ac930
Event: 2.818 Thread 0x000001527ecb0530 Thread added: 0x000001527ec4e170
Event: 2.987 Thread 0x000001527ecb0530 Thread added: 0x000001527ec4acf0
Event: 2.997 Thread 0x000001527ecb0530 Thread added: 0x000001527ec4b380
Event: 3.115 Thread 0x000001527ecb0530 Thread added: 0x000001527f4f06d0
Event: 3.120 Thread 0x000001527ecb0530 Thread added: 0x000001527f4f13f0
Event: 3.185 Thread 0x000001527ecb0530 Thread added: 0x000001527f4f0d60
Event: 3.185 Thread 0x000001527ecb0530 Thread added: 0x000001527f4edf70
Event: 3.185 Thread 0x000001527ecb0530 Thread added: 0x000001527f4ee600
Event: 3.185 Thread 0x000001527ecb0530 Thread added: 0x000001527f4eec90
Event: 3.185 Thread 0x000001527ecb0530 Thread added: 0x000001527f4ef320
Event: 3.185 Thread 0x000001527ecb0530 Thread added: 0x000001527f4ef9b0
Event: 3.185 Thread 0x000001527ecb0530 Thread added: 0x000001527f4f0040
Event: 3.185 Thread 0x000001527ecb0530 Thread added: 0x000001527f0705a0
Event: 3.185 Thread 0x000001527ecb0530 Thread added: 0x000001527f06eb60
Event: 3.185 Thread 0x000001527ecb0530 Thread added: 0x000001527f06de40
Event: 3.185 Thread 0x000001527ecb0530 Thread added: 0x000001527f06e4d0
Event: 3.186 Thread 0x000001527ecb0530 Thread added: 0x000001527f072670


Dynamic libraries:
0x00007ff6917f0000 - 0x00007ff6917fa000 	E:\android studio\jbr\bin\java.exe
0x00007ffa50900000 - 0x00007ffa50b60000 	C:\WINDOWS\SYSTEM32\ntdll.dll
0x00007ffa4f4f0000 - 0x00007ffa4f5b7000 	C:\WINDOWS\System32\KERNEL32.DLL
0x00007ffa4de30000 - 0x00007ffa4e1fa000 	C:\WINDOWS\System32\KERNELBASE.dll
0x00007ffa4dce0000 - 0x00007ffa4de2b000 	C:\WINDOWS\System32\ucrtbase.dll
0x00007ffa2db40000 - 0x00007ffa2db5b000 	E:\android studio\jbr\bin\VCRUNTIME140.dll
0x00007ffa47c80000 - 0x00007ffa47c98000 	E:\android studio\jbr\bin\jli.dll
0x00007ffa4ff60000 - 0x00007ffa5012c000 	C:\WINDOWS\System32\USER32.dll
0x00007ffa4e340000 - 0x00007ffa4e367000 	C:\WINDOWS\System32\win32u.dll
0x00007ffa4f360000 - 0x00007ffa4f38a000 	C:\WINDOWS\System32\GDI32.dll
0x00007ffa174c0000 - 0x00007ffa17757000 	C:\WINDOWS\WinSxS\amd64_microsoft.windows.common-controls_6595b64144ccf1df_6.0.26100.3624_none_3e086962e3345f24\COMCTL32.dll
0x00007ffa4e200000 - 0x00007ffa4e331000 	C:\WINDOWS\System32\gdi32full.dll
0x00007ffa4ef00000 - 0x00007ffa4efa9000 	C:\WINDOWS\System32\msvcrt.dll
0x00007ffa4dae0000 - 0x00007ffa4db83000 	C:\WINDOWS\System32\msvcp_win.dll
0x00007ffa4e960000 - 0x00007ffa4e98f000 	C:\WINDOWS\System32\IMM32.DLL
0x00007ffa43630000 - 0x00007ffa4363c000 	E:\android studio\jbr\bin\vcruntime140_1.dll
0x00007ffa2d200000 - 0x00007ffa2d28d000 	E:\android studio\jbr\bin\msvcp140.dll
0x00007ffa267e0000 - 0x00007ffa2746a000 	E:\android studio\jbr\bin\server\jvm.dll
0x00007ffa4f1a0000 - 0x00007ffa4f252000 	C:\WINDOWS\System32\ADVAPI32.dll
0x00007ffa50130000 - 0x00007ffa501d6000 	C:\WINDOWS\System32\sechost.dll
0x00007ffa501e0000 - 0x00007ffa502f6000 	C:\WINDOWS\System32\RPCRT4.dll
0x00007ffa4f0f0000 - 0x00007ffa4f164000 	C:\WINDOWS\System32\WS2_32.dll
0x00007ffa40eb0000 - 0x00007ffa40ee6000 	C:\WINDOWS\SYSTEM32\WINMM.dll
0x00007ffa4c770000 - 0x00007ffa4c7ce000 	C:\WINDOWS\SYSTEM32\POWRPROF.dll
0x00007ffa40fe0000 - 0x00007ffa40feb000 	C:\WINDOWS\SYSTEM32\VERSION.dll
0x00007ffa4c750000 - 0x00007ffa4c764000 	C:\WINDOWS\SYSTEM32\UMPDC.dll
0x00007ffa4ca10000 - 0x00007ffa4ca2a000 	C:\WINDOWS\SYSTEM32\kernel.appcore.dll
0x00007ffa3b7f0000 - 0x00007ffa3b7fa000 	E:\android studio\jbr\bin\jimage.dll
0x00007ffa4b120000 - 0x00007ffa4b361000 	C:\WINDOWS\SYSTEM32\DBGHELP.DLL
0x00007ffa4ea80000 - 0x00007ffa4ee02000 	C:\WINDOWS\System32\combase.dll
0x00007ffa4e9a0000 - 0x00007ffa4ea76000 	C:\WINDOWS\System32\OLEAUT32.dll
0x00007ffa305b0000 - 0x00007ffa305e9000 	C:\WINDOWS\SYSTEM32\dbgcore.DLL
0x00007ffa4e370000 - 0x00007ffa4e409000 	C:\WINDOWS\System32\bcryptPrimitives.dll
0x00007ffa47c70000 - 0x00007ffa47c7e000 	E:\android studio\jbr\bin\instrument.dll
0x00007ffa2db20000 - 0x00007ffa2db40000 	E:\android studio\jbr\bin\java.dll
0x00007ffa2d160000 - 0x00007ffa2d178000 	E:\android studio\jbr\bin\zip.dll
0x00007ffa4f5c0000 - 0x00007ffa4fce9000 	C:\WINDOWS\System32\SHELL32.dll
0x00007ffa4e410000 - 0x00007ffa4e578000 	C:\WINDOWS\System32\wintypes.dll
0x00007ffa4b7c0000 - 0x00007ffa4c012000 	C:\WINDOWS\SYSTEM32\windows.storage.dll
0x00007ffa4ee10000 - 0x00007ffa4eefd000 	C:\WINDOWS\System32\SHCORE.dll
0x00007ffa4efb0000 - 0x00007ffa4f014000 	C:\WINDOWS\System32\shlwapi.dll
0x00007ffa4d9f0000 - 0x00007ffa4da1f000 	C:\WINDOWS\SYSTEM32\profapi.dll
0x00007ffa3b740000 - 0x00007ffa3b750000 	E:\android studio\jbr\bin\net.dll
0x00007ffa45060000 - 0x00007ffa4517d000 	C:\WINDOWS\SYSTEM32\WINHTTP.dll
0x00007ffa4cf30000 - 0x00007ffa4cf9a000 	C:\WINDOWS\system32\mswsock.dll
0x00007ffa2ce30000 - 0x00007ffa2ce46000 	E:\android studio\jbr\bin\nio.dll
0x00007ffa43730000 - 0x00007ffa43740000 	E:\android studio\jbr\bin\verify.dll
0x00007ffa47ca0000 - 0x00007ffa47cc7000 	C:\Users\ma725\.gradle\native\c067742578af261105cb4f569cf0c3c89f3d7b1fecec35dd04571415982c5e48\windows-amd64\native-platform.dll
0x00007ffa288b0000 - 0x00007ffa289f4000 	C:\Users\ma725\.gradle\native\100fb08df4bc3b14c8652ba06237920a3bd2aa13389f12d3474272988ae205f9\windows-amd64\native-platform-file-events.dll
0x00007ffa39ed0000 - 0x00007ffa39ed9000 	E:\android studio\jbr\bin\management.dll
0x00007ffa39390000 - 0x00007ffa3939b000 	E:\android studio\jbr\bin\management_ext.dll
0x00007ffa4e8f0000 - 0x00007ffa4e8f8000 	C:\WINDOWS\System32\PSAPI.DLL
0x00007ffa4d1e0000 - 0x00007ffa4d1fc000 	C:\WINDOWS\SYSTEM32\CRYPTSP.dll
0x00007ffa4c970000 - 0x00007ffa4c9aa000 	C:\WINDOWS\system32\rsaenh.dll
0x00007ffa4cfd0000 - 0x00007ffa4cffb000 	C:\WINDOWS\SYSTEM32\USERENV.dll
0x00007ffa4d9c0000 - 0x00007ffa4d9e6000 	C:\WINDOWS\SYSTEM32\bcrypt.dll
0x00007ffa4d1d0000 - 0x00007ffa4d1dc000 	C:\WINDOWS\SYSTEM32\CRYPTBASE.dll
0x00007ffa4c460000 - 0x00007ffa4c493000 	C:\WINDOWS\SYSTEM32\IPHLPAPI.DLL
0x00007ffa4f0e0000 - 0x00007ffa4f0ea000 	C:\WINDOWS\System32\NSI.dll
0x00007ffa3a7a0000 - 0x00007ffa3a7a9000 	E:\android studio\jbr\bin\extnet.dll
0x00007ffa0a340000 - 0x00007ffa0a348000 	C:\WINDOWS\system32\wshunix.dll

dbghelp: loaded successfully - version: 4.0.5 - missing functions: none
symbol engine: initialized successfully - sym options: 0x614 - pdb path: .;E:\android studio\jbr\bin;C:\WINDOWS\SYSTEM32;C:\WINDOWS\WinSxS\amd64_microsoft.windows.common-controls_6595b64144ccf1df_6.0.26100.3624_none_3e086962e3345f24;E:\android studio\jbr\bin\server;C:\Users\ma725\.gradle\native\c067742578af261105cb4f569cf0c3c89f3d7b1fecec35dd04571415982c5e48\windows-amd64;C:\Users\ma725\.gradle\native\100fb08df4bc3b14c8652ba06237920a3bd2aa13389f12d3474272988ae205f9\windows-amd64

VM Arguments:
jvm_args: --add-opens=java.base/java.lang=ALL-UNNAMED --add-opens=java.base/java.lang.invoke=ALL-UNNAMED --add-opens=java.base/java.util=ALL-UNNAMED --add-opens=java.prefs/java.util.prefs=ALL-UNNAMED --add-exports=jdk.compiler/com.sun.tools.javac.api=ALL-UNNAMED --add-exports=jdk.compiler/com.sun.tools.javac.util=ALL-UNNAMED --add-opens=java.base/java.util=ALL-UNNAMED --add-opens=java.prefs/java.util.prefs=ALL-UNNAMED --add-opens=java.base/java.nio.charset=ALL-UNNAMED --add-opens=java.base/java.net=ALL-UNNAMED --add-opens=java.base/java.util.concurrent.atomic=ALL-UNNAMED --add-opens=java.xml/javax.xml.namespace=ALL-UNNAMED -Xmx2048m -Dfile.encoding=UTF-8 -Duser.country=US -Duser.language=en -Duser.variant -javaagent:C:\Users\ma725\.gradle\wrapper\dists\gradle-8.11.1-bin\bpt9gzteqjrbo1mjrsomdt32c\gradle-8.11.1\lib\agents\gradle-instrumentation-agent-8.11.1.jar 
java_command: org.gradle.launcher.daemon.bootstrap.GradleDaemon 8.11.1
java_class_path (initial): C:\Users\ma725\.gradle\wrapper\dists\gradle-8.11.1-bin\bpt9gzteqjrbo1mjrsomdt32c\gradle-8.11.1\lib\gradle-daemon-main-8.11.1.jar
Launcher Type: SUN_STANDARD

[Global flags]
     intx CICompilerCount                          = 4                                         {product} {ergonomic}
     uint ConcGCThreads                            = 3                                         {product} {ergonomic}
     uint G1ConcRefinementThreads                  = 10                                        {product} {ergonomic}
   size_t G1HeapRegionSize                         = 1048576                                   {product} {ergonomic}
    uintx GCDrainStackTargetSize                   = 64                                        {product} {ergonomic}
   size_t InitialHeapSize                          = 130023424                                 {product} {ergonomic}
   size_t MarkStackSize                            = 4194304                                   {product} {ergonomic}
   size_t MaxHeapSize                              = 2147483648                                {product} {command line}
   size_t MaxNewSize                               = 1287651328                                {product} {ergonomic}
   size_t MinHeapDeltaBytes                        = 1048576                                   {product} {ergonomic}
   size_t MinHeapSize                              = 8388608                                   {product} {ergonomic}
    uintx NonNMethodCodeHeapSize                   = 5839372                                {pd product} {ergonomic}
    uintx NonProfiledCodeHeapSize                  = 122909434                              {pd product} {ergonomic}
    uintx ProfiledCodeHeapSize                     = 122909434                              {pd product} {ergonomic}
    uintx ReservedCodeCacheSize                    = 251658240                              {pd product} {ergonomic}
     bool SegmentedCodeCache                       = true                                      {product} {ergonomic}
   size_t SoftMaxHeapSize                          = 2147483648                             {manageable} {ergonomic}
     bool UseCompressedOops                        = true                           {product lp64_product} {ergonomic}
     bool UseG1GC                                  = true                                      {product} {ergonomic}
     bool UseLargePagesIndividualAllocation        = false                                  {pd product} {ergonomic}

Logging:
Log output configuration:
 #0: stdout all=warning uptime,level,tags foldmultilines=false
 #1: stderr all=off uptime,level,tags foldmultilines=false

Environment Variables:
JAVA_HOME=E:\android studio\jbr
PATH=C:\Program Files\Common Files\Oracle\Java\javapath;C:\WINDOWS\system32;C:\WINDOWS;C:\WINDOWS\System32\Wbem;C:\WINDOWS\System32\WindowsPowerShell\v1.0\;C:\WINDOWS\System32\OpenSSH\;E:\android studio\jbr\bin;C:\Program Files (x86)\NVIDIA Corporation\PhysX\Common;C:\Program Files\NVIDIA Corporation\NVIDIA app\NvDLISR;C:\MinGW\bin;C:\Program Files\Git\cmd;C:\Program Files\Git LFS;C:\Users\ma725\AppData\Local\Programs\Python\Python39\Scripts\;C:\Users\ma725\AppData\Local\Programs\Python\Python39\;C:\Users\ma725\AppData\Local\Programs\Python\Launcher\;C:\Users\ma725\AppData\Local\Microsoft\WindowsApps;E:\Microsoft VS Code\bin;C:\Program Files (x86)\GnuWin32\bin;C:\MinGW\bin;C:\MinGW\msys\1.0\bin;
USERNAME=ma725
OS=Windows_NT
PROCESSOR_IDENTIFIER=Intel64 Family 6 Model 154 Stepping 3, GenuineIntel
TMP=C:\Users\ma725\AppData\Local\Temp
TEMP=C:\Users\ma725\AppData\Local\Temp




Periodic native trim disabled

JNI global refs:
JNI global refs: 25, weak refs: 0

JNI global refs memory usage: 835, weak refs: 833

Process memory usage:
Resident Set Size: 245204K (3% of 8048768K total physical memory with 435984K free physical memory)

OOME stack traces (most recent first):
Classloader memory used:
Loader bootstrap                                                                       : 17500K
Loader org.gradle.internal.classloader.VisitableURLClassLoader                         : 14994K
Loader org.gradle.initialization.MixInLegacyTypesClassLoader                           : 1987K
Loader org.gradle.internal.classloader.VisitableURLClassLoader                         : 235K
Loader jdk.internal.loader.ClassLoaders$AppClassLoader                                 : 234K
Loader jdk.internal.loader.ClassLoaders$PlatformClassLoader                            : 114K
Loader jdk.internal.reflect.DelegatingClassLoader                                      : 89112B

Classes loaded by more than one classloader:
Class org.gradle.internal.classloader.FilteringClassLoader                            : loaded 2 times (x 101B)
Class org.gradle.internal.classloader.ClassLoaderHierarchy                            : loaded 2 times (x 66B)
Class org.gradle.api.internal.classpath.ManifestUtil                                  : loaded 2 times (x 67B)
Class org.gradle.internal.classloader.DefaultClassLoaderFactory                       : loaded 2 times (x 78B)
Class org.gradle.internal.classloader.ClassLoaderVisitor                              : loaded 2 times (x 72B)
Class org.gradle.api.internal.classpath.EffectiveClassPath                            : loaded 2 times (x 86B)
Class org.gradle.api.internal.DefaultClassPathProvider                                : loaded 2 times (x 72B)
Class [Lorg.gradle.api.internal.ClassPathProvider;                                    : loaded 2 times (x 65B)
Class org.gradle.api.internal.ClassPathProvider                                       : loaded 2 times (x 66B)
Class org.gradle.internal.service.UnknownServiceException                             : loaded 2 times (x 79B)
Class org.gradle.internal.classpath.TransformedClassPath                              : loaded 2 times (x 92B)
Class org.gradle.internal.classloader.InstrumentingClassLoader                        : loaded 2 times (x 66B)
Class org.gradle.internal.service.ServiceLocator                                      : loaded 2 times (x 66B)
Class org.gradle.internal.InternalTransformer                                         : loaded 2 times (x 66B)
Class org.gradle.internal.classloader.ClasspathUtil$1                                 : loaded 2 times (x 72B)
Class org.gradle.api.internal.classpath.DefaultModuleRegistry$DefaultModule           : loaded 2 times (x 82B)
Class kotlin.Function                                                                 : loaded 2 times (x 66B)
Class org.gradle.api.internal.classpath.Module                                        : loaded 2 times (x 66B)
Class org.gradle.api.internal.classpath.UnknownModuleException                        : loaded 2 times (x 78B)
Class org.gradle.api.internal.DefaultClassPathRegistry                                : loaded 2 times (x 72B)
Class org.gradle.api.internal.ClassPathRegistry                                       : loaded 2 times (x 66B)
Class org.gradle.internal.classpath.DefaultClassPath$ImmutableUniqueList              : loaded 2 times (x 195B)
Class org.gradle.internal.classpath.ClassPath                                         : loaded 2 times (x 66B)
Class org.gradle.api.UncheckedIOException                                             : loaded 2 times (x 78B)
Class org.gradle.internal.installation.GradleInstallation$1                           : loaded 2 times (x 71B)
Class org.gradle.api.internal.classpath.ModuleRegistry                                : loaded 2 times (x 66B)
Class org.gradle.api.internal.classpath.DefaultModuleRegistry                         : loaded 2 times (x 82B)
Class org.gradle.internal.service.ServiceLookupException                              : loaded 2 times (x 78B)
Class org.gradle.internal.classloader.ClassLoaderFactory                              : loaded 2 times (x 66B)
Class org.gradle.internal.service.CachingServiceLocator                               : loaded 2 times (x 78B)
Class org.gradle.internal.classloader.ClasspathUtil                                   : loaded 2 times (x 67B)
Class org.gradle.api.specs.Spec                                                       : loaded 2 times (x 66B)
Class org.gradle.internal.classloader.VisitableURLClassLoader$InstrumentingVisitableURLClassLoader: loaded 2 times (x 119B)
Class org.gradle.internal.classloader.VisitableURLClassLoader$Spec                    : loaded 2 times (x 70B)
Class org.gradle.internal.classpath.DefaultClassPath                                  : loaded 2 times (x 86B)
Class org.gradle.internal.classloader.ClassLoaderSpec                                 : loaded 2 times (x 67B)
Class org.gradle.internal.classloader.VisitableURLClassLoader                         : loaded 2 times (x 113B)
Class org.gradle.internal.Cast                                                        : loaded 2 times (x 67B)
Class org.gradle.api.Action                                                           : loaded 2 times (x 66B)
Class kotlin.jvm.functions.Function1                                                  : loaded 2 times (x 66B)
Class org.gradle.internal.classpath.DefaultClassPath$ImmutableUniqueList$Builder      : loaded 2 times (x 71B)
Class org.gradle.api.GradleException                                                  : loaded 2 times (x 78B)
Class org.gradle.internal.IoActions                                                   : loaded 2 times (x 67B)
Class org.gradle.internal.classloader.SystemClassLoaderSpec                           : loaded 2 times (x 67B)
Class org.gradle.api.internal.classpath.GlobalCacheRootsProvider                      : loaded 2 times (x 66B)
Class org.gradle.internal.installation.CurrentGradleInstallationLocator               : loaded 2 times (x 67B)
Class org.gradle.internal.service.DefaultServiceLocator                               : loaded 2 times (x 79B)
Class org.gradle.util.GradleVersion                                                   : loaded 2 times (x 79B)
Class org.gradle.internal.installation.CurrentGradleInstallation                      : loaded 2 times (x 69B)
Class org.gradle.util.internal.GUtil                                                  : loaded 2 times (x 67B)
Class org.gradle.internal.installation.GradleInstallation                             : loaded 2 times (x 71B)

---------------  S Y S T E M  ---------------

OS:
 Windows 11 , 64 bit Build 26100 (10.0.26100.3775)
OS uptime: 0 days 10:28 hours

CPU: total 12 (initial active 12) (6 cores per cpu, 2 threads per core) family 6 model 154 stepping 3 microcode 0x432, cx8, cmov, fxsr, ht, mmx, 3dnowpref, sse, sse2, sse3, ssse3, sse4.1, sse4.2, popcnt, lzcnt, tsc, tscinvbit, avx, avx2, aes, erms, clmul, bmi1, bmi2, adx, sha, fma, vzeroupper, clflush, clflushopt, clwb, serialize, rdtscp, rdpid, fsrm, f16c, pku, cet_ibt, cet_ss
Processor Information for processor 0
  Max Mhz: 2000, Current Mhz: 2000, Mhz Limit: 2000
Processor Information for processor 1
  Max Mhz: 2000, Current Mhz: 2000, Mhz Limit: 2000
Processor Information for processor 2
  Max Mhz: 2000, Current Mhz: 2000, Mhz Limit: 2000
Processor Information for processor 3
  Max Mhz: 2000, Current Mhz: 2000, Mhz Limit: 2000
Processor Information for processor 4
  Max Mhz: 2000, Current Mhz: 1520, Mhz Limit: 2000
Processor Information for processor 5
  Max Mhz: 2000, Current Mhz: 2000, Mhz Limit: 2000
Processor Information for processor 6
  Max Mhz: 2000, Current Mhz: 2000, Mhz Limit: 2000
Processor Information for processor 7
  Max Mhz: 2000, Current Mhz: 2000, Mhz Limit: 2000
Processor Information for processor 8
  Max Mhz: 2000, Current Mhz: 1500, Mhz Limit: 1500
Processor Information for processor 9
  Max Mhz: 2000, Current Mhz: 1500, Mhz Limit: 1500
Processor Information for processor 10
  Max Mhz: 2000, Current Mhz: 1500, Mhz Limit: 1500
Processor Information for processor 11
  Max Mhz: 2000, Current Mhz: 1500, Mhz Limit: 1500

Memory: 4k page, system-wide physical 7860M (425M free)
TotalPageFile size 16052M (AvailPageFile size 6M)
current process WorkingSet (physical memory assigned to process): 239M, peak: 239M
current process commit charge ("private bytes"): 284M, peak: 285M

vm_info: OpenJDK 64-Bit Server VM (21.0.5+-12932927-b750.29) for windows-amd64 JRE (21.0.5+-12932927-b750.29), built on 2025-01-17T02:01:10Z by "builder" with MS VC++ 16.10 / 16.11 (VS2019)

END.
