#
# There is insufficient memory for the Java Runtime Environment to continue.
# Native memory allocation (malloc) failed to allocate 2112016 bytes. Error detail: Chunk::new
# Possible reasons:
#   The system is out of physical RAM or swap space
#   This process is running with CompressedOops enabled, and the Java Heap may be blocking the growth of the native heap
# Possible solutions:
#   Reduce memory load on the system
#   Increase physical memory or swap space
#   Check if swap backing store is full
#   Decrease Java heap size (-Xmx/-Xms)
#   Decrease number of Java threads
#   Decrease Java thread stack sizes (-Xss)
#   Set larger code cache with -XX:ReservedCodeCacheSize=
#   JVM is running with Unscaled Compressed Oops mode in which the Java heap is
#     placed in the first 4GB address space. The Java Heap base address is the
#     maximum limit for the native heap growth. Please use -XX:HeapBaseMinAddress
#     to set the Java Heap base and to place the Java Heap above 4GB virtual address.
# This output file may be truncated or incomplete.
#
#  Out of Memory Error (arena.cpp:168), pid=9996, tid=16736
#
# JRE version: OpenJDK Runtime Environment (21.0.5) (build 21.0.5+-12932927-b750.29)
# Java VM: OpenJDK 64-Bit Server VM (21.0.5+-12932927-b750.29, mixed mode, tiered, compressed oops, compressed class ptrs, g1 gc, windows-amd64)
# No core dump will be written. Minidumps are not enabled by default on client versions of Windows
#

---------------  S U M M A R Y ------------

Command Line: --add-opens=java.base/java.lang=ALL-UNNAMED --add-opens=java.base/java.lang.invoke=ALL-UNNAMED --add-opens=java.base/java.util=ALL-UNNAMED --add-opens=java.prefs/java.util.prefs=ALL-UNNAMED --add-exports=jdk.compiler/com.sun.tools.javac.api=ALL-UNNAMED --add-exports=jdk.compiler/com.sun.tools.javac.util=ALL-UNNAMED --add-opens=java.base/java.util=ALL-UNNAMED --add-opens=java.prefs/java.util.prefs=ALL-UNNAMED --add-opens=java.base/java.nio.charset=ALL-UNNAMED --add-opens=java.base/java.net=ALL-UNNAMED --add-opens=java.base/java.util.concurrent.atomic=ALL-UNNAMED --add-opens=java.xml/javax.xml.namespace=ALL-UNNAMED -Xmx2048m -Dfile.encoding=UTF-8 -Duser.country=US -Duser.language=en -Duser.variant -javaagent:C:\Users\ma725\.gradle\wrapper\dists\gradle-8.11.1-bin\bpt9gzteqjrbo1mjrsomdt32c\gradle-8.11.1\lib\agents\gradle-instrumentation-agent-8.11.1.jar org.gradle.launcher.daemon.bootstrap.GradleDaemon 8.11.1

Host: 12th Gen Intel(R) Core(TM) i5-12450H, 12 cores, 7G,  Windows 11 , 64 bit Build 26100 (10.0.26100.3775)
Time: Sun May 25 19:47:20 2025 Bangladesh Standard Time elapsed time: 6.019097 seconds (0d 0h 0m 6s)

---------------  T H R E A D  ---------------

Current thread (0x000001ec2d038240):  JavaThread "C2 CompilerThread1" daemon [_thread_in_native, id=16736, stack(0x0000009a70d00000,0x0000009a70e00000) (1024K)]


Current CompileTask:
C2:6019 4627       4       java.net.URLClassLoader$1::run (5 bytes)

Stack: [0x0000009a70d00000,0x0000009a70e00000]
Native frames: (J=compiled Java code, j=interpreted, Vv=VM code, C=native code)
V  [jvm.dll+0x6cfb29]
V  [jvm.dll+0x85ded3]
V  [jvm.dll+0x86042e]
V  [jvm.dll+0x860b13]
V  [jvm.dll+0x27e6b6]
V  [jvm.dll+0xbff6d]
V  [jvm.dll+0xc04a3]
V  [jvm.dll+0x3b5ffb]
V  [jvm.dll+0x381f97]
V  [jvm.dll+0x38140a]
V  [jvm.dll+0x247c62]
V  [jvm.dll+0x247231]
V  [jvm.dll+0x1c5ee4]
V  [jvm.dll+0x25697c]
V  [jvm.dll+0x254ec6]
V  [jvm.dll+0x3f0ce6]
V  [jvm.dll+0x806368]
V  [jvm.dll+0x6ce3fd]
C  [ucrtbase.dll+0x37b0]
C  [KERNEL32.DLL+0x2e8d7]
C  [ntdll.dll+0xb14fc]


---------------  P R O C E S S  ---------------

Threads class SMR info:
_java_thread_list=0x000001ec1060d7f0, length=34, elements={
0x000001ec0eb163d0, 0x000001ec28a75270, 0x000001ec28a75cc0, 0x000001ec28a565a0,
0x000001ec28a57380, 0x000001ec28a56c00, 0x000001ec28a98ee0, 0x000001ec28a99c60,
0x000001ec28a9a6f0, 0x000001ec28b463c0, 0x000001ec28da9770, 0x000001ec2d038240,
0x000001ec28dacd00, 0x000001ec2e8815c0, 0x000001ec2eb551f0, 0x000001ec2eb64fe0,
0x000001ec2ead0620, 0x000001ec2ead0c80, 0x000001ec2eb8bc10, 0x000001ec2eb8c680,
0x000001ec2eb94c70, 0x000001ec2dec9b40, 0x000001ec2dec73e0, 0x000001ec2dec8790,
0x000001ec2dec8100, 0x000001ec2dec8e20, 0x000001ec2f16bff0, 0x000001ec2f16d3a0,
0x000001ec2f16b960, 0x000001ec2f16e750, 0x000001ec2f16e0c0, 0x000001ec2f16ede0,
0x000001ec2f16da30, 0x000001ec2f16f470
}

Java Threads: ( => current thread )
  0x000001ec0eb163d0 JavaThread "main"                              [_thread_blocked, id=14984, stack(0x0000009a6fb00000,0x0000009a6fc00000) (1024K)]
  0x000001ec28a75270 JavaThread "Reference Handler"          daemon [_thread_blocked, id=1772, stack(0x0000009a70300000,0x0000009a70400000) (1024K)]
  0x000001ec28a75cc0 JavaThread "Finalizer"                  daemon [_thread_blocked, id=15020, stack(0x0000009a70400000,0x0000009a70500000) (1024K)]
  0x000001ec28a565a0 JavaThread "Signal Dispatcher"          daemon [_thread_blocked, id=18016, stack(0x0000009a70500000,0x0000009a70600000) (1024K)]
  0x000001ec28a57380 JavaThread "Attach Listener"            daemon [_thread_blocked, id=4392, stack(0x0000009a70600000,0x0000009a70700000) (1024K)]
  0x000001ec28a56c00 JavaThread "Service Thread"             daemon [_thread_blocked, id=12260, stack(0x0000009a70700000,0x0000009a70800000) (1024K)]
  0x000001ec28a98ee0 JavaThread "Monitor Deflation Thread"   daemon [_thread_blocked, id=2656, stack(0x0000009a70800000,0x0000009a70900000) (1024K)]
  0x000001ec28a99c60 JavaThread "C2 CompilerThread0"         daemon [_thread_in_native, id=11360, stack(0x0000009a70900000,0x0000009a70a00000) (1024K)]
  0x000001ec28a9a6f0 JavaThread "C1 CompilerThread0"         daemon [_thread_blocked, id=16860, stack(0x0000009a70a00000,0x0000009a70b00000) (1024K)]
  0x000001ec28b463c0 JavaThread "Common-Cleaner"             daemon [_thread_blocked, id=15980, stack(0x0000009a70b00000,0x0000009a70c00000) (1024K)]
  0x000001ec28da9770 JavaThread "Notification Thread"        daemon [_thread_blocked, id=20180, stack(0x0000009a70c00000,0x0000009a70d00000) (1024K)]
=>0x000001ec2d038240 JavaThread "C2 CompilerThread1"         daemon [_thread_in_native, id=16736, stack(0x0000009a70d00000,0x0000009a70e00000) (1024K)]
  0x000001ec28dacd00 JavaThread "C2 CompilerThread2"         daemon [_thread_in_native, id=4148, stack(0x0000009a70e00000,0x0000009a70f00000) (1024K)]
  0x000001ec2e8815c0 JavaThread "Daemon health stats"               [_thread_blocked, id=9088, stack(0x0000009a71500000,0x0000009a71600000) (1024K)]
  0x000001ec2eb551f0 JavaThread "Incoming local TCP Connector on port 58106"        [_thread_in_native, id=8572, stack(0x0000009a71600000,0x0000009a71700000) (1024K)]
  0x000001ec2eb64fe0 JavaThread "Daemon periodic checks"            [_thread_blocked, id=5272, stack(0x0000009a71700000,0x0000009a71800000) (1024K)]
  0x000001ec2ead0620 JavaThread "Daemon"                            [_thread_blocked, id=14708, stack(0x0000009a71800000,0x0000009a71900000) (1024K)]
  0x000001ec2ead0c80 JavaThread "Handler for socket connection from /127.0.0.1:58106 to /127.0.0.1:58107"        [_thread_in_native, id=1380, stack(0x0000009a71900000,0x0000009a71a00000) (1024K)]
  0x000001ec2eb8bc10 JavaThread "Cancel handler"                    [_thread_blocked, id=19400, stack(0x0000009a71a00000,0x0000009a71b00000) (1024K)]
  0x000001ec2eb8c680 JavaThread "Daemon worker"                     [_thread_in_vm, id=18812, stack(0x0000009a71b00000,0x0000009a71c00000) (1024K)]
  0x000001ec2eb94c70 JavaThread "Asynchronous log dispatcher for DefaultDaemonConnection: socket connection from /127.0.0.1:58106 to /127.0.0.1:58107"        [_thread_blocked, id=10816, stack(0x0000009a71c00000,0x0000009a71d00000) (1024K)]
  0x000001ec2dec9b40 JavaThread "Stdin handler"                     [_thread_blocked, id=11144, stack(0x0000009a71d00000,0x0000009a71e00000) (1024K)]
  0x000001ec2dec73e0 JavaThread "Daemon client event forwarder"        [_thread_blocked, id=14844, stack(0x0000009a71e00000,0x0000009a71f00000) (1024K)]
  0x000001ec2dec8790 JavaThread "Cache worker for journal cache (C:\Users\ma725\.gradle\caches\journal-1)"        [_thread_blocked, id=15876, stack(0x0000009a72400000,0x0000009a72500000) (1024K)]
  0x000001ec2dec8100 JavaThread "File lock request listener"        [_thread_in_native, id=13860, stack(0x0000009a72500000,0x0000009a72600000) (1024K)]
  0x000001ec2dec8e20 JavaThread "Cache worker for file hash cache (C:\Users\ma725\.gradle\caches\8.11.1\fileHashes)"        [_thread_blocked, id=1172, stack(0x0000009a72600000,0x0000009a72700000) (1024K)]
  0x000001ec2f16bff0 JavaThread "Cache worker for file content cache (C:\Users\ma725\.gradle\caches\8.11.1\fileContent)"        [_thread_blocked, id=3512, stack(0x0000009a72700000,0x0000009a72800000) (1024K)]
  0x000001ec2f16d3a0 JavaThread "Cache worker for file hash cache (E:\YourClass\.gradle\8.11.1\fileHashes)"        [_thread_blocked, id=1880, stack(0x0000009a72800000,0x0000009a72900000) (1024K)]
  0x000001ec2f16b960 JavaThread "Cache worker for Build Output Cleanup Cache (E:\YourClass\.gradle\buildOutputCleanup)"        [_thread_blocked, id=19788, stack(0x0000009a72900000,0x0000009a72a00000) (1024K)]
  0x000001ec2f16e750 JavaThread "File watcher server"        daemon [_thread_in_native, id=18572, stack(0x0000009a72a00000,0x0000009a72b00000) (1024K)]
  0x000001ec2f16e0c0 JavaThread "File watcher consumer"      daemon [_thread_blocked, id=13584, stack(0x0000009a72b00000,0x0000009a72c00000) (1024K)]
  0x000001ec2f16ede0 JavaThread "Cache worker for checksums cache (E:\YourClass\.gradle\8.11.1\checksums)"        [_thread_blocked, id=13660, stack(0x0000009a72c00000,0x0000009a72d00000) (1024K)]
  0x000001ec2f16da30 JavaThread "Cache worker for cache directory md-rule (C:\Users\ma725\.gradle\caches\8.11.1\md-rule)"        [_thread_blocked, id=18620, stack(0x0000009a72d00000,0x0000009a72e00000) (1024K)]
  0x000001ec2f16f470 JavaThread "Cache worker for cache directory md-supplier (C:\Users\ma725\.gradle\caches\8.11.1\md-supplier)"        [_thread_blocked, id=19880, stack(0x0000009a72e00000,0x0000009a72f00000) (1024K)]
Total: 34

Other Threads:
  0x000001ec28896300 VMThread "VM Thread"                           [id=16340, stack(0x0000009a70200000,0x0000009a70300000) (1024K)]
  0x000001ec28850dc0 WatcherThread "VM Periodic Task Thread"        [id=18440, stack(0x0000009a70100000,0x0000009a70200000) (1024K)]
  0x000001ec105c3300 WorkerThread "GC Thread#0"                     [id=18548, stack(0x0000009a6fc00000,0x0000009a6fd00000) (1024K)]
  0x000001ec2d42f330 WorkerThread "GC Thread#1"                     [id=15696, stack(0x0000009a70f00000,0x0000009a71000000) (1024K)]
  0x000001ec2d540930 WorkerThread "GC Thread#2"                     [id=400, stack(0x0000009a71000000,0x0000009a71100000) (1024K)]
  0x000001ec2d683e90 WorkerThread "GC Thread#3"                     [id=10520, stack(0x0000009a71100000,0x0000009a71200000) (1024K)]
  0x000001ec2d684230 WorkerThread "GC Thread#4"                     [id=18372, stack(0x0000009a71200000,0x0000009a71300000) (1024K)]
  0x000001ec2e8405b0 WorkerThread "GC Thread#5"                     [id=5772, stack(0x0000009a71300000,0x0000009a71400000) (1024K)]
  0x000001ec2e9dbe80 WorkerThread "GC Thread#6"                     [id=16460, stack(0x0000009a71400000,0x0000009a71500000) (1024K)]
  0x000001ec2ebf69e0 WorkerThread "GC Thread#7"                     [id=15880, stack(0x0000009a71f00000,0x0000009a72000000) (1024K)]
  0x000001ec2ebf5b60 WorkerThread "GC Thread#8"                     [id=13376, stack(0x0000009a72000000,0x0000009a72100000) (1024K)]
  0x000001ec2ebf57c0 WorkerThread "GC Thread#9"                     [id=7436, stack(0x0000009a72100000,0x0000009a72200000) (1024K)]
  0x000001ec105d5200 ConcurrentGCThread "G1 Main Marker"            [id=18616, stack(0x0000009a6fd00000,0x0000009a6fe00000) (1024K)]
  0x000001ec105d6a50 WorkerThread "G1 Conc#0"                       [id=16264, stack(0x0000009a6fe00000,0x0000009a6ff00000) (1024K)]
  0x000001ec2ebf5f00 WorkerThread "G1 Conc#1"                       [id=19644, stack(0x0000009a72200000,0x0000009a72300000) (1024K)]
  0x000001ec2ebf5080 WorkerThread "G1 Conc#2"                       [id=19296, stack(0x0000009a72300000,0x0000009a72400000) (1024K)]
  0x000001ec1062ea30 ConcurrentGCThread "G1 Refine#0"               [id=11332, stack(0x0000009a6ff00000,0x0000009a70000000) (1024K)]
  0x000001ec28724590 ConcurrentGCThread "G1 Service"                [id=9736, stack(0x0000009a70000000,0x0000009a70100000) (1024K)]
Total: 18

Threads with active compile tasks:
C2 CompilerThread0  6044 4655       4       java.lang.invoke.InvokerBytecodeGenerator::addMethod (725 bytes)
C2 CompilerThread1  6044 4627       4       java.net.URLClassLoader$1::run (5 bytes)
C2 CompilerThread2  6044 4645   !   4       java.net.URLClassLoader::findClass (47 bytes)
Total: 3

VM state: not at safepoint (normal execution)

VM Mutex/Monitor currently owned by a thread: None

Heap address: 0x0000000080000000, size: 2048 MB, Compressed Oops mode: 32-bit

CDS archive(s) not mapped
Compressed class space mapped at: 0x0000000100000000-0x0000000140000000, reserved size: 1073741824
Narrow klass base: 0x0000000000000000, Narrow klass shift: 3, Narrow klass range: 0x140000000

GC Precious Log:
 CardTable entry size: 512
 Card Set container configuration: InlinePtr #cards 5 size 8 Array Of Cards #cards 12 size 40 Howl #buckets 4 coarsen threshold 1843 Howl Bitmap #cards 512 size 80 coarsen threshold 460 Card regions per heap region 1 cards per card region 2048
 CPUs: 12 total, 12 available
 Memory: 7860M
 Large Page Support: Disabled
 NUMA Support: Disabled
 Compressed Oops: Enabled (32-bit)
 Heap Region Size: 1M
 Heap Min Capacity: 8M
 Heap Initial Capacity: 124M
 Heap Max Capacity: 2G
 Pre-touch: Disabled
 Parallel Workers: 10
 Concurrent Workers: 3
 Concurrent Refinement Workers: 10
 Periodic GC: Disabled

Heap:
 garbage-first heap   total 92160K, used 74647K [0x0000000080000000, 0x0000000100000000)
  region size 1024K, 45 young (46080K), 3 survivors (3072K)
 Metaspace       used 51447K, committed 52928K, reserved 1114112K
  class space    used 7021K, committed 7744K, reserved 1048576K

Heap Regions: E=young(eden), S=young(survivor), O=old, HS=humongous(starts), HC=humongous(continues), CS=collection set, F=free, TAMS=top-at-mark-start, PB=parsable bottom
|   0|0x0000000080000000, 0x0000000080100000, 0x0000000080100000|100%| O|  |TAMS 0x0000000080000000| PB 0x0000000080000000| Untracked 
|   1|0x0000000080100000, 0x0000000080200000, 0x0000000080200000|100%|HS|  |TAMS 0x0000000080100000| PB 0x0000000080100000| Complete 
|   2|0x0000000080200000, 0x0000000080300000, 0x0000000080300000|100%|HC|  |TAMS 0x0000000080200000| PB 0x0000000080200000| Complete 
|   3|0x0000000080300000, 0x0000000080400000, 0x0000000080400000|100%|HC|  |TAMS 0x0000000080300000| PB 0x0000000080300000| Complete 
|   4|0x0000000080400000, 0x0000000080500000, 0x0000000080500000|100%| O|  |TAMS 0x0000000080400000| PB 0x0000000080400000| Untracked 
|   5|0x0000000080500000, 0x0000000080600000, 0x0000000080600000|100%| O|  |TAMS 0x0000000080500000| PB 0x0000000080500000| Untracked 
|   6|0x0000000080600000, 0x0000000080700000, 0x0000000080700000|100%| O|  |TAMS 0x0000000080600000| PB 0x0000000080600000| Untracked 
|   7|0x0000000080700000, 0x0000000080800000, 0x0000000080800000|100%|HS|  |TAMS 0x0000000080700000| PB 0x0000000080700000| Complete 
|   8|0x0000000080800000, 0x0000000080900000, 0x0000000080900000|100%| O|  |TAMS 0x0000000080800000| PB 0x0000000080800000| Untracked 
|   9|0x0000000080900000, 0x0000000080a00000, 0x0000000080a00000|100%| O|  |TAMS 0x0000000080900000| PB 0x0000000080900000| Untracked 
|  10|0x0000000080a00000, 0x0000000080b00000, 0x0000000080b00000|100%| O|  |TAMS 0x0000000080a00000| PB 0x0000000080a00000| Untracked 
|  11|0x0000000080b00000, 0x0000000080c00000, 0x0000000080c00000|100%| O|  |TAMS 0x0000000080b00000| PB 0x0000000080b00000| Untracked 
|  12|0x0000000080c00000, 0x0000000080d00000, 0x0000000080d00000|100%| O|  |TAMS 0x0000000080c00000| PB 0x0000000080c00000| Untracked 
|  13|0x0000000080d00000, 0x0000000080e00000, 0x0000000080e00000|100%| O|  |TAMS 0x0000000080d00000| PB 0x0000000080d00000| Untracked 
|  14|0x0000000080e00000, 0x0000000080f00000, 0x0000000080f00000|100%| O|  |TAMS 0x0000000080e00000| PB 0x0000000080e00000| Untracked 
|  15|0x0000000080f00000, 0x0000000081000000, 0x0000000081000000|100%| O|  |TAMS 0x0000000080f00000| PB 0x0000000080f00000| Untracked 
|  16|0x0000000081000000, 0x0000000081100000, 0x0000000081100000|100%| O|  |TAMS 0x0000000081000000| PB 0x0000000081000000| Untracked 
|  17|0x0000000081100000, 0x0000000081200000, 0x0000000081200000|100%| O|  |TAMS 0x0000000081100000| PB 0x0000000081100000| Untracked 
|  18|0x0000000081200000, 0x0000000081300000, 0x0000000081300000|100%| O|  |TAMS 0x0000000081200000| PB 0x0000000081200000| Untracked 
|  19|0x0000000081300000, 0x0000000081400000, 0x0000000081400000|100%| O|  |TAMS 0x0000000081300000| PB 0x0000000081300000| Untracked 
|  20|0x0000000081400000, 0x0000000081500000, 0x0000000081500000|100%| O|  |TAMS 0x0000000081400000| PB 0x0000000081400000| Untracked 
|  21|0x0000000081500000, 0x0000000081600000, 0x0000000081600000|100%| O|  |TAMS 0x0000000081500000| PB 0x0000000081500000| Untracked 
|  22|0x0000000081600000, 0x0000000081600000, 0x0000000081700000|  0%| F|  |TAMS 0x0000000081600000| PB 0x0000000081600000| Untracked 
|  23|0x0000000081700000, 0x0000000081800000, 0x0000000081800000|100%| O|  |TAMS 0x0000000081700000| PB 0x0000000081700000| Untracked 
|  24|0x0000000081800000, 0x0000000081900000, 0x0000000081900000|100%| O|  |TAMS 0x0000000081800000| PB 0x0000000081800000| Untracked 
|  25|0x0000000081900000, 0x0000000081a00000, 0x0000000081a00000|100%| O|  |TAMS 0x0000000081900000| PB 0x0000000081900000| Untracked 
|  26|0x0000000081a00000, 0x0000000081b00000, 0x0000000081b00000|100%| O|  |TAMS 0x0000000081a00000| PB 0x0000000081a00000| Untracked 
|  27|0x0000000081b00000, 0x0000000081c00000, 0x0000000081c00000|100%| O|  |TAMS 0x0000000081b00000| PB 0x0000000081b00000| Untracked 
|  28|0x0000000081c00000, 0x0000000081c00000, 0x0000000081d00000|  0%| F|  |TAMS 0x0000000081c00000| PB 0x0000000081c00000| Untracked 
|  29|0x0000000081d00000, 0x0000000081d00000, 0x0000000081e00000|  0%| F|  |TAMS 0x0000000081d00000| PB 0x0000000081d00000| Untracked 
|  30|0x0000000081e00000, 0x0000000081e00000, 0x0000000081f00000|  0%| F|  |TAMS 0x0000000081e00000| PB 0x0000000081e00000| Untracked 
|  31|0x0000000081f00000, 0x0000000081f00000, 0x0000000082000000|  0%| F|  |TAMS 0x0000000081f00000| PB 0x0000000081f00000| Untracked 
|  32|0x0000000082000000, 0x0000000082000000, 0x0000000082100000|  0%| F|  |TAMS 0x0000000082000000| PB 0x0000000082000000| Untracked 
|  33|0x0000000082100000, 0x0000000082100000, 0x0000000082200000|  0%| F|  |TAMS 0x0000000082100000| PB 0x0000000082100000| Untracked 
|  34|0x0000000082200000, 0x0000000082200000, 0x0000000082300000|  0%| F|  |TAMS 0x0000000082200000| PB 0x0000000082200000| Untracked 
|  35|0x0000000082300000, 0x0000000082400000, 0x0000000082400000|100%| O|  |TAMS 0x0000000082300000| PB 0x0000000082300000| Untracked 
|  36|0x0000000082400000, 0x0000000082500000, 0x0000000082500000|100%| O|  |TAMS 0x0000000082400000| PB 0x0000000082400000| Untracked 
|  37|0x0000000082500000, 0x00000000825c9720, 0x0000000082600000| 78%| O|  |TAMS 0x0000000082500000| PB 0x0000000082500000| Untracked 
|  38|0x0000000082600000, 0x0000000082600000, 0x0000000082700000|  0%| F|  |TAMS 0x0000000082600000| PB 0x0000000082600000| Untracked 
|  39|0x0000000082700000, 0x0000000082700000, 0x0000000082800000|  0%| F|  |TAMS 0x0000000082700000| PB 0x0000000082700000| Untracked 
|  40|0x0000000082800000, 0x0000000082800000, 0x0000000082900000|  0%| F|  |TAMS 0x0000000082800000| PB 0x0000000082800000| Untracked 
|  41|0x0000000082900000, 0x0000000082900000, 0x0000000082a00000|  0%| F|  |TAMS 0x0000000082900000| PB 0x0000000082900000| Untracked 
|  42|0x0000000082a00000, 0x0000000082a1c7b0, 0x0000000082b00000| 11%| S|CS|TAMS 0x0000000082a00000| PB 0x0000000082a00000| Complete 
|  43|0x0000000082b00000, 0x0000000082c00000, 0x0000000082c00000|100%| S|CS|TAMS 0x0000000082b00000| PB 0x0000000082b00000| Complete 
|  44|0x0000000082c00000, 0x0000000082d00000, 0x0000000082d00000|100%| S|CS|TAMS 0x0000000082c00000| PB 0x0000000082c00000| Complete 
|  45|0x0000000082d00000, 0x0000000082d00000, 0x0000000082e00000|  0%| F|  |TAMS 0x0000000082d00000| PB 0x0000000082d00000| Untracked 
|  46|0x0000000082e00000, 0x0000000082e00000, 0x0000000082f00000|  0%| F|  |TAMS 0x0000000082e00000| PB 0x0000000082e00000| Untracked 
|  47|0x0000000082f00000, 0x0000000082f00000, 0x0000000083000000|  0%| F|  |TAMS 0x0000000082f00000| PB 0x0000000082f00000| Untracked 
|  48|0x0000000083000000, 0x0000000083100000, 0x0000000083100000|100%| E|  |TAMS 0x0000000083000000| PB 0x0000000083000000| Complete 
|  49|0x0000000083100000, 0x0000000083200000, 0x0000000083200000|100%| E|CS|TAMS 0x0000000083100000| PB 0x0000000083100000| Complete 
|  50|0x0000000083200000, 0x0000000083300000, 0x0000000083300000|100%| E|CS|TAMS 0x0000000083200000| PB 0x0000000083200000| Complete 
|  51|0x0000000083300000, 0x0000000083400000, 0x0000000083400000|100%| E|CS|TAMS 0x0000000083300000| PB 0x0000000083300000| Complete 
|  52|0x0000000083400000, 0x0000000083500000, 0x0000000083500000|100%| E|CS|TAMS 0x0000000083400000| PB 0x0000000083400000| Complete 
|  53|0x0000000083500000, 0x0000000083600000, 0x0000000083600000|100%| E|CS|TAMS 0x0000000083500000| PB 0x0000000083500000| Complete 
|  54|0x0000000083600000, 0x0000000083700000, 0x0000000083700000|100%| E|CS|TAMS 0x0000000083600000| PB 0x0000000083600000| Complete 
|  55|0x0000000083700000, 0x0000000083800000, 0x0000000083800000|100%| E|CS|TAMS 0x0000000083700000| PB 0x0000000083700000| Complete 
|  56|0x0000000083800000, 0x0000000083900000, 0x0000000083900000|100%| E|CS|TAMS 0x0000000083800000| PB 0x0000000083800000| Complete 
|  57|0x0000000083900000, 0x0000000083a00000, 0x0000000083a00000|100%| E|CS|TAMS 0x0000000083900000| PB 0x0000000083900000| Complete 
|  58|0x0000000083a00000, 0x0000000083b00000, 0x0000000083b00000|100%| E|CS|TAMS 0x0000000083a00000| PB 0x0000000083a00000| Complete 
|  59|0x0000000083b00000, 0x0000000083c00000, 0x0000000083c00000|100%| E|CS|TAMS 0x0000000083b00000| PB 0x0000000083b00000| Complete 
|  60|0x0000000083c00000, 0x0000000083d00000, 0x0000000083d00000|100%| E|CS|TAMS 0x0000000083c00000| PB 0x0000000083c00000| Complete 
|  61|0x0000000083d00000, 0x0000000083e00000, 0x0000000083e00000|100%| E|CS|TAMS 0x0000000083d00000| PB 0x0000000083d00000| Complete 
|  62|0x0000000083e00000, 0x0000000083f00000, 0x0000000083f00000|100%| E|CS|TAMS 0x0000000083e00000| PB 0x0000000083e00000| Complete 
|  63|0x0000000083f00000, 0x0000000084000000, 0x0000000084000000|100%| E|CS|TAMS 0x0000000083f00000| PB 0x0000000083f00000| Complete 
|  64|0x0000000084000000, 0x0000000084100000, 0x0000000084100000|100%| E|CS|TAMS 0x0000000084000000| PB 0x0000000084000000| Complete 
|  65|0x0000000084100000, 0x0000000084200000, 0x0000000084200000|100%| E|CS|TAMS 0x0000000084100000| PB 0x0000000084100000| Complete 
|  66|0x0000000084200000, 0x0000000084300000, 0x0000000084300000|100%| E|CS|TAMS 0x0000000084200000| PB 0x0000000084200000| Complete 
|  67|0x0000000084300000, 0x0000000084400000, 0x0000000084400000|100%| E|CS|TAMS 0x0000000084300000| PB 0x0000000084300000| Complete 
|  68|0x0000000084400000, 0x0000000084500000, 0x0000000084500000|100%| E|CS|TAMS 0x0000000084400000| PB 0x0000000084400000| Complete 
|  69|0x0000000084500000, 0x0000000084600000, 0x0000000084600000|100%| E|CS|TAMS 0x0000000084500000| PB 0x0000000084500000| Complete 
|  70|0x0000000084600000, 0x0000000084700000, 0x0000000084700000|100%| E|CS|TAMS 0x0000000084600000| PB 0x0000000084600000| Complete 
|  71|0x0000000084700000, 0x0000000084800000, 0x0000000084800000|100%| E|CS|TAMS 0x0000000084700000| PB 0x0000000084700000| Complete 
|  72|0x0000000084800000, 0x0000000084900000, 0x0000000084900000|100%| E|CS|TAMS 0x0000000084800000| PB 0x0000000084800000| Complete 
|  73|0x0000000084900000, 0x0000000084a00000, 0x0000000084a00000|100%| E|CS|TAMS 0x0000000084900000| PB 0x0000000084900000| Complete 
|  74|0x0000000084a00000, 0x0000000084b00000, 0x0000000084b00000|100%| E|CS|TAMS 0x0000000084a00000| PB 0x0000000084a00000| Complete 
|  75|0x0000000084b00000, 0x0000000084c00000, 0x0000000084c00000|100%| E|CS|TAMS 0x0000000084b00000| PB 0x0000000084b00000| Complete 
|  76|0x0000000084c00000, 0x0000000084d00000, 0x0000000084d00000|100%| E|CS|TAMS 0x0000000084c00000| PB 0x0000000084c00000| Complete 
|  77|0x0000000084d00000, 0x0000000084e00000, 0x0000000084e00000|100%| E|CS|TAMS 0x0000000084d00000| PB 0x0000000084d00000| Complete 
|  78|0x0000000084e00000, 0x0000000084f00000, 0x0000000084f00000|100%| E|CS|TAMS 0x0000000084e00000| PB 0x0000000084e00000| Complete 
|  79|0x0000000084f00000, 0x0000000085000000, 0x0000000085000000|100%| E|CS|TAMS 0x0000000084f00000| PB 0x0000000084f00000| Complete 
|  80|0x0000000085000000, 0x0000000085100000, 0x0000000085100000|100%| E|CS|TAMS 0x0000000085000000| PB 0x0000000085000000| Complete 
|  81|0x0000000085100000, 0x0000000085200000, 0x0000000085200000|100%| E|CS|TAMS 0x0000000085100000| PB 0x0000000085100000| Complete 
|  82|0x0000000085200000, 0x0000000085300000, 0x0000000085300000|100%| E|CS|TAMS 0x0000000085200000| PB 0x0000000085200000| Complete 
|  83|0x0000000085300000, 0x0000000085400000, 0x0000000085400000|100%| E|CS|TAMS 0x0000000085300000| PB 0x0000000085300000| Complete 
|  84|0x0000000085400000, 0x0000000085500000, 0x0000000085500000|100%| E|CS|TAMS 0x0000000085400000| PB 0x0000000085400000| Complete 
|  85|0x0000000085500000, 0x0000000085600000, 0x0000000085600000|100%| E|CS|TAMS 0x0000000085500000| PB 0x0000000085500000| Complete 
|  86|0x0000000085600000, 0x0000000085700000, 0x0000000085700000|100%| E|CS|TAMS 0x0000000085600000| PB 0x0000000085600000| Complete 
|  87|0x0000000085700000, 0x0000000085800000, 0x0000000085800000|100%| E|CS|TAMS 0x0000000085700000| PB 0x0000000085700000| Complete 
|  97|0x0000000086100000, 0x0000000086200000, 0x0000000086200000|100%| E|CS|TAMS 0x0000000086100000| PB 0x0000000086100000| Complete 
| 123|0x0000000087b00000, 0x0000000087c00000, 0x0000000087c00000|100%| E|CS|TAMS 0x0000000087b00000| PB 0x0000000087b00000| Complete 

Card table byte_map: [0x000001ec23820000,0x000001ec23c20000] _byte_map_base: 0x000001ec23420000

Marking Bits: (CMBitMap*) 0x000001ec105c3910
 Bits: [0x000001ec23c20000, 0x000001ec25c20000)

Polling page: 0x000001ec10630000

Metaspace:

Usage:
  Non-class:     43.39 MB used.
      Class:      6.86 MB used.
       Both:     50.25 MB used.

Virtual space:
  Non-class space:       64.00 MB reserved,      44.12 MB ( 69%) committed,  1 nodes.
      Class space:        1.00 GB reserved,       7.56 MB ( <1%) committed,  1 nodes.
             Both:        1.06 GB reserved,      51.69 MB (  5%) committed. 

Chunk freelists:
   Non-Class:  3.70 MB
       Class:  8.25 MB
        Both:  11.95 MB

MaxMetaspaceSize: unlimited
CompressedClassSpaceSize: 1.00 GB
Initial GC threshold: 21.00 MB
Current GC threshold: 59.50 MB
CDS: off
 - commit_granule_bytes: 65536.
 - commit_granule_words: 8192.
 - virtual_space_node_default_size: 8388608.
 - enlarge_chunks_in_place: 1.
 - use_allocation_guard: 0.


Internal statistics:

num_allocs_failed_limit: 9.
num_arena_births: 2682.
num_arena_deaths: 0.
num_vsnodes_births: 2.
num_vsnodes_deaths: 0.
num_space_committed: 827.
num_space_uncommitted: 0.
num_chunks_returned_to_freelist: 9.
num_chunks_taken_from_freelist: 4695.
num_chunk_merges: 9.
num_chunk_splits: 3031.
num_chunks_enlarged: 1857.
num_inconsistent_stats: 0.

CodeHeap 'non-profiled nmethods': size=120000Kb used=2631Kb max_used=2631Kb free=117368Kb
 bounds [0x000001ec1b270000, 0x000001ec1b510000, 0x000001ec227a0000]
CodeHeap 'profiled nmethods': size=120000Kb used=8175Kb max_used=8175Kb free=111824Kb
 bounds [0x000001ec137a0000, 0x000001ec13fa0000, 0x000001ec1acd0000]
CodeHeap 'non-nmethods': size=5760Kb used=1915Kb max_used=1956Kb free=3844Kb
 bounds [0x000001ec1acd0000, 0x000001ec1af40000, 0x000001ec1b270000]
 total_blobs=4966 nmethods=4265 adapters=604
 compilation: enabled
              stopped_count=0, restarted_count=0
 full_count=0

Compilation events (20 events):
Event: 4.959 Thread 0x000001ec28a99c60 4650       4       org.gradle.internal.instantiation.generator.AbstractClassGenerator$ClassGenerationHandler::visitProperty (1 bytes)
Event: 4.959 Thread 0x000001ec28a99c60 nmethod 4650 0x000001ec1b500490 code [0x000001ec1b500620, 0x000001ec1b5006a8]
Event: 4.961 Thread 0x000001ec28a99c60 4655       4       java.lang.invoke.InvokerBytecodeGenerator::addMethod (725 bytes)
Event: 4.967 Thread 0x000001ec28a9a6f0 4656       3       java.lang.invoke.DelegatingMethodHandle::rebind (8 bytes)
Event: 4.968 Thread 0x000001ec28a9a6f0 nmethod 4656 0x000001ec13f8e590 code [0x000001ec13f8e760, 0x000001ec13f8e9e0]
Event: 4.969 Thread 0x000001ec28a9a6f0 4657   !   3       sun.invoke.util.VerifyAccess$1::run (16 bytes)
Event: 4.969 Thread 0x000001ec28a9a6f0 nmethod 4657 0x000001ec13f8ea90 code [0x000001ec13f8ec40, 0x000001ec13f8ede0]
Event: 4.969 Thread 0x000001ec28a9a6f0 4658       3       jdk.internal.loader.URLClassPath::getResource (74 bytes)
Event: 4.969 Thread 0x000001ec28a9a6f0 nmethod 4658 0x000001ec13f8ee90 code [0x000001ec13f8f060, 0x000001ec13f8f3b0]
Event: 4.975 Thread 0x000001ec28a9a6f0 4661       3       org.gradle.cache.internal.DefaultCrossBuildInMemoryCacheFactory$DefaultClassMap::getCacheScope (34 bytes)
Event: 4.975 Thread 0x000001ec28a9a6f0 nmethod 4661 0x000001ec13f8f510 code [0x000001ec13f8f720, 0x000001ec13f8ff30]
Event: 4.978 Thread 0x000001ec28a9a6f0 4662       3       org.gradle.internal.instantiation.generator.AsmBackedClassGenerator$ClassBuilderImpl::access$4200 (4 bytes)
Event: 4.978 Thread 0x000001ec28a9a6f0 nmethod 4662 0x000001ec13f90190 code [0x000001ec13f90320, 0x000001ec13f90418]
Event: 4.986 Thread 0x000001ec28a9a6f0 4663       3       java.lang.reflect.Executable::getGenericExceptionTypes (27 bytes)
Event: 4.987 Thread 0x000001ec28a9a6f0 nmethod 4663 0x000001ec13f90490 code [0x000001ec13f906a0, 0x000001ec13f90de0]
Event: 5.000 Thread 0x000001ec28a9a6f0 4666       3       com.google.common.collect.AbstractMapBasedMultimap::get (31 bytes)
Event: 5.001 Thread 0x000001ec28a9a6f0 nmethod 4666 0x000001ec13f90f90 code [0x000001ec13f91180, 0x000001ec13f91618]
Event: 5.001 Thread 0x000001ec28a9a6f0 4667       3       com.google.common.collect.AbstractMapBasedMultimap$WrappedCollection::<init> (44 bytes)
Event: 5.001 Thread 0x000001ec28a9a6f0 nmethod 4667 0x000001ec13f91710 code [0x000001ec13f918e0, 0x000001ec13f91d50]
Event: 5.158 Thread 0x000001ec28a9a6f0 4672       3       java.util.concurrent.locks.AbstractQueuedSynchronizer$ConditionObject::unlinkCancelledWaiters (91 bytes)

GC Heap History (18 events):
Event: 0.277 GC heap before
{Heap before GC invocations=0 (full 0):
 garbage-first heap   total 126976K, used 22528K [0x0000000080000000, 0x0000000100000000)
  region size 1024K, 23 young (23552K), 0 survivors (0K)
 Metaspace       used 7971K, committed 8128K, reserved 1114112K
  class space    used 709K, committed 768K, reserved 1048576K
}
Event: 0.281 GC heap after
{Heap after GC invocations=1 (full 0):
 garbage-first heap   total 126976K, used 3432K [0x0000000080000000, 0x0000000100000000)
  region size 1024K, 3 young (3072K), 3 survivors (3072K)
 Metaspace       used 7971K, committed 8128K, reserved 1114112K
  class space    used 709K, committed 768K, reserved 1048576K
}
Event: 0.587 GC heap before
{Heap before GC invocations=1 (full 0):
 garbage-first heap   total 126976K, used 40296K [0x0000000080000000, 0x0000000100000000)
  region size 1024K, 37 young (37888K), 3 survivors (3072K)
 Metaspace       used 12117K, committed 12352K, reserved 1114112K
  class space    used 1273K, committed 1408K, reserved 1048576K
}
Event: 0.591 GC heap after
{Heap after GC invocations=2 (full 0):
 garbage-first heap   total 126976K, used 11239K [0x0000000080000000, 0x0000000100000000)
  region size 1024K, 5 young (5120K), 5 survivors (5120K)
 Metaspace       used 12117K, committed 12352K, reserved 1114112K
  class space    used 1273K, committed 1408K, reserved 1048576K
}
Event: 0.896 GC heap before
{Heap before GC invocations=2 (full 0):
 garbage-first heap   total 126976K, used 61415K [0x0000000080000000, 0x0000000100000000)
  region size 1024K, 52 young (53248K), 5 survivors (5120K)
 Metaspace       used 14203K, committed 14464K, reserved 1114112K
  class space    used 1556K, committed 1664K, reserved 1048576K
}
Event: 0.902 GC heap after
{Heap after GC invocations=3 (full 0):
 garbage-first heap   total 126976K, used 17478K [0x0000000080000000, 0x0000000100000000)
  region size 1024K, 6 young (6144K), 6 survivors (6144K)
 Metaspace       used 14203K, committed 14464K, reserved 1114112K
  class space    used 1556K, committed 1664K, reserved 1048576K
}
Event: 1.227 GC heap before
{Heap before GC invocations=3 (full 0):
 garbage-first heap   total 126976K, used 41030K [0x0000000080000000, 0x0000000100000000)
  region size 1024K, 30 young (30720K), 6 survivors (6144K)
 Metaspace       used 21128K, committed 21504K, reserved 1114112K
  class space    used 2437K, committed 2624K, reserved 1048576K
}
Event: 1.231 GC heap after
{Heap after GC invocations=4 (full 0):
 garbage-first heap   total 126976K, used 20590K [0x0000000080000000, 0x0000000100000000)
  region size 1024K, 3 young (3072K), 3 survivors (3072K)
 Metaspace       used 21128K, committed 21504K, reserved 1114112K
  class space    used 2437K, committed 2624K, reserved 1048576K
}
Event: 1.930 GC heap before
{Heap before GC invocations=5 (full 0):
 garbage-first heap   total 71680K, used 69742K [0x0000000080000000, 0x0000000100000000)
  region size 1024K, 52 young (53248K), 3 survivors (3072K)
 Metaspace       used 29300K, committed 29952K, reserved 1114112K
  class space    used 3742K, committed 4032K, reserved 1048576K
}
Event: 1.935 GC heap after
{Heap after GC invocations=6 (full 0):
 garbage-first heap   total 94208K, used 23538K [0x0000000080000000, 0x0000000100000000)
  region size 1024K, 6 young (6144K), 6 survivors (6144K)
 Metaspace       used 29300K, committed 29952K, reserved 1114112K
  class space    used 3742K, committed 4032K, reserved 1048576K
}
Event: 2.301 GC heap before
{Heap before GC invocations=6 (full 0):
 garbage-first heap   total 94208K, used 67570K [0x0000000080000000, 0x0000000100000000)
  region size 1024K, 50 young (51200K), 6 survivors (6144K)
 Metaspace       used 35237K, committed 36096K, reserved 1114112K
  class space    used 4723K, committed 5184K, reserved 1048576K
}
Event: 2.306 GC heap after
{Heap after GC invocations=7 (full 0):
 garbage-first heap   total 94208K, used 25929K [0x0000000080000000, 0x0000000100000000)
  region size 1024K, 6 young (6144K), 6 survivors (6144K)
 Metaspace       used 35237K, committed 36096K, reserved 1114112K
  class space    used 4723K, committed 5184K, reserved 1048576K
}
Event: 2.334 GC heap before
{Heap before GC invocations=7 (full 0):
 garbage-first heap   total 94208K, used 29001K [0x0000000080000000, 0x0000000100000000)
  region size 1024K, 10 young (10240K), 6 survivors (6144K)
 Metaspace       used 35580K, committed 36416K, reserved 1114112K
  class space    used 4779K, committed 5184K, reserved 1048576K
}
Event: 2.337 GC heap after
{Heap after GC invocations=8 (full 0):
 garbage-first heap   total 94208K, used 26611K [0x0000000080000000, 0x0000000100000000)
  region size 1024K, 4 young (4096K), 4 survivors (4096K)
 Metaspace       used 35580K, committed 36416K, reserved 1114112K
  class space    used 4779K, committed 5184K, reserved 1048576K
}
Event: 3.113 GC heap before
{Heap before GC invocations=9 (full 0):
 garbage-first heap   total 92160K, used 77811K [0x0000000080000000, 0x0000000100000000)
  region size 1024K, 55 young (56320K), 4 survivors (4096K)
 Metaspace       used 45153K, committed 46336K, reserved 1114112K
  class space    used 6024K, committed 6592K, reserved 1048576K
}
Event: 3.118 GC heap after
{Heap after GC invocations=10 (full 0):
 garbage-first heap   total 92160K, used 30751K [0x0000000080000000, 0x0000000100000000)
  region size 1024K, 7 young (7168K), 7 survivors (7168K)
 Metaspace       used 45153K, committed 46336K, reserved 1114112K
  class space    used 6024K, committed 6592K, reserved 1048576K
}
Event: 3.409 GC heap before
{Heap before GC invocations=10 (full 0):
 garbage-first heap   total 92160K, used 76831K [0x0000000080000000, 0x0000000100000000)
  region size 1024K, 52 young (53248K), 7 survivors (7168K)
 Metaspace       used 46609K, committed 47936K, reserved 1114112K
  class space    used 6225K, committed 6848K, reserved 1048576K
}
Event: 3.416 GC heap after
{Heap after GC invocations=11 (full 0):
 garbage-first heap   total 92160K, used 32663K [0x0000000080000000, 0x0000000100000000)
  region size 1024K, 3 young (3072K), 3 survivors (3072K)
 Metaspace       used 46609K, committed 47936K, reserved 1114112K
  class space    used 6225K, committed 6848K, reserved 1048576K
}

Dll operation events (3 events):
Event: 0.005 Loaded shared library E:\android studio\jbr\bin\java.dll
Event: 0.008 Loaded shared library E:\android studio\jbr\bin\zip.dll
Event: 0.312 Loaded shared library E:\android studio\jbr\bin\verify.dll

Deoptimization events (20 events):
Event: 4.920 Thread 0x000001ec2eb8c680 DEOPT PACKING pc=0x000001ec1b4b924c sp=0x0000009a71bf91a0
Event: 4.920 Thread 0x000001ec2eb8c680 DEOPT UNPACKING pc=0x000001ec1ad246a2 sp=0x0000009a71bf9118 mode 2
Event: 4.925 Thread 0x000001ec2eb8c680 Uncommon trap: trap_request=0xffffffde fr.pc=0x000001ec1b2c5554 relative=0x0000000000000854
Event: 4.925 Thread 0x000001ec2eb8c680 Uncommon trap: reason=class_check action=maybe_recompile pc=0x000001ec1b2c5554 method=jdk.internal.loader.URLClassPath.getLoader(I)Ljdk/internal/loader/URLClassPath$Loader; @ 190 c2
Event: 4.925 Thread 0x000001ec2eb8c680 DEOPT PACKING pc=0x000001ec1b2c5554 sp=0x0000009a71bf8fe0
Event: 4.925 Thread 0x000001ec2eb8c680 DEOPT UNPACKING pc=0x000001ec1ad246a2 sp=0x0000009a71bf8fa0 mode 2
Event: 4.925 Thread 0x000001ec2eb8c680 Uncommon trap: trap_request=0xffffffde fr.pc=0x000001ec1b4b924c relative=0x0000000000003dcc
Event: 4.925 Thread 0x000001ec2eb8c680 Uncommon trap: reason=class_check action=maybe_recompile pc=0x000001ec1b4b924c method=jdk.internal.loader.URLClassPath.getResource(Ljava/lang/String;Z)Ljdk/internal/loader/Resource; @ 53 c2
Event: 4.925 Thread 0x000001ec2eb8c680 DEOPT PACKING pc=0x000001ec1b4b924c sp=0x0000009a71bf9070
Event: 4.925 Thread 0x000001ec2eb8c680 DEOPT UNPACKING pc=0x000001ec1ad246a2 sp=0x0000009a71bf8fe8 mode 2
Event: 4.931 Thread 0x000001ec2eb8c680 Uncommon trap: trap_request=0xffffffde fr.pc=0x000001ec1b4d134c relative=0x0000000000003dcc
Event: 4.931 Thread 0x000001ec2eb8c680 Uncommon trap: reason=class_check action=maybe_recompile pc=0x000001ec1b4d134c method=jdk.internal.loader.URLClassPath.getResource(Ljava/lang/String;Z)Ljdk/internal/loader/Resource; @ 53 c2
Event: 4.931 Thread 0x000001ec2eb8c680 DEOPT PACKING pc=0x000001ec1b4d134c sp=0x0000009a71bf8ec0
Event: 4.931 Thread 0x000001ec2eb8c680 DEOPT UNPACKING pc=0x000001ec1ad246a2 sp=0x0000009a71bf8ea0 mode 2
Event: 4.964 Thread 0x000001ec2eb8c680 Uncommon trap: trap_request=0xffffffde fr.pc=0x000001ec1b4af320 relative=0x0000000000000200
Event: 4.964 Thread 0x000001ec2eb8c680 Uncommon trap: reason=class_check action=maybe_recompile pc=0x000001ec1b4af320 method=jdk.internal.loader.URLClassPath.getResource(Ljava/lang/String;Z)Ljdk/internal/loader/Resource; @ 53 c2
Event: 4.964 Thread 0x000001ec2eb8c680 DEOPT PACKING pc=0x000001ec1b4af320 sp=0x0000009a71bf8ca0
Event: 4.964 Thread 0x000001ec2eb8c680 DEOPT UNPACKING pc=0x000001ec1ad246a2 sp=0x0000009a71bf8c30 mode 2
Event: 4.996 Thread 0x000001ec2eb8c680 DEOPT PACKING pc=0x000001ec13f8f2fa sp=0x0000009a71bf5110
Event: 4.996 Thread 0x000001ec2eb8c680 DEOPT UNPACKING pc=0x000001ec1ad24e42 sp=0x0000009a71bf4598 mode 0

Classes loaded (20 events):
Event: 3.527 Loading class java/nio/charset/CharacterCodingException
Event: 3.527 Loading class java/nio/charset/CharacterCodingException done
Event: 3.657 Loading class java/util/stream/Streams$RangeIntSpliterator
Event: 3.657 Loading class java/util/stream/Streams$RangeIntSpliterator done
Event: 3.671 Loading class jdk/internal/loader/URLClassPath$FileLoader
Event: 3.671 Loading class jdk/internal/loader/URLClassPath$FileLoader done
Event: 3.672 Loading class jdk/internal/loader/URLClassPath$FileLoader$1
Event: 3.672 Loading class jdk/internal/loader/URLClassPath$FileLoader$1 done
Event: 4.883 Loading class java/util/PrimitiveIterator$OfInt
Event: 4.884 Loading class java/util/PrimitiveIterator
Event: 4.884 Loading class java/util/PrimitiveIterator done
Event: 4.884 Loading class java/util/PrimitiveIterator$OfInt done
Event: 4.886 Loading class java/util/concurrent/RecursiveAction
Event: 4.887 Loading class java/util/concurrent/RecursiveAction done
Event: 4.915 Loading class java/util/concurrent/atomic/AtomicReferenceFieldUpdater
Event: 4.915 Loading class java/util/concurrent/atomic/AtomicReferenceFieldUpdater done
Event: 4.915 Loading class java/util/concurrent/atomic/AtomicReferenceFieldUpdater$AtomicReferenceFieldUpdaterImpl
Event: 4.915 Loading class java/util/concurrent/atomic/AtomicReferenceFieldUpdater$AtomicReferenceFieldUpdaterImpl done
Event: 4.915 Loading class java/util/concurrent/atomic/AtomicReferenceFieldUpdater$AtomicReferenceFieldUpdaterImpl$1
Event: 4.915 Loading class java/util/concurrent/atomic/AtomicReferenceFieldUpdater$AtomicReferenceFieldUpdaterImpl$1 done

Classes unloaded (0 events):
No events

Classes redefined (0 events):
No events

Internal exceptions (20 events):
Event: 3.517 Thread 0x000001ec2dec8e20 Implicit null exception at 0x000001ec1b2c6334 to 0x000001ec1b2c7420
Event: 3.543 Thread 0x000001ec2eb8c680 Exception <a 'java/lang/NoSuchMethodError'{0x000000008518f808}: 'int java.lang.invoke.DirectMethodHandle$Holder.invokeInterface(java.lang.Object, java.lang.Object)'> (0x000000008518f808) 
thrown [s\src\hotspot\share\interpreter\linkResolver.cpp, line 784]
Event: 3.655 Thread 0x000001ec2eb8c680 Exception <a 'java/lang/NoSuchMethodError'{0x0000000084d20308}: 'java.lang.Object java.lang.invoke.DirectMethodHandle$Holder.invokeVirtual(java.lang.Object, java.lang.Object, int)'> (0x0000000084d20308) 
thrown [s\src\hotspot\share\interpreter\linkResolver.cpp, line 784]
Event: 3.670 Thread 0x000001ec2eb8c680 Exception <a 'java/lang/NoSuchMethodError'{0x0000000084c01fd8}: 'void java.lang.invoke.DirectMethodHandle$Holder.invokeInterface(java.lang.Object, java.lang.Object, java.lang.Object, java.lang.Object, java.lang.Object, java.lang.Object, java.lang.Object)'> (0x0000000084c01fd8) 
thrown [s\src\hotspot\share\interpreter\linkResolver.cpp, line 784]
Event: 3.670 Thread 0x000001ec2eb8c680 Exception <a 'java/lang/NoSuchMethodError'{0x0000000084c068f0}: 'void java.lang.invoke.DelegatingMethodHandle$Holder.reinvoke_L(java.lang.Object, java.lang.Object, java.lang.Object, java.lang.Object, java.lang.Object, java.lang.Object, java.lang.Object)'> (0x0000000084c068f0) 
thrown [s\src\hotspot\share\interpreter\linkResolver.cpp, line 784]
Event: 3.697 Thread 0x000001ec2eb8c680 Exception <a 'java/lang/NoSuchMethodError'{0x0000000084b3b610}: 'java.lang.Object java.lang.invoke.DirectMethodHandle$Holder.invokeVirtual(java.lang.Object, java.lang.Object, java.lang.Object, java.lang.Object, java.lang.Object, java.lang.Object, java.lang.Object, java.lang.Object, java.lang.Object, java.lang.Object, java.lang.Object, java.lang.Object, java.lang.Object, java.lang.Object, java.lang.Object)'> (0x0000000084b3b610) 
thrown [s\src\hotspot\share\interpreter\linkResolver.cpp, line 784]
Event: 3.710 Thread 0x000001ec2eb8c680 Exception <a 'java/lang/NoSuchMethodError'{0x0000000084a12470}: 'java.lang.Object java.lang.invoke.DirectMethodHandle$Holder.newInvokeSpecial(java.lang.Object, java.lang.Object, java.lang.Object, java.lang.Object, java.lang.Object, java.lang.Object, java.lang.Object, java.lang.Object, java.lang.Object, java.lang.Object, java.lang.Object, java.lang.Object, java.lang.Object)'> (0x0000000084a12470) 
thrown [s\src\hotspot\share\interpreter\linkResolver.cpp, line 784]
Event: 3.745 Thread 0x000001ec2eb8c680 Exception <a 'java/lang/NoSuchMethodError'{0x000000008473a808}: 'java.lang.Object java.lang.invoke.DirectMethodHandle$Holder.newInvokeSpecial(java.lang.Object, java.lang.Object, java.lang.Object, java.lang.Object, int)'> (0x000000008473a808) 
thrown [s\src\hotspot\share\interpreter\linkResolver.cpp, line 784]
Event: 3.746 Thread 0x000001ec2eb8c680 Exception <a 'java/lang/NoSuchMethodError'{0x000000008473f800}: 'java.lang.Object java.lang.invoke.DirectMethodHandle$Holder.invokeSpecial(java.lang.Object, java.lang.Object, java.lang.Object, java.lang.Object, java.lang.Object, int)'> (0x000000008473f800) 
thrown [s\src\hotspot\share\interpreter\linkResolver.cpp, line 784]
Event: 3.746 Thread 0x000001ec2eb8c680 Exception <a 'java/lang/NoSuchMethodError'{0x0000000084743f80}: 'java.lang.Object java.lang.invoke.Invokers$Holder.linkToTargetMethod(java.lang.Object, java.lang.Object, java.lang.Object, int, java.lang.Object)'> (0x0000000084743f80) 
thrown [s\src\hotspot\share\interpreter\linkResolver.cpp, line 784]
Event: 3.776 Thread 0x000001ec2eb8c680 Exception <a 'java/lang/NoSuchMethodError'{0x0000000084586c58}: 'int java.lang.invoke.DirectMethodHandle$Holder.invokeInterface(java.lang.Object, java.lang.Object, java.lang.Object, java.lang.Object)'> (0x0000000084586c58) 
thrown [s\src\hotspot\share\interpreter\linkResolver.cpp, line 784]
Event: 3.806 Thread 0x000001ec2eb8c680 Exception <a 'java/lang/NoSuchMethodError'{0x00000000843e0248}: 'java.lang.Object java.lang.invoke.DirectMethodHandle$Holder.invokeStatic(java.lang.Object, long, java.lang.Object)'> (0x00000000843e0248) 
thrown [s\src\hotspot\share\interpreter\linkResolver.cpp, line 784]
Event: 3.806 Thread 0x000001ec2eb8c680 Exception <a 'java/lang/NoSuchMethodError'{0x00000000843e7440}: 'java.lang.Object java.lang.invoke.DirectMethodHandle$Holder.newInvokeSpecial(java.lang.Object, long)'> (0x00000000843e7440) 
thrown [s\src\hotspot\share\interpreter\linkResolver.cpp, line 784]
Event: 3.811 Thread 0x000001ec2eb8c680 Exception <a 'java/lang/NoSuchMethodError'{0x00000000842511b8}: 'java.lang.Object java.lang.invoke.Invokers$Holder.linkToTargetMethod(java.lang.Object, java.lang.Object, java.lang.Object, java.lang.Object, long, java.lang.Object, java.lang.Object)'> (0x00000000842511b8) 
thrown [s\src\hotspot\share\interpreter\linkResolver.cpp, line 784]
Event: 3.814 Thread 0x000001ec2eb8c680 Exception <a 'java/lang/NoSuchMethodError'{0x000000008429a938}: 'java.lang.Object java.lang.invoke.DirectMethodHandle$Holder.invokeSpecial(java.lang.Object, java.lang.Object, java.lang.Object, java.lang.Object, long, java.lang.Object)'> (0x000000008429a938) 
thrown [s\src\hotspot\share\interpreter\linkResolver.cpp, line 784]
Event: 3.814 Thread 0x000001ec2eb8c680 Exception <a 'java/lang/NoSuchMethodError'{0x000000008429ec08}: 'java.lang.Object java.lang.invoke.Invokers$Holder.linkToTargetMethod(java.lang.Object, java.lang.Object, long, java.lang.Object, java.lang.Object)'> (0x000000008429ec08) 
thrown [s\src\hotspot\share\interpreter\linkResolver.cpp, line 784]
Event: 3.840 Thread 0x000001ec2eb8c680 Exception <a 'java/lang/NoSuchMethodError'{0x0000000083f09688}: 'java.lang.Object java.lang.invoke.DirectMethodHandle$Holder.newInvokeSpecial(java.lang.Object, java.lang.Object, java.lang.Object, java.lang.Object, java.lang.Object, java.lang.Object, java.lang.Object, java.lang.Object, java.lang.Object, java.lang.Object, java.lang.Object, java.lang.Object, java.lang.Object, java.lang.Object, java.lang.Object, java.lang.Object, java.lang.Object, java.lang.Object, java.lang.Object, java.lang.Object, java.lang
Event: 4.879 Thread 0x000001ec2eb8c680 Implicit null exception at 0x000001ec1b2e096f to 0x000001ec1b2e0a20
Event: 4.967 Thread 0x000001ec2eb8c680 Exception <a 'java/lang/IncompatibleClassChangeError'{0x00000000835d60b8}: Found class java.lang.Object, but interface was expected> (0x00000000835d60b8) 
thrown [s\src\hotspot\share\interpreter\linkResolver.cpp, line 851]
Event: 5.007 Thread 0x000001ec2eb8c680 Exception <a 'java/lang/NoSuchMethodError'{0x000000008311a648}: 'java.lang.Object java.lang.invoke.DirectMethodHandle$Holder.newInvokeSpecial(java.lang.Object, int, java.lang.Object)'> (0x000000008311a648) 
thrown [s\src\hotspot\share\interpreter\linkResolver.cpp, line 784]

ZGC Phase Switch (0 events):
No events

VM Operations (20 events):
Event: 3.113 Executing VM operation: G1CollectForAllocation (G1 Evacuation Pause)
Event: 3.118 Executing VM operation: G1CollectForAllocation (G1 Evacuation Pause) done
Event: 3.163 Executing VM operation: HandshakeAllThreads (Deoptimize)
Event: 3.163 Executing VM operation: HandshakeAllThreads (Deoptimize) done
Event: 3.279 Executing VM operation: ICBufferFull
Event: 3.279 Executing VM operation: ICBufferFull done
Event: 3.409 Executing VM operation: G1CollectForAllocation (G1 Evacuation Pause)
Event: 3.416 Executing VM operation: G1CollectForAllocation (G1 Evacuation Pause) done
Event: 3.476 Executing VM operation: HandshakeAllThreads (Deoptimize)
Event: 3.476 Executing VM operation: HandshakeAllThreads (Deoptimize) done
Event: 3.515 Executing VM operation: HandshakeAllThreads (Deoptimize)
Event: 3.515 Executing VM operation: HandshakeAllThreads (Deoptimize) done
Event: 3.740 Executing VM operation: HandshakeAllThreads (Deoptimize)
Event: 3.740 Executing VM operation: HandshakeAllThreads (Deoptimize) done
Event: 3.775 Executing VM operation: HandshakeAllThreads (Deoptimize)
Event: 3.775 Executing VM operation: HandshakeAllThreads (Deoptimize) done
Event: 4.783 Executing VM operation: Cleanup
Event: 4.845 Executing VM operation: Cleanup done
Event: 5.859 Executing VM operation: Cleanup
Event: 5.860 Executing VM operation: Cleanup done

Memory protections (0 events):
No events

Nmethod flushes (20 events):
Event: 2.344 Thread 0x000001ec28896300 flushing  nmethod 0x000001ec138b4590
Event: 2.344 Thread 0x000001ec28896300 flushing  nmethod 0x000001ec138b6010
Event: 2.344 Thread 0x000001ec28896300 flushing  nmethod 0x000001ec138ff810
Event: 2.344 Thread 0x000001ec28896300 flushing  nmethod 0x000001ec138ffb90
Event: 2.344 Thread 0x000001ec28896300 flushing  nmethod 0x000001ec13900b10
Event: 2.344 Thread 0x000001ec28896300 flushing  nmethod 0x000001ec13905d10
Event: 2.344 Thread 0x000001ec28896300 flushing  nmethod 0x000001ec13907410
Event: 2.344 Thread 0x000001ec28896300 flushing  nmethod 0x000001ec1398aa90
Event: 2.344 Thread 0x000001ec28896300 flushing  nmethod 0x000001ec1398bc10
Event: 2.344 Thread 0x000001ec28896300 flushing  nmethod 0x000001ec13994b90
Event: 2.344 Thread 0x000001ec28896300 flushing  nmethod 0x000001ec13995910
Event: 2.344 Thread 0x000001ec28896300 flushing  nmethod 0x000001ec13995f90
Event: 2.344 Thread 0x000001ec28896300 flushing  nmethod 0x000001ec13a01690
Event: 2.344 Thread 0x000001ec28896300 flushing  nmethod 0x000001ec13a01e10
Event: 2.344 Thread 0x000001ec28896300 flushing  nmethod 0x000001ec13a02910
Event: 2.344 Thread 0x000001ec28896300 flushing  nmethod 0x000001ec13a04890
Event: 2.344 Thread 0x000001ec28896300 flushing  nmethod 0x000001ec13a05090
Event: 2.344 Thread 0x000001ec28896300 flushing  nmethod 0x000001ec13a6bd90
Event: 2.344 Thread 0x000001ec28896300 flushing  nmethod 0x000001ec13b6db10
Event: 2.344 Thread 0x000001ec28896300 flushing  nmethod 0x000001ec13b75e90

Events (20 events):
Event: 1.079 Thread 0x000001ec0eb163d0 Thread added: 0x000001ec2eb551f0
Event: 1.120 Thread 0x000001ec0eb163d0 Thread added: 0x000001ec2eb64fe0
Event: 1.154 Thread 0x000001ec2eb551f0 Thread added: 0x000001ec2ead0620
Event: 1.156 Thread 0x000001ec2ead0620 Thread added: 0x000001ec2ead0c80
Event: 1.176 Thread 0x000001ec2ead0620 Thread added: 0x000001ec2eb8bc10
Event: 1.182 Thread 0x000001ec2ead0620 Thread added: 0x000001ec2eb8c680
Event: 1.187 Thread 0x000001ec2eb8c680 Thread added: 0x000001ec2eb94c70
Event: 1.189 Thread 0x000001ec2eb8c680 Thread added: 0x000001ec2dec9b40
Event: 1.190 Thread 0x000001ec2eb8c680 Thread added: 0x000001ec2dec73e0
Event: 1.415 Thread 0x000001ec2eb8c680 Thread added: 0x000001ec2dec8790
Event: 1.420 Thread 0x000001ec2eb8c680 Thread added: 0x000001ec2dec8100
Event: 1.436 Thread 0x000001ec2eb8c680 Thread added: 0x000001ec2dec8e20
Event: 1.967 Thread 0x000001ec2eb8c680 Thread added: 0x000001ec2f16bff0
Event: 2.103 Thread 0x000001ec2eb8c680 Thread added: 0x000001ec2f16d3a0
Event: 2.110 Thread 0x000001ec2eb8c680 Thread added: 0x000001ec2f16b960
Event: 2.199 Thread 0x000001ec2eb8c680 Thread added: 0x000001ec2f16e750
Event: 2.202 Thread 0x000001ec2eb8c680 Thread added: 0x000001ec2f16e0c0
Event: 2.383 Thread 0x000001ec2eb8c680 Thread added: 0x000001ec2f16ede0
Event: 2.508 Thread 0x000001ec2eb8c680 Thread added: 0x000001ec2f16da30
Event: 2.656 Thread 0x000001ec2eb8c680 Thread added: 0x000001ec2f16f470


Dynamic libraries:
0x00007ff68a1b0000 - 0x00007ff68a1ba000 	E:\android studio\jbr\bin\java.exe
0x00007ffa00f00000 - 0x00007ffa01160000 	C:\WINDOWS\SYSTEM32\ntdll.dll
0x00007ff9ff6d0000 - 0x00007ff9ff797000 	C:\WINDOWS\System32\KERNEL32.DLL
0x00007ff9fe2e0000 - 0x00007ff9fe6aa000 	C:\WINDOWS\System32\KERNELBASE.dll
0x00007ff9fe0e0000 - 0x00007ff9fe22b000 	C:\WINDOWS\System32\ucrtbase.dll
0x00007ff9da5f0000 - 0x00007ff9da608000 	E:\android studio\jbr\bin\jli.dll
0x00007ff9f1730000 - 0x00007ff9f174b000 	E:\android studio\jbr\bin\VCRUNTIME140.dll
0x00007ff9fee70000 - 0x00007ff9ff03c000 	C:\WINDOWS\System32\USER32.dll
0x00007ff9fe970000 - 0x00007ff9fe997000 	C:\WINDOWS\System32\win32u.dll
0x00007ff9c6880000 - 0x00007ff9c6b17000 	C:\WINDOWS\WinSxS\amd64_microsoft.windows.common-controls_6595b64144ccf1df_6.0.26100.3624_none_3e086962e3345f24\COMCTL32.dll
0x00007ff9ffec0000 - 0x00007ff9ffeea000 	C:\WINDOWS\System32\GDI32.dll
0x00007ff9ffce0000 - 0x00007ff9ffd89000 	C:\WINDOWS\System32\msvcrt.dll
0x00007ff9fe830000 - 0x00007ff9fe961000 	C:\WINDOWS\System32\gdi32full.dll
0x00007ff9fe230000 - 0x00007ff9fe2d3000 	C:\WINDOWS\System32\msvcp_win.dll
0x00007ff9ff140000 - 0x00007ff9ff16f000 	C:\WINDOWS\System32\IMM32.DLL
0x00007ff9f1ba0000 - 0x00007ff9f1bac000 	E:\android studio\jbr\bin\vcruntime140_1.dll
0x00007ff9d8570000 - 0x00007ff9d85fd000 	E:\android studio\jbr\bin\msvcp140.dll
0x00007ff97f440000 - 0x00007ff9800ca000 	E:\android studio\jbr\bin\server\jvm.dll
0x00007ffa001c0000 - 0x00007ffa00272000 	C:\WINDOWS\System32\ADVAPI32.dll
0x00007ff9fedc0000 - 0x00007ff9fee66000 	C:\WINDOWS\System32\sechost.dll
0x00007ffa005f0000 - 0x00007ffa00706000 	C:\WINDOWS\System32\RPCRT4.dll
0x00007ff9ff1a0000 - 0x00007ff9ff214000 	C:\WINDOWS\System32\WS2_32.dll
0x00007ff9fcd70000 - 0x00007ff9fcdce000 	C:\WINDOWS\SYSTEM32\POWRPROF.dll
0x00007ff9f1eb0000 - 0x00007ff9f1ee6000 	C:\WINDOWS\SYSTEM32\WINMM.dll
0x00007ff9ed150000 - 0x00007ff9ed15b000 	C:\WINDOWS\SYSTEM32\VERSION.dll
0x00007ff9fcd50000 - 0x00007ff9fcd64000 	C:\WINDOWS\SYSTEM32\UMPDC.dll
0x00007ff9fd010000 - 0x00007ff9fd02a000 	C:\WINDOWS\SYSTEM32\kernel.appcore.dll
0x00007ff9f19d0000 - 0x00007ff9f19da000 	E:\android studio\jbr\bin\jimage.dll
0x00007ff9fb8e0000 - 0x00007ff9fbb21000 	C:\WINDOWS\SYSTEM32\DBGHELP.DLL
0x00007ff9ff2b0000 - 0x00007ff9ff632000 	C:\WINDOWS\System32\combase.dll
0x00007ff9ffd90000 - 0x00007ff9ffe66000 	C:\WINDOWS\System32\OLEAUT32.dll
0x00007ff9e7aa0000 - 0x00007ff9e7ad9000 	C:\WINDOWS\SYSTEM32\dbgcore.DLL
0x00007ff9fe9a0000 - 0x00007ff9fea39000 	C:\WINDOWS\System32\bcryptPrimitives.dll
0x00007ff9f1780000 - 0x00007ff9f178e000 	E:\android studio\jbr\bin\instrument.dll
0x00007ff9f15d0000 - 0x00007ff9f15f0000 	E:\android studio\jbr\bin\java.dll
0x00007ff9ec790000 - 0x00007ff9ec7a8000 	E:\android studio\jbr\bin\zip.dll
0x00007ffa00720000 - 0x00007ffa00e49000 	C:\WINDOWS\System32\SHELL32.dll
0x00007ff9fea40000 - 0x00007ff9feba8000 	C:\WINDOWS\System32\wintypes.dll
0x00007ff9fbdc0000 - 0x00007ff9fc612000 	C:\WINDOWS\SYSTEM32\windows.storage.dll
0x00007ff9ffef0000 - 0x00007ff9fffdd000 	C:\WINDOWS\System32\SHCORE.dll
0x00007ffa00e50000 - 0x00007ffa00eb4000 	C:\WINDOWS\System32\shlwapi.dll
0x00007ff9fdff0000 - 0x00007ff9fe01f000 	C:\WINDOWS\SYSTEM32\profapi.dll
0x00007ff9f1800000 - 0x00007ff9f1810000 	E:\android studio\jbr\bin\net.dll
0x00007ff9f5650000 - 0x00007ff9f576d000 	C:\WINDOWS\SYSTEM32\WINHTTP.dll
0x00007ff9fd530000 - 0x00007ff9fd59a000 	C:\WINDOWS\system32\mswsock.dll
0x00007ff9e16c0000 - 0x00007ff9e16d6000 	E:\android studio\jbr\bin\nio.dll
0x00007ff9f4ec0000 - 0x00007ff9f4ed0000 	E:\android studio\jbr\bin\verify.dll
0x00007ff9d9810000 - 0x00007ff9d9837000 	C:\Users\ma725\.gradle\native\c067742578af261105cb4f569cf0c3c89f3d7b1fecec35dd04571415982c5e48\windows-amd64\native-platform.dll
0x00007ff9d6680000 - 0x00007ff9d67c4000 	C:\Users\ma725\.gradle\native\100fb08df4bc3b14c8652ba06237920a3bd2aa13389f12d3474272988ae205f9\windows-amd64\native-platform-file-events.dll
0x00007ff9f1690000 - 0x00007ff9f1699000 	E:\android studio\jbr\bin\management.dll
0x00007ff9f15c0000 - 0x00007ff9f15cb000 	E:\android studio\jbr\bin\management_ext.dll
0x00007ffa005e0000 - 0x00007ffa005e8000 	C:\WINDOWS\System32\PSAPI.DLL
0x00007ff9fd7e0000 - 0x00007ff9fd7fc000 	C:\WINDOWS\SYSTEM32\CRYPTSP.dll
0x00007ff9fcf70000 - 0x00007ff9fcfaa000 	C:\WINDOWS\system32\rsaenh.dll
0x00007ff9fd5d0000 - 0x00007ff9fd5fb000 	C:\WINDOWS\SYSTEM32\USERENV.dll
0x00007ff9fdfc0000 - 0x00007ff9fdfe6000 	C:\WINDOWS\SYSTEM32\bcrypt.dll
0x00007ff9fd7d0000 - 0x00007ff9fd7dc000 	C:\WINDOWS\SYSTEM32\CRYPTBASE.dll
0x00007ff9fca60000 - 0x00007ff9fca93000 	C:\WINDOWS\SYSTEM32\IPHLPAPI.DLL
0x00007ffa00710000 - 0x00007ffa0071a000 	C:\WINDOWS\System32\NSI.dll
0x00007ff9f16e0000 - 0x00007ff9f16e9000 	E:\android studio\jbr\bin\extnet.dll
0x00007ff9ba4b0000 - 0x00007ff9ba4b8000 	C:\WINDOWS\system32\wshunix.dll

dbghelp: loaded successfully - version: 4.0.5 - missing functions: none
symbol engine: initialized successfully - sym options: 0x614 - pdb path: .;E:\android studio\jbr\bin;C:\WINDOWS\SYSTEM32;C:\WINDOWS\WinSxS\amd64_microsoft.windows.common-controls_6595b64144ccf1df_6.0.26100.3624_none_3e086962e3345f24;E:\android studio\jbr\bin\server;C:\Users\ma725\.gradle\native\c067742578af261105cb4f569cf0c3c89f3d7b1fecec35dd04571415982c5e48\windows-amd64;C:\Users\ma725\.gradle\native\100fb08df4bc3b14c8652ba06237920a3bd2aa13389f12d3474272988ae205f9\windows-amd64

VM Arguments:
jvm_args: --add-opens=java.base/java.lang=ALL-UNNAMED --add-opens=java.base/java.lang.invoke=ALL-UNNAMED --add-opens=java.base/java.util=ALL-UNNAMED --add-opens=java.prefs/java.util.prefs=ALL-UNNAMED --add-exports=jdk.compiler/com.sun.tools.javac.api=ALL-UNNAMED --add-exports=jdk.compiler/com.sun.tools.javac.util=ALL-UNNAMED --add-opens=java.base/java.util=ALL-UNNAMED --add-opens=java.prefs/java.util.prefs=ALL-UNNAMED --add-opens=java.base/java.nio.charset=ALL-UNNAMED --add-opens=java.base/java.net=ALL-UNNAMED --add-opens=java.base/java.util.concurrent.atomic=ALL-UNNAMED --add-opens=java.xml/javax.xml.namespace=ALL-UNNAMED -Xmx2048m -Dfile.encoding=UTF-8 -Duser.country=US -Duser.language=en -Duser.variant -javaagent:C:\Users\ma725\.gradle\wrapper\dists\gradle-8.11.1-bin\bpt9gzteqjrbo1mjrsomdt32c\gradle-8.11.1\lib\agents\gradle-instrumentation-agent-8.11.1.jar 
java_command: org.gradle.launcher.daemon.bootstrap.GradleDaemon 8.11.1
java_class_path (initial): C:\Users\ma725\.gradle\wrapper\dists\gradle-8.11.1-bin\bpt9gzteqjrbo1mjrsomdt32c\gradle-8.11.1\lib\gradle-daemon-main-8.11.1.jar
Launcher Type: SUN_STANDARD

[Global flags]
     intx CICompilerCount                          = 4                                         {product} {ergonomic}
     uint ConcGCThreads                            = 3                                         {product} {ergonomic}
     uint G1ConcRefinementThreads                  = 10                                        {product} {ergonomic}
   size_t G1HeapRegionSize                         = 1048576                                   {product} {ergonomic}
    uintx GCDrainStackTargetSize                   = 64                                        {product} {ergonomic}
   size_t InitialHeapSize                          = 130023424                                 {product} {ergonomic}
   size_t MarkStackSize                            = 4194304                                   {product} {ergonomic}
   size_t MaxHeapSize                              = 2147483648                                {product} {command line}
   size_t MaxNewSize                               = 1287651328                                {product} {ergonomic}
   size_t MinHeapDeltaBytes                        = 1048576                                   {product} {ergonomic}
   size_t MinHeapSize                              = 8388608                                   {product} {ergonomic}
    uintx NonNMethodCodeHeapSize                   = 5839372                                {pd product} {ergonomic}
    uintx NonProfiledCodeHeapSize                  = 122909434                              {pd product} {ergonomic}
    uintx ProfiledCodeHeapSize                     = 122909434                              {pd product} {ergonomic}
    uintx ReservedCodeCacheSize                    = 251658240                              {pd product} {ergonomic}
     bool SegmentedCodeCache                       = true                                      {product} {ergonomic}
   size_t SoftMaxHeapSize                          = 2147483648                             {manageable} {ergonomic}
     bool UseCompressedOops                        = true                           {product lp64_product} {ergonomic}
     bool UseG1GC                                  = true                                      {product} {ergonomic}
     bool UseLargePagesIndividualAllocation        = false                                  {pd product} {ergonomic}

Logging:
Log output configuration:
 #0: stdout all=warning uptime,level,tags foldmultilines=false
 #1: stderr all=off uptime,level,tags foldmultilines=false

Environment Variables:
JAVA_HOME=E:\android studio\jbr
PATH=C:\Program Files\Common Files\Oracle\Java\javapath;C:\WINDOWS\system32;C:\WINDOWS;C:\WINDOWS\System32\Wbem;C:\WINDOWS\System32\WindowsPowerShell\v1.0\;C:\WINDOWS\System32\OpenSSH\;E:\android studio\jbr\bin;C:\Program Files (x86)\NVIDIA Corporation\PhysX\Common;C:\Program Files\NVIDIA Corporation\NVIDIA app\NvDLISR;C:\MinGW\bin;C:\Program Files\Git\cmd;C:\Program Files\Git LFS;C:\Users\ma725\AppData\Local\Programs\Python\Python39\Scripts\;C:\Users\ma725\AppData\Local\Programs\Python\Python39\;C:\Users\ma725\AppData\Local\Programs\Python\Launcher\;C:\Users\ma725\AppData\Local\Microsoft\WindowsApps;E:\Microsoft VS Code\bin;C:\Program Files (x86)\GnuWin32\bin;C:\MinGW\bin;C:\MinGW\msys\1.0\bin;
USERNAME=ma725
OS=Windows_NT
PROCESSOR_IDENTIFIER=Intel64 Family 6 Model 154 Stepping 3, GenuineIntel
TMP=C:\Users\ma725\AppData\Local\Temp
TEMP=C:\Users\ma725\AppData\Local\Temp




Periodic native trim disabled

JNI global refs:
JNI global refs: 28, weak refs: 0

JNI global refs memory usage: 835, weak refs: 833

Process memory usage:
Resident Set Size: 282996K (3% of 8048768K total physical memory with 677660K free physical memory)

OOME stack traces (most recent first):
Classloader memory used:
Loader org.gradle.internal.classloader.VisitableURLClassLoader                         : 23927K
Loader bootstrap                                                                       : 21514K
Loader org.gradle.initialization.MixInLegacyTypesClassLoader                           : 5328K
Loader jdk.internal.loader.ClassLoaders$PlatformClassLoader                            : 497K
Loader jdk.internal.loader.ClassLoaders$AppClassLoader                                 : 232K
Loader org.gradle.internal.classloader.VisitableURLClassLoader                         : 19120B

Classes loaded by more than one classloader:
Class org.gradle.internal.classloader.FilteringClassLoader                            : loaded 2 times (x 101B)
Class org.gradle.internal.classloader.ClassLoaderHierarchy                            : loaded 2 times (x 66B)
Class org.gradle.api.internal.classpath.ManifestUtil                                  : loaded 2 times (x 67B)
Class org.gradle.internal.classloader.DefaultClassLoaderFactory                       : loaded 2 times (x 78B)
Class org.gradle.internal.classloader.ClassLoaderVisitor                              : loaded 2 times (x 72B)
Class org.gradle.api.internal.classpath.EffectiveClassPath                            : loaded 2 times (x 86B)
Class org.gradle.api.internal.DefaultClassPathProvider                                : loaded 2 times (x 72B)
Class [Lorg.gradle.api.internal.ClassPathProvider;                                    : loaded 2 times (x 65B)
Class org.gradle.api.internal.ClassPathProvider                                       : loaded 2 times (x 66B)
Class org.gradle.internal.service.UnknownServiceException                             : loaded 2 times (x 79B)
Class org.gradle.internal.classpath.TransformedClassPath                              : loaded 2 times (x 92B)
Class org.gradle.internal.classloader.InstrumentingClassLoader                        : loaded 2 times (x 66B)
Class org.gradle.internal.service.ServiceLocator                                      : loaded 2 times (x 66B)
Class org.gradle.internal.InternalTransformer                                         : loaded 2 times (x 66B)
Class org.gradle.internal.classloader.ClasspathUtil$1                                 : loaded 2 times (x 72B)
Class org.gradle.api.internal.classpath.DefaultModuleRegistry$DefaultModule           : loaded 2 times (x 82B)
Class org.gradle.api.internal.classpath.Module                                        : loaded 2 times (x 66B)
Class org.gradle.api.internal.classpath.UnknownModuleException                        : loaded 2 times (x 78B)
Class org.gradle.api.internal.DefaultClassPathRegistry                                : loaded 2 times (x 72B)
Class org.gradle.api.internal.ClassPathRegistry                                       : loaded 2 times (x 66B)
Class org.gradle.internal.classpath.DefaultClassPath$ImmutableUniqueList              : loaded 2 times (x 195B)
Class org.gradle.internal.classpath.ClassPath                                         : loaded 2 times (x 66B)
Class org.gradle.api.UncheckedIOException                                             : loaded 2 times (x 78B)
Class org.gradle.internal.installation.GradleInstallation$1                           : loaded 2 times (x 71B)
Class org.gradle.api.internal.classpath.ModuleRegistry                                : loaded 2 times (x 66B)
Class org.gradle.api.internal.classpath.DefaultModuleRegistry                         : loaded 2 times (x 82B)
Class org.gradle.internal.service.ServiceLookupException                              : loaded 2 times (x 78B)
Class org.gradle.internal.classloader.ClassLoaderFactory                              : loaded 2 times (x 66B)
Class org.gradle.internal.service.CachingServiceLocator                               : loaded 2 times (x 78B)
Class org.gradle.internal.classloader.ClasspathUtil                                   : loaded 2 times (x 67B)
Class org.gradle.api.specs.Spec                                                       : loaded 2 times (x 66B)
Class org.gradle.internal.classloader.VisitableURLClassLoader$InstrumentingVisitableURLClassLoader: loaded 2 times (x 119B)
Class org.gradle.internal.classloader.VisitableURLClassLoader$Spec                    : loaded 2 times (x 70B)
Class org.gradle.internal.classpath.DefaultClassPath                                  : loaded 2 times (x 86B)
Class org.gradle.internal.classloader.ClassLoaderSpec                                 : loaded 2 times (x 67B)
Class org.gradle.internal.classloader.VisitableURLClassLoader                         : loaded 2 times (x 113B)
Class org.gradle.internal.Cast                                                        : loaded 2 times (x 67B)
Class org.gradle.api.Action                                                           : loaded 2 times (x 66B)
Class org.gradle.internal.classpath.DefaultClassPath$ImmutableUniqueList$Builder      : loaded 2 times (x 71B)
Class org.gradle.api.GradleException                                                  : loaded 2 times (x 78B)
Class org.gradle.internal.IoActions                                                   : loaded 2 times (x 67B)
Class org.gradle.internal.classloader.SystemClassLoaderSpec                           : loaded 2 times (x 67B)
Class org.gradle.api.internal.classpath.GlobalCacheRootsProvider                      : loaded 2 times (x 66B)
Class org.gradle.internal.installation.CurrentGradleInstallationLocator               : loaded 2 times (x 67B)
Class org.gradle.internal.service.DefaultServiceLocator                               : loaded 2 times (x 79B)
Class org.gradle.internal.installation.CurrentGradleInstallation                      : loaded 2 times (x 69B)
Class org.gradle.util.internal.GUtil                                                  : loaded 2 times (x 67B)
Class org.gradle.internal.installation.GradleInstallation                             : loaded 2 times (x 71B)

---------------  S Y S T E M  ---------------

OS:
 Windows 11 , 64 bit Build 26100 (10.0.26100.3775)
OS uptime: 0 days 17:10 hours

CPU: total 12 (initial active 12) (6 cores per cpu, 2 threads per core) family 6 model 154 stepping 3 microcode 0x432, cx8, cmov, fxsr, ht, mmx, 3dnowpref, sse, sse2, sse3, ssse3, sse4.1, sse4.2, popcnt, lzcnt, tsc, tscinvbit, avx, avx2, aes, erms, clmul, bmi1, bmi2, adx, sha, fma, vzeroupper, clflush, clflushopt, clwb, serialize, rdtscp, rdpid, fsrm, f16c, pku, cet_ibt, cet_ss
Processor Information for processor 0
  Max Mhz: 2000, Current Mhz: 2000, Mhz Limit: 2000
Processor Information for processor 1
  Max Mhz: 2000, Current Mhz: 1520, Mhz Limit: 2000
Processor Information for processor 2
  Max Mhz: 2000, Current Mhz: 2000, Mhz Limit: 2000
Processor Information for processor 3
  Max Mhz: 2000, Current Mhz: 2000, Mhz Limit: 2000
Processor Information for processor 4
  Max Mhz: 2000, Current Mhz: 2000, Mhz Limit: 2000
Processor Information for processor 5
  Max Mhz: 2000, Current Mhz: 2000, Mhz Limit: 2000
Processor Information for processor 6
  Max Mhz: 2000, Current Mhz: 2000, Mhz Limit: 2000
Processor Information for processor 7
  Max Mhz: 2000, Current Mhz: 2000, Mhz Limit: 2000
Processor Information for processor 8
  Max Mhz: 2000, Current Mhz: 1500, Mhz Limit: 1500
Processor Information for processor 9
  Max Mhz: 2000, Current Mhz: 1500, Mhz Limit: 1500
Processor Information for processor 10
  Max Mhz: 2000, Current Mhz: 1500, Mhz Limit: 1500
Processor Information for processor 11
  Max Mhz: 2000, Current Mhz: 1500, Mhz Limit: 1500

Memory: 4k page, system-wide physical 7860M (653M free)
TotalPageFile size 16052M (AvailPageFile size 9M)
current process WorkingSet (physical memory assigned to process): 280M, peak: 285M
current process commit charge ("private bytes"): 321M, peak: 329M

vm_info: OpenJDK 64-Bit Server VM (21.0.5+-12932927-b750.29) for windows-amd64 JRE (21.0.5+-12932927-b750.29), built on 2025-01-17T02:01:10Z by "builder" with MS VC++ 16.10 / 16.11 (VS2019)

END.
