#
# There is insufficient memory for the Java Runtime Environment to continue.
# Native memory allocation (malloc) failed to allocate 1946928 bytes. Error detail: Chunk::new
# Possible reasons:
#   The system is out of physical RAM or swap space
#   This process is running with CompressedOops enabled, and the Java Heap may be blocking the growth of the native heap
# Possible solutions:
#   Reduce memory load on the system
#   Increase physical memory or swap space
#   Check if swap backing store is full
#   Decrease Java heap size (-Xmx/-Xms)
#   Decrease number of Java threads
#   Decrease Java thread stack sizes (-Xss)
#   Set larger code cache with -XX:ReservedCodeCacheSize=
#   JVM is running with Unscaled Compressed Oops mode in which the Java heap is
#     placed in the first 4GB address space. The Java Heap base address is the
#     maximum limit for the native heap growth. Please use -XX:HeapBaseMinAddress
#     to set the Java Heap base and to place the Java Heap above 4GB virtual address.
# This output file may be truncated or incomplete.
#
#  Out of Memory Error (arena.cpp:168), pid=12616, tid=13376
#
# JRE version: OpenJDK Runtime Environment (21.0.5) (build 21.0.5+-12932927-b750.29)
# Java VM: OpenJDK 64-Bit Server VM (21.0.5+-12932927-b750.29, mixed mode, tiered, compressed oops, compressed class ptrs, g1 gc, windows-amd64)
# No core dump will be written. Minidumps are not enabled by default on client versions of Windows
#

---------------  S U M M A R Y ------------

Command Line: --add-opens=java.base/java.lang=ALL-UNNAMED --add-opens=java.base/java.lang.invoke=ALL-UNNAMED --add-opens=java.base/java.util=ALL-UNNAMED --add-opens=java.prefs/java.util.prefs=ALL-UNNAMED --add-exports=jdk.compiler/com.sun.tools.javac.api=ALL-UNNAMED --add-exports=jdk.compiler/com.sun.tools.javac.util=ALL-UNNAMED --add-opens=java.base/java.util=ALL-UNNAMED --add-opens=java.prefs/java.util.prefs=ALL-UNNAMED --add-opens=java.base/java.nio.charset=ALL-UNNAMED --add-opens=java.base/java.net=ALL-UNNAMED --add-opens=java.base/java.util.concurrent.atomic=ALL-UNNAMED --add-opens=java.xml/javax.xml.namespace=ALL-UNNAMED -Xmx2048m -Dfile.encoding=UTF-8 -Duser.country=US -Duser.language=en -Duser.variant -javaagent:C:\Users\ma725\.gradle\wrapper\dists\gradle-8.11.1-bin\bpt9gzteqjrbo1mjrsomdt32c\gradle-8.11.1\lib\agents\gradle-instrumentation-agent-8.11.1.jar org.gradle.launcher.daemon.bootstrap.GradleDaemon 8.11.1

Host: 12th Gen Intel(R) Core(TM) i5-12450H, 12 cores, 7G,  Windows 11 , 64 bit Build 26100 (10.0.26100.3775)
Time: Sun May 25 20:32:29 2025 Bangladesh Standard Time elapsed time: 9.243578 seconds (0d 0h 0m 9s)

---------------  T H R E A D  ---------------

Current thread (0x00000162c2171d70):  JavaThread "C2 CompilerThread0" daemon [_thread_in_native, id=13376, stack(0x000000500e000000,0x000000500e100000) (1024K)]


Current CompileTask:
C2:9243 5187   !   4       java.net.URLClassLoader::findClass (47 bytes)

Stack: [0x000000500e000000,0x000000500e100000]
Native frames: (J=compiled Java code, j=interpreted, Vv=VM code, C=native code)
V  [jvm.dll+0x6cfb29]
V  [jvm.dll+0x85ded3]
V  [jvm.dll+0x86042e]
V  [jvm.dll+0x860b13]
V  [jvm.dll+0x27e6b6]
V  [jvm.dll+0xbff6d]
V  [jvm.dll+0xc04a3]
V  [jvm.dll+0x3b5ffb]
V  [jvm.dll+0x381f97]
V  [jvm.dll+0x38140a]
V  [jvm.dll+0x247c62]
V  [jvm.dll+0x247231]
V  [jvm.dll+0x1c5ee4]
V  [jvm.dll+0x25697c]
V  [jvm.dll+0x254ec6]
V  [jvm.dll+0x3f0ce6]
V  [jvm.dll+0x806368]
V  [jvm.dll+0x6ce3fd]
C  [ucrtbase.dll+0x37b0]
C  [KERNEL32.DLL+0x2e8d7]
C  [ntdll.dll+0xb14fc]


---------------  P R O C E S S  ---------------

Threads class SMR info:
_java_thread_list=0x00000162cb84feb0, length=33, elements={
0x00000162a81676c0, 0x00000162c20fb3a0, 0x00000162c20fbb00, 0x00000162c2130a50,
0x00000162c21310b0, 0x00000162c2131b20, 0x00000162c2132580, 0x00000162c2171d70,
0x00000162c2172c30, 0x00000162c22cb460, 0x00000162c245a9d0, 0x00000162c8322d00,
0x00000162c8125960, 0x00000162c8297a20, 0x00000162c84160f0, 0x00000162c857f790,
0x00000162c846e430, 0x00000162c846ea90, 0x00000162c8306760, 0x00000162c868ebf0,
0x00000162c868f910, 0x00000162c868ffa0, 0x00000162c8690630, 0x00000162c86919e0,
0x00000162c868f280, 0x00000162c868e560, 0x00000162c8690cc0, 0x00000162c8691350,
0x00000162ca723560, 0x00000162ca721b20, 0x00000162ca723bf0, 0x00000162ca724280,
0x00000162a813d3e0
}

Java Threads: ( => current thread )
  0x00000162a81676c0 JavaThread "main"                              [_thread_blocked, id=5204, stack(0x000000500d200000,0x000000500d300000) (1024K)]
  0x00000162c20fb3a0 JavaThread "Reference Handler"          daemon [_thread_blocked, id=3044, stack(0x000000500da00000,0x000000500db00000) (1024K)]
  0x00000162c20fbb00 JavaThread "Finalizer"                  daemon [_thread_blocked, id=7576, stack(0x000000500db00000,0x000000500dc00000) (1024K)]
  0x00000162c2130a50 JavaThread "Signal Dispatcher"          daemon [_thread_blocked, id=9220, stack(0x000000500dc00000,0x000000500dd00000) (1024K)]
  0x00000162c21310b0 JavaThread "Attach Listener"            daemon [_thread_blocked, id=6880, stack(0x000000500dd00000,0x000000500de00000) (1024K)]
  0x00000162c2131b20 JavaThread "Service Thread"             daemon [_thread_blocked, id=8592, stack(0x000000500de00000,0x000000500df00000) (1024K)]
  0x00000162c2132580 JavaThread "Monitor Deflation Thread"   daemon [_thread_blocked, id=5156, stack(0x000000500df00000,0x000000500e000000) (1024K)]
=>0x00000162c2171d70 JavaThread "C2 CompilerThread0"         daemon [_thread_in_native, id=13376, stack(0x000000500e000000,0x000000500e100000) (1024K)]
  0x00000162c2172c30 JavaThread "C1 CompilerThread0"         daemon [_thread_blocked, id=7832, stack(0x000000500e100000,0x000000500e200000) (1024K)]
  0x00000162c22cb460 JavaThread "Common-Cleaner"             daemon [_thread_blocked, id=13680, stack(0x000000500e200000,0x000000500e300000) (1024K)]
  0x00000162c245a9d0 JavaThread "Notification Thread"        daemon [_thread_blocked, id=15972, stack(0x000000500e300000,0x000000500e400000) (1024K)]
  0x00000162c8322d00 JavaThread "Daemon health stats"               [_thread_blocked, id=14716, stack(0x000000500ec00000,0x000000500ed00000) (1024K)]
  0x00000162c8125960 JavaThread "Incoming local TCP Connector on port 50590"        [_thread_in_native, id=12356, stack(0x000000500ed00000,0x000000500ee00000) (1024K)]
  0x00000162c8297a20 JavaThread "Daemon periodic checks"            [_thread_blocked, id=18928, stack(0x000000500ee00000,0x000000500ef00000) (1024K)]
  0x00000162c84160f0 JavaThread "Daemon"                            [_thread_blocked, id=2936, stack(0x000000500ef00000,0x000000500f000000) (1024K)]
  0x00000162c857f790 JavaThread "Handler for socket connection from /127.0.0.1:50590 to /127.0.0.1:50591"        [_thread_in_native, id=16208, stack(0x000000500f000000,0x000000500f100000) (1024K)]
  0x00000162c846e430 JavaThread "Cancel handler"                    [_thread_blocked, id=1964, stack(0x000000500f100000,0x000000500f200000) (1024K)]
  0x00000162c846ea90 JavaThread "Daemon worker"                     [_thread_in_vm, id=4224, stack(0x000000500f200000,0x000000500f300000) (1024K)]
  0x00000162c8306760 JavaThread "Asynchronous log dispatcher for DefaultDaemonConnection: socket connection from /127.0.0.1:50590 to /127.0.0.1:50591"        [_thread_blocked, id=15792, stack(0x000000500f300000,0x000000500f400000) (1024K)]
  0x00000162c868ebf0 JavaThread "Stdin handler"                     [_thread_blocked, id=18128, stack(0x000000500f400000,0x000000500f500000) (1024K)]
  0x00000162c868f910 JavaThread "Daemon client event forwarder"        [_thread_blocked, id=16920, stack(0x000000500f500000,0x000000500f600000) (1024K)]
  0x00000162c868ffa0 JavaThread "Cache worker for journal cache (C:\Users\ma725\.gradle\caches\journal-1)"        [_thread_blocked, id=12560, stack(0x000000500fb00000,0x000000500fc00000) (1024K)]
  0x00000162c8690630 JavaThread "File lock request listener"        [_thread_in_native, id=13844, stack(0x000000500fc00000,0x000000500fd00000) (1024K)]
  0x00000162c86919e0 JavaThread "Cache worker for file hash cache (C:\Users\ma725\.gradle\caches\8.11.1\fileHashes)"        [_thread_blocked, id=15960, stack(0x000000500fd00000,0x000000500fe00000) (1024K)]
  0x00000162c868f280 JavaThread "Cache worker for file content cache (C:\Users\ma725\.gradle\caches\8.11.1\fileContent)"        [_thread_blocked, id=10008, stack(0x000000500fe00000,0x000000500ff00000) (1024K)]
  0x00000162c868e560 JavaThread "Cache worker for file hash cache (E:\YourClass\.gradle\8.11.1\fileHashes)"        [_thread_blocked, id=18944, stack(0x000000500ff00000,0x0000005010000000) (1024K)]
  0x00000162c8690cc0 JavaThread "Cache worker for Build Output Cleanup Cache (E:\YourClass\.gradle\buildOutputCleanup)"        [_thread_blocked, id=10236, stack(0x0000005010000000,0x0000005010100000) (1024K)]
  0x00000162c8691350 JavaThread "File watcher server"        daemon [_thread_in_native, id=11236, stack(0x0000005010100000,0x0000005010200000) (1024K)]
  0x00000162ca723560 JavaThread "File watcher consumer"      daemon [_thread_blocked, id=8376, stack(0x0000005010200000,0x0000005010300000) (1024K)]
  0x00000162ca721b20 JavaThread "Cache worker for checksums cache (E:\YourClass\.gradle\8.11.1\checksums)"        [_thread_blocked, id=1440, stack(0x0000005010300000,0x0000005010400000) (1024K)]
  0x00000162ca723bf0 JavaThread "Cache worker for cache directory md-rule (C:\Users\ma725\.gradle\caches\8.11.1\md-rule)"        [_thread_blocked, id=17416, stack(0x000000500e500000,0x000000500e600000) (1024K)]
  0x00000162ca724280 JavaThread "Cache worker for cache directory md-supplier (C:\Users\ma725\.gradle\caches\8.11.1\md-supplier)"        [_thread_blocked, id=6800, stack(0x0000005010400000,0x0000005010500000) (1024K)]
  0x00000162a813d3e0 JavaThread "C2 CompilerThread1"         daemon [_thread_new, id=17964, stack(0x0000000000000000,0x0000000000000000) (0B)]
Total: 33

Other Threads:
  0x00000162c20d5bf0 VMThread "VM Thread"                           [id=6520, stack(0x000000500d900000,0x000000500da00000) (1024K)]
  0x00000162c1be2ce0 WatcherThread "VM Periodic Task Thread"        [id=3224, stack(0x000000500d800000,0x000000500d900000) (1024K)]
  0x00000162a822dff0 WorkerThread "GC Thread#0"                     [id=7392, stack(0x000000500d300000,0x000000500d400000) (1024K)]
  0x00000162c2a70810 WorkerThread "GC Thread#1"                     [id=8900, stack(0x000000500e600000,0x000000500e700000) (1024K)]
  0x00000162c2a7be00 WorkerThread "GC Thread#2"                     [id=10416, stack(0x000000500e700000,0x000000500e800000) (1024K)]
  0x00000162c245e110 WorkerThread "GC Thread#3"                     [id=17316, stack(0x000000500e800000,0x000000500e900000) (1024K)]
  0x00000162c2aa1580 WorkerThread "GC Thread#4"                     [id=13880, stack(0x000000500e900000,0x000000500ea00000) (1024K)]
  0x00000162c8165190 WorkerThread "GC Thread#5"                     [id=5628, stack(0x000000500ea00000,0x000000500eb00000) (1024K)]
  0x00000162c7f51b10 WorkerThread "GC Thread#6"                     [id=12884, stack(0x000000500eb00000,0x000000500ec00000) (1024K)]
  0x00000162c868cec0 WorkerThread "GC Thread#7"                     [id=5580, stack(0x000000500f600000,0x000000500f700000) (1024K)]
  0x00000162c868cb20 WorkerThread "GC Thread#8"                     [id=14348, stack(0x000000500f700000,0x000000500f800000) (1024K)]
  0x00000162c868c3e0 WorkerThread "GC Thread#9"                     [id=14724, stack(0x000000500f800000,0x000000500f900000) (1024K)]
  0x00000162aa4543f0 ConcurrentGCThread "G1 Main Marker"            [id=6012, stack(0x000000500d400000,0x000000500d500000) (1024K)]
  0x00000162aa455fe0 WorkerThread "G1 Conc#0"                       [id=17928, stack(0x000000500d500000,0x000000500d600000) (1024K)]
  0x00000162c868c780 WorkerThread "G1 Conc#1"                       [id=4848, stack(0x000000500f900000,0x000000500fa00000) (1024K)]
  0x00000162c868c040 WorkerThread "G1 Conc#2"                       [id=3856, stack(0x000000500fa00000,0x000000500fb00000) (1024K)]
  0x00000162c1aae040 ConcurrentGCThread "G1 Refine#0"               [id=11304, stack(0x000000500d600000,0x000000500d700000) (1024K)]
  0x00000162c1ab1490 ConcurrentGCThread "G1 Service"                [id=15984, stack(0x000000500d700000,0x000000500d800000) (1024K)]
Total: 18

Threads with active compile tasks:
C2 CompilerThread0  9267 5187   !   4       java.net.URLClassLoader::findClass (47 bytes)
C2 CompilerThread1  9267 5188       4       java.net.URLClassLoader$1::run (5 bytes)
Total: 2

VM state: not at safepoint (normal execution)

VM Mutex/Monitor currently owned by a thread:  ([mutex/lock_event])
[0x00007ffe02c6d9e0] SystemDictionary_lock - owner thread: 0x0000000000000000

Heap address: 0x0000000080000000, size: 2048 MB, Compressed Oops mode: 32-bit

CDS archive(s) not mapped
Compressed class space mapped at: 0x0000000100000000-0x0000000140000000, reserved size: 1073741824
Narrow klass base: 0x0000000000000000, Narrow klass shift: 3, Narrow klass range: 0x140000000

GC Precious Log:
 CardTable entry size: 512
 Card Set container configuration: InlinePtr #cards 5 size 8 Array Of Cards #cards 12 size 40 Howl #buckets 4 coarsen threshold 1843 Howl Bitmap #cards 512 size 80 coarsen threshold 460 Card regions per heap region 1 cards per card region 2048
 CPUs: 12 total, 12 available
 Memory: 7860M
 Large Page Support: Disabled
 NUMA Support: Disabled
 Compressed Oops: Enabled (32-bit)
 Heap Region Size: 1M
 Heap Min Capacity: 8M
 Heap Initial Capacity: 124M
 Heap Max Capacity: 2G
 Pre-touch: Disabled
 Parallel Workers: 10
 Concurrent Workers: 3
 Concurrent Refinement Workers: 10
 Periodic GC: Disabled

Heap:
 garbage-first heap   total 89088K, used 60939K [0x0000000080000000, 0x0000000100000000)
  region size 1024K, 27 young (27648K), 3 survivors (3072K)
 Metaspace       used 62105K, committed 63680K, reserved 1114112K
  class space    used 8485K, committed 9280K, reserved 1048576K

Heap Regions: E=young(eden), S=young(survivor), O=old, HS=humongous(starts), HC=humongous(continues), CS=collection set, F=free, TAMS=top-at-mark-start, PB=parsable bottom
|   0|0x0000000080000000, 0x0000000080100000, 0x0000000080100000|100%| O|  |TAMS 0x0000000080000000| PB 0x0000000080000000| Untracked 
|   1|0x0000000080100000, 0x0000000080200000, 0x0000000080200000|100%|HS|  |TAMS 0x0000000080100000| PB 0x0000000080100000| Complete 
|   2|0x0000000080200000, 0x0000000080300000, 0x0000000080300000|100%|HC|  |TAMS 0x0000000080200000| PB 0x0000000080200000| Complete 
|   3|0x0000000080300000, 0x0000000080400000, 0x0000000080400000|100%|HC|  |TAMS 0x0000000080300000| PB 0x0000000080300000| Complete 
|   4|0x0000000080400000, 0x0000000080500000, 0x0000000080500000|100%| O|  |TAMS 0x0000000080400000| PB 0x0000000080400000| Untracked 
|   5|0x0000000080500000, 0x0000000080600000, 0x0000000080600000|100%| O|  |TAMS 0x0000000080500000| PB 0x0000000080500000| Untracked 
|   6|0x0000000080600000, 0x0000000080700000, 0x0000000080700000|100%| O|  |TAMS 0x0000000080600000| PB 0x0000000080600000| Untracked 
|   7|0x0000000080700000, 0x0000000080800000, 0x0000000080800000|100%|HS|  |TAMS 0x0000000080700000| PB 0x0000000080700000| Complete 
|   8|0x0000000080800000, 0x0000000080900000, 0x0000000080900000|100%| O|  |TAMS 0x0000000080800000| PB 0x0000000080800000| Untracked 
|   9|0x0000000080900000, 0x0000000080a00000, 0x0000000080a00000|100%| O|  |TAMS 0x0000000080900000| PB 0x0000000080900000| Untracked 
|  10|0x0000000080a00000, 0x0000000080b00000, 0x0000000080b00000|100%| O|  |TAMS 0x0000000080a00000| PB 0x0000000080a00000| Untracked 
|  11|0x0000000080b00000, 0x0000000080c00000, 0x0000000080c00000|100%| O|  |TAMS 0x0000000080b00000| PB 0x0000000080b00000| Untracked 
|  12|0x0000000080c00000, 0x0000000080d00000, 0x0000000080d00000|100%| O|  |TAMS 0x0000000080c00000| PB 0x0000000080c00000| Untracked 
|  13|0x0000000080d00000, 0x0000000080e00000, 0x0000000080e00000|100%| O|  |TAMS 0x0000000080d00000| PB 0x0000000080d00000| Untracked 
|  14|0x0000000080e00000, 0x0000000080f00000, 0x0000000080f00000|100%| O|  |TAMS 0x0000000080e00000| PB 0x0000000080e00000| Untracked 
|  15|0x0000000080f00000, 0x0000000081000000, 0x0000000081000000|100%| O|  |TAMS 0x0000000080f00000| PB 0x0000000080f00000| Untracked 
|  16|0x0000000081000000, 0x0000000081100000, 0x0000000081100000|100%| O|  |TAMS 0x0000000081000000| PB 0x0000000081000000| Untracked 
|  17|0x0000000081100000, 0x0000000081200000, 0x0000000081200000|100%| O|  |TAMS 0x0000000081100000| PB 0x0000000081100000| Untracked 
|  18|0x0000000081200000, 0x0000000081300000, 0x0000000081300000|100%| O|  |TAMS 0x0000000081200000| PB 0x0000000081200000| Untracked 
|  19|0x0000000081300000, 0x0000000081400000, 0x0000000081400000|100%| O|  |TAMS 0x0000000081300000| PB 0x0000000081300000| Untracked 
|  20|0x0000000081400000, 0x0000000081500000, 0x0000000081500000|100%| O|  |TAMS 0x0000000081400000| PB 0x0000000081400000| Untracked 
|  21|0x0000000081500000, 0x0000000081600000, 0x0000000081600000|100%| O|  |TAMS 0x0000000081500000| PB 0x0000000081500000| Untracked 
|  22|0x0000000081600000, 0x0000000081700000, 0x0000000081700000|100%| O|Cm|TAMS 0x0000000081600000| PB 0x0000000081600000| Complete 
|  23|0x0000000081700000, 0x0000000081800000, 0x0000000081800000|100%| O|  |TAMS 0x0000000081700000| PB 0x0000000081700000| Untracked 
|  24|0x0000000081800000, 0x0000000081900000, 0x0000000081900000|100%| O|  |TAMS 0x0000000081800000| PB 0x0000000081800000| Untracked 
|  25|0x0000000081900000, 0x0000000081a00000, 0x0000000081a00000|100%| O|  |TAMS 0x0000000081900000| PB 0x0000000081900000| Untracked 
|  26|0x0000000081a00000, 0x0000000081b00000, 0x0000000081b00000|100%| O|  |TAMS 0x0000000081a00000| PB 0x0000000081a00000| Untracked 
|  27|0x0000000081b00000, 0x0000000081c00000, 0x0000000081c00000|100%| O|  |TAMS 0x0000000081b00000| PB 0x0000000081b00000| Untracked 
|  28|0x0000000081c00000, 0x0000000081d00000, 0x0000000081d00000|100%| O|  |TAMS 0x0000000081c00000| PB 0x0000000081c00000| Untracked 
|  29|0x0000000081d00000, 0x0000000081d429c0, 0x0000000081e00000| 26%| O|  |TAMS 0x0000000081d00000| PB 0x0000000081d00000| Untracked 
|  30|0x0000000081e00000, 0x0000000081e00000, 0x0000000081f00000|  0%| F|  |TAMS 0x0000000081e00000| PB 0x0000000081e00000| Untracked 
|  31|0x0000000081f00000, 0x0000000081f00000, 0x0000000082000000|  0%| F|  |TAMS 0x0000000081f00000| PB 0x0000000081f00000| Untracked 
|  32|0x0000000082000000, 0x0000000082000000, 0x0000000082100000|  0%| F|  |TAMS 0x0000000082000000| PB 0x0000000082000000| Untracked 
|  33|0x0000000082100000, 0x0000000082200000, 0x0000000082200000|100%| O|  |TAMS 0x0000000082100000| PB 0x0000000082100000| Untracked 
|  34|0x0000000082200000, 0x0000000082300000, 0x0000000082300000|100%| O|  |TAMS 0x0000000082200000| PB 0x0000000082200000| Untracked 
|  35|0x0000000082300000, 0x0000000082400000, 0x0000000082400000|100%| O|  |TAMS 0x0000000082300000| PB 0x0000000082300000| Untracked 
|  36|0x0000000082400000, 0x0000000082500000, 0x0000000082500000|100%| O|  |TAMS 0x0000000082400000| PB 0x0000000082400000| Untracked 
|  37|0x0000000082500000, 0x0000000082600000, 0x0000000082600000|100%| O|  |TAMS 0x0000000082500000| PB 0x0000000082500000| Untracked 
|  38|0x0000000082600000, 0x0000000082600000, 0x0000000082700000|  0%| F|  |TAMS 0x0000000082600000| PB 0x0000000082600000| Untracked 
|  39|0x0000000082700000, 0x0000000082700000, 0x0000000082800000|  0%| F|  |TAMS 0x0000000082700000| PB 0x0000000082700000| Untracked 
|  40|0x0000000082800000, 0x0000000082800000, 0x0000000082900000|  0%| F|  |TAMS 0x0000000082800000| PB 0x0000000082800000| Untracked 
|  41|0x0000000082900000, 0x0000000082900000, 0x0000000082a00000|  0%| F|  |TAMS 0x0000000082900000| PB 0x0000000082900000| Untracked 
|  42|0x0000000082a00000, 0x0000000082a00000, 0x0000000082b00000|  0%| F|  |TAMS 0x0000000082a00000| PB 0x0000000082a00000| Untracked 
|  43|0x0000000082b00000, 0x0000000082b00000, 0x0000000082c00000|  0%| F|  |TAMS 0x0000000082b00000| PB 0x0000000082b00000| Untracked 
|  44|0x0000000082c00000, 0x0000000082c00000, 0x0000000082d00000|  0%| F|  |TAMS 0x0000000082c00000| PB 0x0000000082c00000| Untracked 
|  45|0x0000000082d00000, 0x0000000082d00000, 0x0000000082e00000|  0%| F|  |TAMS 0x0000000082d00000| PB 0x0000000082d00000| Untracked 
|  46|0x0000000082e00000, 0x0000000082e00000, 0x0000000082f00000|  0%| F|  |TAMS 0x0000000082e00000| PB 0x0000000082e00000| Untracked 
|  47|0x0000000082f00000, 0x0000000082f00000, 0x0000000083000000|  0%| F|  |TAMS 0x0000000082f00000| PB 0x0000000082f00000| Untracked 
|  48|0x0000000083000000, 0x0000000083000000, 0x0000000083100000|  0%| F|  |TAMS 0x0000000083000000| PB 0x0000000083000000| Untracked 
|  49|0x0000000083100000, 0x0000000083100000, 0x0000000083200000|  0%| F|  |TAMS 0x0000000083100000| PB 0x0000000083100000| Untracked 
|  50|0x0000000083200000, 0x0000000083200000, 0x0000000083300000|  0%| F|  |TAMS 0x0000000083200000| PB 0x0000000083200000| Untracked 
|  51|0x0000000083300000, 0x0000000083300000, 0x0000000083400000|  0%| F|  |TAMS 0x0000000083300000| PB 0x0000000083300000| Untracked 
|  52|0x0000000083400000, 0x0000000083400000, 0x0000000083500000|  0%| F|  |TAMS 0x0000000083400000| PB 0x0000000083400000| Untracked 
|  53|0x0000000083500000, 0x0000000083500000, 0x0000000083600000|  0%| F|  |TAMS 0x0000000083500000| PB 0x0000000083500000| Untracked 
|  54|0x0000000083600000, 0x0000000083600000, 0x0000000083700000|  0%| F|  |TAMS 0x0000000083600000| PB 0x0000000083600000| Untracked 
|  55|0x0000000083700000, 0x0000000083700000, 0x0000000083800000|  0%| F|  |TAMS 0x0000000083700000| PB 0x0000000083700000| Untracked 
|  56|0x0000000083800000, 0x0000000083800000, 0x0000000083900000|  0%| F|  |TAMS 0x0000000083800000| PB 0x0000000083800000| Untracked 
|  57|0x0000000083900000, 0x0000000083900000, 0x0000000083a00000|  0%| F|  |TAMS 0x0000000083900000| PB 0x0000000083900000| Untracked 
|  58|0x0000000083a00000, 0x0000000083a00000, 0x0000000083b00000|  0%| F|  |TAMS 0x0000000083a00000| PB 0x0000000083a00000| Untracked 
|  59|0x0000000083b00000, 0x0000000083b00000, 0x0000000083c00000|  0%| F|  |TAMS 0x0000000083b00000| PB 0x0000000083b00000| Untracked 
|  60|0x0000000083c00000, 0x0000000083d00000, 0x0000000083d00000|100%| E|  |TAMS 0x0000000083c00000| PB 0x0000000083c00000| Complete 
|  61|0x0000000083d00000, 0x0000000083e00000, 0x0000000083e00000|100%| E|CS|TAMS 0x0000000083d00000| PB 0x0000000083d00000| Complete 
|  62|0x0000000083e00000, 0x0000000083f00000, 0x0000000083f00000|100%| E|CS|TAMS 0x0000000083e00000| PB 0x0000000083e00000| Complete 
|  63|0x0000000083f00000, 0x0000000084000000, 0x0000000084000000|100%| E|CS|TAMS 0x0000000083f00000| PB 0x0000000083f00000| Complete 
|  64|0x0000000084000000, 0x0000000084100000, 0x0000000084100000|100%| E|CS|TAMS 0x0000000084000000| PB 0x0000000084000000| Complete 
|  65|0x0000000084100000, 0x0000000084200000, 0x0000000084200000|100%| E|CS|TAMS 0x0000000084100000| PB 0x0000000084100000| Complete 
|  66|0x0000000084200000, 0x0000000084300000, 0x0000000084300000|100%| E|CS|TAMS 0x0000000084200000| PB 0x0000000084200000| Complete 
|  67|0x0000000084300000, 0x0000000084400000, 0x0000000084400000|100%| E|CS|TAMS 0x0000000084300000| PB 0x0000000084300000| Complete 
|  68|0x0000000084400000, 0x0000000084500000, 0x0000000084500000|100%| E|CS|TAMS 0x0000000084400000| PB 0x0000000084400000| Complete 
|  69|0x0000000084500000, 0x0000000084600000, 0x0000000084600000|100%| E|CS|TAMS 0x0000000084500000| PB 0x0000000084500000| Complete 
|  70|0x0000000084600000, 0x0000000084700000, 0x0000000084700000|100%| E|CS|TAMS 0x0000000084600000| PB 0x0000000084600000| Complete 
|  71|0x0000000084700000, 0x0000000084800000, 0x0000000084800000|100%| E|CS|TAMS 0x0000000084700000| PB 0x0000000084700000| Complete 
|  72|0x0000000084800000, 0x0000000084900000, 0x0000000084900000|100%| E|CS|TAMS 0x0000000084800000| PB 0x0000000084800000| Complete 
|  73|0x0000000084900000, 0x0000000084940440, 0x0000000084a00000| 25%| S|CS|TAMS 0x0000000084900000| PB 0x0000000084900000| Complete 
|  74|0x0000000084a00000, 0x0000000084b00000, 0x0000000084b00000|100%| S|CS|TAMS 0x0000000084a00000| PB 0x0000000084a00000| Complete 
|  75|0x0000000084b00000, 0x0000000084c00000, 0x0000000084c00000|100%| S|CS|TAMS 0x0000000084b00000| PB 0x0000000084b00000| Complete 
|  76|0x0000000084c00000, 0x0000000084d00000, 0x0000000084d00000|100%| E|CS|TAMS 0x0000000084c00000| PB 0x0000000084c00000| Complete 
|  77|0x0000000084d00000, 0x0000000084e00000, 0x0000000084e00000|100%| E|CS|TAMS 0x0000000084d00000| PB 0x0000000084d00000| Complete 
|  78|0x0000000084e00000, 0x0000000084f00000, 0x0000000084f00000|100%| E|CS|TAMS 0x0000000084e00000| PB 0x0000000084e00000| Complete 
|  79|0x0000000084f00000, 0x0000000085000000, 0x0000000085000000|100%| E|CS|TAMS 0x0000000084f00000| PB 0x0000000084f00000| Complete 
|  80|0x0000000085000000, 0x0000000085100000, 0x0000000085100000|100%| E|CS|TAMS 0x0000000085000000| PB 0x0000000085000000| Complete 
|  81|0x0000000085100000, 0x0000000085200000, 0x0000000085200000|100%| E|CS|TAMS 0x0000000085100000| PB 0x0000000085100000| Complete 
|  82|0x0000000085200000, 0x0000000085300000, 0x0000000085300000|100%| E|CS|TAMS 0x0000000085200000| PB 0x0000000085200000| Complete 
|  83|0x0000000085300000, 0x0000000085400000, 0x0000000085400000|100%| E|CS|TAMS 0x0000000085300000| PB 0x0000000085300000| Complete 
|  84|0x0000000085400000, 0x0000000085500000, 0x0000000085500000|100%| E|CS|TAMS 0x0000000085400000| PB 0x0000000085400000| Complete 
|  85|0x0000000085500000, 0x0000000085600000, 0x0000000085600000|100%| E|CS|TAMS 0x0000000085500000| PB 0x0000000085500000| Complete 
| 123|0x0000000087b00000, 0x0000000087c00000, 0x0000000087c00000|100%| E|CS|TAMS 0x0000000087b00000| PB 0x0000000087b00000| Complete 

Card table byte_map: [0x00000162bcea0000,0x00000162bd2a0000] _byte_map_base: 0x00000162bcaa0000

Marking Bits: (CMBitMap*) 0x00000162a822e600
 Bits: [0x00000162bd2a0000, 0x00000162bf2a0000)

Polling page: 0x00000162a8310000

Metaspace:

Usage:
  Non-class:     52.38 MB used.
      Class:      8.29 MB used.
       Both:     60.66 MB used.

Virtual space:
  Non-class space:       64.00 MB reserved,      53.19 MB ( 83%) committed,  1 nodes.
      Class space:        1.00 GB reserved,       9.06 MB ( <1%) committed,  1 nodes.
             Both:        1.06 GB reserved,      62.25 MB (  6%) committed. 

Chunk freelists:
   Non-Class:  10.80 MB
       Class:  6.80 MB
        Both:  17.59 MB

MaxMetaspaceSize: unlimited
CompressedClassSpaceSize: 1.00 GB
Initial GC threshold: 21.00 MB
Current GC threshold: 98.38 MB
CDS: off
 - commit_granule_bytes: 65536.
 - commit_granule_words: 8192.
 - virtual_space_node_default_size: 8388608.
 - enlarge_chunks_in_place: 1.
 - use_allocation_guard: 0.


Internal statistics:

num_allocs_failed_limit: 9.
num_arena_births: 2918.
num_arena_deaths: 0.
num_vsnodes_births: 2.
num_vsnodes_deaths: 0.
num_space_committed: 996.
num_space_uncommitted: 0.
num_chunks_returned_to_freelist: 9.
num_chunks_taken_from_freelist: 5405.
num_chunk_merges: 9.
num_chunk_splits: 3509.
num_chunks_enlarged: 2183.
num_inconsistent_stats: 0.

CodeHeap 'non-profiled nmethods': size=120000Kb used=2803Kb max_used=2803Kb free=117196Kb
 bounds [0x00000162b5010000, 0x00000162b52d0000, 0x00000162bc540000]
CodeHeap 'profiled nmethods': size=120000Kb used=8644Kb max_used=8644Kb free=111355Kb
 bounds [0x00000162ad540000, 0x00000162addc0000, 0x00000162b4a70000]
CodeHeap 'non-nmethods': size=5760Kb used=1964Kb max_used=1988Kb free=3795Kb
 bounds [0x00000162b4a70000, 0x00000162b4ce0000, 0x00000162b5010000]
 total_blobs=5369 nmethods=4626 adapters=646
 compilation: enabled
              stopped_count=0, restarted_count=0
 full_count=0

Compilation events (20 events):
Event: 8.162 Thread 0x00000162c2172c30 5196       3       com.google.common.cache.LocalCache::usesWriteQueue (5 bytes)
Event: 8.162 Thread 0x00000162c2172c30 nmethod 5196 0x00000162adda7f10 code [0x00000162adda80c0, 0x00000162adda8298]
Event: 8.171 Thread 0x00000162c2172c30 5197       3       java.util.zip.ZipFile$Source$Key::equals (93 bytes)
Event: 8.171 Thread 0x00000162c2172c30 nmethod 5197 0x00000162adda8390 code [0x00000162adda8640, 0x00000162adda94b0]
Event: 8.172 Thread 0x00000162c2172c30 5198       3       java.nio.file.attribute.FileTime::compareTo (154 bytes)
Event: 8.172 Thread 0x00000162c2172c30 nmethod 5198 0x00000162adda9890 code [0x00000162adda9be0, 0x00000162addaad38]
Event: 8.183 Thread 0x00000162c2172c30 5199       3       jdk.internal.misc.Unsafe::getAndAddLong (27 bytes)
Event: 8.183 Thread 0x00000162c2172c30 nmethod 5199 0x00000162addab290 code [0x00000162addab440, 0x00000162addab680]
Event: 8.183 Thread 0x00000162c2172c30 5200       3       jdk.internal.misc.Unsafe::weakCompareAndSetLong (11 bytes)
Event: 8.183 Thread 0x00000162c2172c30 nmethod 5200 0x00000162addab790 code [0x00000162addab920, 0x00000162addaba48]
Event: 8.191 Thread 0x00000162c2172c30 5201       3       org.gradle.model.internal.asm.ClassVisitorScope::privateSyntheticMethod (12 bytes)
Event: 8.192 Thread 0x00000162c2172c30 nmethod 5201 0x00000162addabb10 code [0x00000162addabcc0, 0x00000162addabe20]
Event: 8.192 Thread 0x00000162c2172c30 5203       3       jdk.internal.org.objectweb.asm.ClassReader::readUTF8 (23 bytes)
Event: 8.192 Thread 0x00000162c2172c30 nmethod 5203 0x00000162addabf10 code [0x00000162addac0e0, 0x00000162addac328]
Event: 8.192 Thread 0x00000162c2172c30 5204       3       jdk.internal.org.objectweb.asm.ClassReader::readUtf (44 bytes)
Event: 8.192 Thread 0x00000162c2172c30 nmethod 5204 0x00000162addac410 code [0x00000162addac600, 0x00000162addac9e8]
Event: 8.283 Thread 0x00000162c2172c30 5205       1       javax.management.ObjectName$Property::setKeyIndex (6 bytes)
Event: 8.283 Thread 0x00000162c2172c30 nmethod 5205 0x00000162b51bed10 code [0x00000162b51beea0, 0x00000162b51bef68]
Event: 8.283 Thread 0x00000162c2172c30 5206       1       sun.management.MemoryPoolImpl::getName (5 bytes)
Event: 8.283 Thread 0x00000162c2172c30 nmethod 5206 0x00000162b52cbf90 code [0x00000162b52cc120, 0x00000162b52cc1e8]

GC Heap History (20 events):
Event: 1.207 GC heap before
{Heap before GC invocations=2 (full 0):
 garbage-first heap   total 126976K, used 61352K [0x0000000080000000, 0x0000000100000000)
  region size 1024K, 52 young (53248K), 5 survivors (5120K)
 Metaspace       used 14274K, committed 14528K, reserved 1114112K
  class space    used 1559K, committed 1664K, reserved 1048576K
}
Event: 1.215 GC heap after
{Heap after GC invocations=3 (full 0):
 garbage-first heap   total 126976K, used 17937K [0x0000000080000000, 0x0000000100000000)
  region size 1024K, 6 young (6144K), 6 survivors (6144K)
 Metaspace       used 14274K, committed 14528K, reserved 1114112K
  class space    used 1559K, committed 1664K, reserved 1048576K
}
Event: 1.534 GC heap before
{Heap before GC invocations=3 (full 0):
 garbage-first heap   total 126976K, used 41489K [0x0000000080000000, 0x0000000100000000)
  region size 1024K, 30 young (30720K), 6 survivors (6144K)
 Metaspace       used 21176K, committed 21504K, reserved 1114112K
  class space    used 2437K, committed 2624K, reserved 1048576K
}
Event: 1.538 GC heap after
{Heap after GC invocations=4 (full 0):
 garbage-first heap   total 126976K, used 20729K [0x0000000080000000, 0x0000000100000000)
  region size 1024K, 3 young (3072K), 3 survivors (3072K)
 Metaspace       used 21176K, committed 21504K, reserved 1114112K
  class space    used 2437K, committed 2624K, reserved 1048576K
}
Event: 2.228 GC heap before
{Heap before GC invocations=5 (full 0):
 garbage-first heap   total 71680K, used 69881K [0x0000000080000000, 0x0000000100000000)
  region size 1024K, 52 young (53248K), 3 survivors (3072K)
 Metaspace       used 29379K, committed 29888K, reserved 1114112K
  class space    used 3756K, committed 3968K, reserved 1048576K
}
Event: 2.232 GC heap after
{Heap after GC invocations=6 (full 0):
 garbage-first heap   total 77824K, used 23768K [0x0000000080000000, 0x0000000100000000)
  region size 1024K, 6 young (6144K), 6 survivors (6144K)
 Metaspace       used 29379K, committed 29888K, reserved 1114112K
  class space    used 3756K, committed 3968K, reserved 1048576K
}
Event: 2.558 GC heap before
{Heap before GC invocations=6 (full 0):
 garbage-first heap   total 77824K, used 59608K [0x0000000080000000, 0x0000000100000000)
  region size 1024K, 41 young (41984K), 6 survivors (6144K)
 Metaspace       used 34345K, committed 35136K, reserved 1114112K
  class space    used 4576K, committed 4992K, reserved 1048576K
}
Event: 2.562 GC heap after
{Heap after GC invocations=7 (full 0):
 garbage-first heap   total 77824K, used 25950K [0x0000000080000000, 0x0000000100000000)
  region size 1024K, 6 young (6144K), 6 survivors (6144K)
 Metaspace       used 34345K, committed 35136K, reserved 1114112K
  class space    used 4576K, committed 4992K, reserved 1048576K
}
Event: 2.626 GC heap before
{Heap before GC invocations=7 (full 0):
 garbage-first heap   total 77824K, used 33118K [0x0000000080000000, 0x0000000100000000)
  region size 1024K, 14 young (14336K), 6 survivors (6144K)
 Metaspace       used 35235K, committed 36096K, reserved 1114112K
  class space    used 4722K, committed 5120K, reserved 1048576K
}
Event: 2.630 GC heap after
{Heap after GC invocations=8 (full 0):
 garbage-first heap   total 94208K, used 26620K [0x0000000080000000, 0x0000000100000000)
  region size 1024K, 3 young (3072K), 3 survivors (3072K)
 Metaspace       used 35235K, committed 36096K, reserved 1114112K
  class space    used 4722K, committed 5120K, reserved 1048576K
}
Event: 3.406 GC heap before
{Heap before GC invocations=9 (full 0):
 garbage-first heap   total 89088K, used 77820K [0x0000000080000000, 0x0000000100000000)
  region size 1024K, 54 young (55296K), 3 survivors (3072K)
 Metaspace       used 44436K, committed 45696K, reserved 1114112K
  class space    used 5970K, committed 6592K, reserved 1048576K
}
Event: 3.411 GC heap after
{Heap after GC invocations=10 (full 0):
 garbage-first heap   total 89088K, used 30720K [0x0000000080000000, 0x0000000100000000)
  region size 1024K, 7 young (7168K), 7 survivors (7168K)
 Metaspace       used 44436K, committed 45696K, reserved 1114112K
  class space    used 5970K, committed 6592K, reserved 1048576K
}
Event: 3.906 GC heap before
{Heap before GC invocations=10 (full 0):
 garbage-first heap   total 89088K, used 73728K [0x0000000080000000, 0x0000000100000000)
  region size 1024K, 50 young (51200K), 7 survivors (7168K)
 Metaspace       used 46627K, committed 47872K, reserved 1114112K
  class space    used 6228K, committed 6848K, reserved 1048576K
}
Event: 3.914 GC heap after
{Heap after GC invocations=11 (full 0):
 garbage-first heap   total 89088K, used 33036K [0x0000000080000000, 0x0000000100000000)
  region size 1024K, 3 young (3072K), 3 survivors (3072K)
 Metaspace       used 46627K, committed 47872K, reserved 1114112K
  class space    used 6228K, committed 6848K, reserved 1048576K
}
Event: 5.091 GC heap before
{Heap before GC invocations=11 (full 0):
 garbage-first heap   total 89088K, used 76044K [0x0000000080000000, 0x0000000100000000)
  region size 1024K, 45 young (46080K), 3 survivors (3072K)
 Metaspace       used 50896K, committed 52416K, reserved 1114112K
  class space    used 6927K, committed 7680K, reserved 1048576K
}
Event: 5.094 GC heap after
{Heap after GC invocations=12 (full 0):
 garbage-first heap   total 89088K, used 35057K [0x0000000080000000, 0x0000000100000000)
  region size 1024K, 5 young (5120K), 5 survivors (5120K)
 Metaspace       used 50896K, committed 52416K, reserved 1114112K
  class space    used 6927K, committed 7680K, reserved 1048576K
}
Event: 7.209 GC heap before
{Heap before GC invocations=12 (full 0):
 garbage-first heap   total 89088K, used 78065K [0x0000000080000000, 0x0000000100000000)
  region size 1024K, 46 young (47104K), 5 survivors (5120K)
 Metaspace       used 57172K, committed 58688K, reserved 1114112K
  class space    used 7697K, committed 8448K, reserved 1048576K
}
Event: 7.221 GC heap after
{Heap after GC invocations=13 (full 0):
 garbage-first heap   total 89088K, used 37212K [0x0000000080000000, 0x0000000100000000)
  region size 1024K, 5 young (5120K), 5 survivors (5120K)
 Metaspace       used 57172K, committed 58688K, reserved 1114112K
  class space    used 7697K, committed 8448K, reserved 1048576K
}
Event: 7.656 GC heap before
{Heap before GC invocations=13 (full 0):
 garbage-first heap   total 89088K, used 47452K [0x0000000080000000, 0x0000000100000000)
  region size 1024K, 16 young (16384K), 5 survivors (5120K)
 Metaspace       used 58773K, committed 60288K, reserved 1114112K
  class space    used 7939K, committed 8704K, reserved 1048576K
}
Event: 7.661 GC heap after
{Heap after GC invocations=14 (full 0):
 garbage-first heap   total 89088K, used 37387K [0x0000000080000000, 0x0000000100000000)
  region size 1024K, 3 young (3072K), 3 survivors (3072K)
 Metaspace       used 58773K, committed 60288K, reserved 1114112K
  class space    used 7939K, committed 8704K, reserved 1048576K
}

Dll operation events (3 events):
Event: 0.006 Loaded shared library E:\android studio\jbr\bin\java.dll
Event: 0.010 Loaded shared library E:\android studio\jbr\bin\zip.dll
Event: 0.481 Loaded shared library E:\android studio\jbr\bin\verify.dll

Deoptimization events (20 events):
Event: 8.061 Thread 0x00000162c846ea90 Uncommon trap: trap_request=0xffffffde fr.pc=0x00000162b527c908 relative=0x0000000000005588
Event: 8.061 Thread 0x00000162c846ea90 Uncommon trap: reason=class_check action=maybe_recompile pc=0x00000162b527c908 method=java.net.URLClassLoader.defineClass(Ljava/lang/String;Ljdk/internal/loader/Resource;)Ljava/lang/Class; @ 34 c2
Event: 8.061 Thread 0x00000162c846ea90 DEOPT PACKING pc=0x00000162b527c908 sp=0x000000500f2f8b60
Event: 8.061 Thread 0x00000162c846ea90 DEOPT UNPACKING pc=0x00000162b4ac46a2 sp=0x000000500f2f8938 mode 2
Event: 8.066 Thread 0x00000162c846ea90 Uncommon trap: trap_request=0xffffffde fr.pc=0x00000162b527c908 relative=0x0000000000005588
Event: 8.066 Thread 0x00000162c846ea90 Uncommon trap: reason=class_check action=maybe_recompile pc=0x00000162b527c908 method=java.net.URLClassLoader.defineClass(Ljava/lang/String;Ljdk/internal/loader/Resource;)Ljava/lang/Class; @ 34 c2
Event: 8.066 Thread 0x00000162c846ea90 DEOPT PACKING pc=0x00000162b527c908 sp=0x000000500f2f8b60
Event: 8.066 Thread 0x00000162c846ea90 DEOPT UNPACKING pc=0x00000162b4ac46a2 sp=0x000000500f2f8938 mode 2
Event: 8.069 Thread 0x00000162c846ea90 Uncommon trap: trap_request=0xffffffde fr.pc=0x00000162b527c908 relative=0x0000000000005588
Event: 8.069 Thread 0x00000162c846ea90 Uncommon trap: reason=class_check action=maybe_recompile pc=0x00000162b527c908 method=java.net.URLClassLoader.defineClass(Ljava/lang/String;Ljdk/internal/loader/Resource;)Ljava/lang/Class; @ 34 c2
Event: 8.069 Thread 0x00000162c846ea90 DEOPT PACKING pc=0x00000162b527c908 sp=0x000000500f2f8b60
Event: 8.069 Thread 0x00000162c846ea90 DEOPT UNPACKING pc=0x00000162b4ac46a2 sp=0x000000500f2f8938 mode 2
Event: 8.073 Thread 0x00000162c846ea90 Uncommon trap: trap_request=0xffffffde fr.pc=0x00000162b529a220 relative=0x0000000000005280
Event: 8.073 Thread 0x00000162c846ea90 Uncommon trap: reason=class_check action=maybe_recompile pc=0x00000162b529a220 method=java.net.URLClassLoader.defineClass(Ljava/lang/String;Ljdk/internal/loader/Resource;)Ljava/lang/Class; @ 34 c2
Event: 8.073 Thread 0x00000162c846ea90 DEOPT PACKING pc=0x00000162b529a220 sp=0x000000500f2f8a90
Event: 8.074 Thread 0x00000162c846ea90 DEOPT UNPACKING pc=0x00000162b4ac46a2 sp=0x000000500f2f89e0 mode 2
Event: 8.076 Thread 0x00000162c846ea90 Uncommon trap: trap_request=0xffffffde fr.pc=0x00000162b52aa824 relative=0x0000000000005284
Event: 8.076 Thread 0x00000162c846ea90 Uncommon trap: reason=class_check action=maybe_recompile pc=0x00000162b52aa824 method=java.net.URLClassLoader.defineClass(Ljava/lang/String;Ljdk/internal/loader/Resource;)Ljava/lang/Class; @ 34 c2
Event: 8.076 Thread 0x00000162c846ea90 DEOPT PACKING pc=0x00000162b52aa824 sp=0x000000500f2f8a20
Event: 8.076 Thread 0x00000162c846ea90 DEOPT UNPACKING pc=0x00000162b4ac46a2 sp=0x000000500f2f89d8 mode 2

Classes loaded (20 events):
Event: 8.055 Loading class java/io/ObjectStreamClass$FieldReflector
Event: 8.055 Loading class java/io/ObjectStreamClass$FieldReflector done
Event: 8.056 Loading class java/io/ObjectStreamClass$1
Event: 8.056 Loading class java/io/ObjectStreamClass$1 done
Event: 8.056 Loading class java/io/ObjectStreamClass$MemberSignature
Event: 8.056 Loading class java/io/ObjectStreamClass$MemberSignature done
Event: 8.056 Loading class java/io/ObjectStreamClass$3
Event: 8.057 Loading class java/io/ObjectStreamClass$3 done
Event: 8.057 Loading class java/io/ObjectStreamClass$4
Event: 8.057 Loading class java/io/ObjectStreamClass$4 done
Event: 8.057 Loading class java/io/ObjectStreamClass$5
Event: 8.057 Loading class java/io/ObjectStreamClass$5 done
Event: 8.057 Loading class java/io/ObjectStreamClass$ClassDataSlot
Event: 8.057 Loading class java/io/ObjectStreamClass$ClassDataSlot done
Event: 8.059 Loading class jdk/internal/reflect/MethodHandleLongFieldAccessorImpl
Event: 8.060 Loading class jdk/internal/reflect/MethodHandleLongFieldAccessorImpl done
Event: 8.062 Loading class java/io/SerialCallbackContext
Event: 8.063 Loading class java/io/SerialCallbackContext done
Event: 8.168 Loading class java/util/DualPivotQuicksort
Event: 8.168 Loading class java/util/DualPivotQuicksort done

Classes unloaded (0 events):
No events

Classes redefined (0 events):
No events

Internal exceptions (20 events):
Event: 5.085 Thread 0x00000162c846ea90 Exception <a 'java/lang/IncompatibleClassChangeError'{0x0000000082da3de8}: Found class java.lang.Object, but interface was expected> (0x0000000082da3de8) 
thrown [s\src\hotspot\share\interpreter\linkResolver.cpp, line 851]
Event: 5.157 Thread 0x00000162c846ea90 Exception <a 'java/lang/NoSuchMethodError'{0x0000000085377bf0}: 'java.lang.Object java.lang.invoke.DirectMethodHandle$Holder.newInvokeSpecial(java.lang.Object, int, java.lang.Object)'> (0x0000000085377bf0) 
thrown [s\src\hotspot\share\interpreter\linkResolver.cpp, line 784]
Event: 5.254 Thread 0x00000162c846ea90 Exception <a 'java/lang/NoSuchMethodError'{0x00000000851adb38}: 'java.lang.Object java.lang.invoke.DirectMethodHandle$Holder.invokeSpecial(java.lang.Object, java.lang.Object, long, java.lang.Object, java.lang.Object)'> (0x00000000851adb38) 
thrown [s\src\hotspot\share\interpreter\linkResolver.cpp, line 784]
Event: 5.288 Thread 0x00000162c846ea90 Exception <a 'java/lang/NoSuchMethodError'{0x000000008507d928}: 'java.lang.Object java.lang.invoke.DirectMethodHandle$Holder.newInvokeSpecial(java.lang.Object, java.lang.Object, int, java.lang.Object)'> (0x000000008507d928) 
thrown [s\src\hotspot\share\interpreter\linkResolver.cpp, line 784]
Event: 5.289 Thread 0x00000162c846ea90 Exception <a 'java/lang/NoSuchMethodError'{0x0000000085090a50}: 'java.lang.Object java.lang.invoke.DirectMethodHandle$Holder.invokeSpecial(java.lang.Object, java.lang.Object, java.lang.Object, int, java.lang.Object)'> (0x0000000085090a50) 
thrown [s\src\hotspot\share\interpreter\linkResolver.cpp, line 784]
Event: 7.354 Thread 0x00000162c846ea90 Exception <a 'sun/nio/fs/WindowsException'{0x0000000085213868}> (0x0000000085213868) 
thrown [s\src\hotspot\share\prims\jni.cpp, line 535]
Event: 7.355 Thread 0x00000162c846ea90 Exception <a 'sun/nio/fs/WindowsException'{0x0000000085214f28}> (0x0000000085214f28) 
thrown [s\src\hotspot\share\prims\jni.cpp, line 535]
Event: 7.424 Thread 0x00000162c846ea90 Exception <a 'java/lang/NoSuchMethodError'{0x00000000851b79a8}: 'java.lang.Object java.lang.invoke.DirectMethodHandle$Holder.newInvokeSpecial(java.lang.Object, java.lang.Object, java.lang.Object, int)'> (0x00000000851b79a8) 
thrown [s\src\hotspot\share\interpreter\linkResolver.cpp, line 784]
Event: 7.425 Thread 0x00000162c846ea90 Exception <a 'java/lang/NoSuchMethodError'{0x00000000851bc198}: 'java.lang.Object java.lang.invoke.DirectMethodHandle$Holder.invokeSpecial(java.lang.Object, java.lang.Object, java.lang.Object, java.lang.Object, int)'> (0x00000000851bc198) 
thrown [s\src\hotspot\share\interpreter\linkResolver.cpp, line 784]
Event: 7.425 Thread 0x00000162c846ea90 Exception <a 'java/lang/NoSuchMethodError'{0x00000000851c02d0}: 'java.lang.Object java.lang.invoke.Invokers$Holder.linkToTargetMethod(java.lang.Object, java.lang.Object, int, java.lang.Object)'> (0x00000000851c02d0) 
thrown [s\src\hotspot\share\interpreter\linkResolver.cpp, line 784]
Event: 7.455 Thread 0x00000162c846ea90 Exception <a 'sun/nio/fs/WindowsException'{0x0000000085071a38}> (0x0000000085071a38) 
thrown [s\src\hotspot\share\prims\jni.cpp, line 535]
Event: 7.573 Thread 0x00000162c846ea90 Exception <a 'java/lang/NoSuchMethodError'{0x0000000084ed2590}: 'int java.lang.invoke.DirectMethodHandle$Holder.invokeInterface(java.lang.Object, java.lang.Object, java.lang.Object, java.lang.Object, java.lang.Object)'> (0x0000000084ed2590) 
thrown [s\src\hotspot\share\interpreter\linkResolver.cpp, line 784]
Event: 7.832 Thread 0x00000162c846ea90 Exception <a 'java/lang/NoSuchMethodError'{0x00000000851849b8}: 'void java.lang.invoke.DirectMethodHandle$Holder.invokeStatic(java.lang.Object, java.lang.Object, java.lang.Object, java.lang.Object, java.lang.Object, java.lang.Object, java.lang.Object)'> (0x00000000851849b8) 
thrown [s\src\hotspot\share\interpreter\linkResolver.cpp, line 784]
Event: 8.057 Thread 0x00000162c868f910 Exception <a 'java/lang/NoSuchMethodError'{0x00000000844a7438}: static Lorg/gradle/internal/build/event/types/DefaultOperationStartedProgressEvent;.<clinit>()V> (0x00000000844a7438) 
thrown [s\src\hotspot\share\prims\jni.cpp, line 1135]
Event: 8.057 Thread 0x00000162c868f910 Exception <a 'java/lang/NoSuchMethodError'{0x00000000844a96d8}: static Lorg/gradle/internal/build/event/types/AbstractProgressEvent;.<clinit>()V> (0x00000000844a96d8) 
thrown [s\src\hotspot\share\prims\jni.cpp, line 1135]
Event: 8.059 Thread 0x00000162c868f910 Exception <a 'java/lang/NoSuchMethodError'{0x00000000844bb090}: static Lorg/gradle/internal/build/event/types/DefaultProjectConfigurationDescriptor;.<clinit>()V> (0x00000000844bb090) 
thrown [s\src\hotspot\share\prims\jni.cpp, line 1135]
Event: 8.059 Thread 0x00000162c868f910 Exception <a 'java/lang/NoSuchMethodError'{0x00000000844bd868}: static Lorg/gradle/internal/build/event/types/DefaultOperationDescriptor;.<clinit>()V> (0x00000000844bd868) 
thrown [s\src\hotspot\share\prims\jni.cpp, line 1135]
Event: 8.060 Thread 0x00000162c868f910 Exception <a 'java/lang/NoSuchMethodError'{0x00000000844c2750}: 'long java.lang.invoke.DirectMethodHandle$Holder.invokeSpecial(java.lang.Object, java.lang.Object)'> (0x00000000844c2750) 
thrown [s\src\hotspot\share\interpreter\linkResolver.cpp, line 784]
Event: 8.060 Thread 0x00000162c868f910 Exception <a 'java/lang/NoSuchMethodError'{0x00000000844c5908}: 'long java.lang.invoke.Invokers$Holder.invokeExact_MT(java.lang.Object, java.lang.Object)'> (0x00000000844c5908) 
thrown [s\src\hotspot\share\interpreter\linkResolver.cpp, line 784]
Event: 8.062 Thread 0x00000162c868f910 Exception <a 'java/lang/NoSuchMethodError'{0x00000000844dcc58}: static Lorg/gradle/internal/operations/OperationIdentifier;.<clinit>()V> (0x00000000844dcc58) 
thrown [s\src\hotspot\share\prims\jni.cpp, line 1135]

ZGC Phase Switch (0 events):
No events

VM Operations (20 events):
Event: 5.017 Executing VM operation: ICBufferFull done
Event: 5.091 Executing VM operation: G1CollectForAllocation (G1 Evacuation Pause)
Event: 5.094 Executing VM operation: G1CollectForAllocation (G1 Evacuation Pause) done
Event: 5.324 Executing VM operation: HandshakeAllThreads (Deoptimize)
Event: 5.324 Executing VM operation: HandshakeAllThreads (Deoptimize) done
Event: 6.335 Executing VM operation: Cleanup
Event: 6.335 Executing VM operation: Cleanup done
Event: 7.207 Executing VM operation: G1CollectForAllocation (G1 Evacuation Pause)
Event: 7.221 Executing VM operation: G1CollectForAllocation (G1 Evacuation Pause) done
Event: 7.656 Executing VM operation: CollectForMetadataAllocation (Metadata GC Threshold)
Event: 7.661 Executing VM operation: CollectForMetadataAllocation (Metadata GC Threshold) done
Event: 7.683 Executing VM operation: G1PauseRemark
Event: 7.689 Executing VM operation: G1PauseRemark done
Event: 7.698 Executing VM operation: G1PauseCleanup
Event: 7.699 Executing VM operation: G1PauseCleanup done
Event: 7.989 Executing VM operation: HandshakeAllThreads (Deoptimize)
Event: 7.989 Executing VM operation: HandshakeAllThreads (Deoptimize) done
Event: 8.025 Executing VM operation: ICBufferFull
Event: 8.025 Executing VM operation: ICBufferFull done
Event: 9.036 Executing VM operation: Cleanup

Memory protections (0 events):
No events

Nmethod flushes (20 events):
Event: 7.686 Thread 0x00000162c20d5bf0 flushing  nmethod 0x00000162ad691e10
Event: 7.686 Thread 0x00000162c20d5bf0 flushing  nmethod 0x00000162ad693f10
Event: 7.686 Thread 0x00000162c20d5bf0 flushing  nmethod 0x00000162ad6f5590
Event: 7.686 Thread 0x00000162c20d5bf0 flushing  nmethod 0x00000162ad6f5b10
Event: 7.686 Thread 0x00000162c20d5bf0 flushing  nmethod 0x00000162ad70f190
Event: 7.686 Thread 0x00000162c20d5bf0 flushing  nmethod 0x00000162ad711410
Event: 7.686 Thread 0x00000162c20d5bf0 flushing  nmethod 0x00000162ad74c990
Event: 7.686 Thread 0x00000162c20d5bf0 flushing  nmethod 0x00000162ad832690
Event: 7.686 Thread 0x00000162c20d5bf0 flushing  nmethod 0x00000162ad8c1690
Event: 7.686 Thread 0x00000162c20d5bf0 flushing  nmethod 0x00000162ad91fb90
Event: 7.686 Thread 0x00000162c20d5bf0 flushing  nmethod 0x00000162ad920890
Event: 7.686 Thread 0x00000162c20d5bf0 flushing  nmethod 0x00000162ad921010
Event: 7.686 Thread 0x00000162c20d5bf0 flushing  nmethod 0x00000162ad923810
Event: 7.686 Thread 0x00000162c20d5bf0 flushing  nmethod 0x00000162ad99f890
Event: 7.686 Thread 0x00000162c20d5bf0 flushing  nmethod 0x00000162ad9a7d10
Event: 7.686 Thread 0x00000162c20d5bf0 flushing  nmethod 0x00000162b5041890
Event: 7.686 Thread 0x00000162c20d5bf0 flushing  nmethod 0x00000162b512c410
Event: 7.686 Thread 0x00000162c20d5bf0 flushing  nmethod 0x00000162b512cd90
Event: 7.686 Thread 0x00000162c20d5bf0 flushing  nmethod 0x00000162ad5c0d10
Event: 7.686 Thread 0x00000162c20d5bf0 flushing  nmethod 0x00000162ad66a690

Events (20 events):
Event: 1.464 Thread 0x00000162c8125960 Thread added: 0x00000162c84160f0
Event: 1.465 Thread 0x00000162c84160f0 Thread added: 0x00000162c857f790
Event: 1.480 Thread 0x00000162c84160f0 Thread added: 0x00000162c846e430
Event: 1.485 Thread 0x00000162c84160f0 Thread added: 0x00000162c846ea90
Event: 1.492 Thread 0x00000162c846ea90 Thread added: 0x00000162c8306760
Event: 1.495 Thread 0x00000162c846ea90 Thread added: 0x00000162c868ebf0
Event: 1.497 Thread 0x00000162c846ea90 Thread added: 0x00000162c868f910
Event: 1.729 Thread 0x00000162c846ea90 Thread added: 0x00000162c868ffa0
Event: 1.736 Thread 0x00000162c846ea90 Thread added: 0x00000162c8690630
Event: 1.753 Thread 0x00000162c846ea90 Thread added: 0x00000162c86919e0
Event: 2.262 Thread 0x00000162c846ea90 Thread added: 0x00000162c868f280
Event: 2.413 Thread 0x00000162c846ea90 Thread added: 0x00000162c868e560
Event: 2.420 Thread 0x00000162c846ea90 Thread added: 0x00000162c8690cc0
Event: 2.526 Thread 0x00000162c846ea90 Thread added: 0x00000162c8691350
Event: 2.528 Thread 0x00000162c846ea90 Thread added: 0x00000162ca723560
Event: 2.722 Thread 0x00000162c846ea90 Thread added: 0x00000162ca721b20
Event: 2.820 Thread 0x00000162c284be50 Thread exited: 0x00000162c284be50
Event: 2.891 Thread 0x00000162c846ea90 Thread added: 0x00000162ca723bf0
Event: 2.973 Thread 0x00000162c846ea90 Thread added: 0x00000162ca724280
Event: 3.841 Thread 0x00000162c26b5900 Thread exited: 0x00000162c26b5900


Dynamic libraries:
0x00007ff6f42b0000 - 0x00007ff6f42ba000 	E:\android studio\jbr\bin\java.exe
0x00007ffe7f600000 - 0x00007ffe7f860000 	C:\WINDOWS\SYSTEM32\ntdll.dll
0x00007ffe7e1b0000 - 0x00007ffe7e277000 	C:\WINDOWS\System32\KERNEL32.DLL
0x00007ffe7cb00000 - 0x00007ffe7ceca000 	C:\WINDOWS\System32\KERNELBASE.dll
0x00007ffe7c7e0000 - 0x00007ffe7c92b000 	C:\WINDOWS\System32\ucrtbase.dll
0x00007ffe692f0000 - 0x00007ffe6930b000 	E:\android studio\jbr\bin\VCRUNTIME140.dll
0x00007ffe76aa0000 - 0x00007ffe76ab8000 	E:\android studio\jbr\bin\jli.dll
0x00007ffe7f3f0000 - 0x00007ffe7f5bc000 	C:\WINDOWS\System32\USER32.dll
0x00007ffe7ced0000 - 0x00007ffe7cef7000 	C:\WINDOWS\System32\win32u.dll
0x00007ffe47240000 - 0x00007ffe474d7000 	C:\WINDOWS\WinSxS\amd64_microsoft.windows.common-controls_6595b64144ccf1df_6.0.26100.3624_none_3e086962e3345f24\COMCTL32.dll
0x00007ffe7db60000 - 0x00007ffe7db8a000 	C:\WINDOWS\System32\GDI32.dll
0x00007ffe7c9c0000 - 0x00007ffe7caf1000 	C:\WINDOWS\System32\gdi32full.dll
0x00007ffe7e000000 - 0x00007ffe7e0a9000 	C:\WINDOWS\System32\msvcrt.dll
0x00007ffe7d2b0000 - 0x00007ffe7d353000 	C:\WINDOWS\System32\msvcp_win.dll
0x00007ffe7f320000 - 0x00007ffe7f34f000 	C:\WINDOWS\System32\IMM32.DLL
0x00007ffe699d0000 - 0x00007ffe699dc000 	E:\android studio\jbr\bin\vcruntime140_1.dll
0x00007ffe59bc0000 - 0x00007ffe59c4d000 	E:\android studio\jbr\bin\msvcp140.dll
0x00007ffe020c0000 - 0x00007ffe02d4a000 	E:\android studio\jbr\bin\server\jvm.dll
0x00007ffe7f260000 - 0x00007ffe7f312000 	C:\WINDOWS\System32\ADVAPI32.dll
0x00007ffe7d8e0000 - 0x00007ffe7d986000 	C:\WINDOWS\System32\sechost.dll
0x00007ffe7dee0000 - 0x00007ffe7dff6000 	C:\WINDOWS\System32\RPCRT4.dll
0x00007ffe7da70000 - 0x00007ffe7dae4000 	C:\WINDOWS\System32\WS2_32.dll
0x00007ffe6fb70000 - 0x00007ffe6fb7b000 	C:\WINDOWS\SYSTEM32\VERSION.dll
0x00007ffe6fd60000 - 0x00007ffe6fd96000 	C:\WINDOWS\SYSTEM32\WINMM.dll
0x00007ffe7b470000 - 0x00007ffe7b4ce000 	C:\WINDOWS\SYSTEM32\POWRPROF.dll
0x00007ffe7b450000 - 0x00007ffe7b464000 	C:\WINDOWS\SYSTEM32\UMPDC.dll
0x00007ffe7b710000 - 0x00007ffe7b72a000 	C:\WINDOWS\SYSTEM32\kernel.appcore.dll
0x00007ffe685c0000 - 0x00007ffe685ca000 	E:\android studio\jbr\bin\jimage.dll
0x00007ffe79e10000 - 0x00007ffe7a051000 	C:\WINDOWS\SYSTEM32\DBGHELP.DLL
0x00007ffe7d4a0000 - 0x00007ffe7d822000 	C:\WINDOWS\System32\combase.dll
0x00007ffe7efa0000 - 0x00007ffe7f076000 	C:\WINDOWS\System32\OLEAUT32.dll
0x00007ffe5f3c0000 - 0x00007ffe5f3f9000 	C:\WINDOWS\SYSTEM32\dbgcore.DLL
0x00007ffe7d360000 - 0x00007ffe7d3f9000 	C:\WINDOWS\System32\bcryptPrimitives.dll
0x00007ffe76a60000 - 0x00007ffe76a6e000 	E:\android studio\jbr\bin\instrument.dll
0x00007ffe685a0000 - 0x00007ffe685c0000 	E:\android studio\jbr\bin\java.dll
0x00007ffe68580000 - 0x00007ffe68598000 	E:\android studio\jbr\bin\zip.dll
0x00007ffe7e710000 - 0x00007ffe7ee39000 	C:\WINDOWS\System32\SHELL32.dll
0x00007ffe7cf00000 - 0x00007ffe7d068000 	C:\WINDOWS\System32\wintypes.dll
0x00007ffe7a4c0000 - 0x00007ffe7ad12000 	C:\WINDOWS\SYSTEM32\windows.storage.dll
0x00007ffe7dbd0000 - 0x00007ffe7dcbd000 	C:\WINDOWS\System32\SHCORE.dll
0x00007ffe7daf0000 - 0x00007ffe7db54000 	C:\WINDOWS\System32\shlwapi.dll
0x00007ffe7c6f0000 - 0x00007ffe7c71f000 	C:\WINDOWS\SYSTEM32\profapi.dll
0x00007ffe67240000 - 0x00007ffe67250000 	E:\android studio\jbr\bin\net.dll
0x00007ffe73d70000 - 0x00007ffe73e8d000 	C:\WINDOWS\SYSTEM32\WINHTTP.dll
0x00007ffe7bc30000 - 0x00007ffe7bc9a000 	C:\WINDOWS\system32\mswsock.dll
0x00007ffe67110000 - 0x00007ffe67126000 	E:\android studio\jbr\bin\nio.dll
0x00007ffe74870000 - 0x00007ffe74880000 	E:\android studio\jbr\bin\verify.dll
0x00007ffe4a110000 - 0x00007ffe4a137000 	C:\Users\ma725\.gradle\native\c067742578af261105cb4f569cf0c3c89f3d7b1fecec35dd04571415982c5e48\windows-amd64\native-platform.dll
0x00007ffdfea20000 - 0x00007ffdfeb64000 	C:\Users\ma725\.gradle\native\100fb08df4bc3b14c8652ba06237920a3bd2aa13389f12d3474272988ae205f9\windows-amd64\native-platform-file-events.dll
0x00007ffe64350000 - 0x00007ffe64359000 	E:\android studio\jbr\bin\management.dll
0x00007ffe64340000 - 0x00007ffe6434b000 	E:\android studio\jbr\bin\management_ext.dll
0x00007ffe7d410000 - 0x00007ffe7d418000 	C:\WINDOWS\System32\PSAPI.DLL
0x00007ffe7bed0000 - 0x00007ffe7beec000 	C:\WINDOWS\SYSTEM32\CRYPTSP.dll
0x00007ffe7b670000 - 0x00007ffe7b6aa000 	C:\WINDOWS\system32\rsaenh.dll
0x00007ffe7bcd0000 - 0x00007ffe7bcfb000 	C:\WINDOWS\SYSTEM32\USERENV.dll
0x00007ffe7c6c0000 - 0x00007ffe7c6e6000 	C:\WINDOWS\SYSTEM32\bcrypt.dll
0x00007ffe7bef0000 - 0x00007ffe7befc000 	C:\WINDOWS\SYSTEM32\CRYPTBASE.dll
0x00007ffe7b160000 - 0x00007ffe7b193000 	C:\WINDOWS\SYSTEM32\IPHLPAPI.DLL
0x00007ffe7dbc0000 - 0x00007ffe7dbca000 	C:\WINDOWS\System32\NSI.dll
0x00007ffe67230000 - 0x00007ffe67239000 	E:\android studio\jbr\bin\extnet.dll
0x00007ffe39ce0000 - 0x00007ffe39ce8000 	C:\WINDOWS\system32\wshunix.dll

dbghelp: loaded successfully - version: 4.0.5 - missing functions: none
symbol engine: initialized successfully - sym options: 0x614 - pdb path: .;E:\android studio\jbr\bin;C:\WINDOWS\SYSTEM32;C:\WINDOWS\WinSxS\amd64_microsoft.windows.common-controls_6595b64144ccf1df_6.0.26100.3624_none_3e086962e3345f24;E:\android studio\jbr\bin\server;C:\Users\ma725\.gradle\native\c067742578af261105cb4f569cf0c3c89f3d7b1fecec35dd04571415982c5e48\windows-amd64;C:\Users\ma725\.gradle\native\100fb08df4bc3b14c8652ba06237920a3bd2aa13389f12d3474272988ae205f9\windows-amd64

VM Arguments:
jvm_args: --add-opens=java.base/java.lang=ALL-UNNAMED --add-opens=java.base/java.lang.invoke=ALL-UNNAMED --add-opens=java.base/java.util=ALL-UNNAMED --add-opens=java.prefs/java.util.prefs=ALL-UNNAMED --add-exports=jdk.compiler/com.sun.tools.javac.api=ALL-UNNAMED --add-exports=jdk.compiler/com.sun.tools.javac.util=ALL-UNNAMED --add-opens=java.base/java.util=ALL-UNNAMED --add-opens=java.prefs/java.util.prefs=ALL-UNNAMED --add-opens=java.base/java.nio.charset=ALL-UNNAMED --add-opens=java.base/java.net=ALL-UNNAMED --add-opens=java.base/java.util.concurrent.atomic=ALL-UNNAMED --add-opens=java.xml/javax.xml.namespace=ALL-UNNAMED -Xmx2048m -Dfile.encoding=UTF-8 -Duser.country=US -Duser.language=en -Duser.variant -javaagent:C:\Users\ma725\.gradle\wrapper\dists\gradle-8.11.1-bin\bpt9gzteqjrbo1mjrsomdt32c\gradle-8.11.1\lib\agents\gradle-instrumentation-agent-8.11.1.jar 
java_command: org.gradle.launcher.daemon.bootstrap.GradleDaemon 8.11.1
java_class_path (initial): C:\Users\ma725\.gradle\wrapper\dists\gradle-8.11.1-bin\bpt9gzteqjrbo1mjrsomdt32c\gradle-8.11.1\lib\gradle-daemon-main-8.11.1.jar
Launcher Type: SUN_STANDARD

[Global flags]
     intx CICompilerCount                          = 4                                         {product} {ergonomic}
     uint ConcGCThreads                            = 3                                         {product} {ergonomic}
     uint G1ConcRefinementThreads                  = 10                                        {product} {ergonomic}
   size_t G1HeapRegionSize                         = 1048576                                   {product} {ergonomic}
    uintx GCDrainStackTargetSize                   = 64                                        {product} {ergonomic}
   size_t InitialHeapSize                          = 130023424                                 {product} {ergonomic}
   size_t MarkStackSize                            = 4194304                                   {product} {ergonomic}
   size_t MaxHeapSize                              = 2147483648                                {product} {command line}
   size_t MaxNewSize                               = 1287651328                                {product} {ergonomic}
   size_t MinHeapDeltaBytes                        = 1048576                                   {product} {ergonomic}
   size_t MinHeapSize                              = 8388608                                   {product} {ergonomic}
    uintx NonNMethodCodeHeapSize                   = 5839372                                {pd product} {ergonomic}
    uintx NonProfiledCodeHeapSize                  = 122909434                              {pd product} {ergonomic}
    uintx ProfiledCodeHeapSize                     = 122909434                              {pd product} {ergonomic}
    uintx ReservedCodeCacheSize                    = 251658240                              {pd product} {ergonomic}
     bool SegmentedCodeCache                       = true                                      {product} {ergonomic}
   size_t SoftMaxHeapSize                          = 2147483648                             {manageable} {ergonomic}
     bool UseCompressedOops                        = true                           {product lp64_product} {ergonomic}
     bool UseG1GC                                  = true                                      {product} {ergonomic}
     bool UseLargePagesIndividualAllocation        = false                                  {pd product} {ergonomic}

Logging:
Log output configuration:
 #0: stdout all=warning uptime,level,tags foldmultilines=false
 #1: stderr all=off uptime,level,tags foldmultilines=false

Environment Variables:
JAVA_HOME=E:\android studio\jbr
PATH=C:\Program Files\Common Files\Oracle\Java\javapath;C:\WINDOWS\system32;C:\WINDOWS;C:\WINDOWS\System32\Wbem;C:\WINDOWS\System32\WindowsPowerShell\v1.0\;C:\WINDOWS\System32\OpenSSH\;E:\android studio\jbr\bin;C:\Program Files (x86)\NVIDIA Corporation\PhysX\Common;C:\Program Files\NVIDIA Corporation\NVIDIA app\NvDLISR;C:\MinGW\bin;C:\Program Files\Git\cmd;C:\Program Files\Git LFS;C:\Users\ma725\AppData\Local\Programs\Python\Python39\Scripts\;C:\Users\ma725\AppData\Local\Programs\Python\Python39\;C:\Users\ma725\AppData\Local\Programs\Python\Launcher\;C:\Users\ma725\AppData\Local\Microsoft\WindowsApps;E:\Microsoft VS Code\bin;C:\Program Files (x86)\GnuWin32\bin;C:\MinGW\bin;C:\MinGW\msys\1.0\bin;
USERNAME=ma725
OS=Windows_NT
PROCESSOR_IDENTIFIER=Intel64 Family 6 Model 154 Stepping 3, GenuineIntel
TMP=C:\Users\ma725\AppData\Local\Temp
TEMP=C:\Users\ma725\AppData\Local\Temp




Periodic native trim disabled

JNI global refs:
JNI global refs: 26, weak refs: 2

JNI global refs memory usage: 835, weak refs: 833

Process memory usage:
Resident Set Size: 211188K (2% of 8048768K total physical memory with 819168K free physical memory)

OOME stack traces (most recent first):
Classloader memory used:
Loader org.gradle.internal.classloader.VisitableURLClassLoader                         : 31901K
Loader bootstrap                                                                       : 22164K
Loader org.gradle.initialization.MixInLegacyTypesClassLoader                           : 7269K
Loader jdk.internal.loader.ClassLoaders$PlatformClassLoader                            : 497K
Loader jdk.internal.loader.ClassLoaders$AppClassLoader                                 : 232K
Loader org.gradle.internal.classloader.VisitableURLClassLoader                         : 65464B
Loader jdk.internal.reflect.DelegatingClassLoader                                      : 23760B

Classes loaded by more than one classloader:
Class org.gradle.internal.classloader.FilteringClassLoader                            : loaded 2 times (x 101B)
Class org.gradle.internal.classloader.ClassLoaderHierarchy                            : loaded 2 times (x 66B)
Class org.gradle.api.internal.classpath.ManifestUtil                                  : loaded 2 times (x 67B)
Class org.gradle.internal.classloader.DefaultClassLoaderFactory                       : loaded 2 times (x 78B)
Class org.gradle.internal.classloader.ClassLoaderVisitor                              : loaded 2 times (x 72B)
Class org.gradle.api.internal.classpath.EffectiveClassPath                            : loaded 2 times (x 86B)
Class org.gradle.api.internal.DefaultClassPathProvider                                : loaded 2 times (x 72B)
Class [Lorg.gradle.api.internal.ClassPathProvider;                                    : loaded 2 times (x 65B)
Class org.gradle.api.internal.ClassPathProvider                                       : loaded 2 times (x 66B)
Class org.gradle.internal.service.UnknownServiceException                             : loaded 2 times (x 79B)
Class org.gradle.internal.classpath.TransformedClassPath                              : loaded 2 times (x 92B)
Class org.gradle.internal.classloader.InstrumentingClassLoader                        : loaded 2 times (x 66B)
Class org.gradle.internal.service.ServiceLocator                                      : loaded 2 times (x 66B)
Class org.gradle.internal.InternalTransformer                                         : loaded 2 times (x 66B)
Class org.gradle.internal.classloader.ClasspathUtil$1                                 : loaded 2 times (x 72B)
Class org.gradle.api.internal.classpath.DefaultModuleRegistry$DefaultModule           : loaded 2 times (x 82B)
Class org.gradle.api.internal.classpath.Module                                        : loaded 2 times (x 66B)
Class org.gradle.api.internal.classpath.UnknownModuleException                        : loaded 2 times (x 78B)
Class org.gradle.api.internal.DefaultClassPathRegistry                                : loaded 2 times (x 72B)
Class org.gradle.api.internal.ClassPathRegistry                                       : loaded 2 times (x 66B)
Class org.gradle.internal.classpath.DefaultClassPath$ImmutableUniqueList              : loaded 2 times (x 195B)
Class Settings_gradle$1                                                               : loaded 2 times (x 70B)
Class Program                                                                         : loaded 2 times (x 68B)
Class org.gradle.internal.classpath.ClassPath                                         : loaded 2 times (x 66B)
Class org.gradle.api.UncheckedIOException                                             : loaded 2 times (x 78B)
Class org.gradle.internal.installation.GradleInstallation$1                           : loaded 2 times (x 71B)
Class org.gradle.api.internal.classpath.ModuleRegistry                                : loaded 2 times (x 66B)
Class org.gradle.api.internal.classpath.DefaultModuleRegistry                         : loaded 2 times (x 82B)
Class org.gradle.internal.service.ServiceLookupException                              : loaded 2 times (x 78B)
Class org.gradle.internal.classloader.ClassLoaderFactory                              : loaded 2 times (x 66B)
Class org.gradle.internal.service.CachingServiceLocator                               : loaded 2 times (x 78B)
Class org.gradle.internal.classloader.ClasspathUtil                                   : loaded 2 times (x 67B)
Class org.gradle.api.specs.Spec                                                       : loaded 2 times (x 66B)
Class org.gradle.internal.classloader.VisitableURLClassLoader$InstrumentingVisitableURLClassLoader: loaded 2 times (x 119B)
Class org.gradle.internal.classloader.VisitableURLClassLoader$Spec                    : loaded 2 times (x 70B)
Class org.gradle.internal.classpath.DefaultClassPath                                  : loaded 2 times (x 86B)
Class org.gradle.internal.classloader.ClassLoaderSpec                                 : loaded 2 times (x 67B)
Class Settings_gradle$1$1                                                             : loaded 2 times (x 70B)
Class org.gradle.internal.classloader.VisitableURLClassLoader                         : loaded 2 times (x 113B)
Class Settings_gradle                                                                 : loaded 2 times (x 124B)
Class org.gradle.internal.Cast                                                        : loaded 2 times (x 67B)
Class org.gradle.api.Action                                                           : loaded 2 times (x 66B)
Class org.gradle.internal.classpath.DefaultClassPath$ImmutableUniqueList$Builder      : loaded 2 times (x 71B)
Class org.gradle.api.GradleException                                                  : loaded 2 times (x 78B)
Class org.gradle.internal.IoActions                                                   : loaded 2 times (x 67B)
Class org.gradle.internal.classloader.SystemClassLoaderSpec                           : loaded 2 times (x 67B)
Class org.gradle.api.internal.classpath.GlobalCacheRootsProvider                      : loaded 2 times (x 66B)
Class org.gradle.internal.installation.CurrentGradleInstallationLocator               : loaded 2 times (x 67B)
Class org.gradle.internal.service.DefaultServiceLocator                               : loaded 2 times (x 79B)
Class org.gradle.internal.installation.CurrentGradleInstallation                      : loaded 2 times (x 69B)
Class org.gradle.util.internal.GUtil                                                  : loaded 2 times (x 67B)
Class org.gradle.internal.installation.GradleInstallation                             : loaded 2 times (x 71B)

---------------  S Y S T E M  ---------------

OS:
 Windows 11 , 64 bit Build 26100 (10.0.26100.3775)
OS uptime: 0 days 0:35 hours

CPU: total 12 (initial active 12) (6 cores per cpu, 2 threads per core) family 6 model 154 stepping 3 microcode 0x432, cx8, cmov, fxsr, ht, mmx, 3dnowpref, sse, sse2, sse3, ssse3, sse4.1, sse4.2, popcnt, lzcnt, tsc, tscinvbit, avx, avx2, aes, erms, clmul, bmi1, bmi2, adx, sha, fma, vzeroupper, clflush, clflushopt, clwb, serialize, rdtscp, rdpid, fsrm, f16c, pku, cet_ibt, cet_ss
Processor Information for processor 0
  Max Mhz: 2000, Current Mhz: 2000, Mhz Limit: 2000
Processor Information for processor 1
  Max Mhz: 2000, Current Mhz: 2000, Mhz Limit: 2000
Processor Information for processor 2
  Max Mhz: 2000, Current Mhz: 2000, Mhz Limit: 2000
Processor Information for processor 3
  Max Mhz: 2000, Current Mhz: 2000, Mhz Limit: 2000
Processor Information for processor 4
  Max Mhz: 2000, Current Mhz: 2000, Mhz Limit: 2000
Processor Information for processor 5
  Max Mhz: 2000, Current Mhz: 2000, Mhz Limit: 2000
Processor Information for processor 6
  Max Mhz: 2000, Current Mhz: 2000, Mhz Limit: 2000
Processor Information for processor 7
  Max Mhz: 2000, Current Mhz: 2000, Mhz Limit: 2000
Processor Information for processor 8
  Max Mhz: 2000, Current Mhz: 1500, Mhz Limit: 1500
Processor Information for processor 9
  Max Mhz: 2000, Current Mhz: 1500, Mhz Limit: 1500
Processor Information for processor 10
  Max Mhz: 2000, Current Mhz: 1500, Mhz Limit: 1500
Processor Information for processor 11
  Max Mhz: 2000, Current Mhz: 1500, Mhz Limit: 1500

Memory: 4k page, system-wide physical 7860M (814M free)
TotalPageFile size 16052M (AvailPageFile size 0M)
current process WorkingSet (physical memory assigned to process): 208M, peak: 265M
current process commit charge ("private bytes"): 313M, peak: 314M

vm_info: OpenJDK 64-Bit Server VM (21.0.5+-12932927-b750.29) for windows-amd64 JRE (21.0.5+-12932927-b750.29), built on 2025-01-17T02:01:10Z by "builder" with MS VC++ 16.10 / 16.11 (VS2019)

END.
