#
# There is insufficient memory for the Java Runtime Environment to continue.
# Native memory allocation (malloc) failed to allocate 1819536 bytes. Error detail: Chunk::new
# Possible reasons:
#   The system is out of physical RAM or swap space
#   This process is running with CompressedOops enabled, and the Java Heap may be blocking the growth of the native heap
# Possible solutions:
#   Reduce memory load on the system
#   Increase physical memory or swap space
#   Check if swap backing store is full
#   Decrease Java heap size (-Xmx/-Xms)
#   Decrease number of Java threads
#   Decrease Java thread stack sizes (-Xss)
#   Set larger code cache with -XX:ReservedCodeCacheSize=
#   JVM is running with Unscaled Compressed Oops mode in which the Java heap is
#     placed in the first 4GB address space. The Java Heap base address is the
#     maximum limit for the native heap growth. Please use -XX:HeapBaseMinAddress
#     to set the Java Heap base and to place the Java Heap above 4GB virtual address.
# This output file may be truncated or incomplete.
#
#  Out of Memory Error (arena.cpp:168), pid=12412, tid=14808
#
# JRE version: OpenJDK Runtime Environment (21.0.5) (build 21.0.5+-12932927-b750.29)
# Java VM: OpenJDK 64-Bit Server VM (21.0.5+-12932927-b750.29, mixed mode, tiered, compressed oops, compressed class ptrs, g1 gc, windows-amd64)
# No core dump will be written. Minidumps are not enabled by default on client versions of Windows
#

---------------  S U M M A R Y ------------

Command Line: --add-opens=java.base/java.lang=ALL-UNNAMED --add-opens=java.base/java.lang.invoke=ALL-UNNAMED --add-opens=java.base/java.util=ALL-UNNAMED --add-opens=java.prefs/java.util.prefs=ALL-UNNAMED --add-exports=jdk.compiler/com.sun.tools.javac.api=ALL-UNNAMED --add-exports=jdk.compiler/com.sun.tools.javac.util=ALL-UNNAMED --add-opens=java.base/java.util=ALL-UNNAMED --add-opens=java.prefs/java.util.prefs=ALL-UNNAMED --add-opens=java.base/java.nio.charset=ALL-UNNAMED --add-opens=java.base/java.net=ALL-UNNAMED --add-opens=java.base/java.util.concurrent.atomic=ALL-UNNAMED --add-opens=java.xml/javax.xml.namespace=ALL-UNNAMED -Xmx2048m -Dfile.encoding=UTF-8 -Duser.country=US -Duser.language=en -Duser.variant -javaagent:C:\Users\ma725\.gradle\wrapper\dists\gradle-8.11.1-bin\bpt9gzteqjrbo1mjrsomdt32c\gradle-8.11.1\lib\agents\gradle-instrumentation-agent-8.11.1.jar org.gradle.launcher.daemon.bootstrap.GradleDaemon 8.11.1

Host: 12th Gen Intel(R) Core(TM) i5-12450H, 12 cores, 7G,  Windows 11 , 64 bit Build 26100 (10.0.26100.3775)
Time: Sun May 25 19:48:15 2025 Bangladesh Standard Time elapsed time: 5.838583 seconds (0d 0h 0m 5s)

---------------  T H R E A D  ---------------

Current thread (0x00000273dc73dc50):  JavaThread "C2 CompilerThread0" daemon [_thread_in_native, id=14808, stack(0x000000b502200000,0x000000b502300000) (1024K)]


Current CompileTask:
C2:5838 4978       4       java.lang.invoke.InvokerBytecodeGenerator::addMethod (725 bytes)

Stack: [0x000000b502200000,0x000000b502300000]
Native frames: (J=compiled Java code, j=interpreted, Vv=VM code, C=native code)
V  [jvm.dll+0x6cfb29]
V  [jvm.dll+0x85ded3]
V  [jvm.dll+0x86042e]
V  [jvm.dll+0x860b13]
V  [jvm.dll+0x27e6b6]
V  [jvm.dll+0xbff6d]
V  [jvm.dll+0xc04a3]
V  [jvm.dll+0x3b5fc1]
V  [jvm.dll+0x381f97]
V  [jvm.dll+0x38140a]
V  [jvm.dll+0x247c62]
V  [jvm.dll+0x247231]
V  [jvm.dll+0x1c5ee4]
V  [jvm.dll+0x25697c]
V  [jvm.dll+0x254ec6]
V  [jvm.dll+0x3f0ce6]
V  [jvm.dll+0x806368]
V  [jvm.dll+0x6ce3fd]
C  [ucrtbase.dll+0x37b0]
C  [KERNEL32.DLL+0x2e8d7]
C  [ntdll.dll+0xb14fc]


---------------  P R O C E S S  ---------------

Threads class SMR info:
_java_thread_list=0x00000273e30ea350, length=44, elements={
0x00000273c4a6ae00, 0x00000273dc755140, 0x00000273dc731a50, 0x00000273dc758fa0,
0x00000273dc7742d0, 0x00000273dc774d20, 0x00000273dc775770, 0x00000273dc73dc50,
0x00000273dc785de0, 0x00000273dc8d3210, 0x00000273dcab18b0, 0x00000273e2914780,
0x00000273e2d20300, 0x00000273e2d14af0, 0x00000273e2abf440, 0x00000273e2c176c0,
0x00000273e2abae40, 0x00000273e2cc5d70, 0x00000273e2ab1f90, 0x00000273e2cc76d0,
0x00000273e2cc7040, 0x00000273e2cc9110, 0x00000273e2cc8a80, 0x00000273e2cc97a0,
0x00000273e2cc7d60, 0x00000273e2cc9e30, 0x00000273e2cc83f0, 0x00000273e2cca4c0,
0x00000273e49640d0, 0x00000273e4963a40, 0x00000273e4964760, 0x00000273e49633b0,
0x00000273e4964df0, 0x00000273e4965480, 0x00000273e4965b10, 0x00000273e49661a0,
0x00000273e4966830, 0x00000273e424a9a0, 0x00000273e424bd50, 0x00000273e424b030,
0x00000273e42495f0, 0x00000273e4249c80, 0x00000273e424b6c0, 0x00000273e424c3e0
}

Java Threads: ( => current thread )
  0x00000273c4a6ae00 JavaThread "main"                              [_thread_blocked, id=15904, stack(0x000000b501400000,0x000000b501500000) (1024K)]
  0x00000273dc755140 JavaThread "Reference Handler"          daemon [_thread_blocked, id=10692, stack(0x000000b501c00000,0x000000b501d00000) (1024K)]
  0x00000273dc731a50 JavaThread "Finalizer"                  daemon [_thread_blocked, id=15452, stack(0x000000b501d00000,0x000000b501e00000) (1024K)]
  0x00000273dc758fa0 JavaThread "Signal Dispatcher"          daemon [_thread_blocked, id=2672, stack(0x000000b501e00000,0x000000b501f00000) (1024K)]
  0x00000273dc7742d0 JavaThread "Attach Listener"            daemon [_thread_blocked, id=12988, stack(0x000000b501f00000,0x000000b502000000) (1024K)]
  0x00000273dc774d20 JavaThread "Service Thread"             daemon [_thread_blocked, id=12492, stack(0x000000b502000000,0x000000b502100000) (1024K)]
  0x00000273dc775770 JavaThread "Monitor Deflation Thread"   daemon [_thread_blocked, id=14720, stack(0x000000b502100000,0x000000b502200000) (1024K)]
=>0x00000273dc73dc50 JavaThread "C2 CompilerThread0"         daemon [_thread_in_native, id=14808, stack(0x000000b502200000,0x000000b502300000) (1024K)]
  0x00000273dc785de0 JavaThread "C1 CompilerThread0"         daemon [_thread_in_native, id=11788, stack(0x000000b502300000,0x000000b502400000) (1024K)]
  0x00000273dc8d3210 JavaThread "Common-Cleaner"             daemon [_thread_blocked, id=17528, stack(0x000000b502400000,0x000000b502500000) (1024K)]
  0x00000273dcab18b0 JavaThread "Notification Thread"        daemon [_thread_blocked, id=8912, stack(0x000000b502500000,0x000000b502600000) (1024K)]
  0x00000273e2914780 JavaThread "Daemon health stats"               [_thread_blocked, id=6524, stack(0x000000b502e00000,0x000000b502f00000) (1024K)]
  0x00000273e2d20300 JavaThread "Incoming local TCP Connector on port 58147"        [_thread_in_native, id=19280, stack(0x000000b502f00000,0x000000b503000000) (1024K)]
  0x00000273e2d14af0 JavaThread "Daemon periodic checks"            [_thread_blocked, id=19304, stack(0x000000b503000000,0x000000b503100000) (1024K)]
  0x00000273e2abf440 JavaThread "Daemon"                            [_thread_blocked, id=5912, stack(0x000000b503100000,0x000000b503200000) (1024K)]
  0x00000273e2c176c0 JavaThread "Handler for socket connection from /127.0.0.1:58147 to /127.0.0.1:58148"        [_thread_in_native, id=15324, stack(0x000000b503200000,0x000000b503300000) (1024K)]
  0x00000273e2abae40 JavaThread "Cancel handler"                    [_thread_blocked, id=18936, stack(0x000000b503300000,0x000000b503400000) (1024K)]
  0x00000273e2cc5d70 JavaThread "Daemon worker"                     [_thread_in_vm, id=10204, stack(0x000000b503400000,0x000000b503500000) (1024K)]
  0x00000273e2ab1f90 JavaThread "Asynchronous log dispatcher for DefaultDaemonConnection: socket connection from /127.0.0.1:58147 to /127.0.0.1:58148"        [_thread_blocked, id=16148, stack(0x000000b503500000,0x000000b503600000) (1024K)]
  0x00000273e2cc76d0 JavaThread "Stdin handler"                     [_thread_blocked, id=2664, stack(0x000000b503600000,0x000000b503700000) (1024K)]
  0x00000273e2cc7040 JavaThread "Daemon client event forwarder"        [_thread_blocked, id=10308, stack(0x000000b503700000,0x000000b503800000) (1024K)]
  0x00000273e2cc9110 JavaThread "Cache worker for journal cache (C:\Users\ma725\.gradle\caches\journal-1)"        [_thread_blocked, id=3748, stack(0x000000b503d00000,0x000000b503e00000) (1024K)]
  0x00000273e2cc8a80 JavaThread "File lock request listener"        [_thread_in_native, id=11868, stack(0x000000b503e00000,0x000000b503f00000) (1024K)]
  0x00000273e2cc97a0 JavaThread "Cache worker for file hash cache (C:\Users\ma725\.gradle\caches\8.11.1\fileHashes)"        [_thread_blocked, id=20004, stack(0x000000b503f00000,0x000000b504000000) (1024K)]
  0x00000273e2cc7d60 JavaThread "Cache worker for file content cache (C:\Users\ma725\.gradle\caches\8.11.1\fileContent)"        [_thread_blocked, id=18704, stack(0x000000b504000000,0x000000b504100000) (1024K)]
  0x00000273e2cc9e30 JavaThread "Cache worker for file hash cache (E:\YourClass\.gradle\8.11.1\fileHashes)"        [_thread_blocked, id=8564, stack(0x000000b504100000,0x000000b504200000) (1024K)]
  0x00000273e2cc83f0 JavaThread "Cache worker for Build Output Cleanup Cache (E:\YourClass\.gradle\buildOutputCleanup)"        [_thread_blocked, id=8492, stack(0x000000b504200000,0x000000b504300000) (1024K)]
  0x00000273e2cca4c0 JavaThread "File watcher server"        daemon [_thread_in_native, id=19080, stack(0x000000b504300000,0x000000b504400000) (1024K)]
  0x00000273e49640d0 JavaThread "File watcher consumer"      daemon [_thread_blocked, id=18672, stack(0x000000b504400000,0x000000b504500000) (1024K)]
  0x00000273e4963a40 JavaThread "jar transforms"                    [_thread_blocked, id=3136, stack(0x000000b504500000,0x000000b504600000) (1024K)]
  0x00000273e4964760 JavaThread "jar transforms Thread 2"           [_thread_blocked, id=6484, stack(0x000000b504600000,0x000000b504700000) (1024K)]
  0x00000273e49633b0 JavaThread "jar transforms Thread 3"           [_thread_blocked, id=16008, stack(0x000000b504700000,0x000000b504800000) (1024K)]
  0x00000273e4964df0 JavaThread "jar transforms Thread 4"           [_thread_blocked, id=1684, stack(0x000000b504800000,0x000000b504900000) (1024K)]
  0x00000273e4965480 JavaThread "jar transforms Thread 5"           [_thread_blocked, id=13160, stack(0x000000b504900000,0x000000b504a00000) (1024K)]
  0x00000273e4965b10 JavaThread "jar transforms Thread 6"           [_thread_blocked, id=18784, stack(0x000000b504a00000,0x000000b504b00000) (1024K)]
  0x00000273e49661a0 JavaThread "jar transforms Thread 7"           [_thread_blocked, id=17744, stack(0x000000b504b00000,0x000000b504c00000) (1024K)]
  0x00000273e4966830 JavaThread "jar transforms Thread 8"           [_thread_blocked, id=16796, stack(0x000000b504c00000,0x000000b504d00000) (1024K)]
  0x00000273e424a9a0 JavaThread "jar transforms Thread 9"           [_thread_blocked, id=16692, stack(0x000000b504d00000,0x000000b504e00000) (1024K)]
  0x00000273e424bd50 JavaThread "jar transforms Thread 10"          [_thread_blocked, id=1148, stack(0x000000b504e00000,0x000000b504f00000) (1024K)]
  0x00000273e424b030 JavaThread "jar transforms Thread 11"          [_thread_blocked, id=16200, stack(0x000000b504f00000,0x000000b505000000) (1024K)]
  0x00000273e42495f0 JavaThread "jar transforms Thread 12"          [_thread_blocked, id=9968, stack(0x000000b505000000,0x000000b505100000) (1024K)]
  0x00000273e4249c80 JavaThread "Cache worker for checksums cache (E:\YourClass\.gradle\8.11.1\checksums)"        [_thread_blocked, id=7824, stack(0x000000b505100000,0x000000b505200000) (1024K)]
  0x00000273e424b6c0 JavaThread "Cache worker for cache directory md-rule (C:\Users\ma725\.gradle\caches\8.11.1\md-rule)"        [_thread_blocked, id=2604, stack(0x000000b505200000,0x000000b505300000) (1024K)]
  0x00000273e424c3e0 JavaThread "Cache worker for cache directory md-supplier (C:\Users\ma725\.gradle\caches\8.11.1\md-supplier)"        [_thread_blocked, id=3732, stack(0x000000b505300000,0x000000b505400000) (1024K)]
Total: 44

Other Threads:
  0x00000273dc576070 VMThread "VM Thread"                           [id=5568, stack(0x000000b501b00000,0x000000b501c00000) (1024K)]
  0x00000273dc530b30 WatcherThread "VM Periodic Task Thread"        [id=20100, stack(0x000000b501a00000,0x000000b501b00000) (1024K)]
  0x00000273c4ac3a60 WorkerThread "GC Thread#0"                     [id=14344, stack(0x000000b501500000,0x000000b501600000) (1024K)]
  0x00000273e10d5e70 WorkerThread "GC Thread#1"                     [id=8164, stack(0x000000b502800000,0x000000b502900000) (1024K)]
  0x00000273e15e9730 WorkerThread "GC Thread#2"                     [id=18120, stack(0x000000b502900000,0x000000b502a00000) (1024K)]
  0x00000273e1c98030 WorkerThread "GC Thread#3"                     [id=16904, stack(0x000000b502a00000,0x000000b502b00000) (1024K)]
  0x00000273e1ddb600 WorkerThread "GC Thread#4"                     [id=9248, stack(0x000000b502b00000,0x000000b502c00000) (1024K)]
  0x00000273e28888a0 WorkerThread "GC Thread#5"                     [id=17108, stack(0x000000b502c00000,0x000000b502d00000) (1024K)]
  0x00000273e2888c40 WorkerThread "GC Thread#6"                     [id=4944, stack(0x000000b502d00000,0x000000b502e00000) (1024K)]
  0x00000273e2d86b10 WorkerThread "GC Thread#7"                     [id=12024, stack(0x000000b503800000,0x000000b503900000) (1024K)]
  0x00000273e2d88470 WorkerThread "GC Thread#8"                     [id=2692, stack(0x000000b503900000,0x000000b503a00000) (1024K)]
  0x00000273e2d875f0 WorkerThread "GC Thread#9"                     [id=9192, stack(0x000000b503a00000,0x000000b503b00000) (1024K)]
  0x00000273c4ad5960 ConcurrentGCThread "G1 Main Marker"            [id=12124, stack(0x000000b501600000,0x000000b501700000) (1024K)]
  0x00000273c4ad6370 WorkerThread "G1 Conc#0"                       [id=17488, stack(0x000000b501700000,0x000000b501800000) (1024K)]
  0x00000273e2d87990 WorkerThread "G1 Conc#1"                       [id=11088, stack(0x000000b503b00000,0x000000b503c00000) (1024K)]
  0x00000273e2d87d30 WorkerThread "G1 Conc#2"                       [id=15552, stack(0x000000b503c00000,0x000000b503d00000) (1024K)]
  0x00000273c4b2e7f0 ConcurrentGCThread "G1 Refine#0"               [id=18300, stack(0x000000b501800000,0x000000b501900000) (1024K)]
  0x00000273dc405590 ConcurrentGCThread "G1 Service"                [id=15688, stack(0x000000b501900000,0x000000b501a00000) (1024K)]
Total: 18

Threads with active compile tasks:
C2 CompilerThread0  5853 4978       4       java.lang.invoke.InvokerBytecodeGenerator::addMethod (725 bytes)
C2 CompilerThread1  5853 5003       4       java.util.stream.AbstractPipeline::evaluate (94 bytes)
Total: 2

VM state: not at safepoint (normal execution)

VM Mutex/Monitor currently owned by a thread: None

Heap address: 0x0000000080000000, size: 2048 MB, Compressed Oops mode: 32-bit

CDS archive(s) not mapped
Compressed class space mapped at: 0x0000000100000000-0x0000000140000000, reserved size: 1073741824
Narrow klass base: 0x0000000000000000, Narrow klass shift: 3, Narrow klass range: 0x140000000

GC Precious Log:
 CardTable entry size: 512
 Card Set container configuration: InlinePtr #cards 5 size 8 Array Of Cards #cards 12 size 40 Howl #buckets 4 coarsen threshold 1843 Howl Bitmap #cards 512 size 80 coarsen threshold 460 Card regions per heap region 1 cards per card region 2048
 CPUs: 12 total, 12 available
 Memory: 7860M
 Large Page Support: Disabled
 NUMA Support: Disabled
 Compressed Oops: Enabled (32-bit)
 Heap Region Size: 1M
 Heap Min Capacity: 8M
 Heap Initial Capacity: 124M
 Heap Max Capacity: 2G
 Pre-touch: Disabled
 Parallel Workers: 10
 Concurrent Workers: 3
 Concurrent Refinement Workers: 10
 Periodic GC: Disabled

Heap:
 garbage-first heap   total 113664K, used 70925K [0x0000000080000000, 0x0000000100000000)
  region size 1024K, 21 young (21504K), 3 survivors (3072K)
 Metaspace       used 54853K, committed 56384K, reserved 1114112K
  class space    used 7421K, committed 8192K, reserved 1048576K

Heap Regions: E=young(eden), S=young(survivor), O=old, HS=humongous(starts), HC=humongous(continues), CS=collection set, F=free, TAMS=top-at-mark-start, PB=parsable bottom
|   0|0x0000000080000000, 0x0000000080100000, 0x0000000080100000|100%| O|  |TAMS 0x0000000080000000| PB 0x0000000080000000| Untracked 
|   1|0x0000000080100000, 0x0000000080200000, 0x0000000080200000|100%|HS|  |TAMS 0x0000000080100000| PB 0x0000000080100000| Complete 
|   2|0x0000000080200000, 0x0000000080300000, 0x0000000080300000|100%|HC|  |TAMS 0x0000000080200000| PB 0x0000000080200000| Complete 
|   3|0x0000000080300000, 0x0000000080400000, 0x0000000080400000|100%|HC|  |TAMS 0x0000000080300000| PB 0x0000000080300000| Complete 
|   4|0x0000000080400000, 0x0000000080500000, 0x0000000080500000|100%| O|  |TAMS 0x0000000080400000| PB 0x0000000080400000| Untracked 
|   5|0x0000000080500000, 0x0000000080600000, 0x0000000080600000|100%| O|  |TAMS 0x0000000080500000| PB 0x0000000080500000| Untracked 
|   6|0x0000000080600000, 0x0000000080700000, 0x0000000080700000|100%| O|  |TAMS 0x0000000080600000| PB 0x0000000080600000| Untracked 
|   7|0x0000000080700000, 0x0000000080800000, 0x0000000080800000|100%|HS|  |TAMS 0x0000000080700000| PB 0x0000000080700000| Complete 
|   8|0x0000000080800000, 0x0000000080900000, 0x0000000080900000|100%| O|  |TAMS 0x0000000080800000| PB 0x0000000080800000| Untracked 
|   9|0x0000000080900000, 0x0000000080a00000, 0x0000000080a00000|100%| O|  |TAMS 0x0000000080900000| PB 0x0000000080900000| Untracked 
|  10|0x0000000080a00000, 0x0000000080b00000, 0x0000000080b00000|100%| O|  |TAMS 0x0000000080a00000| PB 0x0000000080a00000| Untracked 
|  11|0x0000000080b00000, 0x0000000080c00000, 0x0000000080c00000|100%| O|  |TAMS 0x0000000080b00000| PB 0x0000000080b00000| Untracked 
|  12|0x0000000080c00000, 0x0000000080d00000, 0x0000000080d00000|100%| O|  |TAMS 0x0000000080c00000| PB 0x0000000080c00000| Untracked 
|  13|0x0000000080d00000, 0x0000000080e00000, 0x0000000080e00000|100%| O|  |TAMS 0x0000000080d00000| PB 0x0000000080d00000| Untracked 
|  14|0x0000000080e00000, 0x0000000080f00000, 0x0000000080f00000|100%| O|  |TAMS 0x0000000080e00000| PB 0x0000000080e00000| Untracked 
|  15|0x0000000080f00000, 0x0000000081000000, 0x0000000081000000|100%| O|  |TAMS 0x0000000080f00000| PB 0x0000000080f00000| Untracked 
|  16|0x0000000081000000, 0x0000000081100000, 0x0000000081100000|100%| O|  |TAMS 0x0000000081000000| PB 0x0000000081000000| Untracked 
|  17|0x0000000081100000, 0x0000000081200000, 0x0000000081200000|100%| O|  |TAMS 0x0000000081100000| PB 0x0000000081100000| Untracked 
|  18|0x0000000081200000, 0x0000000081300000, 0x0000000081300000|100%| O|  |TAMS 0x0000000081200000| PB 0x0000000081200000| Untracked 
|  19|0x0000000081300000, 0x0000000081400000, 0x0000000081400000|100%| O|  |TAMS 0x0000000081300000| PB 0x0000000081300000| Untracked 
|  20|0x0000000081400000, 0x0000000081500000, 0x0000000081500000|100%| O|  |TAMS 0x0000000081400000| PB 0x0000000081400000| Untracked 
|  21|0x0000000081500000, 0x0000000081600000, 0x0000000081600000|100%|HS|  |TAMS 0x0000000081500000| PB 0x0000000081500000| Complete 
|  22|0x0000000081600000, 0x0000000081700000, 0x0000000081700000|100%|HC|  |TAMS 0x0000000081600000| PB 0x0000000081600000| Complete 
|  23|0x0000000081700000, 0x0000000081800000, 0x0000000081800000|100%|HC|  |TAMS 0x0000000081700000| PB 0x0000000081700000| Complete 
|  24|0x0000000081800000, 0x0000000081900000, 0x0000000081900000|100%|HC|  |TAMS 0x0000000081800000| PB 0x0000000081800000| Complete 
|  25|0x0000000081900000, 0x0000000081a00000, 0x0000000081a00000|100%|HC|  |TAMS 0x0000000081900000| PB 0x0000000081900000| Complete 
|  26|0x0000000081a00000, 0x0000000081b00000, 0x0000000081b00000|100%|HC|  |TAMS 0x0000000081a00000| PB 0x0000000081a00000| Complete 
|  27|0x0000000081b00000, 0x0000000081c00000, 0x0000000081c00000|100%|HS|  |TAMS 0x0000000081b00000| PB 0x0000000081b00000| Complete 
|  28|0x0000000081c00000, 0x0000000081d00000, 0x0000000081d00000|100%|HC|  |TAMS 0x0000000081c00000| PB 0x0000000081c00000| Complete 
|  29|0x0000000081d00000, 0x0000000081e00000, 0x0000000081e00000|100%|HS|  |TAMS 0x0000000081d00000| PB 0x0000000081d00000| Complete 
|  30|0x0000000081e00000, 0x0000000081f00000, 0x0000000081f00000|100%| O|  |TAMS 0x0000000081e00000| PB 0x0000000081e00000| Untracked 
|  31|0x0000000081f00000, 0x0000000082000000, 0x0000000082000000|100%| O|Cm|TAMS 0x0000000081f00000| PB 0x0000000081f00000| Complete 
|  32|0x0000000082000000, 0x0000000082100000, 0x0000000082100000|100%| O|  |TAMS 0x0000000082000000| PB 0x0000000082000000| Untracked 
|  33|0x0000000082100000, 0x0000000082200000, 0x0000000082200000|100%| O|  |TAMS 0x0000000082100000| PB 0x0000000082100000| Untracked 
|  34|0x0000000082200000, 0x0000000082300000, 0x0000000082300000|100%| O|  |TAMS 0x0000000082200000| PB 0x0000000082200000| Untracked 
|  35|0x0000000082300000, 0x0000000082400000, 0x0000000082400000|100%|HS|  |TAMS 0x0000000082300000| PB 0x0000000082300000| Complete 
|  36|0x0000000082400000, 0x0000000082500000, 0x0000000082500000|100%|HC|  |TAMS 0x0000000082400000| PB 0x0000000082400000| Complete 
|  37|0x0000000082500000, 0x0000000082600000, 0x0000000082600000|100%|HC|  |TAMS 0x0000000082500000| PB 0x0000000082500000| Complete 
|  38|0x0000000082600000, 0x0000000082700000, 0x0000000082700000|100%|HC|  |TAMS 0x0000000082600000| PB 0x0000000082600000| Complete 
|  39|0x0000000082700000, 0x0000000082800000, 0x0000000082800000|100%| O|  |TAMS 0x0000000082700000| PB 0x0000000082700000| Untracked 
|  40|0x0000000082800000, 0x0000000082900000, 0x0000000082900000|100%| O|  |TAMS 0x0000000082800000| PB 0x0000000082800000| Untracked 
|  41|0x0000000082900000, 0x0000000082a00000, 0x0000000082a00000|100%| O|  |TAMS 0x0000000082900000| PB 0x0000000082900000| Untracked 
|  42|0x0000000082a00000, 0x0000000082b00000, 0x0000000082b00000|100%| O|  |TAMS 0x0000000082a00000| PB 0x0000000082a00000| Untracked 
|  43|0x0000000082b00000, 0x0000000082c00000, 0x0000000082c00000|100%| O|  |TAMS 0x0000000082b00000| PB 0x0000000082b00000| Untracked 
|  44|0x0000000082c00000, 0x0000000082d00000, 0x0000000082d00000|100%| O|  |TAMS 0x0000000082c00000| PB 0x0000000082c00000| Untracked 
|  45|0x0000000082d00000, 0x0000000082e00000, 0x0000000082e00000|100%| O|  |TAMS 0x0000000082d00000| PB 0x0000000082d00000| Untracked 
|  46|0x0000000082e00000, 0x0000000082f00000, 0x0000000082f00000|100%| O|  |TAMS 0x0000000082e00000| PB 0x0000000082e00000| Untracked 
|  47|0x0000000082f00000, 0x0000000082f00000, 0x0000000083000000|  0%| F|  |TAMS 0x0000000082f00000| PB 0x0000000082f00000| Untracked 
|  48|0x0000000083000000, 0x0000000083100000, 0x0000000083100000|100%| O|  |TAMS 0x0000000083000000| PB 0x0000000083000000| Untracked 
|  49|0x0000000083100000, 0x0000000083100000, 0x0000000083200000|  0%| F|  |TAMS 0x0000000083100000| PB 0x0000000083100000| Untracked 
|  50|0x0000000083200000, 0x0000000083200000, 0x0000000083300000|  0%| F|  |TAMS 0x0000000083200000| PB 0x0000000083200000| Untracked 
|  51|0x0000000083300000, 0x0000000083300000, 0x0000000083400000|  0%| F|  |TAMS 0x0000000083300000| PB 0x0000000083300000| Untracked 
|  52|0x0000000083400000, 0x0000000083400000, 0x0000000083500000|  0%| F|  |TAMS 0x0000000083400000| PB 0x0000000083400000| Untracked 
|  53|0x0000000083500000, 0x0000000083500000, 0x0000000083600000|  0%| F|  |TAMS 0x0000000083500000| PB 0x0000000083500000| Untracked 
|  54|0x0000000083600000, 0x0000000083600000, 0x0000000083700000|  0%| F|  |TAMS 0x0000000083600000| PB 0x0000000083600000| Untracked 
|  55|0x0000000083700000, 0x0000000083700000, 0x0000000083800000|  0%| F|  |TAMS 0x0000000083700000| PB 0x0000000083700000| Untracked 
|  56|0x0000000083800000, 0x0000000083800000, 0x0000000083900000|  0%| F|  |TAMS 0x0000000083800000| PB 0x0000000083800000| Untracked 
|  57|0x0000000083900000, 0x0000000083900000, 0x0000000083a00000|  0%| F|  |TAMS 0x0000000083900000| PB 0x0000000083900000| Untracked 
|  58|0x0000000083a00000, 0x0000000083b00000, 0x0000000083b00000|100%| O|  |TAMS 0x0000000083a00000| PB 0x0000000083a00000| Untracked 
|  59|0x0000000083b00000, 0x0000000083b8fc10, 0x0000000083c00000| 56%| O|  |TAMS 0x0000000083b00000| PB 0x0000000083b00000| Untracked 
|  60|0x0000000083c00000, 0x0000000083cb3ac8, 0x0000000083d00000| 70%| S|CS|TAMS 0x0000000083c00000| PB 0x0000000083c00000| Complete 
|  61|0x0000000083d00000, 0x0000000083e00000, 0x0000000083e00000|100%| S|CS|TAMS 0x0000000083d00000| PB 0x0000000083d00000| Complete 
|  62|0x0000000083e00000, 0x0000000083f00000, 0x0000000083f00000|100%| S|CS|TAMS 0x0000000083e00000| PB 0x0000000083e00000| Complete 
|  63|0x0000000083f00000, 0x0000000083f00000, 0x0000000084000000|  0%| F|  |TAMS 0x0000000083f00000| PB 0x0000000083f00000| Untracked 
|  64|0x0000000084000000, 0x0000000084000000, 0x0000000084100000|  0%| F|  |TAMS 0x0000000084000000| PB 0x0000000084000000| Untracked 
|  65|0x0000000084100000, 0x0000000084100000, 0x0000000084200000|  0%| F|  |TAMS 0x0000000084100000| PB 0x0000000084100000| Untracked 
|  66|0x0000000084200000, 0x0000000084200000, 0x0000000084300000|  0%| F|  |TAMS 0x0000000084200000| PB 0x0000000084200000| Untracked 
|  67|0x0000000084300000, 0x0000000084300000, 0x0000000084400000|  0%| F|  |TAMS 0x0000000084300000| PB 0x0000000084300000| Untracked 
|  68|0x0000000084400000, 0x0000000084400000, 0x0000000084500000|  0%| F|  |TAMS 0x0000000084400000| PB 0x0000000084400000| Untracked 
|  69|0x0000000084500000, 0x0000000084500000, 0x0000000084600000|  0%| F|  |TAMS 0x0000000084500000| PB 0x0000000084500000| Untracked 
|  70|0x0000000084600000, 0x0000000084600000, 0x0000000084700000|  0%| F|  |TAMS 0x0000000084600000| PB 0x0000000084600000| Untracked 
|  71|0x0000000084700000, 0x0000000084700000, 0x0000000084800000|  0%| F|  |TAMS 0x0000000084700000| PB 0x0000000084700000| Untracked 
|  72|0x0000000084800000, 0x0000000084800000, 0x0000000084900000|  0%| F|  |TAMS 0x0000000084800000| PB 0x0000000084800000| Untracked 
|  73|0x0000000084900000, 0x0000000084900000, 0x0000000084a00000|  0%| F|  |TAMS 0x0000000084900000| PB 0x0000000084900000| Untracked 
|  74|0x0000000084a00000, 0x0000000084a00000, 0x0000000084b00000|  0%| F|  |TAMS 0x0000000084a00000| PB 0x0000000084a00000| Untracked 
|  75|0x0000000084b00000, 0x0000000084b00000, 0x0000000084c00000|  0%| F|  |TAMS 0x0000000084b00000| PB 0x0000000084b00000| Untracked 
|  76|0x0000000084c00000, 0x0000000084c00000, 0x0000000084d00000|  0%| F|  |TAMS 0x0000000084c00000| PB 0x0000000084c00000| Untracked 
|  77|0x0000000084d00000, 0x0000000084d00000, 0x0000000084e00000|  0%| F|  |TAMS 0x0000000084d00000| PB 0x0000000084d00000| Untracked 
|  78|0x0000000084e00000, 0x0000000084e00000, 0x0000000084f00000|  0%| F|  |TAMS 0x0000000084e00000| PB 0x0000000084e00000| Untracked 
|  79|0x0000000084f00000, 0x0000000084f00000, 0x0000000085000000|  0%| F|  |TAMS 0x0000000084f00000| PB 0x0000000084f00000| Untracked 
|  80|0x0000000085000000, 0x0000000085000000, 0x0000000085100000|  0%| F|  |TAMS 0x0000000085000000| PB 0x0000000085000000| Untracked 
|  81|0x0000000085100000, 0x0000000085100000, 0x0000000085200000|  0%| F|  |TAMS 0x0000000085100000| PB 0x0000000085100000| Untracked 
|  82|0x0000000085200000, 0x0000000085200000, 0x0000000085300000|  0%| F|  |TAMS 0x0000000085200000| PB 0x0000000085200000| Untracked 
|  83|0x0000000085300000, 0x0000000085300000, 0x0000000085400000|  0%| F|  |TAMS 0x0000000085300000| PB 0x0000000085300000| Untracked 
|  84|0x0000000085400000, 0x0000000085400000, 0x0000000085500000|  0%| F|  |TAMS 0x0000000085400000| PB 0x0000000085400000| Untracked 
|  85|0x0000000085500000, 0x0000000085500000, 0x0000000085600000|  0%| F|  |TAMS 0x0000000085500000| PB 0x0000000085500000| Untracked 
|  86|0x0000000085600000, 0x0000000085600000, 0x0000000085700000|  0%| F|  |TAMS 0x0000000085600000| PB 0x0000000085600000| Untracked 
|  87|0x0000000085700000, 0x0000000085700000, 0x0000000085800000|  0%| F|  |TAMS 0x0000000085700000| PB 0x0000000085700000| Untracked 
|  88|0x0000000085800000, 0x0000000085800000, 0x0000000085900000|  0%| F|  |TAMS 0x0000000085800000| PB 0x0000000085800000| Untracked 
|  89|0x0000000085900000, 0x0000000085900000, 0x0000000085a00000|  0%| F|  |TAMS 0x0000000085900000| PB 0x0000000085900000| Untracked 
|  90|0x0000000085a00000, 0x0000000085a00000, 0x0000000085b00000|  0%| F|  |TAMS 0x0000000085a00000| PB 0x0000000085a00000| Untracked 
|  91|0x0000000085b00000, 0x0000000085b00000, 0x0000000085c00000|  0%| F|  |TAMS 0x0000000085b00000| PB 0x0000000085b00000| Untracked 
|  92|0x0000000085c00000, 0x0000000085c00000, 0x0000000085d00000|  0%| F|  |TAMS 0x0000000085c00000| PB 0x0000000085c00000| Untracked 
|  93|0x0000000085d00000, 0x0000000085d80000, 0x0000000085e00000| 50%| E|  |TAMS 0x0000000085d00000| PB 0x0000000085d00000| Complete 
|  94|0x0000000085e00000, 0x0000000085f00000, 0x0000000085f00000|100%| E|CS|TAMS 0x0000000085e00000| PB 0x0000000085e00000| Complete 
|  95|0x0000000085f00000, 0x0000000086000000, 0x0000000086000000|100%| E|CS|TAMS 0x0000000085f00000| PB 0x0000000085f00000| Complete 
|  96|0x0000000086000000, 0x0000000086100000, 0x0000000086100000|100%| E|CS|TAMS 0x0000000086000000| PB 0x0000000086000000| Complete 
|  97|0x0000000086100000, 0x0000000086200000, 0x0000000086200000|100%| E|CS|TAMS 0x0000000086100000| PB 0x0000000086100000| Complete 
|  98|0x0000000086200000, 0x0000000086300000, 0x0000000086300000|100%| E|CS|TAMS 0x0000000086200000| PB 0x0000000086200000| Complete 
|  99|0x0000000086300000, 0x0000000086400000, 0x0000000086400000|100%| E|CS|TAMS 0x0000000086300000| PB 0x0000000086300000| Complete 
| 100|0x0000000086400000, 0x0000000086500000, 0x0000000086500000|100%| E|CS|TAMS 0x0000000086400000| PB 0x0000000086400000| Complete 
| 101|0x0000000086500000, 0x0000000086600000, 0x0000000086600000|100%| E|CS|TAMS 0x0000000086500000| PB 0x0000000086500000| Complete 
| 102|0x0000000086600000, 0x0000000086700000, 0x0000000086700000|100%| E|CS|TAMS 0x0000000086600000| PB 0x0000000086600000| Complete 
| 103|0x0000000086700000, 0x0000000086800000, 0x0000000086800000|100%| E|CS|TAMS 0x0000000086700000| PB 0x0000000086700000| Complete 
| 104|0x0000000086800000, 0x0000000086900000, 0x0000000086900000|100%| E|CS|TAMS 0x0000000086800000| PB 0x0000000086800000| Complete 
| 105|0x0000000086900000, 0x0000000086a00000, 0x0000000086a00000|100%| E|CS|TAMS 0x0000000086900000| PB 0x0000000086900000| Complete 
| 106|0x0000000086a00000, 0x0000000086b00000, 0x0000000086b00000|100%| E|CS|TAMS 0x0000000086a00000| PB 0x0000000086a00000| Complete 
| 107|0x0000000086b00000, 0x0000000086c00000, 0x0000000086c00000|100%| E|CS|TAMS 0x0000000086b00000| PB 0x0000000086b00000| Complete 
| 108|0x0000000086c00000, 0x0000000086d00000, 0x0000000086d00000|100%| E|CS|TAMS 0x0000000086c00000| PB 0x0000000086c00000| Complete 
| 122|0x0000000087a00000, 0x0000000087b00000, 0x0000000087b00000|100%| E|CS|TAMS 0x0000000087a00000| PB 0x0000000087a00000| Complete 
| 123|0x0000000087b00000, 0x0000000087c00000, 0x0000000087c00000|100%| E|CS|TAMS 0x0000000087b00000| PB 0x0000000087b00000| Complete 

Card table byte_map: [0x00000273d7510000,0x00000273d7910000] _byte_map_base: 0x00000273d7110000

Marking Bits: (CMBitMap*) 0x00000273c4ac4070
 Bits: [0x00000273d7910000, 0x00000273d9910000)

Polling page: 0x00000273c2780000

Metaspace:

Usage:
  Non-class:     46.33 MB used.
      Class:      7.25 MB used.
       Both:     53.58 MB used.

Virtual space:
  Non-class space:       64.00 MB reserved,      47.06 MB ( 74%) committed,  1 nodes.
      Class space:        1.00 GB reserved,       8.00 MB ( <1%) committed,  1 nodes.
             Both:        1.06 GB reserved,      55.06 MB (  5%) committed. 

Chunk freelists:
   Non-Class:  870.00 KB
       Class:  7.87 MB
        Both:  8.72 MB

MaxMetaspaceSize: unlimited
CompressedClassSpaceSize: 1.00 GB
Initial GC threshold: 21.00 MB
Current GC threshold: 82.31 MB
CDS: off
 - commit_granule_bytes: 65536.
 - commit_granule_words: 8192.
 - virtual_space_node_default_size: 8388608.
 - enlarge_chunks_in_place: 1.
 - use_allocation_guard: 0.


Internal statistics:

num_allocs_failed_limit: 6.
num_arena_births: 2724.
num_arena_deaths: 0.
num_vsnodes_births: 2.
num_vsnodes_deaths: 0.
num_space_committed: 881.
num_space_uncommitted: 0.
num_chunks_returned_to_freelist: 6.
num_chunks_taken_from_freelist: 4915.
num_chunk_merges: 3.
num_chunk_splits: 3119.
num_chunks_enlarged: 1879.
num_inconsistent_stats: 0.

CodeHeap 'non-profiled nmethods': size=120000Kb used=2620Kb max_used=2620Kb free=117380Kb
 bounds [0x00000273cf690000, 0x00000273cf920000, 0x00000273d6bc0000]
CodeHeap 'profiled nmethods': size=120000Kb used=8360Kb max_used=8360Kb free=111639Kb
 bounds [0x00000273c7bc0000, 0x00000273c83f0000, 0x00000273cf0f0000]
CodeHeap 'non-nmethods': size=5760Kb used=2688Kb max_used=2715Kb free=3071Kb
 bounds [0x00000273cf0f0000, 0x00000273cf3a0000, 0x00000273cf690000]
 total_blobs=5253 nmethods=4411 adapters=746
 compilation: enabled
              stopped_count=0, restarted_count=0
 full_count=0

Compilation events (20 events):
Event: 4.781 Thread 0x00000273dc785de0 nmethod 4988 0x00000273c83e2e90 code [0x00000273c83e3020, 0x00000273c83e3150]
Event: 4.802 Thread 0x00000273dc785de0 4989       3       java.lang.invoke.DirectMethodHandle$Special::<init> (16 bytes)
Event: 4.802 Thread 0x00000273dc785de0 nmethod 4989 0x00000273c83e3210 code [0x00000273c83e33c0, 0x00000273c83e3560]
Event: 4.805 Thread 0x00000273dc785de0 4990       3       com.google.common.collect.ImmutableSet$Builder::copyIfNecessary (17 bytes)
Event: 4.805 Thread 0x00000273dc785de0 nmethod 4990 0x00000273c83e3610 code [0x00000273c83e37c0, 0x00000273c83e39c8]
Event: 4.812 Thread 0x00000273dc785de0 4992       3       com.google.common.collect.RegularImmutableMap::get (64 bytes)
Event: 4.812 Thread 0x00000273dc785de0 nmethod 4992 0x00000273c83e3a90 code [0x00000273c83e3ca0, 0x00000273c83e4218]
Event: 4.812 Thread 0x00000273dc785de0 4993       3       java.lang.invoke.MemberName::equals (24 bytes)
Event: 4.812 Thread 0x00000273dc785de0 nmethod 4993 0x00000273c83e4410 code [0x00000273c83e45e0, 0x00000273c83e4958]
Event: 4.812 Thread 0x00000273dc785de0 4991       3       com.google.common.collect.RegularImmutableMap::get (13 bytes)
Event: 4.812 Thread 0x00000273dc785de0 nmethod 4991 0x00000273c83e4a10 code [0x00000273c83e4bc0, 0x00000273c83e4d08]
Event: 4.825 Thread 0x00000273dc785de0 4994       3       java.util.LinkedList::listIterator (15 bytes)
Event: 4.825 Thread 0x00000273dc785de0 nmethod 4994 0x00000273c83e4d90 code [0x00000273c83e4f80, 0x00000273c83e53d8]
Event: 4.825 Thread 0x00000273dc785de0 4995       3       java.util.LinkedList$ListItr::<init> (47 bytes)
Event: 4.825 Thread 0x00000273dc785de0 nmethod 4995 0x00000273c83e5590 code [0x00000273c83e5760, 0x00000273c83e5a50]
Event: 4.826 Thread 0x00000273dc785de0 4996       1       org.gradle.api.attributes.Attribute::getName (5 bytes)
Event: 4.826 Thread 0x00000273dc785de0 nmethod 4996 0x00000273cf91d710 code [0x00000273cf91d8a0, 0x00000273cf91d968]
Event: 4.961 Thread 0x00000273dc785de0 4997       3       java.util.concurrent.locks.AbstractQueuedSynchronizer$Node::getAndUnsetStatus (14 bytes)
Event: 4.962 Thread 0x00000273dc785de0 nmethod 4997 0x00000273c83e5b90 code [0x00000273c83e5d60, 0x00000273c83e6000]
Event: 5.493 Thread 0x00000273dc785de0 4998   !   3       java.lang.Thread::sleep (82 bytes)

GC Heap History (20 events):
Event: 0.718 GC heap before
{Heap before GC invocations=1 (full 0):
 garbage-first heap   total 126976K, used 40296K [0x0000000080000000, 0x0000000100000000)
  region size 1024K, 37 young (37888K), 3 survivors (3072K)
 Metaspace       used 12148K, committed 12352K, reserved 1114112K
  class space    used 1275K, committed 1408K, reserved 1048576K
}
Event: 0.723 GC heap after
{Heap after GC invocations=2 (full 0):
 garbage-first heap   total 126976K, used 11239K [0x0000000080000000, 0x0000000100000000)
  region size 1024K, 5 young (5120K), 5 survivors (5120K)
 Metaspace       used 12148K, committed 12352K, reserved 1114112K
  class space    used 1275K, committed 1408K, reserved 1048576K
}
Event: 1.146 GC heap before
{Heap before GC invocations=2 (full 0):
 garbage-first heap   total 126976K, used 61415K [0x0000000080000000, 0x0000000100000000)
  region size 1024K, 52 young (53248K), 5 survivors (5120K)
 Metaspace       used 14246K, committed 14464K, reserved 1114112K
  class space    used 1556K, committed 1664K, reserved 1048576K
}
Event: 1.152 GC heap after
{Heap after GC invocations=3 (full 0):
 garbage-first heap   total 126976K, used 17921K [0x0000000080000000, 0x0000000100000000)
  region size 1024K, 6 young (6144K), 6 survivors (6144K)
 Metaspace       used 14246K, committed 14464K, reserved 1114112K
  class space    used 1556K, committed 1664K, reserved 1048576K
}
Event: 1.445 GC heap before
{Heap before GC invocations=3 (full 0):
 garbage-first heap   total 126976K, used 40449K [0x0000000080000000, 0x0000000100000000)
  region size 1024K, 29 young (29696K), 6 survivors (6144K)
 Metaspace       used 21253K, committed 21504K, reserved 1114112K
  class space    used 2444K, committed 2560K, reserved 1048576K
}
Event: 1.449 GC heap after
{Heap after GC invocations=4 (full 0):
 garbage-first heap   total 126976K, used 20396K [0x0000000080000000, 0x0000000100000000)
  region size 1024K, 3 young (3072K), 3 survivors (3072K)
 Metaspace       used 21253K, committed 21504K, reserved 1114112K
  class space    used 2444K, committed 2560K, reserved 1048576K
}
Event: 2.035 GC heap before
{Heap before GC invocations=5 (full 0):
 garbage-first heap   total 71680K, used 70572K [0x0000000080000000, 0x0000000100000000)
  region size 1024K, 52 young (53248K), 3 survivors (3072K)
 Metaspace       used 29492K, committed 30080K, reserved 1114112K
  class space    used 3753K, committed 4032K, reserved 1048576K
}
Event: 2.040 GC heap after
{Heap after GC invocations=6 (full 0):
 garbage-first heap   total 77824K, used 23417K [0x0000000080000000, 0x0000000100000000)
  region size 1024K, 6 young (6144K), 6 survivors (6144K)
 Metaspace       used 29492K, committed 30080K, reserved 1114112K
  class space    used 3753K, committed 4032K, reserved 1048576K
}
Event: 2.367 GC heap before
{Heap before GC invocations=6 (full 0):
 garbage-first heap   total 77824K, used 59257K [0x0000000080000000, 0x0000000100000000)
  region size 1024K, 41 young (41984K), 6 survivors (6144K)
 Metaspace       used 34345K, committed 35200K, reserved 1114112K
  class space    used 4592K, committed 4992K, reserved 1048576K
}
Event: 2.371 GC heap after
{Heap after GC invocations=7 (full 0):
 garbage-first heap   total 77824K, used 25893K [0x0000000080000000, 0x0000000100000000)
  region size 1024K, 6 young (6144K), 6 survivors (6144K)
 Metaspace       used 34345K, committed 35200K, reserved 1114112K
  class space    used 4592K, committed 4992K, reserved 1048576K
}
Event: 2.494 GC heap before
{Heap before GC invocations=7 (full 0):
 garbage-first heap   total 77824K, used 47397K [0x0000000080000000, 0x0000000100000000)
  region size 1024K, 17 young (17408K), 6 survivors (6144K)
 Metaspace       used 35171K, committed 35968K, reserved 1114112K
  class space    used 4729K, committed 5120K, reserved 1048576K
}
Event: 2.499 GC heap after
{Heap after GC invocations=8 (full 0):
 garbage-first heap   total 94208K, used 41636K [0x0000000080000000, 0x0000000100000000)
  region size 1024K, 6 young (6144K), 6 survivors (6144K)
 Metaspace       used 35171K, committed 35968K, reserved 1114112K
  class space    used 4729K, committed 5120K, reserved 1048576K
}
Event: 2.852 GC heap before
{Heap before GC invocations=9 (full 0):
 garbage-first heap   total 94208K, used 79524K [0x0000000080000000, 0x0000000100000000)
  region size 1024K, 42 young (43008K), 6 survivors (6144K)
 Metaspace       used 39794K, committed 40896K, reserved 1114112K
  class space    used 5462K, committed 6016K, reserved 1048576K
}
Event: 2.856 GC heap after
{Heap after GC invocations=10 (full 0):
 garbage-first heap   total 94208K, used 45391K [0x0000000080000000, 0x0000000100000000)
  region size 1024K, 3 young (3072K), 3 survivors (3072K)
 Metaspace       used 39794K, committed 40896K, reserved 1114112K
  class space    used 5462K, committed 6016K, reserved 1048576K
}
Event: 3.160 GC heap before
{Heap before GC invocations=10 (full 0):
 garbage-first heap   total 94208K, used 78159K [0x0000000080000000, 0x0000000100000000)
  region size 1024K, 36 young (36864K), 3 survivors (3072K)
 Metaspace       used 44458K, committed 45760K, reserved 1114112K
  class space    used 6202K, committed 6848K, reserved 1048576K
}
Event: 3.164 GC heap after
{Heap after GC invocations=11 (full 0):
 garbage-first heap   total 94208K, used 47903K [0x0000000080000000, 0x0000000100000000)
  region size 1024K, 5 young (5120K), 5 survivors (5120K)
 Metaspace       used 44458K, committed 45760K, reserved 1114112K
  class space    used 6202K, committed 6848K, reserved 1048576K
}
Event: 3.368 GC heap before
{Heap before GC invocations=11 (full 0):
 garbage-first heap   total 94208K, used 80671K [0x0000000080000000, 0x0000000100000000)
  region size 1024K, 38 young (38912K), 5 survivors (5120K)
 Metaspace       used 49219K, committed 50560K, reserved 1114112K
  class space    used 6654K, committed 7296K, reserved 1048576K
}
Event: 3.373 GC heap after
{Heap after GC invocations=12 (full 0):
 garbage-first heap   total 94208K, used 52276K [0x0000000080000000, 0x0000000100000000)
  region size 1024K, 5 young (5120K), 5 survivors (5120K)
 Metaspace       used 49219K, committed 50560K, reserved 1114112K
  class space    used 6654K, committed 7296K, reserved 1048576K
}
Event: 3.641 GC heap before
{Heap before GC invocations=13 (full 0):
 garbage-first heap   total 94208K, used 86068K [0x0000000080000000, 0x0000000100000000)
  region size 1024K, 34 young (34816K), 5 survivors (5120K)
 Metaspace       used 52808K, committed 54272K, reserved 1114112K
  class space    used 7083K, committed 7808K, reserved 1048576K
}
Event: 3.657 GC heap after
{Heap after GC invocations=14 (full 0):
 garbage-first heap   total 113664K, used 53517K [0x0000000080000000, 0x0000000100000000)
  region size 1024K, 3 young (3072K), 3 survivors (3072K)
 Metaspace       used 52808K, committed 54272K, reserved 1114112K
  class space    used 7083K, committed 7808K, reserved 1048576K
}

Dll operation events (3 events):
Event: 0.005 Loaded shared library E:\android studio\jbr\bin\java.dll
Event: 0.008 Loaded shared library E:\android studio\jbr\bin\zip.dll
Event: 0.376 Loaded shared library E:\android studio\jbr\bin\verify.dll

Deoptimization events (20 events):
Event: 3.708 Thread 0x00000273e2cc5d70 Uncommon trap: trap_request=0xffffff45 fr.pc=0x00000273cf8d128c relative=0x000000000000006c
Event: 3.708 Thread 0x00000273e2cc5d70 Uncommon trap: reason=unstable_if action=reinterpret pc=0x00000273cf8d128c method=java.lang.Class.getComponentType()Ljava/lang/Class; @ 4 c2
Event: 3.708 Thread 0x00000273e2cc5d70 DEOPT PACKING pc=0x00000273cf8d128c sp=0x000000b5034f6af0
Event: 3.708 Thread 0x00000273e2cc5d70 DEOPT UNPACKING pc=0x00000273cf1446a2 sp=0x000000b5034f6a80 mode 2
Event: 4.214 Thread 0x00000273e2914780 Uncommon trap: trap_request=0xffffffc6 fr.pc=0x00000273cf857178 relative=0x00000000000000b8
Event: 4.214 Thread 0x00000273e2914780 Uncommon trap: reason=bimorphic_or_optimized_type_check action=maybe_recompile pc=0x00000273cf857178 method=java.util.stream.Sink$ChainedReference.cancellationRequested()Z @ 4 c2
Event: 4.214 Thread 0x00000273e2914780 DEOPT PACKING pc=0x00000273cf857178 sp=0x000000b502efecb0
Event: 4.214 Thread 0x00000273e2914780 DEOPT UNPACKING pc=0x00000273cf1446a2 sp=0x000000b502efec38 mode 2
Event: 4.214 Thread 0x00000273e2914780 Uncommon trap: trap_request=0xffffffc6 fr.pc=0x00000273cf857178 relative=0x00000000000000b8
Event: 4.214 Thread 0x00000273e2914780 Uncommon trap: reason=bimorphic_or_optimized_type_check action=maybe_recompile pc=0x00000273cf857178 method=java.util.stream.Sink$ChainedReference.cancellationRequested()Z @ 4 c2
Event: 4.215 Thread 0x00000273e2914780 DEOPT PACKING pc=0x00000273cf857178 sp=0x000000b502efecb0
Event: 4.215 Thread 0x00000273e2914780 DEOPT UNPACKING pc=0x00000273cf1446a2 sp=0x000000b502efec38 mode 2
Event: 4.215 Thread 0x00000273e2914780 Uncommon trap: trap_request=0xffffffc6 fr.pc=0x00000273cf857178 relative=0x00000000000000b8
Event: 4.215 Thread 0x00000273e2914780 Uncommon trap: reason=bimorphic_or_optimized_type_check action=maybe_recompile pc=0x00000273cf857178 method=java.util.stream.Sink$ChainedReference.cancellationRequested()Z @ 4 c2
Event: 4.215 Thread 0x00000273e2914780 DEOPT PACKING pc=0x00000273cf857178 sp=0x000000b502efecb0
Event: 4.215 Thread 0x00000273e2914780 DEOPT UNPACKING pc=0x00000273cf1446a2 sp=0x000000b502efec38 mode 2
Event: 4.215 Thread 0x00000273e2914780 Uncommon trap: trap_request=0xffffffc6 fr.pc=0x00000273cf857178 relative=0x00000000000000b8
Event: 4.215 Thread 0x00000273e2914780 Uncommon trap: reason=bimorphic_or_optimized_type_check action=maybe_recompile pc=0x00000273cf857178 method=java.util.stream.Sink$ChainedReference.cancellationRequested()Z @ 4 c2
Event: 4.215 Thread 0x00000273e2914780 DEOPT PACKING pc=0x00000273cf857178 sp=0x000000b502efecb0
Event: 4.215 Thread 0x00000273e2914780 DEOPT UNPACKING pc=0x00000273cf1446a2 sp=0x000000b502efec38 mode 2

Classes loaded (20 events):
Event: 3.458 Loading class sun/reflect/MagicAccessorImpl
Event: 3.458 Loading class sun/reflect/MagicAccessorImpl done
Event: 3.478 Loading class com/sun/beans/finder/MethodFinder
Event: 3.479 Loading class com/sun/beans/finder/AbstractFinder
Event: 3.479 Loading class com/sun/beans/finder/AbstractFinder done
Event: 3.480 Loading class com/sun/beans/finder/MethodFinder done
Event: 3.480 Loading class com/sun/beans/finder/MethodFinder$1
Event: 3.480 Loading class com/sun/beans/finder/MethodFinder$1 done
Event: 3.480 Loading class com/sun/beans/finder/FinderUtils
Event: 3.480 Loading class com/sun/beans/finder/FinderUtils done
Event: 3.481 Loading class java/lang/invoke/BoundMethodHandle$Species_LJ
Event: 3.481 Loading class java/lang/invoke/BoundMethodHandle$Species_LJ done
Event: 3.522 Loading class java/util/function/IntBinaryOperator
Event: 3.522 Loading class java/util/function/IntBinaryOperator done
Event: 3.697 Loading class java/util/PrimitiveIterator$OfInt
Event: 3.697 Loading class java/util/PrimitiveIterator
Event: 3.697 Loading class java/util/PrimitiveIterator done
Event: 3.697 Loading class java/util/PrimitiveIterator$OfInt done
Event: 3.699 Loading class java/util/concurrent/RecursiveAction
Event: 3.699 Loading class java/util/concurrent/RecursiveAction done

Classes unloaded (0 events):
No events

Classes redefined (0 events):
No events

Internal exceptions (20 events):
Event: 3.574 Thread 0x00000273e2cc5d70 Exception <a 'java/lang/NoSuchMethodError'{0x00000000846f1e10}: 'java.lang.Object java.lang.invoke.DirectMethodHandle$Holder.invokeSpecial(java.lang.Object, java.lang.Object, java.lang.Object, java.lang.Object, java.lang.Object, int)'> (0x00000000846f1e10) 
thrown [s\src\hotspot\share\interpreter\linkResolver.cpp, line 784]
Event: 3.574 Thread 0x00000273e2cc5d70 Exception <a 'java/lang/NoSuchMethodError'{0x00000000846f67f8}: 'java.lang.Object java.lang.invoke.Invokers$Holder.linkToTargetMethod(java.lang.Object, java.lang.Object, java.lang.Object, int, java.lang.Object)'> (0x00000000846f67f8) 
thrown [s\src\hotspot\share\interpreter\linkResolver.cpp, line 784]
Event: 3.603 Thread 0x00000273e2cc5d70 Exception <a 'java/lang/NoSuchMethodError'{0x00000000843eff28}: 'int java.lang.invoke.DirectMethodHandle$Holder.invokeInterface(java.lang.Object, java.lang.Object, java.lang.Object, java.lang.Object)'> (0x00000000843eff28) 
thrown [s\src\hotspot\share\interpreter\linkResolver.cpp, line 784]
Event: 3.624 Thread 0x00000273e2cc5d70 Exception <a 'java/lang/NoSuchMethodError'{0x0000000084031600}: 'java.lang.Object java.lang.invoke.DirectMethodHandle$Holder.invokeStatic(java.lang.Object, long, java.lang.Object)'> (0x0000000084031600) 
thrown [s\src\hotspot\share\interpreter\linkResolver.cpp, line 784]
Event: 3.624 Thread 0x00000273e2cc5d70 Exception <a 'java/lang/NoSuchMethodError'{0x0000000084038c38}: 'java.lang.Object java.lang.invoke.DirectMethodHandle$Holder.newInvokeSpecial(java.lang.Object, long)'> (0x0000000084038c38) 
thrown [s\src\hotspot\share\interpreter\linkResolver.cpp, line 784]
Event: 3.627 Thread 0x00000273e2cc5d70 Exception <a 'java/lang/NoSuchMethodError'{0x00000000840a4860}: 'java.lang.Object java.lang.invoke.Invokers$Holder.linkToTargetMethod(java.lang.Object, java.lang.Object, java.lang.Object, java.lang.Object, long, java.lang.Object, java.lang.Object)'> (0x00000000840a4860) 
thrown [s\src\hotspot\share\interpreter\linkResolver.cpp, line 784]
Event: 3.629 Thread 0x00000273e2cc5d70 Exception <a 'java/lang/NoSuchMethodError'{0x00000000840ea118}: 'java.lang.Object java.lang.invoke.DirectMethodHandle$Holder.newInvokeSpecial(java.lang.Object, java.lang.Object, java.lang.Object, long, java.lang.Object)'> (0x00000000840ea118) 
thrown [s\src\hotspot\share\interpreter\linkResolver.cpp, line 784]
Event: 3.630 Thread 0x00000273e2cc5d70 Exception <a 'java/lang/NoSuchMethodError'{0x00000000840ef270}: 'java.lang.Object java.lang.invoke.DirectMethodHandle$Holder.invokeSpecial(java.lang.Object, java.lang.Object, java.lang.Object, java.lang.Object, long, java.lang.Object)'> (0x00000000840ef270) 
thrown [s\src\hotspot\share\interpreter\linkResolver.cpp, line 784]
Event: 3.630 Thread 0x00000273e2cc5d70 Exception <a 'java/lang/NoSuchMethodError'{0x00000000840f3a58}: 'java.lang.Object java.lang.invoke.Invokers$Holder.linkToTargetMethod(java.lang.Object, java.lang.Object, long, java.lang.Object, java.lang.Object)'> (0x00000000840f3a58) 
thrown [s\src\hotspot\share\interpreter\linkResolver.cpp, line 784]
Event: 3.667 Thread 0x00000273e2cc5d70 Exception <a 'java/lang/NoSuchMethodError'{0x0000000087a76270}: 'java.lang.Object java.lang.invoke.DirectMethodHandle$Holder.newInvokeSpecial(java.lang.Object, java.lang.Object, java.lang.Object, java.lang.Object, java.lang.Object, java.lang.Object, java.lang.Object, java.lang.Object, java.lang.Object, java.lang.Object, java.lang.Object, java.lang.Object, java.lang.Object, java.lang.Object, java.lang.Object, java.lang.Object, java.lang.Object, java.lang.Object, java.lang.Object, java.lang.Object, java.lang
Event: 3.668 Thread 0x00000273e2cc5d70 Exception <a 'java/lang/NoSuchMethodError'{0x0000000087a7e0e8}: 'java.lang.Object java.lang.invoke.DirectMethodHandle$Holder.invokeSpecial(java.lang.Object, java.lang.Object, java.lang.Object, java.lang.Object, java.lang.Object, java.lang.Object, java.lang.Object, java.lang.Object, java.lang.Object, java.lang.Object, java.lang.Object, java.lang.Object, java.lang.Object, java.lang.Object, java.lang.Object, java.lang.Object, java.lang.Object, java.lang.Object, java.lang.Object, java.lang.Object, java.lang.Ob
Event: 3.668 Thread 0x00000273e2cc5d70 Exception <a 'java/lang/NoSuchMethodError'{0x0000000087a84908}: 'java.lang.Object java.lang.invoke.DelegatingMethodHandle$Holder.reinvoke_L(java.lang.Object, java.lang.Object, java.lang.Object, java.lang.Object, java.lang.Object, java.lang.Object, java.lang.Object, java.lang.Object, java.lang.Object, java.lang.Object, java.lang.Object, java.lang.Object, java.lang.Object, java.lang.Object, java.lang.Object, java.lang.Object, java.lang.Object, java.lang.Object, java.lang.Object, java.lang.Object, java.lang.O
Event: 3.694 Thread 0x00000273e2cc5d70 Implicit null exception at 0x00000273cf6cc76f to 0x00000273cf6cc820
Event: 3.703 Thread 0x00000273e2cc5d70 Exception <a 'java/lang/ClassNotFoundException'{0x0000000086991268}: org/gradle/api/internal/artifacts/dsl/dependencies/DefaultDependencyHandler_DecoratedBeanInfo> (0x0000000086991268) 
thrown [s\src\hotspot\share\classfile\systemDictionary.cpp, line 312]
Event: 3.703 Thread 0x00000273e2cc5d70 Exception <a 'java/lang/ClassNotFoundException'{0x00000000869a7078}: org/gradle/api/internal/artifacts/dsl/dependencies/DefaultDependencyHandlerBeanInfo> (0x00000000869a7078) 
thrown [s\src\hotspot\share\classfile\systemDictionary.cpp, line 312]
Event: 3.703 Thread 0x00000273e2cc5d70 Exception <a 'java/lang/ClassNotFoundException'{0x00000000869bc8e8}: org/gradle/api/internal/artifacts/dsl/dependencies/DefaultDependencyHandlerCustomizer> (0x00000000869bc8e8) 
thrown [s\src\hotspot\share\classfile\systemDictionary.cpp, line 312]
Event: 3.705 Thread 0x00000273e2cc5d70 Exception <a 'java/lang/ClassNotFoundException'{0x0000000086806a20}: org/gradle/api/internal/artifacts/dsl/dependencies/DefaultDependencyHandler_DecoratedCustomizer> (0x0000000086806a20) 
thrown [s\src\hotspot\share\classfile\systemDictionary.cpp, line 312]
Event: 3.706 Thread 0x00000273e2cc5d70 Exception <a 'java/lang/ClassNotFoundException'{0x0000000086847208}: sync_studio_tooling2_9qy9l67l0nisukmrdbyer3m4m$_run_closure1BeanInfo> (0x0000000086847208) 
thrown [s\src\hotspot\share\classfile\systemDictionary.cpp, line 312]
Event: 3.706 Thread 0x00000273e2cc5d70 Exception <a 'java/lang/ClassNotFoundException'{0x000000008684e660}: sync_studio_tooling2_9qy9l67l0nisukmrdbyer3m4m$_run_closure1Customizer> (0x000000008684e660) 
thrown [s\src\hotspot\share\classfile\systemDictionary.cpp, line 312]
Event: 4.763 Thread 0x00000273e2cc5d70 Exception <a 'java/lang/NoSuchMethodError'{0x00000000864161d8}: 'java.lang.Object java.lang.invoke.DirectMethodHandle$Holder.newInvokeSpecial(java.lang.Object, int, java.lang.Object)'> (0x00000000864161d8) 
thrown [s\src\hotspot\share\interpreter\linkResolver.cpp, line 784]

ZGC Phase Switch (0 events):
No events

VM Operations (20 events):
Event: 3.300 Executing VM operation: HandshakeAllThreads (Deoptimize)
Event: 3.301 Executing VM operation: HandshakeAllThreads (Deoptimize) done
Event: 3.336 Executing VM operation: HandshakeAllThreads (Deoptimize)
Event: 3.336 Executing VM operation: HandshakeAllThreads (Deoptimize) done
Event: 3.367 Executing VM operation: G1CollectForAllocation (G1 Evacuation Pause)
Event: 3.373 Executing VM operation: G1CollectForAllocation (G1 Evacuation Pause) done
Event: 3.383 Executing VM operation: G1PauseRemark
Event: 3.386 Executing VM operation: G1PauseRemark done
Event: 3.393 Executing VM operation: G1PauseCleanup
Event: 3.393 Executing VM operation: G1PauseCleanup done
Event: 3.569 Executing VM operation: HandshakeAllThreads (Deoptimize)
Event: 3.569 Executing VM operation: HandshakeAllThreads (Deoptimize) done
Event: 3.603 Executing VM operation: HandshakeAllThreads (Deoptimize)
Event: 3.603 Executing VM operation: HandshakeAllThreads (Deoptimize) done
Event: 3.641 Executing VM operation: G1CollectForAllocation (G1 Evacuation Pause)
Event: 3.657 Executing VM operation: G1CollectForAllocation (G1 Evacuation Pause) done
Event: 4.665 Executing VM operation: Cleanup
Event: 4.758 Executing VM operation: Cleanup done
Event: 5.772 Executing VM operation: Cleanup
Event: 5.772 Executing VM operation: Cleanup done

Memory protections (0 events):
No events

Nmethod flushes (20 events):
Event: 3.385 Thread 0x00000273dc576070 flushing  nmethod 0x00000273cf856b90
Event: 3.385 Thread 0x00000273dc576070 flushing  nmethod 0x00000273c7bcfe90
Event: 3.385 Thread 0x00000273dc576070 flushing  nmethod 0x00000273c7c18d90
Event: 3.385 Thread 0x00000273dc576070 flushing  nmethod 0x00000273c7c1e710
Event: 3.385 Thread 0x00000273dc576070 flushing  nmethod 0x00000273c7c65190
Event: 3.385 Thread 0x00000273dc576070 flushing  nmethod 0x00000273c7c65b90
Event: 3.385 Thread 0x00000273dc576070 flushing  nmethod 0x00000273c7c68890
Event: 3.385 Thread 0x00000273dc576070 flushing  nmethod 0x00000273c7c69010
Event: 3.385 Thread 0x00000273dc576070 flushing  nmethod 0x00000273c7ca6610
Event: 3.385 Thread 0x00000273dc576070 flushing  nmethod 0x00000273c7d06d10
Event: 3.385 Thread 0x00000273dc576070 flushing  nmethod 0x00000273c7d61110
Event: 3.385 Thread 0x00000273dc576070 flushing  nmethod 0x00000273c7d62890
Event: 3.385 Thread 0x00000273dc576070 flushing  nmethod 0x00000273c7d63510
Event: 3.385 Thread 0x00000273dc576070 flushing  nmethod 0x00000273c7d65590
Event: 3.385 Thread 0x00000273dc576070 flushing  nmethod 0x00000273c7ebe010
Event: 3.385 Thread 0x00000273dc576070 flushing  nmethod 0x00000273c7ec0f90
Event: 3.385 Thread 0x00000273dc576070 flushing  nmethod 0x00000273c7f35090
Event: 3.385 Thread 0x00000273dc576070 flushing  nmethod 0x00000273c7f38290
Event: 3.385 Thread 0x00000273dc576070 flushing  nmethod 0x00000273c7f39390
Event: 3.385 Thread 0x00000273dc576070 flushing  nmethod 0x00000273c7f3c490

Events (20 events):
Event: 2.260 Thread 0x00000273e2cc5d70 Thread added: 0x00000273e2cc83f0
Event: 2.351 Thread 0x00000273e2cc5d70 Thread added: 0x00000273e2cca4c0
Event: 2.353 Thread 0x00000273e2cc5d70 Thread added: 0x00000273e49640d0
Event: 2.409 Thread 0x00000273e2cc5d70 Thread added: 0x00000273e4963a40
Event: 2.409 Thread 0x00000273e2cc5d70 Thread added: 0x00000273e4964760
Event: 2.409 Thread 0x00000273e2cc5d70 Thread added: 0x00000273e49633b0
Event: 2.409 Thread 0x00000273e2cc5d70 Thread added: 0x00000273e4964df0
Event: 2.409 Thread 0x00000273e2cc5d70 Thread added: 0x00000273e4965480
Event: 2.409 Thread 0x00000273e2cc5d70 Thread added: 0x00000273e4965b10
Event: 2.409 Thread 0x00000273e2cc5d70 Thread added: 0x00000273e49661a0
Event: 2.409 Thread 0x00000273e2cc5d70 Thread added: 0x00000273e4966830
Event: 2.409 Thread 0x00000273e2cc5d70 Thread added: 0x00000273e424a9a0
Event: 2.410 Thread 0x00000273e2cc5d70 Thread added: 0x00000273e424bd50
Event: 2.410 Thread 0x00000273e2cc5d70 Thread added: 0x00000273e424b030
Event: 2.410 Thread 0x00000273e2cc5d70 Thread added: 0x00000273e42495f0
Event: 2.790 Thread 0x00000273e2cc5d70 Thread added: 0x00000273e4249c80
Event: 2.872 Thread 0x00000273e2cc5d70 Thread added: 0x00000273e424b6c0
Event: 2.921 Thread 0x00000273e2cc5d70 Thread added: 0x00000273e424c3e0
Event: 3.902 Thread 0x00000273e10d9a20 Thread exited: 0x00000273e10d9a20
Event: 3.902 Thread 0x00000273e10da0f0 Thread exited: 0x00000273e10da0f0


Dynamic libraries:
0x00007ff68a1b0000 - 0x00007ff68a1ba000 	E:\android studio\jbr\bin\java.exe
0x00007ffa00f00000 - 0x00007ffa01160000 	C:\WINDOWS\SYSTEM32\ntdll.dll
0x00007ff9ff6d0000 - 0x00007ff9ff797000 	C:\WINDOWS\System32\KERNEL32.DLL
0x00007ff9fe2e0000 - 0x00007ff9fe6aa000 	C:\WINDOWS\System32\KERNELBASE.dll
0x00007ff9fe0e0000 - 0x00007ff9fe22b000 	C:\WINDOWS\System32\ucrtbase.dll
0x00007ff9f1730000 - 0x00007ff9f174b000 	E:\android studio\jbr\bin\VCRUNTIME140.dll
0x00007ff9f1820000 - 0x00007ff9f1838000 	E:\android studio\jbr\bin\jli.dll
0x00007ff9fee70000 - 0x00007ff9ff03c000 	C:\WINDOWS\System32\USER32.dll
0x00007ff9fe970000 - 0x00007ff9fe997000 	C:\WINDOWS\System32\win32u.dll
0x00007ff9c6880000 - 0x00007ff9c6b17000 	C:\WINDOWS\WinSxS\amd64_microsoft.windows.common-controls_6595b64144ccf1df_6.0.26100.3624_none_3e086962e3345f24\COMCTL32.dll
0x00007ff9ffec0000 - 0x00007ff9ffeea000 	C:\WINDOWS\System32\GDI32.dll
0x00007ff9ffce0000 - 0x00007ff9ffd89000 	C:\WINDOWS\System32\msvcrt.dll
0x00007ff9fe830000 - 0x00007ff9fe961000 	C:\WINDOWS\System32\gdi32full.dll
0x00007ff9fe230000 - 0x00007ff9fe2d3000 	C:\WINDOWS\System32\msvcp_win.dll
0x00007ff9ff140000 - 0x00007ff9ff16f000 	C:\WINDOWS\System32\IMM32.DLL
0x00007ff9f1ba0000 - 0x00007ff9f1bac000 	E:\android studio\jbr\bin\vcruntime140_1.dll
0x00007ff9d83d0000 - 0x00007ff9d845d000 	E:\android studio\jbr\bin\msvcp140.dll
0x00007ff97f440000 - 0x00007ff9800ca000 	E:\android studio\jbr\bin\server\jvm.dll
0x00007ffa001c0000 - 0x00007ffa00272000 	C:\WINDOWS\System32\ADVAPI32.dll
0x00007ff9fedc0000 - 0x00007ff9fee66000 	C:\WINDOWS\System32\sechost.dll
0x00007ffa005f0000 - 0x00007ffa00706000 	C:\WINDOWS\System32\RPCRT4.dll
0x00007ff9ff1a0000 - 0x00007ff9ff214000 	C:\WINDOWS\System32\WS2_32.dll
0x00007ff9fcd70000 - 0x00007ff9fcdce000 	C:\WINDOWS\SYSTEM32\POWRPROF.dll
0x00007ff9ed150000 - 0x00007ff9ed15b000 	C:\WINDOWS\SYSTEM32\VERSION.dll
0x00007ff9f1eb0000 - 0x00007ff9f1ee6000 	C:\WINDOWS\SYSTEM32\WINMM.dll
0x00007ff9fcd50000 - 0x00007ff9fcd64000 	C:\WINDOWS\SYSTEM32\UMPDC.dll
0x00007ff9fd010000 - 0x00007ff9fd02a000 	C:\WINDOWS\SYSTEM32\kernel.appcore.dll
0x00007ff9f19d0000 - 0x00007ff9f19da000 	E:\android studio\jbr\bin\jimage.dll
0x00007ff9fb8e0000 - 0x00007ff9fbb21000 	C:\WINDOWS\SYSTEM32\DBGHELP.DLL
0x00007ff9ff2b0000 - 0x00007ff9ff632000 	C:\WINDOWS\System32\combase.dll
0x00007ff9ffd90000 - 0x00007ff9ffe66000 	C:\WINDOWS\System32\OLEAUT32.dll
0x00007ff9e7aa0000 - 0x00007ff9e7ad9000 	C:\WINDOWS\SYSTEM32\dbgcore.DLL
0x00007ff9fe9a0000 - 0x00007ff9fea39000 	C:\WINDOWS\System32\bcryptPrimitives.dll
0x00007ff9f1bb0000 - 0x00007ff9f1bbe000 	E:\android studio\jbr\bin\instrument.dll
0x00007ff9f15d0000 - 0x00007ff9f15f0000 	E:\android studio\jbr\bin\java.dll
0x00007ff9ec790000 - 0x00007ff9ec7a8000 	E:\android studio\jbr\bin\zip.dll
0x00007ffa00720000 - 0x00007ffa00e49000 	C:\WINDOWS\System32\SHELL32.dll
0x00007ff9fea40000 - 0x00007ff9feba8000 	C:\WINDOWS\System32\wintypes.dll
0x00007ff9fbdc0000 - 0x00007ff9fc612000 	C:\WINDOWS\SYSTEM32\windows.storage.dll
0x00007ff9ffef0000 - 0x00007ff9fffdd000 	C:\WINDOWS\System32\SHCORE.dll
0x00007ffa00e50000 - 0x00007ffa00eb4000 	C:\WINDOWS\System32\shlwapi.dll
0x00007ff9fdff0000 - 0x00007ff9fe01f000 	C:\WINDOWS\SYSTEM32\profapi.dll
0x00007ff9f1800000 - 0x00007ff9f1810000 	E:\android studio\jbr\bin\net.dll
0x00007ff9f5650000 - 0x00007ff9f576d000 	C:\WINDOWS\SYSTEM32\WINHTTP.dll
0x00007ff9fd530000 - 0x00007ff9fd59a000 	C:\WINDOWS\system32\mswsock.dll
0x00007ff9e16c0000 - 0x00007ff9e16d6000 	E:\android studio\jbr\bin\nio.dll
0x00007ff9f4ec0000 - 0x00007ff9f4ed0000 	E:\android studio\jbr\bin\verify.dll
0x00007ff9d9810000 - 0x00007ff9d9837000 	C:\Users\ma725\.gradle\native\c067742578af261105cb4f569cf0c3c89f3d7b1fecec35dd04571415982c5e48\windows-amd64\native-platform.dll
0x00007ff9c5e40000 - 0x00007ff9c5f84000 	C:\Users\ma725\.gradle\native\100fb08df4bc3b14c8652ba06237920a3bd2aa13389f12d3474272988ae205f9\windows-amd64\native-platform-file-events.dll
0x00007ff9f1690000 - 0x00007ff9f1699000 	E:\android studio\jbr\bin\management.dll
0x00007ff9f15c0000 - 0x00007ff9f15cb000 	E:\android studio\jbr\bin\management_ext.dll
0x00007ffa005e0000 - 0x00007ffa005e8000 	C:\WINDOWS\System32\PSAPI.DLL
0x00007ff9fd7e0000 - 0x00007ff9fd7fc000 	C:\WINDOWS\SYSTEM32\CRYPTSP.dll
0x00007ff9fcf70000 - 0x00007ff9fcfaa000 	C:\WINDOWS\system32\rsaenh.dll
0x00007ff9fd5d0000 - 0x00007ff9fd5fb000 	C:\WINDOWS\SYSTEM32\USERENV.dll
0x00007ff9fdfc0000 - 0x00007ff9fdfe6000 	C:\WINDOWS\SYSTEM32\bcrypt.dll
0x00007ff9fd7d0000 - 0x00007ff9fd7dc000 	C:\WINDOWS\SYSTEM32\CRYPTBASE.dll
0x00007ff9fca60000 - 0x00007ff9fca93000 	C:\WINDOWS\SYSTEM32\IPHLPAPI.DLL
0x00007ffa00710000 - 0x00007ffa0071a000 	C:\WINDOWS\System32\NSI.dll
0x00007ff9f16e0000 - 0x00007ff9f16e9000 	E:\android studio\jbr\bin\extnet.dll
0x00007ff9ba4b0000 - 0x00007ff9ba4b8000 	C:\WINDOWS\system32\wshunix.dll

dbghelp: loaded successfully - version: 4.0.5 - missing functions: none
symbol engine: initialized successfully - sym options: 0x614 - pdb path: .;E:\android studio\jbr\bin;C:\WINDOWS\SYSTEM32;C:\WINDOWS\WinSxS\amd64_microsoft.windows.common-controls_6595b64144ccf1df_6.0.26100.3624_none_3e086962e3345f24;E:\android studio\jbr\bin\server;C:\Users\ma725\.gradle\native\c067742578af261105cb4f569cf0c3c89f3d7b1fecec35dd04571415982c5e48\windows-amd64;C:\Users\ma725\.gradle\native\100fb08df4bc3b14c8652ba06237920a3bd2aa13389f12d3474272988ae205f9\windows-amd64

VM Arguments:
jvm_args: --add-opens=java.base/java.lang=ALL-UNNAMED --add-opens=java.base/java.lang.invoke=ALL-UNNAMED --add-opens=java.base/java.util=ALL-UNNAMED --add-opens=java.prefs/java.util.prefs=ALL-UNNAMED --add-exports=jdk.compiler/com.sun.tools.javac.api=ALL-UNNAMED --add-exports=jdk.compiler/com.sun.tools.javac.util=ALL-UNNAMED --add-opens=java.base/java.util=ALL-UNNAMED --add-opens=java.prefs/java.util.prefs=ALL-UNNAMED --add-opens=java.base/java.nio.charset=ALL-UNNAMED --add-opens=java.base/java.net=ALL-UNNAMED --add-opens=java.base/java.util.concurrent.atomic=ALL-UNNAMED --add-opens=java.xml/javax.xml.namespace=ALL-UNNAMED -Xmx2048m -Dfile.encoding=UTF-8 -Duser.country=US -Duser.language=en -Duser.variant -javaagent:C:\Users\ma725\.gradle\wrapper\dists\gradle-8.11.1-bin\bpt9gzteqjrbo1mjrsomdt32c\gradle-8.11.1\lib\agents\gradle-instrumentation-agent-8.11.1.jar 
java_command: org.gradle.launcher.daemon.bootstrap.GradleDaemon 8.11.1
java_class_path (initial): C:\Users\ma725\.gradle\wrapper\dists\gradle-8.11.1-bin\bpt9gzteqjrbo1mjrsomdt32c\gradle-8.11.1\lib\gradle-daemon-main-8.11.1.jar
Launcher Type: SUN_STANDARD

[Global flags]
     intx CICompilerCount                          = 4                                         {product} {ergonomic}
     uint ConcGCThreads                            = 3                                         {product} {ergonomic}
     uint G1ConcRefinementThreads                  = 10                                        {product} {ergonomic}
   size_t G1HeapRegionSize                         = 1048576                                   {product} {ergonomic}
    uintx GCDrainStackTargetSize                   = 64                                        {product} {ergonomic}
   size_t InitialHeapSize                          = 130023424                                 {product} {ergonomic}
   size_t MarkStackSize                            = 4194304                                   {product} {ergonomic}
   size_t MaxHeapSize                              = 2147483648                                {product} {command line}
   size_t MaxNewSize                               = 1287651328                                {product} {ergonomic}
   size_t MinHeapDeltaBytes                        = 1048576                                   {product} {ergonomic}
   size_t MinHeapSize                              = 8388608                                   {product} {ergonomic}
    uintx NonNMethodCodeHeapSize                   = 5839372                                {pd product} {ergonomic}
    uintx NonProfiledCodeHeapSize                  = 122909434                              {pd product} {ergonomic}
    uintx ProfiledCodeHeapSize                     = 122909434                              {pd product} {ergonomic}
    uintx ReservedCodeCacheSize                    = 251658240                              {pd product} {ergonomic}
     bool SegmentedCodeCache                       = true                                      {product} {ergonomic}
   size_t SoftMaxHeapSize                          = 2147483648                             {manageable} {ergonomic}
     bool UseCompressedOops                        = true                           {product lp64_product} {ergonomic}
     bool UseG1GC                                  = true                                      {product} {ergonomic}
     bool UseLargePagesIndividualAllocation        = false                                  {pd product} {ergonomic}

Logging:
Log output configuration:
 #0: stdout all=warning uptime,level,tags foldmultilines=false
 #1: stderr all=off uptime,level,tags foldmultilines=false

Environment Variables:
JAVA_HOME=E:\android studio\jbr
PATH=C:\Program Files\Common Files\Oracle\Java\javapath;C:\WINDOWS\system32;C:\WINDOWS;C:\WINDOWS\System32\Wbem;C:\WINDOWS\System32\WindowsPowerShell\v1.0\;C:\WINDOWS\System32\OpenSSH\;E:\android studio\jbr\bin;C:\Program Files (x86)\NVIDIA Corporation\PhysX\Common;C:\Program Files\NVIDIA Corporation\NVIDIA app\NvDLISR;C:\MinGW\bin;C:\Program Files\Git\cmd;C:\Program Files\Git LFS;C:\Users\ma725\AppData\Local\Programs\Python\Python39\Scripts\;C:\Users\ma725\AppData\Local\Programs\Python\Python39\;C:\Users\ma725\AppData\Local\Programs\Python\Launcher\;C:\Users\ma725\AppData\Local\Microsoft\WindowsApps;E:\Microsoft VS Code\bin;C:\Program Files (x86)\GnuWin32\bin;C:\MinGW\bin;C:\MinGW\msys\1.0\bin;
USERNAME=ma725
OS=Windows_NT
PROCESSOR_IDENTIFIER=Intel64 Family 6 Model 154 Stepping 3, GenuineIntel
TMP=C:\Users\ma725\AppData\Local\Temp
TEMP=C:\Users\ma725\AppData\Local\Temp




Periodic native trim disabled

JNI global refs:
JNI global refs: 27, weak refs: 0

JNI global refs memory usage: 835, weak refs: 833

Process memory usage:
Resident Set Size: 275832K (3% of 8048768K total physical memory with 666716K free physical memory)

OOME stack traces (most recent first):
Classloader memory used:
Loader org.gradle.internal.classloader.VisitableURLClassLoader                         : 25451K
Loader bootstrap                                                                       : 21922K
Loader org.gradle.initialization.MixInLegacyTypesClassLoader                           : 5887K
Loader org.gradle.internal.classloader.VisitableURLClassLoader                         : 727K
Loader jdk.internal.loader.ClassLoaders$PlatformClassLoader                            : 493K
Loader jdk.internal.loader.ClassLoaders$AppClassLoader                                 : 232K
Loader jdk.internal.reflect.DelegatingClassLoader                                      : 153K
Loader org.gradle.groovy.scripts.internal.DefaultScriptCompilationHandler$ScriptClassLoader: 36680B
Loader org.codehaus.groovy.runtime.callsite.CallSiteClassLoader                        : 7168B

Classes loaded by more than one classloader:
Class org.gradle.api.GradleException                                                  : loaded 3 times (x 78B)
Class org.gradle.internal.classloader.FilteringClassLoader                            : loaded 2 times (x 101B)
Class org.gradle.internal.classloader.ClassLoaderHierarchy                            : loaded 2 times (x 66B)
Class org.gradle.api.internal.classpath.ManifestUtil                                  : loaded 2 times (x 67B)
Class org.gradle.internal.operations.MultipleBuildOperationFailures                   : loaded 2 times (x 91B)
Class org.gradle.internal.classloader.DefaultClassLoaderFactory                       : loaded 2 times (x 78B)
Class kotlin.collections.AbstractList$Companion                                       : loaded 2 times (x 67B)
Class org.gradle.internal.classloader.ClassLoaderVisitor                              : loaded 2 times (x 72B)
Class org.gradle.api.internal.classpath.EffectiveClassPath                            : loaded 2 times (x 86B)
Class org.gradle.api.internal.DefaultClassPathProvider                                : loaded 2 times (x 72B)
Class [Lorg.gradle.api.internal.ClassPathProvider;                                    : loaded 2 times (x 65B)
Class org.gradle.api.internal.ClassPathProvider                                       : loaded 2 times (x 66B)
Class org.gradle.internal.service.UnknownServiceException                             : loaded 2 times (x 79B)
Class org.gradle.internal.classpath.TransformedClassPath                              : loaded 2 times (x 92B)
Class org.gradle.internal.classloader.InstrumentingClassLoader                        : loaded 2 times (x 66B)
Class kotlin.enums.EnumEntriesList                                                    : loaded 2 times (x 219B)
Class org.gradle.internal.service.ServiceLocator                                      : loaded 2 times (x 66B)
Class org.gradle.internal.InternalTransformer                                         : loaded 2 times (x 66B)
Class org.gradle.internal.time.DefaultTimer                                           : loaded 2 times (x 76B)
Class org.gradle.internal.classloader.ClasspathUtil$1                                 : loaded 2 times (x 72B)
Class org.gradle.api.internal.classpath.DefaultModuleRegistry$DefaultModule           : loaded 2 times (x 82B)
Class org.gradle.internal.time.DefaultCountdownTimer                                  : loaded 2 times (x 84B)
Class kotlin.Function                                                                 : loaded 2 times (x 66B)
Class org.gradle.api.internal.classpath.Module                                        : loaded 2 times (x 66B)
Class org.gradle.api.internal.classpath.UnknownModuleException                        : loaded 2 times (x 78B)
Class org.gradle.api.internal.DefaultClassPathRegistry                                : loaded 2 times (x 72B)
Class org.gradle.api.internal.ClassPathRegistry                                       : loaded 2 times (x 66B)
Class org.gradle.internal.classpath.DefaultClassPath$ImmutableUniqueList              : loaded 2 times (x 195B)
Class org.gradle.internal.classpath.ClassPath                                         : loaded 2 times (x 66B)
Class org.gradle.api.UncheckedIOException                                             : loaded 2 times (x 78B)
Class kotlin.UninitializedPropertyAccessException                                     : loaded 2 times (x 78B)
Class org.gradle.internal.installation.GradleInstallation$1                           : loaded 2 times (x 71B)
Class org.gradle.api.internal.classpath.ModuleRegistry                                : loaded 2 times (x 66B)
Class org.gradle.api.internal.classpath.DefaultModuleRegistry                         : loaded 2 times (x 82B)
Class org.gradle.internal.time.MonotonicClock                                         : loaded 2 times (x 73B)
Class org.gradle.internal.service.ServiceLookupException                              : loaded 2 times (x 78B)
Class org.gradle.internal.classloader.ClassLoaderFactory                              : loaded 2 times (x 66B)
Class org.gradle.internal.service.CachingServiceLocator                               : loaded 2 times (x 78B)
Class org.gradle.internal.time.TimeSource                                             : loaded 2 times (x 66B)
Class kotlin.enums.EnumEntries                                                        : loaded 2 times (x 66B)
Class org.gradle.internal.exceptions.ResolutionProvider                               : loaded 2 times (x 66B)
Class org.gradle.internal.classloader.ClasspathUtil                                   : loaded 2 times (x 67B)
Class org.gradle.internal.time.TimeSource$1                                           : loaded 2 times (x 73B)
Class org.gradle.api.specs.Spec                                                       : loaded 2 times (x 66B)
Class org.gradle.internal.time.Clock                                                  : loaded 2 times (x 66B)
Class kotlin.collections.AbstractList                                                 : loaded 2 times (x 193B)
Class kotlin.collections.AbstractCollection                                           : loaded 2 times (x 113B)
Class org.gradle.internal.classloader.VisitableURLClassLoader$InstrumentingVisitableURLClassLoader: loaded 2 times (x 119B)
Class org.gradle.internal.classloader.VisitableURLClassLoader$Spec                    : loaded 2 times (x 70B)
Class org.gradle.internal.classpath.DefaultClassPath                                  : loaded 2 times (x 86B)
Class org.gradle.internal.classloader.ClassLoaderSpec                                 : loaded 2 times (x 67B)
Class org.gradle.internal.classloader.VisitableURLClassLoader                         : loaded 2 times (x 113B)
Class org.gradle.internal.Cast                                                        : loaded 2 times (x 67B)
Class org.gradle.api.Action                                                           : loaded 2 times (x 66B)
Class kotlin.jvm.functions.Function1                                                  : loaded 2 times (x 66B)
Class org.gradle.internal.classpath.DefaultClassPath$ImmutableUniqueList$Builder      : loaded 2 times (x 71B)
Class kotlin.NotImplementedError                                                      : loaded 2 times (x 78B)
Class org.gradle.internal.exceptions.NonGradleCauseExceptionsHolder                   : loaded 2 times (x 66B)
Class kotlin.enums.EnumEntriesKt                                                      : loaded 2 times (x 67B)
Class org.gradle.internal.IoActions                                                   : loaded 2 times (x 67B)
Class org.gradle.internal.classloader.SystemClassLoaderSpec                           : loaded 2 times (x 67B)
Class org.gradle.internal.exceptions.MultiCauseException                              : loaded 2 times (x 66B)
Class org.gradle.internal.time.CountdownTimer                                         : loaded 2 times (x 66B)
Class kotlin.jvm.internal.Intrinsics                                                  : loaded 2 times (x 67B)
Class org.gradle.tooling.model.ProjectModel                                           : loaded 2 times (x 66B)
Class kotlin.KotlinNullPointerException                                               : loaded 2 times (x 79B)
Class org.gradle.internal.exceptions.DefaultMultiCauseException                       : loaded 2 times (x 91B)
Class org.gradle.internal.time.Time                                                   : loaded 2 times (x 67B)
Class org.gradle.api.internal.classpath.GlobalCacheRootsProvider                      : loaded 2 times (x 66B)
Class org.gradle.internal.time.Timer                                                  : loaded 2 times (x 66B)
Class kotlin.jvm.internal.markers.KMappedMarker                                       : loaded 2 times (x 66B)
Class org.gradle.internal.installation.CurrentGradleInstallationLocator               : loaded 2 times (x 67B)
Class org.gradle.internal.service.DefaultServiceLocator                               : loaded 2 times (x 79B)
Class org.gradle.util.GradleVersion                                                   : loaded 2 times (x 79B)
Class org.gradle.internal.installation.CurrentGradleInstallation                      : loaded 2 times (x 69B)
Class org.gradle.util.internal.GUtil                                                  : loaded 2 times (x 67B)
Class org.gradle.internal.installation.GradleInstallation                             : loaded 2 times (x 71B)

---------------  S Y S T E M  ---------------

OS:
 Windows 11 , 64 bit Build 26100 (10.0.26100.3775)
OS uptime: 0 days 17:11 hours

CPU: total 12 (initial active 12) (6 cores per cpu, 2 threads per core) family 6 model 154 stepping 3 microcode 0x432, cx8, cmov, fxsr, ht, mmx, 3dnowpref, sse, sse2, sse3, ssse3, sse4.1, sse4.2, popcnt, lzcnt, tsc, tscinvbit, avx, avx2, aes, erms, clmul, bmi1, bmi2, adx, sha, fma, vzeroupper, clflush, clflushopt, clwb, serialize, rdtscp, rdpid, fsrm, f16c, pku, cet_ibt, cet_ss
Processor Information for processor 0
  Max Mhz: 2000, Current Mhz: 2000, Mhz Limit: 2000
Processor Information for processor 1
  Max Mhz: 2000, Current Mhz: 2000, Mhz Limit: 2000
Processor Information for processor 2
  Max Mhz: 2000, Current Mhz: 2000, Mhz Limit: 2000
Processor Information for processor 3
  Max Mhz: 2000, Current Mhz: 2000, Mhz Limit: 2000
Processor Information for processor 4
  Max Mhz: 2000, Current Mhz: 2000, Mhz Limit: 2000
Processor Information for processor 5
  Max Mhz: 2000, Current Mhz: 2000, Mhz Limit: 2000
Processor Information for processor 6
  Max Mhz: 2000, Current Mhz: 2000, Mhz Limit: 2000
Processor Information for processor 7
  Max Mhz: 2000, Current Mhz: 2000, Mhz Limit: 2000
Processor Information for processor 8
  Max Mhz: 2000, Current Mhz: 1500, Mhz Limit: 1500
Processor Information for processor 9
  Max Mhz: 2000, Current Mhz: 1500, Mhz Limit: 1500
Processor Information for processor 10
  Max Mhz: 2000, Current Mhz: 1500, Mhz Limit: 1500
Processor Information for processor 11
  Max Mhz: 2000, Current Mhz: 1500, Mhz Limit: 1500

Memory: 4k page, system-wide physical 7860M (650M free)
TotalPageFile size 16052M (AvailPageFile size 19M)
current process WorkingSet (physical memory assigned to process): 272M, peak: 291M
current process commit charge ("private bytes"): 322M, peak: 340M

vm_info: OpenJDK 64-Bit Server VM (21.0.5+-12932927-b750.29) for windows-amd64 JRE (21.0.5+-12932927-b750.29), built on 2025-01-17T02:01:10Z by "builder" with MS VC++ 16.10 / 16.11 (VS2019)

END.
