#
# There is insufficient memory for the Java Runtime Environment to continue.
# Native memory allocation (malloc) failed to allocate 870416 bytes. Error detail: Chunk::new
# Possible reasons:
#   The system is out of physical RAM or swap space
#   This process is running with CompressedOops enabled, and the Java Heap may be blocking the growth of the native heap
# Possible solutions:
#   Reduce memory load on the system
#   Increase physical memory or swap space
#   Check if swap backing store is full
#   Decrease Java heap size (-Xmx/-Xms)
#   Decrease number of Java threads
#   Decrease Java thread stack sizes (-Xss)
#   Set larger code cache with -XX:ReservedCodeCacheSize=
#   JVM is running with Unscaled Compressed Oops mode in which the Java heap is
#     placed in the first 4GB address space. The Java Heap base address is the
#     maximum limit for the native heap growth. Please use -XX:HeapBaseMinAddress
#     to set the Java Heap base and to place the Java Heap above 4GB virtual address.
# This output file may be truncated or incomplete.
#
#  Out of Memory Error (arena.cpp:168), pid=3376, tid=16156
#
# JRE version: OpenJDK Runtime Environment (21.0.5) (build 21.0.5+-12932927-b750.29)
# Java VM: OpenJDK 64-Bit Server VM (21.0.5+-12932927-b750.29, mixed mode, tiered, compressed oops, compressed class ptrs, g1 gc, windows-amd64)
# No core dump will be written. Minidumps are not enabled by default on client versions of Windows
#

---------------  S U M M A R Y ------------

Command Line: --add-opens=java.base/java.lang=ALL-UNNAMED --add-opens=java.base/java.lang.invoke=ALL-UNNAMED --add-opens=java.base/java.util=ALL-UNNAMED --add-opens=java.prefs/java.util.prefs=ALL-UNNAMED --add-exports=jdk.compiler/com.sun.tools.javac.api=ALL-UNNAMED --add-exports=jdk.compiler/com.sun.tools.javac.util=ALL-UNNAMED --add-opens=java.base/java.util=ALL-UNNAMED --add-opens=java.prefs/java.util.prefs=ALL-UNNAMED --add-opens=java.base/java.nio.charset=ALL-UNNAMED --add-opens=java.base/java.net=ALL-UNNAMED --add-opens=java.base/java.util.concurrent.atomic=ALL-UNNAMED --add-opens=java.xml/javax.xml.namespace=ALL-UNNAMED -Xmx2048m -Dfile.encoding=UTF-8 -Duser.country=US -Duser.language=en -Duser.variant -javaagent:C:\Users\ma725\.gradle\wrapper\dists\gradle-8.11.1-bin\bpt9gzteqjrbo1mjrsomdt32c\gradle-8.11.1\lib\agents\gradle-instrumentation-agent-8.11.1.jar org.gradle.launcher.daemon.bootstrap.GradleDaemon 8.11.1

Host: 12th Gen Intel(R) Core(TM) i5-12450H, 12 cores, 7G,  Windows 11 , 64 bit Build 22621 (10.0.22621.4974)
Time: Mon May  5 20:18:38 2025 Bangladesh Standard Time elapsed time: 3.676641 seconds (0d 0h 0m 3s)

---------------  T H R E A D  ---------------

Current thread (0x00000150acb4b610):  JavaThread "C2 CompilerThread1" daemon [_thread_in_native, id=16156, stack(0x0000001bfde00000,0x0000001bfdf00000) (1024K)]


Current CompileTask:
C2:3676 3633       4       java.io.DataInputStream::readUTF (501 bytes)

Stack: [0x0000001bfde00000,0x0000001bfdf00000]
Native frames: (J=compiled Java code, j=interpreted, Vv=VM code, C=native code)
V  [jvm.dll+0x6cfb29]
V  [jvm.dll+0x85ded3]
V  [jvm.dll+0x86042e]
V  [jvm.dll+0x860b13]
V  [jvm.dll+0x27e6b6]
V  [jvm.dll+0xbff6d]
V  [jvm.dll+0xc04a3]
V  [jvm.dll+0x3b5fc1]
V  [jvm.dll+0x381f97]
V  [jvm.dll+0x38140a]
V  [jvm.dll+0x247c62]
V  [jvm.dll+0x247231]
V  [jvm.dll+0x1c5ee4]
V  [jvm.dll+0x25697c]
V  [jvm.dll+0x254ec6]
V  [jvm.dll+0x3f0ce6]
V  [jvm.dll+0x806368]
V  [jvm.dll+0x6ce3fd]
C  [ucrtbase.dll+0x29333]
C  [KERNEL32.DLL+0x1259d]
C  [ntdll.dll+0x5af38]


---------------  P R O C E S S  ---------------

Threads class SMR info:
_java_thread_list=0x00000150b05a35a0, length=33, elements={
0x000001508fe41340, 0x00000150a7b27250, 0x00000150a7b28160, 0x00000150a7b3c310,
0x00000150a7b3dd70, 0x00000150a7b46a70, 0x00000150a7b4f4d0, 0x00000150a7b50250,
0x00000150a7b50ce0, 0x00000150a7c853e0, 0x00000150ac0139b0, 0x00000150acb4b610,
0x00000150adafe150, 0x00000150ade93710, 0x00000150acd8d8d0, 0x00000150ade664b0,
0x00000150ade34790, 0x00000150ad331130, 0x00000150ade357b0, 0x00000150ade35e10,
0x00000150ad9d3d70, 0x00000150ada68350, 0x00000150ad7ae8e0, 0x00000150ad7b09b0,
0x00000150ad7aef70, 0x00000150ad7ae250, 0x00000150ad7afc90, 0x00000150ad7adbc0,
0x00000150ad7b1040, 0x00000150ad7af600, 0x00000150ad7b0320, 0x00000150ae163140,
0x00000150ae168000
}

Java Threads: ( => current thread )
  0x000001508fe41340 JavaThread "main"                              [_thread_blocked, id=9660, stack(0x0000001bfca00000,0x0000001bfcb00000) (1024K)]
  0x00000150a7b27250 JavaThread "Reference Handler"          daemon [_thread_blocked, id=7216, stack(0x0000001bfd200000,0x0000001bfd300000) (1024K)]
  0x00000150a7b28160 JavaThread "Finalizer"                  daemon [_thread_blocked, id=16944, stack(0x0000001bfd300000,0x0000001bfd400000) (1024K)]
  0x00000150a7b3c310 JavaThread "Signal Dispatcher"          daemon [_thread_blocked, id=10104, stack(0x0000001bfd400000,0x0000001bfd500000) (1024K)]
  0x00000150a7b3dd70 JavaThread "Attach Listener"            daemon [_thread_blocked, id=10084, stack(0x0000001bfd500000,0x0000001bfd600000) (1024K)]
  0x00000150a7b46a70 JavaThread "Service Thread"             daemon [_thread_blocked, id=15436, stack(0x0000001bfd600000,0x0000001bfd700000) (1024K)]
  0x00000150a7b4f4d0 JavaThread "Monitor Deflation Thread"   daemon [_thread_blocked, id=12856, stack(0x0000001bfd700000,0x0000001bfd800000) (1024K)]
  0x00000150a7b50250 JavaThread "C2 CompilerThread0"         daemon [_thread_in_native, id=7960, stack(0x0000001bfd800000,0x0000001bfd900000) (1024K)]
  0x00000150a7b50ce0 JavaThread "C1 CompilerThread0"         daemon [_thread_blocked, id=2272, stack(0x0000001bfd900000,0x0000001bfda00000) (1024K)]
  0x00000150a7c853e0 JavaThread "Common-Cleaner"             daemon [_thread_blocked, id=12748, stack(0x0000001bfda00000,0x0000001bfdb00000) (1024K)]
  0x00000150ac0139b0 JavaThread "Notification Thread"        daemon [_thread_blocked, id=4700, stack(0x0000001bfdb00000,0x0000001bfdc00000) (1024K)]
=>0x00000150acb4b610 JavaThread "C2 CompilerThread1"         daemon [_thread_in_native, id=16156, stack(0x0000001bfde00000,0x0000001bfdf00000) (1024K)]
  0x00000150adafe150 JavaThread "Daemon health stats"               [_thread_blocked, id=2916, stack(0x0000001bfe300000,0x0000001bfe400000) (1024K)]
  0x00000150ade93710 JavaThread "Incoming local TCP Connector on port 56841"        [_thread_in_native, id=4848, stack(0x0000001bfe400000,0x0000001bfe500000) (1024K)]
  0x00000150acd8d8d0 JavaThread "Daemon periodic checks"            [_thread_blocked, id=14460, stack(0x0000001bfe500000,0x0000001bfe600000) (1024K)]
  0x00000150ade664b0 JavaThread "Daemon"                            [_thread_blocked, id=14944, stack(0x0000001bfe600000,0x0000001bfe700000) (1024K)]
  0x00000150ade34790 JavaThread "Handler for socket connection from /127.0.0.1:56841 to /127.0.0.1:56842"        [_thread_in_native, id=7988, stack(0x0000001bfe700000,0x0000001bfe800000) (1024K)]
  0x00000150ad331130 JavaThread "Cancel handler"                    [_thread_blocked, id=9672, stack(0x0000001bfe800000,0x0000001bfe900000) (1024K)]
  0x00000150ade357b0 JavaThread "Daemon worker"                     [_thread_in_Java, id=17724, stack(0x0000001bfe900000,0x0000001bfea00000) (1024K)]
  0x00000150ade35e10 JavaThread "Asynchronous log dispatcher for DefaultDaemonConnection: socket connection from /127.0.0.1:56841 to /127.0.0.1:56842"        [_thread_blocked, id=2136, stack(0x0000001bfea00000,0x0000001bfeb00000) (1024K)]
  0x00000150ad9d3d70 JavaThread "Stdin handler"                     [_thread_blocked, id=1108, stack(0x0000001bfeb00000,0x0000001bfec00000) (1024K)]
  0x00000150ada68350 JavaThread "Daemon client event forwarder"        [_thread_blocked, id=9408, stack(0x0000001bfec00000,0x0000001bfed00000) (1024K)]
  0x00000150ad7ae8e0 JavaThread "Cache worker for journal cache (C:\Users\ma725\.gradle\caches\journal-1)"        [_thread_blocked, id=13696, stack(0x0000001bff200000,0x0000001bff300000) (1024K)]
  0x00000150ad7b09b0 JavaThread "File lock request listener"        [_thread_in_native, id=7428, stack(0x0000001bff300000,0x0000001bff400000) (1024K)]
  0x00000150ad7aef70 JavaThread "Cache worker for file hash cache (C:\Users\ma725\.gradle\caches\8.11.1\fileHashes)"        [_thread_blocked, id=15068, stack(0x0000001bff400000,0x0000001bff500000) (1024K)]
  0x00000150ad7ae250 JavaThread "Cache worker for file content cache (C:\Users\ma725\.gradle\caches\8.11.1\fileContent)"        [_thread_blocked, id=9416, stack(0x0000001bff500000,0x0000001bff600000) (1024K)]
  0x00000150ad7afc90 JavaThread "Cache worker for file hash cache (E:\YourClass\.gradle\8.11.1\fileHashes)"        [_thread_blocked, id=3788, stack(0x0000001bff600000,0x0000001bff700000) (1024K)]
  0x00000150ad7adbc0 JavaThread "Cache worker for Build Output Cleanup Cache (E:\YourClass\.gradle\buildOutputCleanup)"        [_thread_blocked, id=14352, stack(0x0000001bff700000,0x0000001bff800000) (1024K)]
  0x00000150ad7b1040 JavaThread "File watcher server"        daemon [_thread_in_native, id=10176, stack(0x0000001bff800000,0x0000001bff900000) (1024K)]
  0x00000150ad7af600 JavaThread "File watcher consumer"      daemon [_thread_blocked, id=12440, stack(0x0000001bff900000,0x0000001bffa00000) (1024K)]
  0x00000150ad7b0320 JavaThread "Cache worker for checksums cache (E:\YourClass\.gradle\8.11.1\checksums)"        [_thread_blocked, id=12392, stack(0x0000001bffa00000,0x0000001bffb00000) (1024K)]
  0x00000150ae163140 JavaThread "Cache worker for cache directory md-rule (C:\Users\ma725\.gradle\caches\8.11.1\md-rule)"        [_thread_blocked, id=10708, stack(0x0000001bffb00000,0x0000001bffc00000) (1024K)]
  0x00000150ae168000 JavaThread "Cache worker for cache directory md-supplier (C:\Users\ma725\.gradle\caches\8.11.1\md-supplier)"        [_thread_blocked, id=3848, stack(0x0000001bffc00000,0x0000001bffd00000) (1024K)]
Total: 33

Other Threads:
  0x00000150a7ad0bf0 VMThread "VM Thread"                           [id=9784, stack(0x0000001bfd100000,0x0000001bfd200000) (1024K)]
  0x00000150a791b7c0 WatcherThread "VM Periodic Task Thread"        [id=9344, stack(0x0000001bfd000000,0x0000001bfd100000) (1024K)]
  0x000001508dc3e030 WorkerThread "GC Thread#0"                     [id=8908, stack(0x0000001bfcb00000,0x0000001bfcc00000) (1024K)]
  0x00000150ac31ff10 WorkerThread "GC Thread#1"                     [id=4152, stack(0x0000001bfdc00000,0x0000001bfdd00000) (1024K)]
  0x00000150ac3ce790 WorkerThread "GC Thread#2"                     [id=9452, stack(0x0000001bfdd00000,0x0000001bfde00000) (1024K)]
  0x00000150acbb7d30 WorkerThread "GC Thread#3"                     [id=9496, stack(0x0000001bfdf00000,0x0000001bfe000000) (1024K)]
  0x00000150acbb80d0 WorkerThread "GC Thread#4"                     [id=12964, stack(0x0000001bfe000000,0x0000001bfe100000) (1024K)]
  0x00000150ad57eab0 WorkerThread "GC Thread#5"                     [id=12020, stack(0x0000001bfe100000,0x0000001bfe200000) (1024K)]
  0x00000150ad57dc30 WorkerThread "GC Thread#6"                     [id=16544, stack(0x0000001bfe200000,0x0000001bfe300000) (1024K)]
  0x00000150ad57ee50 WorkerThread "GC Thread#7"                     [id=7984, stack(0x0000001bfed00000,0x0000001bfee00000) (1024K)]
  0x00000150ad57e370 WorkerThread "GC Thread#8"                     [id=12608, stack(0x0000001bfee00000,0x0000001bfef00000) (1024K)]
  0x00000150ad57d890 WorkerThread "GC Thread#9"                     [id=3680, stack(0x0000001bfef00000,0x0000001bff000000) (1024K)]
  0x000001508fea63a0 ConcurrentGCThread "G1 Main Marker"            [id=7032, stack(0x0000001bfcc00000,0x0000001bfcd00000) (1024K)]
  0x000001508fea74c0 WorkerThread "G1 Conc#0"                       [id=1040, stack(0x0000001bfcd00000,0x0000001bfce00000) (1024K)]
  0x00000150ad57e710 WorkerThread "G1 Conc#1"                       [id=10364, stack(0x0000001bff000000,0x0000001bff100000) (1024K)]
  0x00000150adb9f380 WorkerThread "G1 Conc#2"                       [id=10800, stack(0x0000001bff100000,0x0000001bff200000) (1024K)]
  0x000001508fefe610 ConcurrentGCThread "G1 Refine#0"               [id=3964, stack(0x0000001bfce00000,0x0000001bfcf00000) (1024K)]
  0x00000150a77f02c0 ConcurrentGCThread "G1 Service"                [id=5900, stack(0x0000001bfcf00000,0x0000001bfd000000) (1024K)]
Total: 18

Threads with active compile tasks:
C1 CompilerThread0  3707 3736       3       java.lang.PublicMethods$MethodList::getMostSpecific (63 bytes)
C2 CompilerThread1  3707 3633       4       java.io.DataInputStream::readUTF (501 bytes)
Total: 2

VM state: not at safepoint (normal execution)

VM Mutex/Monitor currently owned by a thread: None

Heap address: 0x0000000080000000, size: 2048 MB, Compressed Oops mode: 32-bit

CDS archive(s) not mapped
Compressed class space mapped at: 0x0000000100000000-0x0000000140000000, reserved size: 1073741824
Narrow klass base: 0x0000000000000000, Narrow klass shift: 3, Narrow klass range: 0x140000000

GC Precious Log:
 CardTable entry size: 512
 Card Set container configuration: InlinePtr #cards 5 size 8 Array Of Cards #cards 12 size 40 Howl #buckets 4 coarsen threshold 1843 Howl Bitmap #cards 512 size 80 coarsen threshold 460 Card regions per heap region 1 cards per card region 2048
 CPUs: 12 total, 12 available
 Memory: 7860M
 Large Page Support: Disabled
 NUMA Support: Disabled
 Compressed Oops: Enabled (32-bit)
 Heap Region Size: 1M
 Heap Min Capacity: 8M
 Heap Initial Capacity: 124M
 Heap Max Capacity: 2G
 Pre-touch: Disabled
 Parallel Workers: 10
 Concurrent Workers: 3
 Concurrent Refinement Workers: 10
 Periodic GC: Disabled

Heap:
 garbage-first heap   total 89088K, used 68212K [0x0000000080000000, 0x0000000100000000)
  region size 1024K, 45 young (46080K), 3 survivors (3072K)
 Metaspace       used 40967K, committed 42176K, reserved 1114112K
  class space    used 5623K, committed 6208K, reserved 1048576K

Heap Regions: E=young(eden), S=young(survivor), O=old, HS=humongous(starts), HC=humongous(continues), CS=collection set, F=free, TAMS=top-at-mark-start, PB=parsable bottom
|   0|0x0000000080000000, 0x0000000080100000, 0x0000000080100000|100%| O|  |TAMS 0x0000000080000000| PB 0x0000000080000000| Untracked 
|   1|0x0000000080100000, 0x0000000080200000, 0x0000000080200000|100%|HS|  |TAMS 0x0000000080100000| PB 0x0000000080100000| Complete 
|   2|0x0000000080200000, 0x0000000080300000, 0x0000000080300000|100%|HC|  |TAMS 0x0000000080200000| PB 0x0000000080200000| Complete 
|   3|0x0000000080300000, 0x0000000080400000, 0x0000000080400000|100%|HC|  |TAMS 0x0000000080300000| PB 0x0000000080300000| Complete 
|   4|0x0000000080400000, 0x0000000080500000, 0x0000000080500000|100%| O|  |TAMS 0x0000000080400000| PB 0x0000000080400000| Untracked 
|   5|0x0000000080500000, 0x0000000080600000, 0x0000000080600000|100%| O|  |TAMS 0x0000000080500000| PB 0x0000000080500000| Untracked 
|   6|0x0000000080600000, 0x0000000080700000, 0x0000000080700000|100%| O|  |TAMS 0x0000000080600000| PB 0x0000000080600000| Untracked 
|   7|0x0000000080700000, 0x0000000080800000, 0x0000000080800000|100%|HS|  |TAMS 0x0000000080700000| PB 0x0000000080700000| Complete 
|   8|0x0000000080800000, 0x0000000080900000, 0x0000000080900000|100%| O|  |TAMS 0x0000000080800000| PB 0x0000000080800000| Untracked 
|   9|0x0000000080900000, 0x0000000080a00000, 0x0000000080a00000|100%| O|  |TAMS 0x0000000080900000| PB 0x0000000080900000| Untracked 
|  10|0x0000000080a00000, 0x0000000080b00000, 0x0000000080b00000|100%| O|  |TAMS 0x0000000080a00000| PB 0x0000000080a00000| Untracked 
|  11|0x0000000080b00000, 0x0000000080c00000, 0x0000000080c00000|100%| O|  |TAMS 0x0000000080b00000| PB 0x0000000080b00000| Untracked 
|  12|0x0000000080c00000, 0x0000000080d00000, 0x0000000080d00000|100%| O|  |TAMS 0x0000000080c00000| PB 0x0000000080c00000| Untracked 
|  13|0x0000000080d00000, 0x0000000080e00000, 0x0000000080e00000|100%| O|  |TAMS 0x0000000080d00000| PB 0x0000000080d00000| Untracked 
|  14|0x0000000080e00000, 0x0000000080f00000, 0x0000000080f00000|100%| O|  |TAMS 0x0000000080e00000| PB 0x0000000080e00000| Untracked 
|  15|0x0000000080f00000, 0x0000000081000000, 0x0000000081000000|100%| O|  |TAMS 0x0000000080f00000| PB 0x0000000080f00000| Untracked 
|  16|0x0000000081000000, 0x00000000810b3090, 0x0000000081100000| 69%| O|Cm|TAMS 0x0000000081000000| PB 0x0000000081000000| Complete 
|  17|0x0000000081100000, 0x0000000081100000, 0x0000000081200000|  0%| F|  |TAMS 0x0000000081100000| PB 0x0000000081100000| Untracked 
|  18|0x0000000081200000, 0x0000000081200000, 0x0000000081300000|  0%| F|  |TAMS 0x0000000081200000| PB 0x0000000081200000| Untracked 
|  19|0x0000000081300000, 0x0000000081300000, 0x0000000081400000|  0%| F|  |TAMS 0x0000000081300000| PB 0x0000000081300000| Untracked 
|  20|0x0000000081400000, 0x0000000081400000, 0x0000000081500000|  0%| F|  |TAMS 0x0000000081400000| PB 0x0000000081400000| Untracked 
|  21|0x0000000081500000, 0x0000000081500000, 0x0000000081600000|  0%| F|  |TAMS 0x0000000081500000| PB 0x0000000081500000| Untracked 
|  22|0x0000000081600000, 0x0000000081600000, 0x0000000081700000|  0%| F|  |TAMS 0x0000000081600000| PB 0x0000000081600000| Untracked 
|  23|0x0000000081700000, 0x0000000081700000, 0x0000000081800000|  0%| F|  |TAMS 0x0000000081700000| PB 0x0000000081700000| Untracked 
|  24|0x0000000081800000, 0x0000000081800000, 0x0000000081900000|  0%| F|  |TAMS 0x0000000081800000| PB 0x0000000081800000| Untracked 
|  25|0x0000000081900000, 0x0000000081900000, 0x0000000081a00000|  0%| F|  |TAMS 0x0000000081900000| PB 0x0000000081900000| Untracked 
|  26|0x0000000081a00000, 0x0000000081a00000, 0x0000000081b00000|  0%| F|  |TAMS 0x0000000081a00000| PB 0x0000000081a00000| Untracked 
|  27|0x0000000081b00000, 0x0000000081b00000, 0x0000000081c00000|  0%| F|  |TAMS 0x0000000081b00000| PB 0x0000000081b00000| Untracked 
|  28|0x0000000081c00000, 0x0000000081c00000, 0x0000000081d00000|  0%| F|  |TAMS 0x0000000081c00000| PB 0x0000000081c00000| Untracked 
|  29|0x0000000081d00000, 0x0000000081d00000, 0x0000000081e00000|  0%| F|  |TAMS 0x0000000081d00000| PB 0x0000000081d00000| Untracked 
|  30|0x0000000081e00000, 0x0000000081e00000, 0x0000000081f00000|  0%| F|  |TAMS 0x0000000081e00000| PB 0x0000000081e00000| Untracked 
|  31|0x0000000081f00000, 0x0000000081f00000, 0x0000000082000000|  0%| F|  |TAMS 0x0000000081f00000| PB 0x0000000081f00000| Untracked 
|  32|0x0000000082000000, 0x0000000082000000, 0x0000000082100000|  0%| F|  |TAMS 0x0000000082000000| PB 0x0000000082000000| Untracked 
|  33|0x0000000082100000, 0x0000000082100000, 0x0000000082200000|  0%| F|  |TAMS 0x0000000082100000| PB 0x0000000082100000| Untracked 
|  34|0x0000000082200000, 0x0000000082200000, 0x0000000082300000|  0%| F|  |TAMS 0x0000000082200000| PB 0x0000000082200000| Untracked 
|  35|0x0000000082300000, 0x0000000082300000, 0x0000000082400000|  0%| F|  |TAMS 0x0000000082300000| PB 0x0000000082300000| Untracked 
|  36|0x0000000082400000, 0x0000000082500000, 0x0000000082500000|100%| E|  |TAMS 0x0000000082400000| PB 0x0000000082400000| Complete 
|  37|0x0000000082500000, 0x0000000082600000, 0x0000000082600000|100%| E|CS|TAMS 0x0000000082500000| PB 0x0000000082500000| Complete 
|  38|0x0000000082600000, 0x0000000082700000, 0x0000000082700000|100%| E|CS|TAMS 0x0000000082600000| PB 0x0000000082600000| Complete 
|  39|0x0000000082700000, 0x0000000082800000, 0x0000000082800000|100%| E|CS|TAMS 0x0000000082700000| PB 0x0000000082700000| Complete 
|  40|0x0000000082800000, 0x0000000082900000, 0x0000000082900000|100%| E|CS|TAMS 0x0000000082800000| PB 0x0000000082800000| Complete 
|  41|0x0000000082900000, 0x0000000082a00000, 0x0000000082a00000|100%| E|CS|TAMS 0x0000000082900000| PB 0x0000000082900000| Complete 
|  42|0x0000000082a00000, 0x0000000082b00000, 0x0000000082b00000|100%| E|CS|TAMS 0x0000000082a00000| PB 0x0000000082a00000| Complete 
|  43|0x0000000082b00000, 0x0000000082c00000, 0x0000000082c00000|100%| E|CS|TAMS 0x0000000082b00000| PB 0x0000000082b00000| Complete 
|  44|0x0000000082c00000, 0x0000000082d00000, 0x0000000082d00000|100%| E|CS|TAMS 0x0000000082c00000| PB 0x0000000082c00000| Complete 
|  45|0x0000000082d00000, 0x0000000082e00000, 0x0000000082e00000|100%| E|CS|TAMS 0x0000000082d00000| PB 0x0000000082d00000| Complete 
|  46|0x0000000082e00000, 0x0000000082f00000, 0x0000000082f00000|100%| E|CS|TAMS 0x0000000082e00000| PB 0x0000000082e00000| Complete 
|  47|0x0000000082f00000, 0x0000000083000000, 0x0000000083000000|100%| E|CS|TAMS 0x0000000082f00000| PB 0x0000000082f00000| Complete 
|  48|0x0000000083000000, 0x0000000083100000, 0x0000000083100000|100%| E|CS|TAMS 0x0000000083000000| PB 0x0000000083000000| Complete 
|  49|0x0000000083100000, 0x0000000083200000, 0x0000000083200000|100%| E|CS|TAMS 0x0000000083100000| PB 0x0000000083100000| Complete 
|  50|0x0000000083200000, 0x0000000083300000, 0x0000000083300000|100%| E|CS|TAMS 0x0000000083200000| PB 0x0000000083200000| Complete 
|  51|0x0000000083300000, 0x0000000083400000, 0x0000000083400000|100%| E|CS|TAMS 0x0000000083300000| PB 0x0000000083300000| Complete 
|  52|0x0000000083400000, 0x0000000083500000, 0x0000000083500000|100%| E|CS|TAMS 0x0000000083400000| PB 0x0000000083400000| Complete 
|  53|0x0000000083500000, 0x0000000083600000, 0x0000000083600000|100%| E|CS|TAMS 0x0000000083500000| PB 0x0000000083500000| Complete 
|  54|0x0000000083600000, 0x0000000083700000, 0x0000000083700000|100%| E|CS|TAMS 0x0000000083600000| PB 0x0000000083600000| Complete 
|  55|0x0000000083700000, 0x0000000083800000, 0x0000000083800000|100%| E|CS|TAMS 0x0000000083700000| PB 0x0000000083700000| Complete 
|  56|0x0000000083800000, 0x0000000083900000, 0x0000000083900000|100%| E|CS|TAMS 0x0000000083800000| PB 0x0000000083800000| Complete 
|  57|0x0000000083900000, 0x0000000083a00000, 0x0000000083a00000|100%| E|CS|TAMS 0x0000000083900000| PB 0x0000000083900000| Complete 
|  58|0x0000000083a00000, 0x0000000083b00000, 0x0000000083b00000|100%| E|CS|TAMS 0x0000000083a00000| PB 0x0000000083a00000| Complete 
|  59|0x0000000083b00000, 0x0000000083c00000, 0x0000000083c00000|100%| E|CS|TAMS 0x0000000083b00000| PB 0x0000000083b00000| Complete 
|  60|0x0000000083c00000, 0x0000000083d00000, 0x0000000083d00000|100%| E|CS|TAMS 0x0000000083c00000| PB 0x0000000083c00000| Complete 
|  61|0x0000000083d00000, 0x0000000083e00000, 0x0000000083e00000|100%| E|CS|TAMS 0x0000000083d00000| PB 0x0000000083d00000| Complete 
|  62|0x0000000083e00000, 0x0000000083f00000, 0x0000000083f00000|100%| E|CS|TAMS 0x0000000083e00000| PB 0x0000000083e00000| Complete 
|  63|0x0000000083f00000, 0x0000000084000000, 0x0000000084000000|100%| E|CS|TAMS 0x0000000083f00000| PB 0x0000000083f00000| Complete 
|  64|0x0000000084000000, 0x0000000084100000, 0x0000000084100000|100%| E|CS|TAMS 0x0000000084000000| PB 0x0000000084000000| Complete 
|  65|0x0000000084100000, 0x0000000084200000, 0x0000000084200000|100%| E|CS|TAMS 0x0000000084100000| PB 0x0000000084100000| Complete 
|  66|0x0000000084200000, 0x0000000084300000, 0x0000000084300000|100%| E|CS|TAMS 0x0000000084200000| PB 0x0000000084200000| Complete 
|  67|0x0000000084300000, 0x0000000084400000, 0x0000000084400000|100%| E|CS|TAMS 0x0000000084300000| PB 0x0000000084300000| Complete 
|  68|0x0000000084400000, 0x0000000084500000, 0x0000000084500000|100%| E|CS|TAMS 0x0000000084400000| PB 0x0000000084400000| Complete 
|  69|0x0000000084500000, 0x0000000084600000, 0x0000000084600000|100%| E|CS|TAMS 0x0000000084500000| PB 0x0000000084500000| Complete 
|  70|0x0000000084600000, 0x0000000084700000, 0x0000000084700000|100%| E|CS|TAMS 0x0000000084600000| PB 0x0000000084600000| Complete 
|  71|0x0000000084700000, 0x0000000084800000, 0x0000000084800000|100%| E|CS|TAMS 0x0000000084700000| PB 0x0000000084700000| Complete 
|  72|0x0000000084800000, 0x0000000084900000, 0x0000000084900000|100%| E|CS|TAMS 0x0000000084800000| PB 0x0000000084800000| Complete 
|  73|0x0000000084900000, 0x0000000084a00000, 0x0000000084a00000|100%| E|CS|TAMS 0x0000000084900000| PB 0x0000000084900000| Complete 
|  74|0x0000000084a00000, 0x0000000084b00000, 0x0000000084b00000|100%| E|CS|TAMS 0x0000000084a00000| PB 0x0000000084a00000| Complete 
|  75|0x0000000084b00000, 0x0000000084c00000, 0x0000000084c00000|100%| E|CS|TAMS 0x0000000084b00000| PB 0x0000000084b00000| Complete 
|  76|0x0000000084c00000, 0x0000000084d00000, 0x0000000084d00000|100%| E|CS|TAMS 0x0000000084c00000| PB 0x0000000084c00000| Complete 
|  94|0x0000000085e00000, 0x0000000085eea000, 0x0000000085f00000| 91%| S|CS|TAMS 0x0000000085e00000| PB 0x0000000085e00000| Complete 
|  95|0x0000000085f00000, 0x0000000086000000, 0x0000000086000000|100%| S|CS|TAMS 0x0000000085f00000| PB 0x0000000085f00000| Complete 
|  96|0x0000000086000000, 0x0000000086100000, 0x0000000086100000|100%| S|CS|TAMS 0x0000000086000000| PB 0x0000000086000000| Complete 
| 123|0x0000000087b00000, 0x0000000087c00000, 0x0000000087c00000|100%| E|CS|TAMS 0x0000000087b00000| PB 0x0000000087b00000| Complete 
|2042|0x00000000ffa00000, 0x00000000ffb00000, 0x00000000ffb00000|100%| O|  |TAMS 0x00000000ffa00000| PB 0x00000000ffa00000| Untracked 
|2043|0x00000000ffb00000, 0x00000000ffc00000, 0x00000000ffc00000|100%| O|  |TAMS 0x00000000ffb00000| PB 0x00000000ffb00000| Untracked 
|2044|0x00000000ffc00000, 0x00000000ffd00000, 0x00000000ffd00000|100%| O|  |TAMS 0x00000000ffc00000| PB 0x00000000ffc00000| Untracked 
|2045|0x00000000ffd00000, 0x00000000ffe00000, 0x00000000ffe00000|100%| O|  |TAMS 0x00000000ffd00000| PB 0x00000000ffd00000| Untracked 
|2046|0x00000000ffe00000, 0x00000000fff00000, 0x00000000fff00000|100%| O|  |TAMS 0x00000000ffe00000| PB 0x00000000ffe00000| Untracked 
|2047|0x00000000fff00000, 0x0000000100000000, 0x0000000100000000|100%| O|  |TAMS 0x00000000fff00000| PB 0x00000000fff00000| Untracked 

Card table byte_map: [0x00000150a28f0000,0x00000150a2cf0000] _byte_map_base: 0x00000150a24f0000

Marking Bits: (CMBitMap*) 0x000001508dc3e640
 Bits: [0x00000150a2cf0000, 0x00000150a4cf0000)

Polling page: 0x000001508dda0000

Metaspace:

Usage:
  Non-class:     34.56 MB used.
      Class:      5.49 MB used.
       Both:     40.05 MB used.

Virtual space:
  Non-class space:       64.00 MB reserved,      35.12 MB ( 55%) committed,  1 nodes.
      Class space:        1.00 GB reserved,       6.06 MB ( <1%) committed,  1 nodes.
             Both:        1.06 GB reserved,      41.19 MB (  4%) committed. 

Chunk freelists:
   Non-Class:  11.95 MB
       Class:  9.97 MB
        Both:  21.93 MB

MaxMetaspaceSize: unlimited
CompressedClassSpaceSize: 1.00 GB
Initial GC threshold: 21.00 MB
Current GC threshold: 58.88 MB
CDS: off
 - commit_granule_bytes: 65536.
 - commit_granule_words: 8192.
 - virtual_space_node_default_size: 8388608.
 - enlarge_chunks_in_place: 1.
 - use_allocation_guard: 0.


Internal statistics:

num_allocs_failed_limit: 6.
num_arena_births: 2148.
num_arena_deaths: 0.
num_vsnodes_births: 2.
num_vsnodes_deaths: 0.
num_space_committed: 659.
num_space_uncommitted: 0.
num_chunks_returned_to_freelist: 6.
num_chunks_taken_from_freelist: 3700.
num_chunk_merges: 6.
num_chunk_splits: 2355.
num_chunks_enlarged: 1444.
num_inconsistent_stats: 0.

CodeHeap 'non-profiled nmethods': size=120000Kb used=1854Kb max_used=1854Kb free=118145Kb
 bounds [0x000001509aa60000, 0x000001509acd0000, 0x00000150a1f90000]
CodeHeap 'profiled nmethods': size=120000Kb used=6378Kb max_used=6469Kb free=113621Kb
 bounds [0x0000015092f90000, 0x0000015093600000, 0x000001509a4c0000]
CodeHeap 'non-nmethods': size=5760Kb used=1502Kb max_used=1530Kb free=4257Kb
 bounds [0x000001509a4c0000, 0x000001509a730000, 0x000001509aa60000]
 total_blobs=3918 nmethods=3327 adapters=494
 compilation: enabled
              stopped_count=0, restarted_count=0
 full_count=0

Compilation events (20 events):
Event: 3.662 Thread 0x00000150a7b50ce0 3655       1       org.codehaus.groovy.util.ReferenceManager::getReferenceQueue (5 bytes)
Event: 3.662 Thread 0x00000150a7b50ce0 nmethod 3655 0x000001509aaed590 code [0x000001509aaed720, 0x000001509aaed7e8]
Event: 3.662 Thread 0x00000150a7b50ce0 3656       1       org.codehaus.groovy.util.ReferenceBundle::getType (5 bytes)
Event: 3.662 Thread 0x00000150a7b50ce0 nmethod 3656 0x000001509aaed290 code [0x000001509aaed420, 0x000001509aaed4e8]
Event: 3.662 Thread 0x00000150a7b50ce0 3657       1       org.codehaus.groovy.util.ReferenceBundle::getManager (5 bytes)
Event: 3.662 Thread 0x00000150a7b50ce0 nmethod 3657 0x000001509aaecf90 code [0x000001509aaed120, 0x000001509aaed1e8]
Event: 3.662 Thread 0x00000150a7b50ce0 3658       3       org.codehaus.groovy.util.LazyReference::<init> (17 bytes)
Event: 3.662 Thread 0x00000150a7b50ce0 nmethod 3658 0x000001509332e410 code [0x000001509332e5e0, 0x000001509332e928]
Event: 3.667 Thread 0x00000150a7b50ce0 3659       1       java.lang.ClassValue$ClassValueMap::getCache (5 bytes)
Event: 3.667 Thread 0x00000150a7b50ce0 nmethod 3659 0x000001509aaeca90 code [0x000001509aaecc20, 0x000001509aaecce8]
Event: 3.667 Thread 0x00000150a7b50ce0 3660       3       jdk.internal.org.objectweb.asm.MethodWriter::visitMethodInsn (191 bytes)
Event: 3.668 Thread 0x00000150a7b50ce0 nmethod 3660 0x000001509332d790 code [0x000001509332d9e0, 0x000001509332e100]
Event: 3.670 Thread 0x00000150a7b50250 nmethod 3643 0x000001509ac26c90 code [0x000001509ac26f00, 0x000001509ac27b40]
Event: 3.670 Thread 0x00000150a7b50250 3642       4       java.util.concurrent.locks.ReentrantLock$NonfairSync::initialTryLock (58 bytes)
Event: 3.671 Thread 0x00000150a7b50ce0 3661       3       jdk.internal.org.objectweb.asm.MethodWriter::visitInsn (115 bytes)
Event: 3.672 Thread 0x00000150a7b50250 nmethod 3642 0x000001509ac28210 code [0x000001509ac283a0, 0x000001509ac28568]
Event: 3.672 Thread 0x00000150a7b50250 3640       4       java.util.concurrent.locks.ReentrantLock$Sync::tryRelease (51 bytes)
Event: 3.672 Thread 0x00000150a7b50ce0 nmethod 3661 0x000001509332d010 code [0x000001509332d200, 0x000001509332d5d0]
Event: 3.673 Thread 0x00000150a7b50250 nmethod 3640 0x000001509ac28610 code [0x000001509ac287a0, 0x000001509ac288c8]
Event: 3.673 Thread 0x00000150a7b50250 3638       4       java.io.BufferedInputStream::implRead (112 bytes)

GC Heap History (14 events):
Event: 0.288 GC heap before
{Heap before GC invocations=0 (full 0):
 garbage-first heap   total 126976K, used 22528K [0x0000000080000000, 0x0000000100000000)
  region size 1024K, 23 young (23552K), 0 survivors (0K)
 Metaspace       used 7973K, committed 8128K, reserved 1114112K
  class space    used 709K, committed 768K, reserved 1048576K
}
Event: 0.291 GC heap after
{Heap after GC invocations=1 (full 0):
 garbage-first heap   total 126976K, used 3408K [0x0000000080000000, 0x0000000100000000)
  region size 1024K, 3 young (3072K), 3 survivors (3072K)
 Metaspace       used 7973K, committed 8128K, reserved 1114112K
  class space    used 709K, committed 768K, reserved 1048576K
}
Event: 0.669 GC heap before
{Heap before GC invocations=1 (full 0):
 garbage-first heap   total 126976K, used 40272K [0x0000000080000000, 0x0000000100000000)
  region size 1024K, 37 young (37888K), 3 survivors (3072K)
 Metaspace       used 12150K, committed 12352K, reserved 1114112K
  class space    used 1276K, committed 1408K, reserved 1048576K
}
Event: 0.674 GC heap after
{Heap after GC invocations=2 (full 0):
 garbage-first heap   total 126976K, used 11114K [0x0000000080000000, 0x0000000100000000)
  region size 1024K, 5 young (5120K), 5 survivors (5120K)
 Metaspace       used 12150K, committed 12352K, reserved 1114112K
  class space    used 1276K, committed 1408K, reserved 1048576K
}
Event: 0.994 GC heap before
{Heap before GC invocations=2 (full 0):
 garbage-first heap   total 126976K, used 61290K [0x0000000080000000, 0x0000000100000000)
  region size 1024K, 52 young (53248K), 5 survivors (5120K)
 Metaspace       used 14204K, committed 14528K, reserved 1114112K
  class space    used 1560K, committed 1728K, reserved 1048576K
}
Event: 1.002 GC heap after
{Heap after GC invocations=3 (full 0):
 garbage-first heap   total 126976K, used 17487K [0x0000000080000000, 0x0000000100000000)
  region size 1024K, 6 young (6144K), 6 survivors (6144K)
 Metaspace       used 14204K, committed 14528K, reserved 1114112K
  class space    used 1560K, committed 1728K, reserved 1048576K
}
Event: 1.382 GC heap before
{Heap before GC invocations=3 (full 0):
 garbage-first heap   total 126976K, used 41039K [0x0000000080000000, 0x0000000100000000)
  region size 1024K, 30 young (30720K), 6 survivors (6144K)
 Metaspace       used 21139K, committed 21504K, reserved 1114112K
  class space    used 2438K, committed 2624K, reserved 1048576K
}
Event: 1.386 GC heap after
{Heap after GC invocations=4 (full 0):
 garbage-first heap   total 126976K, used 20826K [0x0000000080000000, 0x0000000100000000)
  region size 1024K, 9 young (9216K), 9 survivors (9216K)
 Metaspace       used 21139K, committed 21504K, reserved 1114112K
  class space    used 2438K, committed 2624K, reserved 1048576K
}
Event: 2.079 GC heap before
{Heap before GC invocations=5 (full 0):
 garbage-first heap   total 71680K, used 71002K [0x0000000080000000, 0x0000000100000000)
  region size 1024K, 58 young (59392K), 9 survivors (9216K)
 Metaspace       used 29302K, committed 29888K, reserved 1114112K
  class space    used 3740K, committed 4032K, reserved 1048576K
}
Event: 2.087 GC heap after
{Heap after GC invocations=6 (full 0):
 garbage-first heap   total 84992K, used 23590K [0x0000000080000000, 0x0000000100000000)
  region size 1024K, 7 young (7168K), 7 survivors (7168K)
 Metaspace       used 29302K, committed 29888K, reserved 1114112K
  class space    used 3740K, committed 4032K, reserved 1048576K
}
Event: 3.056 GC heap before
{Heap before GC invocations=6 (full 0):
 garbage-first heap   total 84992K, used 64550K [0x0000000080000000, 0x0000000100000000)
  region size 1024K, 47 young (48128K), 7 survivors (7168K)
 Metaspace       used 34772K, committed 35584K, reserved 1114112K
  class space    used 4637K, committed 5056K, reserved 1048576K
}
Event: 3.062 GC heap after
{Heap after GC invocations=7 (full 0):
 garbage-first heap   total 102400K, used 26252K [0x0000000080000000, 0x0000000100000000)
  region size 1024K, 6 young (6144K), 6 survivors (6144K)
 Metaspace       used 34772K, committed 35584K, reserved 1114112K
  class space    used 4637K, committed 5056K, reserved 1048576K
}
Event: 3.110 GC heap before
{Heap before GC invocations=7 (full 0):
 garbage-first heap   total 102400K, used 29324K [0x0000000080000000, 0x0000000100000000)
  region size 1024K, 10 young (10240K), 6 survivors (6144K)
 Metaspace       used 35185K, committed 36096K, reserved 1114112K
  class space    used 4717K, committed 5184K, reserved 1048576K
}
Event: 3.114 GC heap after
{Heap after GC invocations=8 (full 0):
 garbage-first heap   total 102400K, used 26228K [0x0000000080000000, 0x0000000100000000)
  region size 1024K, 3 young (3072K), 3 survivors (3072K)
 Metaspace       used 35185K, committed 36096K, reserved 1114112K
  class space    used 4717K, committed 5184K, reserved 1048576K
}

Dll operation events (3 events):
Event: 0.006 Loaded shared library E:\android studio\jbr\bin\java.dll
Event: 0.009 Loaded shared library E:\android studio\jbr\bin\zip.dll
Event: 0.322 Loaded shared library E:\android studio\jbr\bin\verify.dll

Deoptimization events (20 events):
Event: 3.574 Thread 0x00000150ade357b0 Uncommon trap: trap_request=0xffffff45 fr.pc=0x000001509ac1eae4 relative=0x00000000000001c4
Event: 3.574 Thread 0x00000150ade357b0 Uncommon trap: reason=unstable_if action=reinterpret pc=0x000001509ac1eae4 method=java.util.HashMap.putVal(ILjava/lang/Object;Ljava/lang/Object;ZZ)Ljava/lang/Object; @ 162 c2
Event: 3.574 Thread 0x00000150ade357b0 DEOPT PACKING pc=0x000001509ac1eae4 sp=0x0000001bfe9fa5c0
Event: 3.574 Thread 0x00000150ade357b0 DEOPT UNPACKING pc=0x000001509a5146a2 sp=0x0000001bfe9fa540 mode 2
Event: 3.663 Thread 0x00000150ade357b0 Uncommon trap: trap_request=0xffffff45 fr.pc=0x000001509ab751e0 relative=0x0000000000000640
Event: 3.663 Thread 0x00000150ade357b0 Uncommon trap: reason=unstable_if action=reinterpret pc=0x000001509ab751e0 method=jdk.internal.org.objectweb.asm.MethodWriter.visitVarInsn(II)V @ 108 c2
Event: 3.663 Thread 0x00000150ade357b0 DEOPT PACKING pc=0x000001509ab751e0 sp=0x0000001bfe9f0a80
Event: 3.663 Thread 0x00000150ade357b0 DEOPT UNPACKING pc=0x000001509a5146a2 sp=0x0000001bfe9f0a48 mode 2
Event: 3.663 Thread 0x00000150ade357b0 Uncommon trap: trap_request=0xffffff45 fr.pc=0x000001509ac04e20 relative=0x0000000000000480
Event: 3.663 Thread 0x00000150ade357b0 Uncommon trap: reason=unstable_if action=reinterpret pc=0x000001509ac04e20 method=jdk.internal.org.objectweb.asm.MethodWriter.visitMethodInsn(ILjava/lang/String;Ljava/lang/String;Ljava/lang/String;Z)V @ 81 c2
Event: 3.663 Thread 0x00000150ade357b0 DEOPT PACKING pc=0x000001509ac04e20 sp=0x0000001bfe9f0a70
Event: 3.663 Thread 0x00000150ade357b0 DEOPT UNPACKING pc=0x000001509a5146a2 sp=0x0000001bfe9f0a10 mode 2
Event: 3.663 Thread 0x00000150ade357b0 Uncommon trap: trap_request=0xffffff45 fr.pc=0x000001509ac12c84 relative=0x0000000000000964
Event: 3.663 Thread 0x00000150ade357b0 Uncommon trap: reason=unstable_if action=reinterpret pc=0x000001509ac12c84 method=jdk.internal.org.objectweb.asm.MethodWriter.visitInsn(I)V @ 24 c2
Event: 3.663 Thread 0x00000150ade357b0 DEOPT PACKING pc=0x000001509ac12c84 sp=0x0000001bfe9f0a60
Event: 3.663 Thread 0x00000150ade357b0 DEOPT UNPACKING pc=0x000001509a5146a2 sp=0x0000001bfe9f0a48 mode 2
Event: 3.665 Thread 0x00000150ade357b0 Uncommon trap: trap_request=0xffffff45 fr.pc=0x000001509abba46c relative=0x0000000000000c6c
Event: 3.665 Thread 0x00000150ade357b0 Uncommon trap: reason=unstable_if action=reinterpret pc=0x000001509abba46c method=java.lang.invoke.LambdaForm.useCount(Ljava/lang/invoke/LambdaForm$Name;)I @ 8 c2
Event: 3.665 Thread 0x00000150ade357b0 DEOPT PACKING pc=0x000001509abba46c sp=0x0000001bfe9f64a0
Event: 3.665 Thread 0x00000150ade357b0 DEOPT UNPACKING pc=0x000001509a5146a2 sp=0x0000001bfe9f6370 mode 2

Classes loaded (20 events):
Event: 3.634 Loading class java/util/EventListener
Event: 3.634 Loading class java/util/EventListener done
Event: 3.642 Loading class java/util/TimerTask
Event: 3.642 Loading class java/util/TimerTask done
Event: 3.642 Loading class java/util/Timer
Event: 3.642 Loading class java/util/Timer done
Event: 3.642 Loading class java/lang/Process
Event: 3.643 Loading class java/lang/Process done
Event: 3.656 Loading class java/security/AccessControlException
Event: 3.657 Loading class java/security/AccessControlException done
Event: 3.662 Loading class java/lang/invoke/MethodHandleImpl$BindCaller
Event: 3.663 Loading class java/lang/invoke/MethodHandleImpl$BindCaller done
Event: 3.663 Loading class java/lang/invoke/MethodHandleImpl$BindCaller$1
Event: 3.663 Loading class java/lang/invoke/MethodHandleImpl$BindCaller$1 done
Event: 3.663 Loading class java/lang/invoke/MethodHandleImpl$BindCaller$InjectedInvokerHolder
Event: 3.663 Loading class java/lang/invoke/MethodHandleImpl$BindCaller$InjectedInvokerHolder done
Event: 3.664 Loading class java/util/Collections$CopiesList
Event: 3.664 Loading class java/util/Collections$CopiesList done
Event: 3.666 Loading class java/util/LinkedList$ListItr
Event: 3.667 Loading class java/util/LinkedList$ListItr done

Classes unloaded (0 events):
No events

Classes redefined (0 events):
No events

Internal exceptions (20 events):
Event: 3.308 Thread 0x00000150ade357b0 Implicit null exception at 0x000001509aaf67ba to 0x000001509aaf6a24
Event: 3.425 Thread 0x00000150ade357b0 Exception <a 'java/lang/NoSuchMethodError'{0x00000000839aab10}: 'void java.lang.invoke.DirectMethodHandle$Holder.invokeStaticInit(java.lang.Object, java.lang.Object, java.lang.Object, java.lang.Object)'> (0x00000000839aab10) 
thrown [s\src\hotspot\share\interpreter\linkResolver.cpp, line 784]
Event: 3.443 Thread 0x00000150ade357b0 Exception <a 'java/lang/NoSuchMethodError'{0x0000000083747a80}: 'java.lang.Object java.lang.invoke.DirectMethodHandle$Holder.newInvokeSpecial(java.lang.Object, java.lang.Object, java.lang.Object, java.lang.Object, java.lang.Object, java.lang.Object, java.lang.Object, java.lang.Object, java.lang.Object)'> (0x0000000083747a80) 
thrown [s\src\hotspot\share\interpreter\linkResolver.cpp, line 784]
Event: 3.446 Thread 0x00000150ade357b0 Exception <a 'java/lang/NoSuchMethodError'{0x00000000837a8d70}: 'java.lang.Object java.lang.invoke.DirectMethodHandle$Holder.invokeStaticInit(java.lang.Object, java.lang.Object, java.lang.Object)'> (0x00000000837a8d70) 
thrown [s\src\hotspot\share\interpreter\linkResolver.cpp, line 784]
Event: 3.469 Thread 0x00000150ade357b0 Exception <a 'java/lang/NoSuchMethodError'{0x000000008358f540}: 'java.lang.Object java.lang.invoke.DirectMethodHandle$Holder.newInvokeSpecial(java.lang.Object, java.lang.Object, java.lang.Object, java.lang.Object, java.lang.Object, java.lang.Object, java.lang.Object, java.lang.Object, java.lang.Object, java.lang.Object, java.lang.Object, java.lang.Object)'> (0x000000008358f540) 
thrown [s\src\hotspot\share\interpreter\linkResolver.cpp, line 784]
Event: 3.470 Thread 0x00000150ade357b0 Exception <a 'java/lang/NoSuchMethodError'{0x0000000083594a50}: 'java.lang.Object java.lang.invoke.Invokers$Holder.linkToTargetMethod(java.lang.Object, java.lang.Object, java.lang.Object, java.lang.Object, java.lang.Object, java.lang.Object, java.lang.Object, java.lang.Object, java.lang.Object, java.lang.Object, java.lang.Object, java.lang.Object)'> (0x0000000083594a50) 
thrown [s\src\hotspot\share\interpreter\linkResolver.cpp, line 784]
Event: 3.477 Thread 0x00000150ade357b0 Exception <a 'java/lang/NoSuchMethodError'{0x00000000835fe8c8}: 'java.lang.Object java.lang.invoke.DirectMethodHandle$Holder.newInvokeSpecial(java.lang.Object, java.lang.Object, java.lang.Object, java.lang.Object, java.lang.Object, java.lang.Object, java.lang.Object, java.lang.Object, java.lang.Object, java.lang.Object, java.lang.Object, java.lang.Object, java.lang.Object, java.lang.Object, java.lang.Object)'> (0x00000000835fe8c8) 
thrown [s\src\hotspot\share\interpreter\linkResolver.cpp, line 784]
Event: 3.477 Thread 0x00000150ade357b0 Exception <a 'java/lang/NoSuchMethodError'{0x000000008342eaa8}: 'java.lang.Object java.lang.invoke.DirectMethodHandle$Holder.invokeSpecial(java.lang.Object, java.lang.Object, java.lang.Object, java.lang.Object, java.lang.Object, java.lang.Object, java.lang.Object, java.lang.Object, java.lang.Object, java.lang.Object, java.lang.Object, java.lang.Object, java.lang.Object, java.lang.Object, java.lang.Object, java.lang.Object)'> (0x000000008342eaa8) 
thrown [s\src\hotspot\share\interpreter\linkResolver.cpp, li
Event: 3.477 Thread 0x00000150ade357b0 Exception <a 'java/lang/NoSuchMethodError'{0x0000000083433d98}: 'java.lang.Object java.lang.invoke.DelegatingMethodHandle$Holder.reinvoke_L(java.lang.Object, java.lang.Object, java.lang.Object, java.lang.Object, java.lang.Object, java.lang.Object, java.lang.Object, java.lang.Object, java.lang.Object, java.lang.Object, java.lang.Object, java.lang.Object, java.lang.Object, java.lang.Object, java.lang.Object)'> (0x0000000083433d98) 
thrown [s\src\hotspot\share\interpreter\linkResolver.cpp, line 784]
Event: 3.494 Thread 0x00000150ade357b0 Exception <a 'java/lang/NoSuchMethodError'{0x00000000833812b8}: 'java.lang.Object java.lang.invoke.DelegatingMethodHandle$Holder.reinvoke_L(java.lang.Object, java.lang.Object, java.lang.Object, java.lang.Object, java.lang.Object, java.lang.Object, java.lang.Object, java.lang.Object, java.lang.Object, java.lang.Object, java.lang.Object, java.lang.Object, java.lang.Object, java.lang.Object, java.lang.Object, java.lang.Object, java.lang.Object, java.lang.Object, java.lang.Object, java.lang.Object, java.lang.O
Event: 3.502 Thread 0x00000150ade357b0 Exception <a 'java/lang/NoSuchMethodError'{0x0000000083260330}: 'java.lang.Object java.lang.invoke.DirectMethodHandle$Holder.invokeStatic(java.lang.Object, java.lang.Object, java.lang.Object, java.lang.Object, java.lang.Object, java.lang.Object, java.lang.Object, java.lang.Object, java.lang.Object, java.lang.Object, java.lang.Object, java.lang.Object, java.lang.Object, java.lang.Object, java.lang.Object, java.lang.Object, java.lang.Object, java.lang.Object, java.lang.Object, java.lang.Object, java.lang.Obj
Event: 3.504 Thread 0x00000150ade357b0 Exception <a 'java/lang/NoSuchMethodError'{0x0000000083295278}: 'java.lang.Object java.lang.invoke.DirectMethodHandle$Holder.invokeStatic(java.lang.Object, java.lang.Object, java.lang.Object, java.lang.Object, java.lang.Object, java.lang.Object, java.lang.Object, java.lang.Object, java.lang.Object, java.lang.Object, java.lang.Object, java.lang.Object, java.lang.Object, java.lang.Object, java.lang.Object, java.lang.Object, java.lang.Object, java.lang.Object, java.lang.Object, java.lang.Object, java.lang.Obj
Event: 3.507 Thread 0x00000150ade357b0 Exception <a 'java/lang/NoSuchMethodError'{0x00000000832cc3e8}: 'java.lang.Object java.lang.invoke.DirectMethodHandle$Holder.invokeStatic(java.lang.Object, java.lang.Object, java.lang.Object, java.lang.Object, java.lang.Object, java.lang.Object, java.lang.Object, java.lang.Object, java.lang.Object, java.lang.Object, java.lang.Object, java.lang.Object, java.lang.Object, java.lang.Object, java.lang.Object, java.lang.Object, java.lang.Object, java.lang.Object, java.lang.Object, java.lang.Object, java.lang.Obj
Event: 3.520 Thread 0x00000150ade357b0 Exception <a 'java/lang/NoSuchMethodError'{0x000000008315be80}: 'java.lang.Object java.lang.invoke.DirectMethodHandle$Holder.newInvokeSpecial(java.lang.Object, java.lang.Object, java.lang.Object, java.lang.Object, java.lang.Object, java.lang.Object, java.lang.Object, java.lang.Object, java.lang.Object, java.lang.Object, java.lang.Object, java.lang.Object, java.lang.Object, java.lang.Object, java.lang.Object, java.lang.Object, java.lang.Object, java.lang.Object, java.lang.Object)'> (0x000000008315be80) 
thr
Event: 3.520 Thread 0x00000150ade357b0 Exception <a 'java/lang/NoSuchMethodError'{0x00000000831628c0}: 'java.lang.Object java.lang.invoke.DirectMethodHandle$Holder.invokeSpecial(java.lang.Object, java.lang.Object, java.lang.Object, java.lang.Object, java.lang.Object, java.lang.Object, java.lang.Object, java.lang.Object, java.lang.Object, java.lang.Object, java.lang.Object, java.lang.Object, java.lang.Object, java.lang.Object, java.lang.Object, java.lang.Object, java.lang.Object, java.lang.Object, java.lang.Object, java.lang.Object)'> (0x0000000
Event: 3.520 Thread 0x00000150ade357b0 Exception <a 'java/lang/NoSuchMethodError'{0x0000000083168180}: 'java.lang.Object java.lang.invoke.DelegatingMethodHandle$Holder.reinvoke_L(java.lang.Object, java.lang.Object, java.lang.Object, java.lang.Object, java.lang.Object, java.lang.Object, java.lang.Object, java.lang.Object, java.lang.Object, java.lang.Object, java.lang.Object, java.lang.Object, java.lang.Object, java.lang.Object, java.lang.Object, java.lang.Object, java.lang.Object, java.lang.Object, java.lang.Object)'> (0x0000000083168180) 
throw
Event: 3.663 Thread 0x00000150ade357b0 Implicit null exception at 0x000001509ab74cb4 to 0x000001509ab751d4
Event: 3.663 Thread 0x00000150ade357b0 Implicit null exception at 0x000001509ac04a98 to 0x000001509ac04e14
Event: 3.663 Thread 0x00000150ade357b0 Implicit null exception at 0x000001509ac123b0 to 0x000001509ac12c74
Event: 3.663 Thread 0x00000150ade357b0 Exception <a 'java/lang/NoSuchMethodError'{0x00000000827a2668}: 'java.lang.reflect.Method[] java.lang.Class.getDeclaredMethods(java.lang.Class)'> (0x00000000827a2668) 
thrown [s\src\hotspot\share\interpreter\linkResolver.cpp, line 784]

ZGC Phase Switch (0 events):
No events

VM Operations (20 events):
Event: 2.062 Executing VM operation: ICBufferFull
Event: 2.062 Executing VM operation: ICBufferFull done
Event: 2.079 Executing VM operation: G1CollectForAllocation (G1 Evacuation Pause)
Event: 2.087 Executing VM operation: G1CollectForAllocation (G1 Evacuation Pause) done
Event: 2.965 Executing VM operation: HandshakeAllThreads (Deoptimize)
Event: 2.965 Executing VM operation: HandshakeAllThreads (Deoptimize) done
Event: 3.056 Executing VM operation: G1CollectForAllocation (G1 Evacuation Pause)
Event: 3.062 Executing VM operation: G1CollectForAllocation (G1 Evacuation Pause) done
Event: 3.110 Executing VM operation: CollectForMetadataAllocation (Metadata GC Threshold)
Event: 3.114 Executing VM operation: CollectForMetadataAllocation (Metadata GC Threshold) done
Event: 3.123 Executing VM operation: G1PauseRemark
Event: 3.126 Executing VM operation: G1PauseRemark done
Event: 3.132 Executing VM operation: G1PauseCleanup
Event: 3.132 Executing VM operation: G1PauseCleanup done
Event: 3.311 Executing VM operation: HandshakeAllThreads (Deoptimize)
Event: 3.311 Executing VM operation: HandshakeAllThreads (Deoptimize) done
Event: 3.435 Executing VM operation: HandshakeAllThreads (Deoptimize)
Event: 3.436 Executing VM operation: HandshakeAllThreads (Deoptimize) done
Event: 3.657 Executing VM operation: HandshakeAllThreads (Deoptimize)
Event: 3.657 Executing VM operation: HandshakeAllThreads (Deoptimize) done

Memory protections (0 events):
No events

Nmethod flushes (20 events):
Event: 3.125 Thread 0x00000150a7ad0bf0 flushing  nmethod 0x0000015093058a10
Event: 3.125 Thread 0x00000150a7ad0bf0 flushing  nmethod 0x000001509305ae90
Event: 3.125 Thread 0x00000150a7ad0bf0 flushing  nmethod 0x000001509305d090
Event: 3.125 Thread 0x00000150a7ad0bf0 flushing  nmethod 0x000001509305fe10
Event: 3.125 Thread 0x00000150a7ad0bf0 flushing  nmethod 0x0000015093061d90
Event: 3.125 Thread 0x00000150a7ad0bf0 flushing  nmethod 0x00000150930b9510
Event: 3.125 Thread 0x00000150a7ad0bf0 flushing  nmethod 0x00000150930bd010
Event: 3.125 Thread 0x00000150a7ad0bf0 flushing  nmethod 0x00000150930bda90
Event: 3.125 Thread 0x00000150a7ad0bf0 flushing  nmethod 0x00000150930bdf90
Event: 3.125 Thread 0x00000150a7ad0bf0 flushing  nmethod 0x00000150930be510
Event: 3.125 Thread 0x00000150a7ad0bf0 flushing  nmethod 0x0000015093122b10
Event: 3.125 Thread 0x00000150a7ad0bf0 flushing  nmethod 0x000001509316ab10
Event: 3.125 Thread 0x00000150a7ad0bf0 flushing  nmethod 0x00000150931bd890
Event: 3.125 Thread 0x00000150a7ad0bf0 flushing  nmethod 0x00000150931bee90
Event: 3.125 Thread 0x00000150a7ad0bf0 flushing  nmethod 0x000001509335d510
Event: 3.125 Thread 0x00000150a7ad0bf0 flushing  nmethod 0x000001509335dd90
Event: 3.125 Thread 0x00000150a7ad0bf0 flushing  nmethod 0x000001509335ef90
Event: 3.125 Thread 0x00000150a7ad0bf0 flushing  nmethod 0x0000015093363a10
Event: 3.125 Thread 0x00000150a7ad0bf0 flushing  nmethod 0x00000150933a4110
Event: 3.125 Thread 0x00000150a7ad0bf0 flushing  nmethod 0x00000150933aa490

Events (20 events):
Event: 1.209 Thread 0x000001508fe41340 Thread added: 0x00000150ade93710
Event: 1.254 Thread 0x000001508fe41340 Thread added: 0x00000150acd8d8d0
Event: 1.298 Thread 0x00000150ade93710 Thread added: 0x00000150ade664b0
Event: 1.300 Thread 0x00000150ade664b0 Thread added: 0x00000150ade34790
Event: 1.317 Thread 0x00000150ade664b0 Thread added: 0x00000150ad331130
Event: 1.322 Thread 0x00000150ade664b0 Thread added: 0x00000150ade357b0
Event: 1.328 Thread 0x00000150ade357b0 Thread added: 0x00000150ade35e10
Event: 1.331 Thread 0x00000150ade357b0 Thread added: 0x00000150ad9d3d70
Event: 1.333 Thread 0x00000150ade357b0 Thread added: 0x00000150ada68350
Event: 1.610 Thread 0x00000150ade357b0 Thread added: 0x00000150ad7ae8e0
Event: 1.617 Thread 0x00000150ade357b0 Thread added: 0x00000150ad7b09b0
Event: 1.636 Thread 0x00000150ade357b0 Thread added: 0x00000150ad7aef70
Event: 2.161 Thread 0x00000150ade357b0 Thread added: 0x00000150ad7ae250
Event: 2.651 Thread 0x00000150ade357b0 Thread added: 0x00000150ad7afc90
Event: 2.670 Thread 0x00000150ade357b0 Thread added: 0x00000150ad7adbc0
Event: 2.922 Thread 0x00000150ade357b0 Thread added: 0x00000150ad7b1040
Event: 2.929 Thread 0x00000150ade357b0 Thread added: 0x00000150ad7af600
Event: 3.238 Thread 0x00000150ade357b0 Thread added: 0x00000150ad7b0320
Event: 3.390 Thread 0x00000150ade357b0 Thread added: 0x00000150ae163140
Event: 3.475 Thread 0x00000150ade357b0 Thread added: 0x00000150ae168000


Dynamic libraries:
0x00007ff67bc00000 - 0x00007ff67bc0a000 	E:\android studio\jbr\bin\java.exe
0x00007ffde1d70000 - 0x00007ffde1f87000 	C:\WINDOWS\SYSTEM32\ntdll.dll
0x00007ffde1310000 - 0x00007ffde13d4000 	C:\WINDOWS\System32\KERNEL32.DLL
0x00007ffddef80000 - 0x00007ffddf351000 	C:\WINDOWS\System32\KERNELBASE.dll
0x00007ffddf750000 - 0x00007ffddf861000 	C:\WINDOWS\System32\ucrtbase.dll
0x00007ffdc0120000 - 0x00007ffdc013b000 	E:\android studio\jbr\bin\VCRUNTIME140.dll
0x00007ffdb8660000 - 0x00007ffdb8678000 	E:\android studio\jbr\bin\jli.dll
0x00007ffddfda0000 - 0x00007ffddff51000 	C:\WINDOWS\System32\USER32.dll
0x00007ffddf870000 - 0x00007ffddf896000 	C:\WINDOWS\System32\win32u.dll
0x00007ffda9c10000 - 0x00007ffda9ea2000 	C:\WINDOWS\WinSxS\amd64_microsoft.windows.common-controls_6595b64144ccf1df_6.0.22621.4830_none_270fe7d773858e80\COMCTL32.dll
0x00007ffde1d00000 - 0x00007ffde1d29000 	C:\WINDOWS\System32\GDI32.dll
0x00007ffddfce0000 - 0x00007ffddfd87000 	C:\WINDOWS\System32\msvcrt.dll
0x00007ffddf8a0000 - 0x00007ffddf9bb000 	C:\WINDOWS\System32\gdi32full.dll
0x00007ffddeee0000 - 0x00007ffddef7a000 	C:\WINDOWS\System32\msvcp_win.dll
0x00007ffde1980000 - 0x00007ffde19b1000 	C:\WINDOWS\System32\IMM32.DLL
0x00007ffdd4eb0000 - 0x00007ffdd4ebc000 	E:\android studio\jbr\bin\vcruntime140_1.dll
0x00007ffd9fcd0000 - 0x00007ffd9fd5d000 	E:\android studio\jbr\bin\msvcp140.dll
0x00007ffd58e60000 - 0x00007ffd59aea000 	E:\android studio\jbr\bin\server\jvm.dll
0x00007ffde1440000 - 0x00007ffde14f1000 	C:\WINDOWS\System32\ADVAPI32.dll
0x00007ffde1c30000 - 0x00007ffde1cd7000 	C:\WINDOWS\System32\sechost.dll
0x00007ffddeeb0000 - 0x00007ffddeed8000 	C:\WINDOWS\System32\bcrypt.dll
0x00007ffddffe0000 - 0x00007ffde00f4000 	C:\WINDOWS\System32\RPCRT4.dll
0x00007ffde1900000 - 0x00007ffde1971000 	C:\WINDOWS\System32\WS2_32.dll
0x00007ffdddd60000 - 0x00007ffddddad000 	C:\WINDOWS\SYSTEM32\POWRPROF.dll
0x00007ffdd7d70000 - 0x00007ffdd7da4000 	C:\WINDOWS\SYSTEM32\WINMM.dll
0x00007ffdd5d40000 - 0x00007ffdd5d4a000 	C:\WINDOWS\SYSTEM32\VERSION.dll
0x00007ffdddd40000 - 0x00007ffdddd53000 	C:\WINDOWS\SYSTEM32\UMPDC.dll
0x00007ffdddff0000 - 0x00007ffdde008000 	C:\WINDOWS\SYSTEM32\kernel.appcore.dll
0x00007ffdc0110000 - 0x00007ffdc011a000 	E:\android studio\jbr\bin\jimage.dll
0x00007ffddc7e0000 - 0x00007ffddca12000 	C:\WINDOWS\SYSTEM32\DBGHELP.DLL
0x00007ffde1570000 - 0x00007ffde1900000 	C:\WINDOWS\System32\combase.dll
0x00007ffddfc00000 - 0x00007ffddfcd7000 	C:\WINDOWS\System32\OLEAUT32.dll
0x00007ffdcbef0000 - 0x00007ffdcbf22000 	C:\WINDOWS\SYSTEM32\dbgcore.DLL
0x00007ffddf9c0000 - 0x00007ffddfa3b000 	C:\WINDOWS\System32\bcryptPrimitives.dll
0x00007ffdbec50000 - 0x00007ffdbec5e000 	E:\android studio\jbr\bin\instrument.dll
0x00007ffdc00f0000 - 0x00007ffdc0110000 	E:\android studio\jbr\bin\java.dll
0x00007ffdbfc10000 - 0x00007ffdbfc28000 	E:\android studio\jbr\bin\zip.dll
0x00007ffde0a80000 - 0x00007ffde1308000 	C:\WINDOWS\System32\SHELL32.dll
0x00007ffddf550000 - 0x00007ffddf68f000 	C:\WINDOWS\System32\wintypes.dll
0x00007ffddce20000 - 0x00007ffddd72d000 	C:\WINDOWS\SYSTEM32\windows.storage.dll
0x00007ffde19c0000 - 0x00007ffde1aca000 	C:\WINDOWS\System32\SHCORE.dll
0x00007ffde0990000 - 0x00007ffde09ee000 	C:\WINDOWS\System32\shlwapi.dll
0x00007ffddede0000 - 0x00007ffddee0b000 	C:\WINDOWS\SYSTEM32\profapi.dll
0x00007ffdc00e0000 - 0x00007ffdc00f0000 	E:\android studio\jbr\bin\net.dll
0x00007ffdd9240000 - 0x00007ffdd936c000 	C:\WINDOWS\SYSTEM32\WINHTTP.dll
0x00007ffdde460000 - 0x00007ffdde4ca000 	C:\WINDOWS\system32\mswsock.dll
0x00007ffdbf350000 - 0x00007ffdbf366000 	E:\android studio\jbr\bin\nio.dll
0x00007ffdbede0000 - 0x00007ffdbedf0000 	E:\android studio\jbr\bin\verify.dll
0x00007ffdb3a30000 - 0x00007ffdb3a57000 	C:\Users\ma725\.gradle\native\c067742578af261105cb4f569cf0c3c89f3d7b1fecec35dd04571415982c5e48\windows-amd64\native-platform.dll
0x00007ffd63e40000 - 0x00007ffd63f84000 	C:\Users\ma725\.gradle\native\100fb08df4bc3b14c8652ba06237920a3bd2aa13389f12d3474272988ae205f9\windows-amd64\native-platform-file-events.dll
0x00007ffdbf2d0000 - 0x00007ffdbf2d9000 	E:\android studio\jbr\bin\management.dll
0x00007ffdbf2c0000 - 0x00007ffdbf2cb000 	E:\android studio\jbr\bin\management_ext.dll
0x00007ffde0980000 - 0x00007ffde0988000 	C:\WINDOWS\System32\PSAPI.DLL
0x00007ffdde6b0000 - 0x00007ffdde6cb000 	C:\WINDOWS\SYSTEM32\CRYPTSP.dll
0x00007ffdddf50000 - 0x00007ffdddf87000 	C:\WINDOWS\system32\rsaenh.dll
0x00007ffdde550000 - 0x00007ffdde578000 	C:\WINDOWS\SYSTEM32\USERENV.dll
0x00007ffdde6d0000 - 0x00007ffdde6dc000 	C:\WINDOWS\SYSTEM32\CRYPTBASE.dll
0x00007ffddda00000 - 0x00007ffddda2d000 	C:\WINDOWS\SYSTEM32\IPHLPAPI.DLL
0x00007ffde0740000 - 0x00007ffde0749000 	C:\WINDOWS\System32\NSI.dll
0x00007ffdc00b0000 - 0x00007ffdc00b9000 	E:\android studio\jbr\bin\extnet.dll
0x00007ffd93b90000 - 0x00007ffd93b98000 	C:\WINDOWS\system32\wshunix.dll

dbghelp: loaded successfully - version: 4.0.5 - missing functions: none
symbol engine: initialized successfully - sym options: 0x614 - pdb path: .;E:\android studio\jbr\bin;C:\WINDOWS\SYSTEM32;C:\WINDOWS\WinSxS\amd64_microsoft.windows.common-controls_6595b64144ccf1df_6.0.22621.4830_none_270fe7d773858e80;E:\android studio\jbr\bin\server;C:\Users\ma725\.gradle\native\c067742578af261105cb4f569cf0c3c89f3d7b1fecec35dd04571415982c5e48\windows-amd64;C:\Users\ma725\.gradle\native\100fb08df4bc3b14c8652ba06237920a3bd2aa13389f12d3474272988ae205f9\windows-amd64

VM Arguments:
jvm_args: --add-opens=java.base/java.lang=ALL-UNNAMED --add-opens=java.base/java.lang.invoke=ALL-UNNAMED --add-opens=java.base/java.util=ALL-UNNAMED --add-opens=java.prefs/java.util.prefs=ALL-UNNAMED --add-exports=jdk.compiler/com.sun.tools.javac.api=ALL-UNNAMED --add-exports=jdk.compiler/com.sun.tools.javac.util=ALL-UNNAMED --add-opens=java.base/java.util=ALL-UNNAMED --add-opens=java.prefs/java.util.prefs=ALL-UNNAMED --add-opens=java.base/java.nio.charset=ALL-UNNAMED --add-opens=java.base/java.net=ALL-UNNAMED --add-opens=java.base/java.util.concurrent.atomic=ALL-UNNAMED --add-opens=java.xml/javax.xml.namespace=ALL-UNNAMED -Xmx2048m -Dfile.encoding=UTF-8 -Duser.country=US -Duser.language=en -Duser.variant -javaagent:C:\Users\ma725\.gradle\wrapper\dists\gradle-8.11.1-bin\bpt9gzteqjrbo1mjrsomdt32c\gradle-8.11.1\lib\agents\gradle-instrumentation-agent-8.11.1.jar 
java_command: org.gradle.launcher.daemon.bootstrap.GradleDaemon 8.11.1
java_class_path (initial): C:\Users\ma725\.gradle\wrapper\dists\gradle-8.11.1-bin\bpt9gzteqjrbo1mjrsomdt32c\gradle-8.11.1\lib\gradle-daemon-main-8.11.1.jar
Launcher Type: SUN_STANDARD

[Global flags]
     intx CICompilerCount                          = 4                                         {product} {ergonomic}
     uint ConcGCThreads                            = 3                                         {product} {ergonomic}
     uint G1ConcRefinementThreads                  = 10                                        {product} {ergonomic}
   size_t G1HeapRegionSize                         = 1048576                                   {product} {ergonomic}
    uintx GCDrainStackTargetSize                   = 64                                        {product} {ergonomic}
   size_t InitialHeapSize                          = 130023424                                 {product} {ergonomic}
   size_t MarkStackSize                            = 4194304                                   {product} {ergonomic}
   size_t MaxHeapSize                              = 2147483648                                {product} {command line}
   size_t MaxNewSize                               = 1287651328                                {product} {ergonomic}
   size_t MinHeapDeltaBytes                        = 1048576                                   {product} {ergonomic}
   size_t MinHeapSize                              = 8388608                                   {product} {ergonomic}
    uintx NonNMethodCodeHeapSize                   = 5839372                                {pd product} {ergonomic}
    uintx NonProfiledCodeHeapSize                  = 122909434                              {pd product} {ergonomic}
    uintx ProfiledCodeHeapSize                     = 122909434                              {pd product} {ergonomic}
    uintx ReservedCodeCacheSize                    = 251658240                              {pd product} {ergonomic}
     bool SegmentedCodeCache                       = true                                      {product} {ergonomic}
   size_t SoftMaxHeapSize                          = 2147483648                             {manageable} {ergonomic}
     bool UseCompressedOops                        = true                           {product lp64_product} {ergonomic}
     bool UseG1GC                                  = true                                      {product} {ergonomic}
     bool UseLargePagesIndividualAllocation        = false                                  {pd product} {ergonomic}

Logging:
Log output configuration:
 #0: stdout all=warning uptime,level,tags foldmultilines=false
 #1: stderr all=off uptime,level,tags foldmultilines=false

Environment Variables:
JAVA_HOME=E:\android studio\jbr
PATH=C:\Program Files\Common Files\Oracle\Java\javapath;C:\WINDOWS\system32;C:\WINDOWS;C:\WINDOWS\System32\Wbem;C:\WINDOWS\System32\WindowsPowerShell\v1.0\;C:\WINDOWS\System32\OpenSSH\;E:\android studio\jbr\bin;C:\Program Files\Process Lasso\;C:\Program Files (x86)\NVIDIA Corporation\PhysX\Common;C:\Program Files\NVIDIA Corporation\NVIDIA app\NvDLISR;C:\MinGW\bin;C:\Program Files\Git\cmd;C:\Program Files\Git LFS;C:\Users\ma725\AppData\Local\Programs\Python\Python39\Scripts\;C:\Users\ma725\AppData\Local\Programs\Python\Python39\;C:\Users\ma725\AppData\Local\Programs\Python\Launcher\;C:\Users\ma725\AppData\Local\Microsoft\WindowsApps;E:\Microsoft VS Code\bin;C:\Program Files (x86)\GnuWin32\bin;C:\MinGW\bin;C:\MinGW\msys\1.0\bin;
USERNAME=ma725
OS=Windows_NT
PROCESSOR_IDENTIFIER=Intel64 Family 6 Model 154 Stepping 3, GenuineIntel
TMP=C:\Users\ma725\AppData\Local\Temp
TEMP=C:\Users\ma725\AppData\Local\Temp




Periodic native trim disabled

JNI global refs:
JNI global refs: 24, weak refs: 0

JNI global refs memory usage: 835, weak refs: 833

Process memory usage:
Resident Set Size: 242664K (3% of 8048768K total physical memory with 64468K free physical memory)

OOME stack traces (most recent first):
Classloader memory used:
Loader org.gradle.internal.classloader.VisitableURLClassLoader                         : 18439K
Loader bootstrap                                                                       : 18334K
Loader org.gradle.initialization.MixInLegacyTypesClassLoader                           : 4172K
Loader jdk.internal.loader.ClassLoaders$AppClassLoader                                 : 232K
Loader jdk.internal.loader.ClassLoaders$PlatformClassLoader                            : 113K

Classes loaded by more than one classloader:
Class org.gradle.internal.classloader.FilteringClassLoader                            : loaded 2 times (x 101B)
Class org.gradle.internal.classloader.ClassLoaderHierarchy                            : loaded 2 times (x 66B)
Class org.gradle.api.internal.classpath.ManifestUtil                                  : loaded 2 times (x 67B)
Class org.gradle.internal.classloader.DefaultClassLoaderFactory                       : loaded 2 times (x 78B)
Class org.gradle.internal.classloader.ClassLoaderVisitor                              : loaded 2 times (x 72B)
Class org.gradle.api.internal.classpath.EffectiveClassPath                            : loaded 2 times (x 86B)
Class org.gradle.api.internal.DefaultClassPathProvider                                : loaded 2 times (x 72B)
Class [Lorg.gradle.api.internal.ClassPathProvider;                                    : loaded 2 times (x 65B)
Class org.gradle.api.internal.ClassPathProvider                                       : loaded 2 times (x 66B)
Class org.gradle.internal.service.UnknownServiceException                             : loaded 2 times (x 79B)
Class org.gradle.internal.classpath.TransformedClassPath                              : loaded 2 times (x 92B)
Class org.gradle.internal.classloader.InstrumentingClassLoader                        : loaded 2 times (x 66B)
Class org.gradle.internal.service.ServiceLocator                                      : loaded 2 times (x 66B)
Class org.gradle.internal.InternalTransformer                                         : loaded 2 times (x 66B)
Class org.gradle.internal.classloader.ClasspathUtil$1                                 : loaded 2 times (x 72B)
Class org.gradle.api.internal.classpath.DefaultModuleRegistry$DefaultModule           : loaded 2 times (x 82B)
Class org.gradle.api.internal.classpath.Module                                        : loaded 2 times (x 66B)
Class org.gradle.api.internal.classpath.UnknownModuleException                        : loaded 2 times (x 78B)
Class org.gradle.api.internal.DefaultClassPathRegistry                                : loaded 2 times (x 72B)
Class org.gradle.api.internal.ClassPathRegistry                                       : loaded 2 times (x 66B)
Class org.gradle.internal.classpath.DefaultClassPath$ImmutableUniqueList              : loaded 2 times (x 195B)
Class org.gradle.internal.classpath.ClassPath                                         : loaded 2 times (x 66B)
Class org.gradle.api.UncheckedIOException                                             : loaded 2 times (x 78B)
Class org.gradle.internal.installation.GradleInstallation$1                           : loaded 2 times (x 71B)
Class org.gradle.api.internal.classpath.ModuleRegistry                                : loaded 2 times (x 66B)
Class org.gradle.api.internal.classpath.DefaultModuleRegistry                         : loaded 2 times (x 82B)
Class org.gradle.internal.service.ServiceLookupException                              : loaded 2 times (x 78B)
Class org.gradle.internal.classloader.ClassLoaderFactory                              : loaded 2 times (x 66B)
Class org.gradle.internal.service.CachingServiceLocator                               : loaded 2 times (x 78B)
Class org.gradle.internal.classloader.ClasspathUtil                                   : loaded 2 times (x 67B)
Class org.gradle.api.specs.Spec                                                       : loaded 2 times (x 66B)
Class org.gradle.internal.classloader.VisitableURLClassLoader$InstrumentingVisitableURLClassLoader: loaded 2 times (x 119B)
Class org.gradle.internal.classloader.VisitableURLClassLoader$Spec                    : loaded 2 times (x 70B)
Class org.gradle.internal.classpath.DefaultClassPath                                  : loaded 2 times (x 86B)
Class org.gradle.internal.classloader.ClassLoaderSpec                                 : loaded 2 times (x 67B)
Class org.gradle.internal.classloader.VisitableURLClassLoader                         : loaded 2 times (x 113B)
Class org.gradle.internal.Cast                                                        : loaded 2 times (x 67B)
Class org.gradle.api.Action                                                           : loaded 2 times (x 66B)
Class org.gradle.internal.classpath.DefaultClassPath$ImmutableUniqueList$Builder      : loaded 2 times (x 71B)
Class org.gradle.api.GradleException                                                  : loaded 2 times (x 78B)
Class org.gradle.internal.IoActions                                                   : loaded 2 times (x 67B)
Class org.gradle.internal.classloader.SystemClassLoaderSpec                           : loaded 2 times (x 67B)
Class org.gradle.api.internal.classpath.GlobalCacheRootsProvider                      : loaded 2 times (x 66B)
Class org.gradle.internal.installation.CurrentGradleInstallationLocator               : loaded 2 times (x 67B)
Class org.gradle.internal.service.DefaultServiceLocator                               : loaded 2 times (x 79B)
Class org.gradle.internal.installation.CurrentGradleInstallation                      : loaded 2 times (x 69B)
Class org.gradle.util.internal.GUtil                                                  : loaded 2 times (x 67B)
Class org.gradle.internal.installation.GradleInstallation                             : loaded 2 times (x 71B)

---------------  S Y S T E M  ---------------

OS:
 Windows 11 , 64 bit Build 22621 (10.0.22621.4974)
OS uptime: 0 days 7:20 hours

CPU: total 12 (initial active 12) (6 cores per cpu, 2 threads per core) family 6 model 154 stepping 3 microcode 0x432, cx8, cmov, fxsr, ht, mmx, 3dnowpref, sse, sse2, sse3, ssse3, sse4.1, sse4.2, popcnt, lzcnt, tsc, tscinvbit, avx, avx2, aes, erms, clmul, bmi1, bmi2, adx, sha, fma, vzeroupper, clflush, clflushopt, clwb, serialize, rdtscp, rdpid, fsrm, f16c, pku, cet_ibt, cet_ss
Processor Information for processor 0
  Max Mhz: 2000, Current Mhz: 2000, Mhz Limit: 2000
Processor Information for processor 1
  Max Mhz: 2000, Current Mhz: 2000, Mhz Limit: 2000
Processor Information for processor 2
  Max Mhz: 2000, Current Mhz: 2000, Mhz Limit: 2000
Processor Information for processor 3
  Max Mhz: 2000, Current Mhz: 2000, Mhz Limit: 2000
Processor Information for processor 4
  Max Mhz: 2000, Current Mhz: 1520, Mhz Limit: 2000
Processor Information for processor 5
  Max Mhz: 2000, Current Mhz: 2000, Mhz Limit: 2000
Processor Information for processor 6
  Max Mhz: 2000, Current Mhz: 2000, Mhz Limit: 2000
Processor Information for processor 7
  Max Mhz: 2000, Current Mhz: 2000, Mhz Limit: 2000
Processor Information for processor 8
  Max Mhz: 2000, Current Mhz: 1500, Mhz Limit: 1500
Processor Information for processor 9
  Max Mhz: 2000, Current Mhz: 1500, Mhz Limit: 1500
Processor Information for processor 10
  Max Mhz: 2000, Current Mhz: 1500, Mhz Limit: 1500
Processor Information for processor 11
  Max Mhz: 2000, Current Mhz: 1500, Mhz Limit: 1500

Memory: 4k page, system-wide physical 7860M (63M free)
TotalPageFile size 16052M (AvailPageFile size 0M)
current process WorkingSet (physical memory assigned to process): 237M, peak: 237M
current process commit charge ("private bytes"): 278M, peak: 287M

vm_info: OpenJDK 64-Bit Server VM (21.0.5+-12932927-b750.29) for windows-amd64 JRE (21.0.5+-12932927-b750.29), built on 2025-01-17T02:01:10Z by "builder" with MS VC++ 16.10 / 16.11 (VS2019)

END.
