#
# There is insufficient memory for the Java Runtime Environment to continue.
# Native memory allocation (malloc) failed to allocate 1563072 bytes. Error detail: Chunk::new
# Possible reasons:
#   The system is out of physical RAM or swap space
#   This process is running with CompressedOops enabled, and the Java Heap may be blocking the growth of the native heap
# Possible solutions:
#   Reduce memory load on the system
#   Increase physical memory or swap space
#   Check if swap backing store is full
#   Decrease Java heap size (-Xmx/-Xms)
#   Decrease number of Java threads
#   Decrease Java thread stack sizes (-Xss)
#   Set larger code cache with -XX:ReservedCodeCacheSize=
#   JVM is running with Unscaled Compressed Oops mode in which the Java heap is
#     placed in the first 4GB address space. The Java Heap base address is the
#     maximum limit for the native heap growth. Please use -XX:HeapBaseMinAddress
#     to set the Java Heap base and to place the Java Heap above 4GB virtual address.
# This output file may be truncated or incomplete.
#
#  Out of Memory Error (arena.cpp:168), pid=14728, tid=18892
#
# JRE version: OpenJDK Runtime Environment (21.0.5) (build 21.0.5+-12932927-b750.29)
# Java VM: OpenJDK 64-Bit Server VM (21.0.5+-12932927-b750.29, mixed mode, tiered, compressed oops, compressed class ptrs, g1 gc, windows-amd64)
# No core dump will be written. Minidumps are not enabled by default on client versions of Windows
#

---------------  S U M M A R Y ------------

Command Line: --add-opens=java.base/java.lang=ALL-UNNAMED --add-opens=java.base/java.lang.invoke=ALL-UNNAMED --add-opens=java.base/java.util=ALL-UNNAMED --add-opens=java.prefs/java.util.prefs=ALL-UNNAMED --add-exports=jdk.compiler/com.sun.tools.javac.api=ALL-UNNAMED --add-exports=jdk.compiler/com.sun.tools.javac.util=ALL-UNNAMED --add-opens=java.base/java.util=ALL-UNNAMED --add-opens=java.prefs/java.util.prefs=ALL-UNNAMED --add-opens=java.base/java.nio.charset=ALL-UNNAMED --add-opens=java.base/java.net=ALL-UNNAMED --add-opens=java.base/java.util.concurrent.atomic=ALL-UNNAMED --add-opens=java.xml/javax.xml.namespace=ALL-UNNAMED -Xmx2048m -Dfile.encoding=UTF-8 -Duser.country=US -Duser.language=en -Duser.variant -javaagent:C:\Users\ma725\.gradle\wrapper\dists\gradle-8.11.1-bin\bpt9gzteqjrbo1mjrsomdt32c\gradle-8.11.1\lib\agents\gradle-instrumentation-agent-8.11.1.jar org.gradle.launcher.daemon.bootstrap.GradleDaemon 8.11.1

Host: 12th Gen Intel(R) Core(TM) i5-12450H, 12 cores, 7G,  Windows 11 , 64 bit Build 26100 (10.0.26100.3775)
Time: Sun May 25 19:47:40 2025 Bangladesh Standard Time elapsed time: 4.199301 seconds (0d 0h 0m 4s)

---------------  T H R E A D  ---------------

Current thread (0x00000258df5c9550):  JavaThread "C2 CompilerThread2" daemon [_thread_in_native, id=18892, stack(0x0000008e9e000000,0x0000008e9e100000) (1024K)]


Current CompileTask:
C2:4199 5172   !   4       java.net.URLClassLoader::findClass (47 bytes)

Stack: [0x0000008e9e000000,0x0000008e9e100000]
Native frames: (J=compiled Java code, j=interpreted, Vv=VM code, C=native code)
V  [jvm.dll+0x6cfb29]
V  [jvm.dll+0x85ded3]
V  [jvm.dll+0x86042e]
V  [jvm.dll+0x860b13]
V  [jvm.dll+0x27e6b6]
V  [jvm.dll+0xbff6d]
V  [jvm.dll+0xc04a3]
V  [jvm.dll+0x3b5ffb]
V  [jvm.dll+0x1de664]
V  [jvm.dll+0x247db4]
V  [jvm.dll+0x247231]
V  [jvm.dll+0x1c5ee4]
V  [jvm.dll+0x25697c]
V  [jvm.dll+0x254ec6]
V  [jvm.dll+0x3f0ce6]
V  [jvm.dll+0x806368]
V  [jvm.dll+0x6ce3fd]
C  [ucrtbase.dll+0x37b0]
C  [KERNEL32.DLL+0x2e8d7]
C  [ntdll.dll+0xb14fc]


---------------  P R O C E S S  ---------------

Threads class SMR info:
_java_thread_list=0x00000258e226f0f0, length=34, elements={
0x00000258c0f062e0, 0x00000258df089d40, 0x00000258df08c7a0, 0x00000258df098680,
0x00000258df0990d0, 0x00000258df0aa950, 0x00000258df0aafb0, 0x00000258df0aba00,
0x00000258df0b8590, 0x00000258df14f960, 0x00000258df39f930, 0x00000258df3fde70,
0x00000258df5c9550, 0x00000258e0e4d4f0, 0x00000258e0d7a020, 0x00000258e04555f0,
0x00000258e0eaded0, 0x00000258e0eae530, 0x00000258e0eaeb90, 0x00000258e0eaf800,
0x00000258e1155120, 0x00000258e0f7efb0, 0x00000258e0f758e0, 0x00000258e0f75f70,
0x00000258e0f77320, 0x00000258e0f76600, 0x00000258e0f76c90, 0x00000258e0f779b0,
0x00000258e0f78040, 0x00000258e0f74bc0, 0x00000258e0f75250, 0x00000258e4c7a0a0,
0x00000258e4c7bae0, 0x00000258e4c7adc0
}

Java Threads: ( => current thread )
  0x00000258c0f062e0 JavaThread "main"                              [_thread_blocked, id=18604, stack(0x0000008e9cd00000,0x0000008e9ce00000) (1024K)]
  0x00000258df089d40 JavaThread "Reference Handler"          daemon [_thread_blocked, id=19916, stack(0x0000008e9d500000,0x0000008e9d600000) (1024K)]
  0x00000258df08c7a0 JavaThread "Finalizer"                  daemon [_thread_blocked, id=10784, stack(0x0000008e9d600000,0x0000008e9d700000) (1024K)]
  0x00000258df098680 JavaThread "Signal Dispatcher"          daemon [_thread_blocked, id=15996, stack(0x0000008e9d700000,0x0000008e9d800000) (1024K)]
  0x00000258df0990d0 JavaThread "Attach Listener"            daemon [_thread_blocked, id=15592, stack(0x0000008e9d800000,0x0000008e9d900000) (1024K)]
  0x00000258df0aa950 JavaThread "Service Thread"             daemon [_thread_blocked, id=3780, stack(0x0000008e9d900000,0x0000008e9da00000) (1024K)]
  0x00000258df0aafb0 JavaThread "Monitor Deflation Thread"   daemon [_thread_blocked, id=14596, stack(0x0000008e9da00000,0x0000008e9db00000) (1024K)]
  0x00000258df0aba00 JavaThread "C2 CompilerThread0"         daemon [_thread_in_native, id=4300, stack(0x0000008e9db00000,0x0000008e9dc00000) (1024K)]
  0x00000258df0b8590 JavaThread "C1 CompilerThread0"         daemon [_thread_blocked, id=10776, stack(0x0000008e9dc00000,0x0000008e9dd00000) (1024K)]
  0x00000258df14f960 JavaThread "Common-Cleaner"             daemon [_thread_blocked, id=8428, stack(0x0000008e9dd00000,0x0000008e9de00000) (1024K)]
  0x00000258df39f930 JavaThread "Notification Thread"        daemon [_thread_blocked, id=10588, stack(0x0000008e9de00000,0x0000008e9df00000) (1024K)]
  0x00000258df3fde70 JavaThread "C2 CompilerThread1"         daemon [_thread_in_native, id=4060, stack(0x0000008e9df00000,0x0000008e9e000000) (1024K)]
=>0x00000258df5c9550 JavaThread "C2 CompilerThread2"         daemon [_thread_in_native, id=18892, stack(0x0000008e9e000000,0x0000008e9e100000) (1024K)]
  0x00000258e0e4d4f0 JavaThread "Daemon health stats"               [_thread_blocked, id=15644, stack(0x0000008e9e700000,0x0000008e9e800000) (1024K)]
  0x00000258e0d7a020 JavaThread "Incoming local TCP Connector on port 58134"        [_thread_in_native, id=13048, stack(0x0000008e9e800000,0x0000008e9e900000) (1024K)]
  0x00000258e04555f0 JavaThread "Daemon periodic checks"            [_thread_blocked, id=17676, stack(0x0000008e9e900000,0x0000008e9ea00000) (1024K)]
  0x00000258e0eaded0 JavaThread "Daemon"                            [_thread_blocked, id=13744, stack(0x0000008e9ea00000,0x0000008e9eb00000) (1024K)]
  0x00000258e0eae530 JavaThread "Handler for socket connection from /127.0.0.1:58134 to /127.0.0.1:58135"        [_thread_in_native, id=10236, stack(0x0000008e9eb00000,0x0000008e9ec00000) (1024K)]
  0x00000258e0eaeb90 JavaThread "Cancel handler"                    [_thread_blocked, id=17864, stack(0x0000008e9ec00000,0x0000008e9ed00000) (1024K)]
  0x00000258e0eaf800 JavaThread "Daemon worker"                     [_thread_in_vm, id=11040, stack(0x0000008e9ed00000,0x0000008e9ee00000) (1024K)]
  0x00000258e1155120 JavaThread "Asynchronous log dispatcher for DefaultDaemonConnection: socket connection from /127.0.0.1:58134 to /127.0.0.1:58135"        [_thread_blocked, id=2212, stack(0x0000008e9ee00000,0x0000008e9ef00000) (1024K)]
  0x00000258e0f7efb0 JavaThread "Stdin handler"                     [_thread_blocked, id=5588, stack(0x0000008e9ef00000,0x0000008e9f000000) (1024K)]
  0x00000258e0f758e0 JavaThread "Daemon client event forwarder"        [_thread_blocked, id=15640, stack(0x0000008e9f000000,0x0000008e9f100000) (1024K)]
  0x00000258e0f75f70 JavaThread "Cache worker for journal cache (C:\Users\ma725\.gradle\caches\journal-1)"        [_thread_blocked, id=4964, stack(0x0000008e9f600000,0x0000008e9f700000) (1024K)]
  0x00000258e0f77320 JavaThread "File lock request listener"        [_thread_in_native, id=18724, stack(0x0000008e9f700000,0x0000008e9f800000) (1024K)]
  0x00000258e0f76600 JavaThread "Cache worker for file hash cache (C:\Users\ma725\.gradle\caches\8.11.1\fileHashes)"        [_thread_blocked, id=20084, stack(0x0000008e9f800000,0x0000008e9f900000) (1024K)]
  0x00000258e0f76c90 JavaThread "Cache worker for file content cache (C:\Users\ma725\.gradle\caches\8.11.1\fileContent)"        [_thread_blocked, id=7244, stack(0x0000008e9f900000,0x0000008e9fa00000) (1024K)]
  0x00000258e0f779b0 JavaThread "Cache worker for file hash cache (E:\YourClass\.gradle\8.11.1\fileHashes)"        [_thread_blocked, id=14856, stack(0x0000008e9fa00000,0x0000008e9fb00000) (1024K)]
  0x00000258e0f78040 JavaThread "Cache worker for Build Output Cleanup Cache (E:\YourClass\.gradle\buildOutputCleanup)"        [_thread_blocked, id=13168, stack(0x0000008e9fb00000,0x0000008e9fc00000) (1024K)]
  0x00000258e0f74bc0 JavaThread "File watcher server"        daemon [_thread_in_native, id=8408, stack(0x0000008e9fc00000,0x0000008e9fd00000) (1024K)]
  0x00000258e0f75250 JavaThread "File watcher consumer"      daemon [_thread_blocked, id=5504, stack(0x0000008e9fd00000,0x0000008e9fe00000) (1024K)]
  0x00000258e4c7a0a0 JavaThread "Cache worker for checksums cache (E:\YourClass\.gradle\8.11.1\checksums)"        [_thread_blocked, id=9692, stack(0x0000008e9fe00000,0x0000008e9ff00000) (1024K)]
  0x00000258e4c7bae0 JavaThread "Cache worker for cache directory md-rule (C:\Users\ma725\.gradle\caches\8.11.1\md-rule)"        [_thread_blocked, id=2644, stack(0x0000008e9ff00000,0x0000008ea0000000) (1024K)]
  0x00000258e4c7adc0 JavaThread "Cache worker for cache directory md-supplier (C:\Users\ma725\.gradle\caches\8.11.1\md-supplier)"        [_thread_blocked, id=19560, stack(0x0000008ea0000000,0x0000008ea0100000) (1024K)]
Total: 34

Other Threads:
  0x00000258dacfe730 VMThread "VM Thread"                           [id=5756, stack(0x0000008e9d400000,0x0000008e9d500000) (1024K)]
  0x00000258dac9e8c0 WatcherThread "VM Periodic Task Thread"        [id=11840, stack(0x0000008e9d300000,0x0000008e9d400000) (1024K)]
  0x00000258c32133a0 WorkerThread "GC Thread#0"                     [id=5624, stack(0x0000008e9ce00000,0x0000008e9cf00000) (1024K)]
  0x00000258df7472d0 WorkerThread "GC Thread#1"                     [id=18316, stack(0x0000008e9e100000,0x0000008e9e200000) (1024K)]
  0x00000258df5c91a0 WorkerThread "GC Thread#2"                     [id=10048, stack(0x0000008e9e200000,0x0000008e9e300000) (1024K)]
  0x00000258e04fa980 WorkerThread "GC Thread#3"                     [id=17220, stack(0x0000008e9e300000,0x0000008e9e400000) (1024K)]
  0x00000258e000a720 WorkerThread "GC Thread#4"                     [id=15512, stack(0x0000008e9e400000,0x0000008e9e500000) (1024K)]
  0x00000258e04c59a0 WorkerThread "GC Thread#5"                     [id=7876, stack(0x0000008e9e500000,0x0000008e9e600000) (1024K)]
  0x00000258e0c8a910 WorkerThread "GC Thread#6"                     [id=11992, stack(0x0000008e9e600000,0x0000008e9e700000) (1024K)]
  0x00000258e10d9b80 WorkerThread "GC Thread#7"                     [id=19416, stack(0x0000008e9f100000,0x0000008e9f200000) (1024K)]
  0x00000258e10d8d00 WorkerThread "GC Thread#8"                     [id=3716, stack(0x0000008e9f200000,0x0000008e9f300000) (1024K)]
  0x00000258e10d8960 WorkerThread "GC Thread#9"                     [id=5256, stack(0x0000008e9f300000,0x0000008e9f400000) (1024K)]
  0x00000258c32252a0 ConcurrentGCThread "G1 Main Marker"            [id=18176, stack(0x0000008e9cf00000,0x0000008e9d000000) (1024K)]
  0x00000258c3225cb0 WorkerThread "G1 Conc#0"                       [id=8332, stack(0x0000008e9d000000,0x0000008e9d100000) (1024K)]
  0x00000258e10d8220 WorkerThread "G1 Conc#1"                       [id=9956, stack(0x0000008e9f400000,0x0000008e9f500000) (1024K)]
  0x00000258e10d97e0 WorkerThread "G1 Conc#2"                       [id=7200, stack(0x0000008e9f500000,0x0000008e9f600000) (1024K)]
  0x00000258dab733e0 ConcurrentGCThread "G1 Refine#0"               [id=13216, stack(0x0000008e9d100000,0x0000008e9d200000) (1024K)]
  0x00000258dab73d00 ConcurrentGCThread "G1 Service"                [id=16944, stack(0x0000008e9d200000,0x0000008e9d300000) (1024K)]
Total: 18

Threads with active compile tasks:
C2 CompilerThread0  4213 5174   !   4       java.net.URLClassLoader$1::run (81 bytes)
C2 CompilerThread1  4213 5173       4       java.net.URLClassLoader$1::run (5 bytes)
C2 CompilerThread2  4213 5172   !   4       java.net.URLClassLoader::findClass (47 bytes)
Total: 3

VM state: not at safepoint (normal execution)

VM Mutex/Monitor currently owned by a thread: None

Heap address: 0x0000000080000000, size: 2048 MB, Compressed Oops mode: 32-bit

CDS archive(s) not mapped
Compressed class space mapped at: 0x0000000100000000-0x0000000140000000, reserved size: 1073741824
Narrow klass base: 0x0000000000000000, Narrow klass shift: 3, Narrow klass range: 0x140000000

GC Precious Log:
 CardTable entry size: 512
 Card Set container configuration: InlinePtr #cards 5 size 8 Array Of Cards #cards 12 size 40 Howl #buckets 4 coarsen threshold 1843 Howl Bitmap #cards 512 size 80 coarsen threshold 460 Card regions per heap region 1 cards per card region 2048
 CPUs: 12 total, 12 available
 Memory: 7860M
 Large Page Support: Disabled
 NUMA Support: Disabled
 Compressed Oops: Enabled (32-bit)
 Heap Region Size: 1M
 Heap Min Capacity: 8M
 Heap Initial Capacity: 124M
 Heap Max Capacity: 2G
 Pre-touch: Disabled
 Parallel Workers: 10
 Concurrent Workers: 3
 Concurrent Refinement Workers: 10
 Periodic GC: Disabled

Heap:
 garbage-first heap   total 89088K, used 65058K [0x0000000080000000, 0x0000000100000000)
  region size 1024K, 31 young (31744K), 3 survivors (3072K)
 Metaspace       used 62505K, committed 64128K, reserved 1114112K
  class space    used 8561K, committed 9344K, reserved 1048576K

Heap Regions: E=young(eden), S=young(survivor), O=old, HS=humongous(starts), HC=humongous(continues), CS=collection set, F=free, TAMS=top-at-mark-start, PB=parsable bottom
|   0|0x0000000080000000, 0x0000000080100000, 0x0000000080100000|100%| O|  |TAMS 0x0000000080000000| PB 0x0000000080000000| Untracked 
|   1|0x0000000080100000, 0x0000000080200000, 0x0000000080200000|100%|HS|  |TAMS 0x0000000080100000| PB 0x0000000080100000| Complete 
|   2|0x0000000080200000, 0x0000000080300000, 0x0000000080300000|100%|HC|  |TAMS 0x0000000080200000| PB 0x0000000080200000| Complete 
|   3|0x0000000080300000, 0x0000000080400000, 0x0000000080400000|100%|HC|  |TAMS 0x0000000080300000| PB 0x0000000080300000| Complete 
|   4|0x0000000080400000, 0x0000000080500000, 0x0000000080500000|100%| O|  |TAMS 0x0000000080400000| PB 0x0000000080400000| Untracked 
|   5|0x0000000080500000, 0x0000000080600000, 0x0000000080600000|100%| O|  |TAMS 0x0000000080500000| PB 0x0000000080500000| Untracked 
|   6|0x0000000080600000, 0x0000000080700000, 0x0000000080700000|100%| O|  |TAMS 0x0000000080600000| PB 0x0000000080600000| Untracked 
|   7|0x0000000080700000, 0x0000000080800000, 0x0000000080800000|100%|HS|  |TAMS 0x0000000080700000| PB 0x0000000080700000| Complete 
|   8|0x0000000080800000, 0x0000000080900000, 0x0000000080900000|100%| O|  |TAMS 0x0000000080800000| PB 0x0000000080800000| Untracked 
|   9|0x0000000080900000, 0x0000000080a00000, 0x0000000080a00000|100%| O|  |TAMS 0x0000000080900000| PB 0x0000000080900000| Untracked 
|  10|0x0000000080a00000, 0x0000000080b00000, 0x0000000080b00000|100%| O|  |TAMS 0x0000000080a00000| PB 0x0000000080a00000| Untracked 
|  11|0x0000000080b00000, 0x0000000080c00000, 0x0000000080c00000|100%| O|  |TAMS 0x0000000080b00000| PB 0x0000000080b00000| Untracked 
|  12|0x0000000080c00000, 0x0000000080d00000, 0x0000000080d00000|100%| O|Cm|TAMS 0x0000000080c00000| PB 0x0000000080c00000| Complete 
|  13|0x0000000080d00000, 0x0000000080e00000, 0x0000000080e00000|100%| O|  |TAMS 0x0000000080d00000| PB 0x0000000080d00000| Untracked 
|  14|0x0000000080e00000, 0x0000000080f00000, 0x0000000080f00000|100%| O|  |TAMS 0x0000000080e00000| PB 0x0000000080e00000| Untracked 
|  15|0x0000000080f00000, 0x0000000081000000, 0x0000000081000000|100%| O|  |TAMS 0x0000000080f00000| PB 0x0000000080f00000| Untracked 
|  16|0x0000000081000000, 0x0000000081100000, 0x0000000081100000|100%| O|  |TAMS 0x0000000081000000| PB 0x0000000081000000| Untracked 
|  17|0x0000000081100000, 0x0000000081200000, 0x0000000081200000|100%| O|  |TAMS 0x0000000081100000| PB 0x0000000081100000| Untracked 
|  18|0x0000000081200000, 0x0000000081300000, 0x0000000081300000|100%| O|  |TAMS 0x0000000081200000| PB 0x0000000081200000| Untracked 
|  19|0x0000000081300000, 0x0000000081400000, 0x0000000081400000|100%| O|  |TAMS 0x0000000081300000| PB 0x0000000081300000| Untracked 
|  20|0x0000000081400000, 0x0000000081500000, 0x0000000081500000|100%| O|  |TAMS 0x0000000081400000| PB 0x0000000081400000| Untracked 
|  21|0x0000000081500000, 0x0000000081600000, 0x0000000081600000|100%| O|  |TAMS 0x0000000081500000| PB 0x0000000081500000| Untracked 
|  22|0x0000000081600000, 0x0000000081700000, 0x0000000081700000|100%| O|  |TAMS 0x0000000081600000| PB 0x0000000081600000| Untracked 
|  23|0x0000000081700000, 0x0000000081800000, 0x0000000081800000|100%| O|  |TAMS 0x0000000081700000| PB 0x0000000081700000| Untracked 
|  24|0x0000000081800000, 0x0000000081900000, 0x0000000081900000|100%| O|  |TAMS 0x0000000081800000| PB 0x0000000081800000| Untracked 
|  25|0x0000000081900000, 0x0000000081a00000, 0x0000000081a00000|100%| O|  |TAMS 0x0000000081900000| PB 0x0000000081900000| Untracked 
|  26|0x0000000081a00000, 0x0000000081b00000, 0x0000000081b00000|100%| O|  |TAMS 0x0000000081a00000| PB 0x0000000081a00000| Untracked 
|  27|0x0000000081b00000, 0x0000000081c00000, 0x0000000081c00000|100%| O|  |TAMS 0x0000000081b00000| PB 0x0000000081b00000| Untracked 
|  28|0x0000000081c00000, 0x0000000081d00000, 0x0000000081d00000|100%| O|  |TAMS 0x0000000081c00000| PB 0x0000000081c00000| Untracked 
|  29|0x0000000081d00000, 0x0000000081d08580, 0x0000000081e00000|  3%| O|  |TAMS 0x0000000081d00000| PB 0x0000000081d00000| Untracked 
|  30|0x0000000081e00000, 0x0000000081e00000, 0x0000000081f00000|  0%| F|  |TAMS 0x0000000081e00000| PB 0x0000000081e00000| Untracked 
|  31|0x0000000081f00000, 0x0000000081f00000, 0x0000000082000000|  0%| F|  |TAMS 0x0000000081f00000| PB 0x0000000081f00000| Untracked 
|  32|0x0000000082000000, 0x0000000082000000, 0x0000000082100000|  0%| F|  |TAMS 0x0000000082000000| PB 0x0000000082000000| Untracked 
|  33|0x0000000082100000, 0x0000000082200000, 0x0000000082200000|100%| O|  |TAMS 0x0000000082100000| PB 0x0000000082100000| Untracked 
|  34|0x0000000082200000, 0x0000000082300000, 0x0000000082300000|100%| O|  |TAMS 0x0000000082200000| PB 0x0000000082200000| Untracked 
|  35|0x0000000082300000, 0x0000000082400000, 0x0000000082400000|100%| O|  |TAMS 0x0000000082300000| PB 0x0000000082300000| Untracked 
|  36|0x0000000082400000, 0x0000000082500000, 0x0000000082500000|100%| O|  |TAMS 0x0000000082400000| PB 0x0000000082400000| Untracked 
|  37|0x0000000082500000, 0x0000000082600000, 0x0000000082600000|100%| O|  |TAMS 0x0000000082500000| PB 0x0000000082500000| Untracked 
|  38|0x0000000082600000, 0x0000000082600000, 0x0000000082700000|  0%| F|  |TAMS 0x0000000082600000| PB 0x0000000082600000| Untracked 
|  39|0x0000000082700000, 0x0000000082700000, 0x0000000082800000|  0%| F|  |TAMS 0x0000000082700000| PB 0x0000000082700000| Untracked 
|  40|0x0000000082800000, 0x0000000082800000, 0x0000000082900000|  0%| F|  |TAMS 0x0000000082800000| PB 0x0000000082800000| Untracked 
|  41|0x0000000082900000, 0x0000000082900000, 0x0000000082a00000|  0%| F|  |TAMS 0x0000000082900000| PB 0x0000000082900000| Untracked 
|  42|0x0000000082a00000, 0x0000000082a00000, 0x0000000082b00000|  0%| F|  |TAMS 0x0000000082a00000| PB 0x0000000082a00000| Untracked 
|  43|0x0000000082b00000, 0x0000000082b00000, 0x0000000082c00000|  0%| F|  |TAMS 0x0000000082b00000| PB 0x0000000082b00000| Untracked 
|  44|0x0000000082c00000, 0x0000000082c00000, 0x0000000082d00000|  0%| F|  |TAMS 0x0000000082c00000| PB 0x0000000082c00000| Untracked 
|  45|0x0000000082d00000, 0x0000000082d00000, 0x0000000082e00000|  0%| F|  |TAMS 0x0000000082d00000| PB 0x0000000082d00000| Untracked 
|  46|0x0000000082e00000, 0x0000000082e00000, 0x0000000082f00000|  0%| F|  |TAMS 0x0000000082e00000| PB 0x0000000082e00000| Untracked 
|  47|0x0000000082f00000, 0x0000000082f00000, 0x0000000083000000|  0%| F|  |TAMS 0x0000000082f00000| PB 0x0000000082f00000| Untracked 
|  48|0x0000000083000000, 0x0000000083000000, 0x0000000083100000|  0%| F|  |TAMS 0x0000000083000000| PB 0x0000000083000000| Untracked 
|  49|0x0000000083100000, 0x0000000083100000, 0x0000000083200000|  0%| F|  |TAMS 0x0000000083100000| PB 0x0000000083100000| Untracked 
|  50|0x0000000083200000, 0x0000000083200000, 0x0000000083300000|  0%| F|  |TAMS 0x0000000083200000| PB 0x0000000083200000| Untracked 
|  51|0x0000000083300000, 0x0000000083300000, 0x0000000083400000|  0%| F|  |TAMS 0x0000000083300000| PB 0x0000000083300000| Untracked 
|  52|0x0000000083400000, 0x0000000083400000, 0x0000000083500000|  0%| F|  |TAMS 0x0000000083400000| PB 0x0000000083400000| Untracked 
|  53|0x0000000083500000, 0x0000000083500000, 0x0000000083600000|  0%| F|  |TAMS 0x0000000083500000| PB 0x0000000083500000| Untracked 
|  54|0x0000000083600000, 0x0000000083600000, 0x0000000083700000|  0%| F|  |TAMS 0x0000000083600000| PB 0x0000000083600000| Untracked 
|  55|0x0000000083700000, 0x0000000083700000, 0x0000000083800000|  0%| F|  |TAMS 0x0000000083700000| PB 0x0000000083700000| Untracked 
|  56|0x0000000083800000, 0x0000000083880000, 0x0000000083900000| 50%| E|  |TAMS 0x0000000083800000| PB 0x0000000083800000| Complete 
|  57|0x0000000083900000, 0x0000000083a00000, 0x0000000083a00000|100%| E|CS|TAMS 0x0000000083900000| PB 0x0000000083900000| Complete 
|  58|0x0000000083a00000, 0x0000000083b00000, 0x0000000083b00000|100%| E|CS|TAMS 0x0000000083a00000| PB 0x0000000083a00000| Complete 
|  59|0x0000000083b00000, 0x0000000083c00000, 0x0000000083c00000|100%| E|CS|TAMS 0x0000000083b00000| PB 0x0000000083b00000| Complete 
|  60|0x0000000083c00000, 0x0000000083d00000, 0x0000000083d00000|100%| E|CS|TAMS 0x0000000083c00000| PB 0x0000000083c00000| Complete 
|  61|0x0000000083d00000, 0x0000000083e00000, 0x0000000083e00000|100%| E|CS|TAMS 0x0000000083d00000| PB 0x0000000083d00000| Complete 
|  62|0x0000000083e00000, 0x0000000083f00000, 0x0000000083f00000|100%| E|CS|TAMS 0x0000000083e00000| PB 0x0000000083e00000| Complete 
|  63|0x0000000083f00000, 0x0000000084000000, 0x0000000084000000|100%| E|CS|TAMS 0x0000000083f00000| PB 0x0000000083f00000| Complete 
|  64|0x0000000084000000, 0x0000000084100000, 0x0000000084100000|100%| E|CS|TAMS 0x0000000084000000| PB 0x0000000084000000| Complete 
|  65|0x0000000084100000, 0x0000000084200000, 0x0000000084200000|100%| E|CS|TAMS 0x0000000084100000| PB 0x0000000084100000| Complete 
|  66|0x0000000084200000, 0x0000000084300000, 0x0000000084300000|100%| E|CS|TAMS 0x0000000084200000| PB 0x0000000084200000| Complete 
|  67|0x0000000084300000, 0x0000000084400000, 0x0000000084400000|100%| E|CS|TAMS 0x0000000084300000| PB 0x0000000084300000| Complete 
|  68|0x0000000084400000, 0x0000000084500000, 0x0000000084500000|100%| E|CS|TAMS 0x0000000084400000| PB 0x0000000084400000| Complete 
|  69|0x0000000084500000, 0x0000000084600000, 0x0000000084600000|100%| E|CS|TAMS 0x0000000084500000| PB 0x0000000084500000| Complete 
|  70|0x0000000084600000, 0x0000000084700000, 0x0000000084700000|100%| E|CS|TAMS 0x0000000084600000| PB 0x0000000084600000| Complete 
|  71|0x0000000084700000, 0x0000000084800000, 0x0000000084800000|100%| E|CS|TAMS 0x0000000084700000| PB 0x0000000084700000| Complete 
|  72|0x0000000084800000, 0x0000000084900000, 0x0000000084900000|100%| E|CS|TAMS 0x0000000084800000| PB 0x0000000084800000| Complete 
|  73|0x0000000084900000, 0x0000000084980610, 0x0000000084a00000| 50%| S|CS|TAMS 0x0000000084900000| PB 0x0000000084900000| Complete 
|  74|0x0000000084a00000, 0x0000000084b00000, 0x0000000084b00000|100%| S|CS|TAMS 0x0000000084a00000| PB 0x0000000084a00000| Complete 
|  75|0x0000000084b00000, 0x0000000084c00000, 0x0000000084c00000|100%| S|CS|TAMS 0x0000000084b00000| PB 0x0000000084b00000| Complete 
|  76|0x0000000084c00000, 0x0000000084d00000, 0x0000000084d00000|100%| E|CS|TAMS 0x0000000084c00000| PB 0x0000000084c00000| Complete 
|  77|0x0000000084d00000, 0x0000000084e00000, 0x0000000084e00000|100%| E|CS|TAMS 0x0000000084d00000| PB 0x0000000084d00000| Complete 
|  78|0x0000000084e00000, 0x0000000084f00000, 0x0000000084f00000|100%| E|CS|TAMS 0x0000000084e00000| PB 0x0000000084e00000| Complete 
|  79|0x0000000084f00000, 0x0000000085000000, 0x0000000085000000|100%| E|CS|TAMS 0x0000000084f00000| PB 0x0000000084f00000| Complete 
|  80|0x0000000085000000, 0x0000000085100000, 0x0000000085100000|100%| E|CS|TAMS 0x0000000085000000| PB 0x0000000085000000| Complete 
|  81|0x0000000085100000, 0x0000000085200000, 0x0000000085200000|100%| E|CS|TAMS 0x0000000085100000| PB 0x0000000085100000| Complete 
|  82|0x0000000085200000, 0x0000000085300000, 0x0000000085300000|100%| E|CS|TAMS 0x0000000085200000| PB 0x0000000085200000| Complete 
|  83|0x0000000085300000, 0x0000000085400000, 0x0000000085400000|100%| E|CS|TAMS 0x0000000085300000| PB 0x0000000085300000| Complete 
|  84|0x0000000085400000, 0x0000000085500000, 0x0000000085500000|100%| E|CS|TAMS 0x0000000085400000| PB 0x0000000085400000| Complete 
|  85|0x0000000085500000, 0x0000000085600000, 0x0000000085600000|100%| E|CS|TAMS 0x0000000085500000| PB 0x0000000085500000| Complete 
| 123|0x0000000087b00000, 0x0000000087c00000, 0x0000000087c00000|100%| E|CS|TAMS 0x0000000087b00000| PB 0x0000000087b00000| Complete 

Card table byte_map: [0x00000258d5c60000,0x00000258d6060000] _byte_map_base: 0x00000258d5860000

Marking Bits: (CMBitMap*) 0x00000258c32139b0
 Bits: [0x00000258d6060000, 0x00000258d8060000)

Polling page: 0x00000258c0eb0000

Metaspace:

Usage:
  Non-class:     52.69 MB used.
      Class:      8.36 MB used.
       Both:     61.05 MB used.

Virtual space:
  Non-class space:       64.00 MB reserved,      53.50 MB ( 84%) committed,  1 nodes.
      Class space:        1.00 GB reserved,       9.12 MB ( <1%) committed,  1 nodes.
             Both:        1.06 GB reserved,      62.62 MB (  6%) committed. 

Chunk freelists:
   Non-Class:  9.72 MB
       Class:  6.73 MB
        Both:  16.45 MB

MaxMetaspaceSize: unlimited
CompressedClassSpaceSize: 1.00 GB
Initial GC threshold: 21.00 MB
Current GC threshold: 98.38 MB
CDS: off
 - commit_granule_bytes: 65536.
 - commit_granule_words: 8192.
 - virtual_space_node_default_size: 8388608.
 - enlarge_chunks_in_place: 1.
 - use_allocation_guard: 0.


Internal statistics:

num_allocs_failed_limit: 9.
num_arena_births: 2902.
num_arena_deaths: 0.
num_vsnodes_births: 2.
num_vsnodes_deaths: 0.
num_space_committed: 1002.
num_space_uncommitted: 0.
num_chunks_returned_to_freelist: 9.
num_chunks_taken_from_freelist: 5407.
num_chunk_merges: 9.
num_chunk_splits: 3517.
num_chunks_enlarged: 2206.
num_inconsistent_stats: 0.

CodeHeap 'non-profiled nmethods': size=120000Kb used=2988Kb max_used=2988Kb free=117011Kb
 bounds [0x00000258cdde0000, 0x00000258ce0d0000, 0x00000258d5310000]
CodeHeap 'profiled nmethods': size=120000Kb used=8726Kb max_used=8726Kb free=111273Kb
 bounds [0x00000258c6310000, 0x00000258c6ba0000, 0x00000258cd840000]
CodeHeap 'non-nmethods': size=5760Kb used=1966Kb max_used=1998Kb free=3793Kb
 bounds [0x00000258cd840000, 0x00000258cdab0000, 0x00000258cdde0000]
 total_blobs=5394 nmethods=4652 adapters=646
 compilation: enabled
              stopped_count=0, restarted_count=0
 full_count=0

Compilation events (20 events):
Event: 4.116 Thread 0x00000258df0b8590 5222       3       com.google.common.collect.ImmutableSet$CachingAsList::<init> (5 bytes)
Event: 4.116 Thread 0x00000258df0b8590 nmethod 5222 0x00000258c6b8a310 code [0x00000258c6b8a4c0, 0x00000258c6b8a740]
Event: 4.116 Thread 0x00000258df0b8590 5225       3       sun.reflect.generics.parser.SignatureParser::parseZeroOrMoreTypeSignatures (174 bytes)
Event: 4.117 Thread 0x00000258df0b8590 nmethod 5225 0x00000258c6b8a890 code [0x00000258c6b8ab00, 0x00000258c6b8b7c8]
Event: 4.117 Thread 0x00000258df0b8590 5223       3       sun.reflect.generics.scope.AbstractScope::lookup (66 bytes)
Event: 4.117 Thread 0x00000258df0b8590 nmethod 5223 0x00000258c6b8bb90 code [0x00000258c6b8bdc0, 0x00000258c6b8c578]
Event: 4.117 Thread 0x00000258df0b8590 5228       3       org.gradle.internal.instantiation.generator.AsmBackedClassGenerator$ClassBuilderImpl::applyConventionMappingToGetter (64 bytes)
Event: 4.118 Thread 0x00000258df0b8590 nmethod 5228 0x00000258c6b8c810 code [0x00000258c6b8ca80, 0x00000258c6b8d6f0]
Event: 4.118 Thread 0x00000258df0b8590 5224       3       sun.reflect.generics.parser.SignatureParser::parseFormalParameters (49 bytes)
Event: 4.118 Thread 0x00000258df0b8590 nmethod 5224 0x00000258c6b8db10 code [0x00000258c6b8dd20, 0x00000258c6b8e028]
Event: 4.118 Thread 0x00000258df0b8590 5226       3       sun.reflect.generics.parser.SignatureParser::parseReturnType (22 bytes)
Event: 4.118 Thread 0x00000258df0b8590 nmethod 5226 0x00000258c6b8e190 code [0x00000258c6b8e360, 0x00000258c6b8e5d0]
Event: 4.118 Thread 0x00000258df0b8590 5227       1       com.google.common.collect.LinkedHashMultimap$ValueSet::setSuccessorInValueSet (6 bytes)
Event: 4.118 Thread 0x00000258df0b8590 nmethod 5227 0x00000258ce0ca790 code [0x00000258ce0ca920, 0x00000258ce0caa30]
Event: 4.118 Thread 0x00000258df0b8590 5221       1       sun.reflect.generics.tree.Wildcard::getUpperBounds (5 bytes)
Event: 4.118 Thread 0x00000258df0b8590 nmethod 5221 0x00000258ce0caa90 code [0x00000258ce0cac20, 0x00000258ce0cace8]
Event: 4.123 Thread 0x00000258df0b8590 5230       1       org.gradle.internal.operations.BuildOperationDescriptor::getParentId (5 bytes)
Event: 4.123 Thread 0x00000258df0b8590 nmethod 5230 0x00000258ce0cb090 code [0x00000258ce0cb220, 0x00000258ce0cb2e8]
Event: 4.134 Thread 0x00000258df0b8590 5231   !   3       java.util.concurrent.ConcurrentHashMap::computeIfAbsent (576 bytes)
Event: 4.136 Thread 0x00000258df0b8590 nmethod 5231 0x00000258c6b8e710 code [0x00000258c6b8eb60, 0x00000258c6b90d90]

GC Heap History (20 events):
Event: 0.932 GC heap before
{Heap before GC invocations=2 (full 0):
 garbage-first heap   total 126976K, used 61215K [0x0000000080000000, 0x0000000100000000)
  region size 1024K, 52 young (53248K), 5 survivors (5120K)
 Metaspace       used 14240K, committed 14528K, reserved 1114112K
  class space    used 1560K, committed 1728K, reserved 1048576K
}
Event: 0.939 GC heap after
{Heap after GC invocations=3 (full 0):
 garbage-first heap   total 126976K, used 17900K [0x0000000080000000, 0x0000000100000000)
  region size 1024K, 6 young (6144K), 6 survivors (6144K)
 Metaspace       used 14240K, committed 14528K, reserved 1114112K
  class space    used 1560K, committed 1728K, reserved 1048576K
}
Event: 1.267 GC heap before
{Heap before GC invocations=3 (full 0):
 garbage-first heap   total 126976K, used 41452K [0x0000000080000000, 0x0000000100000000)
  region size 1024K, 30 young (30720K), 6 survivors (6144K)
 Metaspace       used 21159K, committed 21504K, reserved 1114112K
  class space    used 2438K, committed 2624K, reserved 1048576K
}
Event: 1.270 GC heap after
{Heap after GC invocations=4 (full 0):
 garbage-first heap   total 126976K, used 20523K [0x0000000080000000, 0x0000000100000000)
  region size 1024K, 3 young (3072K), 3 survivors (3072K)
 Metaspace       used 21159K, committed 21504K, reserved 1114112K
  class space    used 2438K, committed 2624K, reserved 1048576K
}
Event: 1.825 GC heap before
{Heap before GC invocations=5 (full 0):
 garbage-first heap   total 71680K, used 69675K [0x0000000080000000, 0x0000000100000000)
  region size 1024K, 52 young (53248K), 3 survivors (3072K)
 Metaspace       used 29280K, committed 29824K, reserved 1114112K
  class space    used 3735K, committed 3968K, reserved 1048576K
}
Event: 1.829 GC heap after
{Heap after GC invocations=6 (full 0):
 garbage-first heap   total 77824K, used 23291K [0x0000000080000000, 0x0000000100000000)
  region size 1024K, 6 young (6144K), 6 survivors (6144K)
 Metaspace       used 29280K, committed 29824K, reserved 1114112K
  class space    used 3735K, committed 3968K, reserved 1048576K
}
Event: 2.175 GC heap before
{Heap before GC invocations=6 (full 0):
 garbage-first heap   total 77824K, used 60155K [0x0000000080000000, 0x0000000100000000)
  region size 1024K, 42 young (43008K), 6 survivors (6144K)
 Metaspace       used 34323K, committed 35136K, reserved 1114112K
  class space    used 4574K, committed 4992K, reserved 1048576K
}
Event: 2.180 GC heap after
{Heap after GC invocations=7 (full 0):
 garbage-first heap   total 77824K, used 25652K [0x0000000080000000, 0x0000000100000000)
  region size 1024K, 6 young (6144K), 6 survivors (6144K)
 Metaspace       used 34323K, committed 35136K, reserved 1114112K
  class space    used 4574K, committed 4992K, reserved 1048576K
}
Event: 2.235 GC heap before
{Heap before GC invocations=7 (full 0):
 garbage-first heap   total 77824K, used 31796K [0x0000000080000000, 0x0000000100000000)
  region size 1024K, 13 young (13312K), 6 survivors (6144K)
 Metaspace       used 35168K, committed 35968K, reserved 1114112K
  class space    used 4710K, committed 5120K, reserved 1048576K
}
Event: 2.239 GC heap after
{Heap after GC invocations=8 (full 0):
 garbage-first heap   total 94208K, used 26360K [0x0000000080000000, 0x0000000100000000)
  region size 1024K, 3 young (3072K), 3 survivors (3072K)
 Metaspace       used 35168K, committed 35968K, reserved 1114112K
  class space    used 4710K, committed 5120K, reserved 1048576K
}
Event: 2.661 GC heap before
{Heap before GC invocations=9 (full 0):
 garbage-first heap   total 89088K, used 78584K [0x0000000080000000, 0x0000000100000000)
  region size 1024K, 54 young (55296K), 3 survivors (3072K)
 Metaspace       used 44403K, committed 45632K, reserved 1114112K
  class space    used 5965K, committed 6592K, reserved 1048576K
}
Event: 2.665 GC heap after
{Heap after GC invocations=10 (full 0):
 garbage-first heap   total 89088K, used 30383K [0x0000000080000000, 0x0000000100000000)
  region size 1024K, 7 young (7168K), 7 survivors (7168K)
 Metaspace       used 44403K, committed 45632K, reserved 1114112K
  class space    used 5965K, committed 6592K, reserved 1048576K
}
Event: 2.842 GC heap before
{Heap before GC invocations=10 (full 0):
 garbage-first heap   total 89088K, used 74415K [0x0000000080000000, 0x0000000100000000)
  region size 1024K, 51 young (52224K), 7 survivors (7168K)
 Metaspace       used 46598K, committed 47872K, reserved 1114112K
  class space    used 6223K, committed 6848K, reserved 1048576K
}
Event: 2.847 GC heap after
{Heap after GC invocations=11 (full 0):
 garbage-first heap   total 89088K, used 32715K [0x0000000080000000, 0x0000000100000000)
  region size 1024K, 3 young (3072K), 3 survivors (3072K)
 Metaspace       used 46598K, committed 47872K, reserved 1114112K
  class space    used 6223K, committed 6848K, reserved 1048576K
}
Event: 3.193 GC heap before
{Heap before GC invocations=11 (full 0):
 garbage-first heap   total 89088K, used 74699K [0x0000000080000000, 0x0000000100000000)
  region size 1024K, 45 young (46080K), 3 survivors (3072K)
 Metaspace       used 50918K, committed 52352K, reserved 1114112K
  class space    used 6932K, committed 7680K, reserved 1048576K
}
Event: 3.197 GC heap after
{Heap after GC invocations=12 (full 0):
 garbage-first heap   total 89088K, used 35026K [0x0000000080000000, 0x0000000100000000)
  region size 1024K, 6 young (6144K), 6 survivors (6144K)
 Metaspace       used 50918K, committed 52352K, reserved 1114112K
  class space    used 6932K, committed 7680K, reserved 1048576K
}
Event: 3.689 GC heap before
{Heap before GC invocations=12 (full 0):
 garbage-first heap   total 89088K, used 77010K [0x0000000080000000, 0x0000000100000000)
  region size 1024K, 46 young (47104K), 6 survivors (6144K)
 Metaspace       used 57108K, committed 58624K, reserved 1114112K
  class space    used 7682K, committed 8448K, reserved 1048576K
}
Event: 3.692 GC heap after
{Heap after GC invocations=13 (full 0):
 garbage-first heap   total 89088K, used 36957K [0x0000000080000000, 0x0000000100000000)
  region size 1024K, 5 young (5120K), 5 survivors (5120K)
 Metaspace       used 57108K, committed 58624K, reserved 1114112K
  class space    used 7682K, committed 8448K, reserved 1048576K
}
Event: 3.784 GC heap before
{Heap before GC invocations=13 (full 0):
 garbage-first heap   total 89088K, used 47197K [0x0000000080000000, 0x0000000100000000)
  region size 1024K, 16 young (16384K), 5 survivors (5120K)
 Metaspace       used 58758K, committed 60160K, reserved 1114112K
  class space    used 7931K, committed 8640K, reserved 1048576K
}
Event: 3.788 GC heap after
{Heap after GC invocations=14 (full 0):
 garbage-first heap   total 89088K, used 37410K [0x0000000080000000, 0x0000000100000000)
  region size 1024K, 3 young (3072K), 3 survivors (3072K)
 Metaspace       used 58758K, committed 60160K, reserved 1114112K
  class space    used 7931K, committed 8640K, reserved 1048576K
}

Dll operation events (3 events):
Event: 0.005 Loaded shared library E:\android studio\jbr\bin\java.dll
Event: 0.008 Loaded shared library E:\android studio\jbr\bin\zip.dll
Event: 0.327 Loaded shared library E:\android studio\jbr\bin\verify.dll

Deoptimization events (20 events):
Event: 3.967 Thread 0x00000258e0eaf800 Uncommon trap: trap_request=0xffffffde fr.pc=0x00000258ce08972c relative=0x000000000000528c
Event: 3.967 Thread 0x00000258e0eaf800 Uncommon trap: reason=class_check action=maybe_recompile pc=0x00000258ce08972c method=java.net.URLClassLoader.defineClass(Ljava/lang/String;Ljdk/internal/loader/Resource;)Ljava/lang/Class; @ 34 c2
Event: 3.967 Thread 0x00000258e0eaf800 DEOPT PACKING pc=0x00000258ce08972c sp=0x0000008e9edf8310
Event: 3.968 Thread 0x00000258e0eaf800 DEOPT UNPACKING pc=0x00000258cd8946a2 sp=0x0000008e9edf82c8 mode 2
Event: 4.067 Thread 0x00000258e0eaf800 Uncommon trap: trap_request=0xffffff45 fr.pc=0x00000258cdedbc8c relative=0x00000000000003cc
Event: 4.067 Thread 0x00000258e0eaf800 Uncommon trap: reason=unstable_if action=reinterpret pc=0x00000258cdedbc8c method=org.gradle.internal.reflect.PropertyAccessorType.isGetGetterName(Ljava/lang/String;)Z @ 14 c2
Event: 4.067 Thread 0x00000258e0eaf800 DEOPT PACKING pc=0x00000258cdedbc8c sp=0x0000008e9edf8cf0
Event: 4.067 Thread 0x00000258e0eaf800 DEOPT UNPACKING pc=0x00000258cd8946a2 sp=0x0000008e9edf8c48 mode 2
Event: 4.087 Thread 0x00000258e0eaf800 Uncommon trap: trap_request=0xffffff45 fr.pc=0x00000258ce0b3608 relative=0x0000000000000408
Event: 4.087 Thread 0x00000258e0eaf800 Uncommon trap: reason=unstable_if action=reinterpret pc=0x00000258ce0b3608 method=org.objectweb.asm.MethodWriter.visitVarInsn(II)V @ 108 c2
Event: 4.087 Thread 0x00000258e0eaf800 DEOPT PACKING pc=0x00000258ce0b3608 sp=0x0000008e9edf88a0
Event: 4.087 Thread 0x00000258e0eaf800 DEOPT UNPACKING pc=0x00000258cd8946a2 sp=0x0000008e9edf8858 mode 2
Event: 4.088 Thread 0x00000258e0eaf800 Uncommon trap: trap_request=0xffffff45 fr.pc=0x00000258cddee428 relative=0x0000000000000108
Event: 4.088 Thread 0x00000258e0eaf800 Uncommon trap: reason=unstable_if action=reinterpret pc=0x00000258cddee428 method=org.objectweb.asm.ByteVector.putShort(I)Lorg/objectweb/asm/ByteVector; @ 13 c2
Event: 4.088 Thread 0x00000258e0eaf800 DEOPT PACKING pc=0x00000258cddee428 sp=0x0000008e9edf87d0
Event: 4.088 Thread 0x00000258e0eaf800 DEOPT UNPACKING pc=0x00000258cd8946a2 sp=0x0000008e9edf8768 mode 2
Event: 4.123 Thread 0x00000258e0eaf800 Uncommon trap: trap_request=0xffffff45 fr.pc=0x00000258cdfcc6f0 relative=0x0000000000001390
Event: 4.123 Thread 0x00000258e0eaf800 Uncommon trap: reason=unstable_if action=reinterpret pc=0x00000258cdfcc6f0 method=java.util.concurrent.ConcurrentHashMap.computeIfAbsent(Ljava/lang/Object;Ljava/util/function/Function;)Ljava/lang/Object; @ 123 c2
Event: 4.123 Thread 0x00000258e0eaf800 DEOPT PACKING pc=0x00000258cdfcc6f0 sp=0x0000008e9edf9c00
Event: 4.123 Thread 0x00000258e0eaf800 DEOPT UNPACKING pc=0x00000258cd8946a2 sp=0x0000008e9edf9b80 mode 2

Classes loaded (20 events):
Event: 3.961 Loading class java/io/ObjectStreamClass$1
Event: 3.961 Loading class java/io/ObjectStreamClass$1 done
Event: 3.961 Loading class java/io/ObjectStreamClass$MemberSignature
Event: 3.961 Loading class java/io/ObjectStreamClass$MemberSignature done
Event: 3.961 Loading class java/io/ObjectStreamClass$3
Event: 3.961 Loading class java/io/ObjectStreamClass$3 done
Event: 3.962 Loading class java/io/ObjectStreamClass$4
Event: 3.962 Loading class java/io/ObjectStreamClass$4 done
Event: 3.962 Loading class java/io/ObjectStreamClass$5
Event: 3.962 Loading class java/io/ObjectStreamClass$5 done
Event: 3.962 Loading class java/io/ObjectStreamClass$ClassDataSlot
Event: 3.962 Loading class java/io/ObjectStreamClass$ClassDataSlot done
Event: 3.964 Loading class jdk/internal/reflect/MethodHandleLongFieldAccessorImpl
Event: 3.964 Loading class jdk/internal/reflect/MethodHandleLongFieldAccessorImpl done
Event: 3.966 Loading class java/io/SerialCallbackContext
Event: 3.966 Loading class java/io/SerialCallbackContext done
Event: 4.025 Loading class java/util/DualPivotQuicksort
Event: 4.026 Loading class java/util/DualPivotQuicksort done
Event: 4.064 Loading class java/util/function/LongUnaryOperator
Event: 4.064 Loading class java/util/function/LongUnaryOperator done

Classes unloaded (0 events):
No events

Classes redefined (0 events):
No events

Internal exceptions (20 events):
Event: 3.289 Thread 0x00000258e0eaf800 Exception <a 'java/lang/NoSuchMethodError'{0x0000000085150948}: 'java.lang.Object java.lang.invoke.DirectMethodHandle$Holder.newInvokeSpecial(java.lang.Object, java.lang.Object, int, java.lang.Object)'> (0x0000000085150948) 
thrown [s\src\hotspot\share\interpreter\linkResolver.cpp, line 784]
Event: 3.289 Thread 0x00000258e0eaf800 Exception <a 'java/lang/NoSuchMethodError'{0x0000000085155188}: 'java.lang.Object java.lang.invoke.DirectMethodHandle$Holder.invokeSpecial(java.lang.Object, java.lang.Object, java.lang.Object, int, java.lang.Object)'> (0x0000000085155188) 
thrown [s\src\hotspot\share\interpreter\linkResolver.cpp, line 784]
Event: 3.723 Thread 0x00000258e0eaf800 Exception <a 'sun/nio/fs/WindowsException'{0x00000000853c8f20}> (0x00000000853c8f20) 
thrown [s\src\hotspot\share\prims\jni.cpp, line 535]
Event: 3.723 Thread 0x00000258e0eaf800 Exception <a 'sun/nio/fs/WindowsException'{0x00000000853ca5e0}> (0x00000000853ca5e0) 
thrown [s\src\hotspot\share\prims\jni.cpp, line 535]
Event: 3.733 Thread 0x00000258e0eaf800 Exception <a 'java/lang/NoSuchMethodError'{0x000000008516e2f8}: 'java.lang.Object java.lang.invoke.DirectMethodHandle$Holder.newInvokeSpecial(java.lang.Object, java.lang.Object, java.lang.Object, int)'> (0x000000008516e2f8) 
thrown [s\src\hotspot\share\interpreter\linkResolver.cpp, line 784]
Event: 3.733 Thread 0x00000258e0eaf800 Exception <a 'java/lang/NoSuchMethodError'{0x0000000085172b30}: 'java.lang.Object java.lang.invoke.DirectMethodHandle$Holder.invokeSpecial(java.lang.Object, java.lang.Object, java.lang.Object, java.lang.Object, int)'> (0x0000000085172b30) 
thrown [s\src\hotspot\share\interpreter\linkResolver.cpp, line 784]
Event: 3.733 Thread 0x00000258e0eaf800 Exception <a 'java/lang/NoSuchMethodError'{0x0000000085176cb0}: 'java.lang.Object java.lang.invoke.Invokers$Holder.linkToTargetMethod(java.lang.Object, java.lang.Object, int, java.lang.Object)'> (0x0000000085176cb0) 
thrown [s\src\hotspot\share\interpreter\linkResolver.cpp, line 784]
Event: 3.738 Thread 0x00000258e0eaf800 Exception <a 'sun/nio/fs/WindowsException'{0x0000000085028340}> (0x0000000085028340) 
thrown [s\src\hotspot\share\prims\jni.cpp, line 535]
Event: 3.757 Thread 0x00000258e0eaf800 Exception <a 'java/lang/NoSuchMethodError'{0x0000000084e73a48}: 'int java.lang.invoke.DirectMethodHandle$Holder.invokeInterface(java.lang.Object, java.lang.Object, java.lang.Object, java.lang.Object, java.lang.Object)'> (0x0000000084e73a48) 
thrown [s\src\hotspot\share\interpreter\linkResolver.cpp, line 784]
Event: 3.854 Thread 0x00000258e0eaf800 Exception <a 'java/lang/NoSuchMethodError'{0x0000000085144d90}: 'void java.lang.invoke.DirectMethodHandle$Holder.invokeStatic(java.lang.Object, java.lang.Object, java.lang.Object, java.lang.Object, java.lang.Object, java.lang.Object, java.lang.Object)'> (0x0000000085144d90) 
thrown [s\src\hotspot\share\interpreter\linkResolver.cpp, line 784]
Event: 3.961 Thread 0x00000258e0f758e0 Exception <a 'java/lang/NoSuchMethodError'{0x0000000084427358}: static Lorg/gradle/internal/build/event/types/DefaultOperationStartedProgressEvent;.<clinit>()V> (0x0000000084427358) 
thrown [s\src\hotspot\share\prims\jni.cpp, line 1135]
Event: 3.962 Thread 0x00000258e0f758e0 Exception <a 'java/lang/NoSuchMethodError'{0x0000000084429600}: static Lorg/gradle/internal/build/event/types/AbstractProgressEvent;.<clinit>()V> (0x0000000084429600) 
thrown [s\src\hotspot\share\prims\jni.cpp, line 1135]
Event: 3.963 Thread 0x00000258e0f758e0 Exception <a 'java/lang/NoSuchMethodError'{0x000000008443aea0}: static Lorg/gradle/internal/build/event/types/DefaultProjectConfigurationDescriptor;.<clinit>()V> (0x000000008443aea0) 
thrown [s\src\hotspot\share\prims\jni.cpp, line 1135]
Event: 3.963 Thread 0x00000258e0f758e0 Exception <a 'java/lang/NoSuchMethodError'{0x000000008443d428}: static Lorg/gradle/internal/build/event/types/DefaultOperationDescriptor;.<clinit>()V> (0x000000008443d428) 
thrown [s\src\hotspot\share\prims\jni.cpp, line 1135]
Event: 3.964 Thread 0x00000258e0f758e0 Exception <a 'java/lang/NoSuchMethodError'{0x00000000844426a8}: 'long java.lang.invoke.DirectMethodHandle$Holder.invokeSpecial(java.lang.Object, java.lang.Object)'> (0x00000000844426a8) 
thrown [s\src\hotspot\share\interpreter\linkResolver.cpp, line 784]
Event: 3.964 Thread 0x00000258e0f758e0 Exception <a 'java/lang/NoSuchMethodError'{0x0000000084445860}: 'long java.lang.invoke.Invokers$Holder.invokeExact_MT(java.lang.Object, java.lang.Object)'> (0x0000000084445860) 
thrown [s\src\hotspot\share\interpreter\linkResolver.cpp, line 784]
Event: 3.966 Thread 0x00000258e0f758e0 Exception <a 'java/lang/NoSuchMethodError'{0x000000008445cb80}: static Lorg/gradle/internal/operations/OperationIdentifier;.<clinit>()V> (0x000000008445cb80) 
thrown [s\src\hotspot\share\prims\jni.cpp, line 1135]
Event: 4.064 Thread 0x00000258e0eaf800 Exception <a 'java/lang/NoSuchMethodError'{0x0000000083da57a8}: 'long java.lang.invoke.DirectMethodHandle$Holder.invokeStatic(java.lang.Object, long)'> (0x0000000083da57a8) 
thrown [s\src\hotspot\share\interpreter\linkResolver.cpp, line 784]
Event: 4.087 Thread 0x00000258e0eaf800 Implicit null exception at 0x00000258ce0b32c3 to 0x00000258ce0b35fc
Event: 4.120 Thread 0x00000258e0eaf800 Exception <a 'java/lang/NoSuchMethodError'{0x0000000083a5af10}: 'java.lang.Object java.lang.invoke.DirectMethodHandle$Holder.invokeInterface(java.lang.Object, java.lang.Object, int)'> (0x0000000083a5af10) 
thrown [s\src\hotspot\share\interpreter\linkResolver.cpp, line 784]

ZGC Phase Switch (0 events):
No events

VM Operations (20 events):
Event: 3.020 Executing VM operation: HandshakeAllThreads (Deoptimize)
Event: 3.020 Executing VM operation: HandshakeAllThreads (Deoptimize) done
Event: 3.113 Executing VM operation: ICBufferFull
Event: 3.113 Executing VM operation: ICBufferFull done
Event: 3.193 Executing VM operation: G1CollectForAllocation (G1 Evacuation Pause)
Event: 3.197 Executing VM operation: G1CollectForAllocation (G1 Evacuation Pause) done
Event: 3.308 Executing VM operation: HandshakeAllThreads (Deoptimize)
Event: 3.308 Executing VM operation: HandshakeAllThreads (Deoptimize) done
Event: 3.689 Executing VM operation: G1CollectForAllocation (G1 Evacuation Pause)
Event: 3.692 Executing VM operation: G1CollectForAllocation (G1 Evacuation Pause) done
Event: 3.784 Executing VM operation: CollectForMetadataAllocation (Metadata GC Threshold)
Event: 3.788 Executing VM operation: CollectForMetadataAllocation (Metadata GC Threshold) done
Event: 3.801 Executing VM operation: G1PauseRemark
Event: 3.804 Executing VM operation: G1PauseRemark done
Event: 3.810 Executing VM operation: G1PauseCleanup
Event: 3.811 Executing VM operation: G1PauseCleanup done
Event: 3.912 Executing VM operation: HandshakeAllThreads (Deoptimize)
Event: 3.912 Executing VM operation: HandshakeAllThreads (Deoptimize) done
Event: 3.939 Executing VM operation: ICBufferFull
Event: 3.939 Executing VM operation: ICBufferFull done

Memory protections (0 events):
No events

Nmethod flushes (20 events):
Event: 3.803 Thread 0x00000258dacfe730 flushing  nmethod 0x00000258cde56990
Event: 3.803 Thread 0x00000258dacfe730 flushing  nmethod 0x00000258c6320110
Event: 3.803 Thread 0x00000258dacfe730 flushing  nmethod 0x00000258c638b110
Event: 3.803 Thread 0x00000258dacfe730 flushing  nmethod 0x00000258c63f1390
Event: 3.803 Thread 0x00000258dacfe730 flushing  nmethod 0x00000258c63f2190
Event: 3.803 Thread 0x00000258dacfe730 flushing  nmethod 0x00000258c6471610
Event: 3.803 Thread 0x00000258dacfe730 flushing  nmethod 0x00000258c647b090
Event: 3.803 Thread 0x00000258dacfe730 flushing  nmethod 0x00000258c64e2e10
Event: 3.803 Thread 0x00000258dacfe730 flushing  nmethod 0x00000258c64e3810
Event: 3.803 Thread 0x00000258dacfe730 flushing  nmethod 0x00000258c64e4510
Event: 3.803 Thread 0x00000258dacfe730 flushing  nmethod 0x00000258c662ec10
Event: 3.803 Thread 0x00000258dacfe730 flushing  nmethod 0x00000258c6631b90
Event: 3.803 Thread 0x00000258dacfe730 flushing  nmethod 0x00000258c6699510
Event: 3.803 Thread 0x00000258dacfe730 flushing  nmethod 0x00000258c6699f10
Event: 3.803 Thread 0x00000258dacfe730 flushing  nmethod 0x00000258c669c590
Event: 3.803 Thread 0x00000258dacfe730 flushing  nmethod 0x00000258c669eb90
Event: 3.803 Thread 0x00000258dacfe730 flushing  nmethod 0x00000258c66a1a10
Event: 3.803 Thread 0x00000258dacfe730 flushing  nmethod 0x00000258c67bfa10
Event: 3.803 Thread 0x00000258dacfe730 flushing  nmethod 0x00000258c67c3d10
Event: 3.803 Thread 0x00000258dacfe730 flushing  nmethod 0x00000258c67c6710

Events (20 events):
Event: 1.120 Thread 0x00000258c0f062e0 Thread added: 0x00000258e0d7a020
Event: 1.166 Thread 0x00000258c0f062e0 Thread added: 0x00000258e04555f0
Event: 1.189 Thread 0x00000258e0d7a020 Thread added: 0x00000258e0eaded0
Event: 1.191 Thread 0x00000258e0eaded0 Thread added: 0x00000258e0eae530
Event: 1.209 Thread 0x00000258e0eaded0 Thread added: 0x00000258e0eaeb90
Event: 1.214 Thread 0x00000258e0eaded0 Thread added: 0x00000258e0eaf800
Event: 1.221 Thread 0x00000258e0eaf800 Thread added: 0x00000258e1155120
Event: 1.223 Thread 0x00000258e0eaf800 Thread added: 0x00000258e0f7efb0
Event: 1.225 Thread 0x00000258e0eaf800 Thread added: 0x00000258e0f758e0
Event: 1.464 Thread 0x00000258e0eaf800 Thread added: 0x00000258e0f75f70
Event: 1.469 Thread 0x00000258e0eaf800 Thread added: 0x00000258e0f77320
Event: 1.484 Thread 0x00000258e0eaf800 Thread added: 0x00000258e0f76600
Event: 1.878 Thread 0x00000258e0eaf800 Thread added: 0x00000258e0f76c90
Event: 2.042 Thread 0x00000258e0eaf800 Thread added: 0x00000258e0f779b0
Event: 2.048 Thread 0x00000258e0eaf800 Thread added: 0x00000258e0f78040
Event: 2.141 Thread 0x00000258e0eaf800 Thread added: 0x00000258e0f74bc0
Event: 2.144 Thread 0x00000258e0eaf800 Thread added: 0x00000258e0f75250
Event: 2.298 Thread 0x00000258e0eaf800 Thread added: 0x00000258e4c7a0a0
Event: 2.377 Thread 0x00000258e0eaf800 Thread added: 0x00000258e4c7bae0
Event: 2.434 Thread 0x00000258e0eaf800 Thread added: 0x00000258e4c7adc0


Dynamic libraries:
0x00007ff68a1b0000 - 0x00007ff68a1ba000 	E:\android studio\jbr\bin\java.exe
0x00007ffa00f00000 - 0x00007ffa01160000 	C:\WINDOWS\SYSTEM32\ntdll.dll
0x00007ff9ff6d0000 - 0x00007ff9ff797000 	C:\WINDOWS\System32\KERNEL32.DLL
0x00007ff9fe2e0000 - 0x00007ff9fe6aa000 	C:\WINDOWS\System32\KERNELBASE.dll
0x00007ff9fe0e0000 - 0x00007ff9fe22b000 	C:\WINDOWS\System32\ucrtbase.dll
0x00007ff9f1730000 - 0x00007ff9f174b000 	E:\android studio\jbr\bin\VCRUNTIME140.dll
0x00007ff9d7360000 - 0x00007ff9d7378000 	E:\android studio\jbr\bin\jli.dll
0x00007ff9fee70000 - 0x00007ff9ff03c000 	C:\WINDOWS\System32\USER32.dll
0x00007ff9fe970000 - 0x00007ff9fe997000 	C:\WINDOWS\System32\win32u.dll
0x00007ff9c6880000 - 0x00007ff9c6b17000 	C:\WINDOWS\WinSxS\amd64_microsoft.windows.common-controls_6595b64144ccf1df_6.0.26100.3624_none_3e086962e3345f24\COMCTL32.dll
0x00007ff9ffec0000 - 0x00007ff9ffeea000 	C:\WINDOWS\System32\GDI32.dll
0x00007ff9ffce0000 - 0x00007ff9ffd89000 	C:\WINDOWS\System32\msvcrt.dll
0x00007ff9fe830000 - 0x00007ff9fe961000 	C:\WINDOWS\System32\gdi32full.dll
0x00007ff9fe230000 - 0x00007ff9fe2d3000 	C:\WINDOWS\System32\msvcp_win.dll
0x00007ff9ff140000 - 0x00007ff9ff16f000 	C:\WINDOWS\System32\IMM32.DLL
0x00007ff9f1ba0000 - 0x00007ff9f1bac000 	E:\android studio\jbr\bin\vcruntime140_1.dll
0x00007ff9c9400000 - 0x00007ff9c948d000 	E:\android studio\jbr\bin\msvcp140.dll
0x00007ff97f440000 - 0x00007ff9800ca000 	E:\android studio\jbr\bin\server\jvm.dll
0x00007ffa001c0000 - 0x00007ffa00272000 	C:\WINDOWS\System32\ADVAPI32.dll
0x00007ff9fedc0000 - 0x00007ff9fee66000 	C:\WINDOWS\System32\sechost.dll
0x00007ffa005f0000 - 0x00007ffa00706000 	C:\WINDOWS\System32\RPCRT4.dll
0x00007ff9ff1a0000 - 0x00007ff9ff214000 	C:\WINDOWS\System32\WS2_32.dll
0x00007ff9fcd70000 - 0x00007ff9fcdce000 	C:\WINDOWS\SYSTEM32\POWRPROF.dll
0x00007ff9f1eb0000 - 0x00007ff9f1ee6000 	C:\WINDOWS\SYSTEM32\WINMM.dll
0x00007ff9ed150000 - 0x00007ff9ed15b000 	C:\WINDOWS\SYSTEM32\VERSION.dll
0x00007ff9fcd50000 - 0x00007ff9fcd64000 	C:\WINDOWS\SYSTEM32\UMPDC.dll
0x00007ff9fd010000 - 0x00007ff9fd02a000 	C:\WINDOWS\SYSTEM32\kernel.appcore.dll
0x00007ff9f19d0000 - 0x00007ff9f19da000 	E:\android studio\jbr\bin\jimage.dll
0x00007ff9fb8e0000 - 0x00007ff9fbb21000 	C:\WINDOWS\SYSTEM32\DBGHELP.DLL
0x00007ff9ff2b0000 - 0x00007ff9ff632000 	C:\WINDOWS\System32\combase.dll
0x00007ff9ffd90000 - 0x00007ff9ffe66000 	C:\WINDOWS\System32\OLEAUT32.dll
0x00007ff9e7aa0000 - 0x00007ff9e7ad9000 	C:\WINDOWS\SYSTEM32\dbgcore.DLL
0x00007ff9fe9a0000 - 0x00007ff9fea39000 	C:\WINDOWS\System32\bcryptPrimitives.dll
0x00007ff9daa70000 - 0x00007ff9daa7e000 	E:\android studio\jbr\bin\instrument.dll
0x00007ff9f15d0000 - 0x00007ff9f15f0000 	E:\android studio\jbr\bin\java.dll
0x00007ff9ec790000 - 0x00007ff9ec7a8000 	E:\android studio\jbr\bin\zip.dll
0x00007ffa00720000 - 0x00007ffa00e49000 	C:\WINDOWS\System32\SHELL32.dll
0x00007ff9fea40000 - 0x00007ff9feba8000 	C:\WINDOWS\System32\wintypes.dll
0x00007ff9fbdc0000 - 0x00007ff9fc612000 	C:\WINDOWS\SYSTEM32\windows.storage.dll
0x00007ff9ffef0000 - 0x00007ff9fffdd000 	C:\WINDOWS\System32\SHCORE.dll
0x00007ffa00e50000 - 0x00007ffa00eb4000 	C:\WINDOWS\System32\shlwapi.dll
0x00007ff9fdff0000 - 0x00007ff9fe01f000 	C:\WINDOWS\SYSTEM32\profapi.dll
0x00007ff9f1800000 - 0x00007ff9f1810000 	E:\android studio\jbr\bin\net.dll
0x00007ff9f5650000 - 0x00007ff9f576d000 	C:\WINDOWS\SYSTEM32\WINHTTP.dll
0x00007ff9fd530000 - 0x00007ff9fd59a000 	C:\WINDOWS\system32\mswsock.dll
0x00007ff9e16c0000 - 0x00007ff9e16d6000 	E:\android studio\jbr\bin\nio.dll
0x00007ff9f4ec0000 - 0x00007ff9f4ed0000 	E:\android studio\jbr\bin\verify.dll
0x00007ff9d9810000 - 0x00007ff9d9837000 	C:\Users\ma725\.gradle\native\c067742578af261105cb4f569cf0c3c89f3d7b1fecec35dd04571415982c5e48\windows-amd64\native-platform.dll
0x00007ff99de30000 - 0x00007ff99df74000 	C:\Users\ma725\.gradle\native\100fb08df4bc3b14c8652ba06237920a3bd2aa13389f12d3474272988ae205f9\windows-amd64\native-platform-file-events.dll
0x00007ff9f1690000 - 0x00007ff9f1699000 	E:\android studio\jbr\bin\management.dll
0x00007ff9f15c0000 - 0x00007ff9f15cb000 	E:\android studio\jbr\bin\management_ext.dll
0x00007ffa005e0000 - 0x00007ffa005e8000 	C:\WINDOWS\System32\PSAPI.DLL
0x00007ff9fd7e0000 - 0x00007ff9fd7fc000 	C:\WINDOWS\SYSTEM32\CRYPTSP.dll
0x00007ff9fcf70000 - 0x00007ff9fcfaa000 	C:\WINDOWS\system32\rsaenh.dll
0x00007ff9fd5d0000 - 0x00007ff9fd5fb000 	C:\WINDOWS\SYSTEM32\USERENV.dll
0x00007ff9fdfc0000 - 0x00007ff9fdfe6000 	C:\WINDOWS\SYSTEM32\bcrypt.dll
0x00007ff9fd7d0000 - 0x00007ff9fd7dc000 	C:\WINDOWS\SYSTEM32\CRYPTBASE.dll
0x00007ff9fca60000 - 0x00007ff9fca93000 	C:\WINDOWS\SYSTEM32\IPHLPAPI.DLL
0x00007ffa00710000 - 0x00007ffa0071a000 	C:\WINDOWS\System32\NSI.dll
0x00007ff9f16e0000 - 0x00007ff9f16e9000 	E:\android studio\jbr\bin\extnet.dll
0x00007ff9ba4b0000 - 0x00007ff9ba4b8000 	C:\WINDOWS\system32\wshunix.dll

dbghelp: loaded successfully - version: 4.0.5 - missing functions: none
symbol engine: initialized successfully - sym options: 0x614 - pdb path: .;E:\android studio\jbr\bin;C:\WINDOWS\SYSTEM32;C:\WINDOWS\WinSxS\amd64_microsoft.windows.common-controls_6595b64144ccf1df_6.0.26100.3624_none_3e086962e3345f24;E:\android studio\jbr\bin\server;C:\Users\ma725\.gradle\native\c067742578af261105cb4f569cf0c3c89f3d7b1fecec35dd04571415982c5e48\windows-amd64;C:\Users\ma725\.gradle\native\100fb08df4bc3b14c8652ba06237920a3bd2aa13389f12d3474272988ae205f9\windows-amd64

VM Arguments:
jvm_args: --add-opens=java.base/java.lang=ALL-UNNAMED --add-opens=java.base/java.lang.invoke=ALL-UNNAMED --add-opens=java.base/java.util=ALL-UNNAMED --add-opens=java.prefs/java.util.prefs=ALL-UNNAMED --add-exports=jdk.compiler/com.sun.tools.javac.api=ALL-UNNAMED --add-exports=jdk.compiler/com.sun.tools.javac.util=ALL-UNNAMED --add-opens=java.base/java.util=ALL-UNNAMED --add-opens=java.prefs/java.util.prefs=ALL-UNNAMED --add-opens=java.base/java.nio.charset=ALL-UNNAMED --add-opens=java.base/java.net=ALL-UNNAMED --add-opens=java.base/java.util.concurrent.atomic=ALL-UNNAMED --add-opens=java.xml/javax.xml.namespace=ALL-UNNAMED -Xmx2048m -Dfile.encoding=UTF-8 -Duser.country=US -Duser.language=en -Duser.variant -javaagent:C:\Users\ma725\.gradle\wrapper\dists\gradle-8.11.1-bin\bpt9gzteqjrbo1mjrsomdt32c\gradle-8.11.1\lib\agents\gradle-instrumentation-agent-8.11.1.jar 
java_command: org.gradle.launcher.daemon.bootstrap.GradleDaemon 8.11.1
java_class_path (initial): C:\Users\ma725\.gradle\wrapper\dists\gradle-8.11.1-bin\bpt9gzteqjrbo1mjrsomdt32c\gradle-8.11.1\lib\gradle-daemon-main-8.11.1.jar
Launcher Type: SUN_STANDARD

[Global flags]
     intx CICompilerCount                          = 4                                         {product} {ergonomic}
     uint ConcGCThreads                            = 3                                         {product} {ergonomic}
     uint G1ConcRefinementThreads                  = 10                                        {product} {ergonomic}
   size_t G1HeapRegionSize                         = 1048576                                   {product} {ergonomic}
    uintx GCDrainStackTargetSize                   = 64                                        {product} {ergonomic}
   size_t InitialHeapSize                          = 130023424                                 {product} {ergonomic}
   size_t MarkStackSize                            = 4194304                                   {product} {ergonomic}
   size_t MaxHeapSize                              = 2147483648                                {product} {command line}
   size_t MaxNewSize                               = 1287651328                                {product} {ergonomic}
   size_t MinHeapDeltaBytes                        = 1048576                                   {product} {ergonomic}
   size_t MinHeapSize                              = 8388608                                   {product} {ergonomic}
    uintx NonNMethodCodeHeapSize                   = 5839372                                {pd product} {ergonomic}
    uintx NonProfiledCodeHeapSize                  = 122909434                              {pd product} {ergonomic}
    uintx ProfiledCodeHeapSize                     = 122909434                              {pd product} {ergonomic}
    uintx ReservedCodeCacheSize                    = 251658240                              {pd product} {ergonomic}
     bool SegmentedCodeCache                       = true                                      {product} {ergonomic}
   size_t SoftMaxHeapSize                          = 2147483648                             {manageable} {ergonomic}
     bool UseCompressedOops                        = true                           {product lp64_product} {ergonomic}
     bool UseG1GC                                  = true                                      {product} {ergonomic}
     bool UseLargePagesIndividualAllocation        = false                                  {pd product} {ergonomic}

Logging:
Log output configuration:
 #0: stdout all=warning uptime,level,tags foldmultilines=false
 #1: stderr all=off uptime,level,tags foldmultilines=false

Environment Variables:
JAVA_HOME=E:\android studio\jbr
PATH=C:\Program Files\Common Files\Oracle\Java\javapath;C:\WINDOWS\system32;C:\WINDOWS;C:\WINDOWS\System32\Wbem;C:\WINDOWS\System32\WindowsPowerShell\v1.0\;C:\WINDOWS\System32\OpenSSH\;E:\android studio\jbr\bin;C:\Program Files (x86)\NVIDIA Corporation\PhysX\Common;C:\Program Files\NVIDIA Corporation\NVIDIA app\NvDLISR;C:\MinGW\bin;C:\Program Files\Git\cmd;C:\Program Files\Git LFS;C:\Users\ma725\AppData\Local\Programs\Python\Python39\Scripts\;C:\Users\ma725\AppData\Local\Programs\Python\Python39\;C:\Users\ma725\AppData\Local\Programs\Python\Launcher\;C:\Users\ma725\AppData\Local\Microsoft\WindowsApps;E:\Microsoft VS Code\bin;C:\Program Files (x86)\GnuWin32\bin;C:\MinGW\bin;C:\MinGW\msys\1.0\bin;
USERNAME=ma725
OS=Windows_NT
PROCESSOR_IDENTIFIER=Intel64 Family 6 Model 154 Stepping 3, GenuineIntel
TMP=C:\Users\ma725\AppData\Local\Temp
TEMP=C:\Users\ma725\AppData\Local\Temp




Periodic native trim disabled

JNI global refs:
JNI global refs: 26, weak refs: 3

JNI global refs memory usage: 835, weak refs: 833

Process memory usage:
Resident Set Size: 319568K (3% of 8048768K total physical memory with 512156K free physical memory)

OOME stack traces (most recent first):
Classloader memory used:
Loader org.gradle.internal.classloader.VisitableURLClassLoader                         : 32063K
Loader bootstrap                                                                       : 22148K
Loader org.gradle.initialization.MixInLegacyTypesClassLoader                           : 7516K
Loader jdk.internal.loader.ClassLoaders$PlatformClassLoader                            : 496K
Loader jdk.internal.loader.ClassLoaders$AppClassLoader                                 : 234K
Loader org.gradle.internal.classloader.VisitableURLClassLoader                         : 65640B
Loader jdk.internal.reflect.DelegatingClassLoader                                      : 23760B

Classes loaded by more than one classloader:
Class org.gradle.internal.classloader.FilteringClassLoader                            : loaded 2 times (x 101B)
Class org.gradle.internal.classloader.ClassLoaderHierarchy                            : loaded 2 times (x 66B)
Class org.gradle.api.internal.classpath.ManifestUtil                                  : loaded 2 times (x 67B)
Class org.gradle.internal.classloader.DefaultClassLoaderFactory                       : loaded 2 times (x 78B)
Class org.gradle.internal.classloader.ClassLoaderVisitor                              : loaded 2 times (x 72B)
Class org.gradle.api.internal.classpath.EffectiveClassPath                            : loaded 2 times (x 86B)
Class org.gradle.api.internal.DefaultClassPathProvider                                : loaded 2 times (x 72B)
Class [Lorg.gradle.api.internal.ClassPathProvider;                                    : loaded 2 times (x 65B)
Class org.gradle.api.internal.ClassPathProvider                                       : loaded 2 times (x 66B)
Class org.gradle.internal.service.UnknownServiceException                             : loaded 2 times (x 79B)
Class org.gradle.internal.classpath.TransformedClassPath                              : loaded 2 times (x 92B)
Class org.gradle.internal.classloader.InstrumentingClassLoader                        : loaded 2 times (x 66B)
Class org.gradle.internal.service.ServiceLocator                                      : loaded 2 times (x 66B)
Class org.gradle.internal.InternalTransformer                                         : loaded 2 times (x 66B)
Class org.gradle.internal.classloader.ClasspathUtil$1                                 : loaded 2 times (x 72B)
Class org.gradle.api.internal.classpath.DefaultModuleRegistry$DefaultModule           : loaded 2 times (x 82B)
Class org.gradle.api.internal.classpath.Module                                        : loaded 2 times (x 66B)
Class org.gradle.api.internal.classpath.UnknownModuleException                        : loaded 2 times (x 78B)
Class org.gradle.api.internal.DefaultClassPathRegistry                                : loaded 2 times (x 72B)
Class org.gradle.api.internal.ClassPathRegistry                                       : loaded 2 times (x 66B)
Class org.gradle.internal.classpath.DefaultClassPath$ImmutableUniqueList              : loaded 2 times (x 195B)
Class Settings_gradle$1                                                               : loaded 2 times (x 70B)
Class Program                                                                         : loaded 2 times (x 68B)
Class org.gradle.internal.classpath.ClassPath                                         : loaded 2 times (x 66B)
Class org.gradle.api.UncheckedIOException                                             : loaded 2 times (x 78B)
Class org.gradle.internal.installation.GradleInstallation$1                           : loaded 2 times (x 71B)
Class org.gradle.api.internal.classpath.ModuleRegistry                                : loaded 2 times (x 66B)
Class org.gradle.api.internal.classpath.DefaultModuleRegistry                         : loaded 2 times (x 82B)
Class org.gradle.internal.service.ServiceLookupException                              : loaded 2 times (x 78B)
Class org.gradle.internal.classloader.ClassLoaderFactory                              : loaded 2 times (x 66B)
Class org.gradle.internal.service.CachingServiceLocator                               : loaded 2 times (x 78B)
Class org.gradle.internal.classloader.ClasspathUtil                                   : loaded 2 times (x 67B)
Class org.gradle.api.specs.Spec                                                       : loaded 2 times (x 66B)
Class org.gradle.internal.classloader.VisitableURLClassLoader$InstrumentingVisitableURLClassLoader: loaded 2 times (x 119B)
Class org.gradle.internal.classloader.VisitableURLClassLoader$Spec                    : loaded 2 times (x 70B)
Class org.gradle.internal.classpath.DefaultClassPath                                  : loaded 2 times (x 86B)
Class org.gradle.internal.classloader.ClassLoaderSpec                                 : loaded 2 times (x 67B)
Class Settings_gradle$1$1                                                             : loaded 2 times (x 70B)
Class org.gradle.internal.classloader.VisitableURLClassLoader                         : loaded 2 times (x 113B)
Class Settings_gradle                                                                 : loaded 2 times (x 124B)
Class org.gradle.internal.Cast                                                        : loaded 2 times (x 67B)
Class org.gradle.api.Action                                                           : loaded 2 times (x 66B)
Class org.gradle.internal.classpath.DefaultClassPath$ImmutableUniqueList$Builder      : loaded 2 times (x 71B)
Class org.gradle.api.GradleException                                                  : loaded 2 times (x 78B)
Class org.gradle.internal.IoActions                                                   : loaded 2 times (x 67B)
Class org.gradle.internal.classloader.SystemClassLoaderSpec                           : loaded 2 times (x 67B)
Class org.gradle.api.internal.classpath.GlobalCacheRootsProvider                      : loaded 2 times (x 66B)
Class org.gradle.internal.installation.CurrentGradleInstallationLocator               : loaded 2 times (x 67B)
Class org.gradle.internal.service.DefaultServiceLocator                               : loaded 2 times (x 79B)
Class org.gradle.internal.installation.CurrentGradleInstallation                      : loaded 2 times (x 69B)
Class org.gradle.util.internal.GUtil                                                  : loaded 2 times (x 67B)
Class org.gradle.internal.installation.GradleInstallation                             : loaded 2 times (x 71B)

---------------  S Y S T E M  ---------------

OS:
 Windows 11 , 64 bit Build 26100 (10.0.26100.3775)
OS uptime: 0 days 17:10 hours

CPU: total 12 (initial active 12) (6 cores per cpu, 2 threads per core) family 6 model 154 stepping 3 microcode 0x432, cx8, cmov, fxsr, ht, mmx, 3dnowpref, sse, sse2, sse3, ssse3, sse4.1, sse4.2, popcnt, lzcnt, tsc, tscinvbit, avx, avx2, aes, erms, clmul, bmi1, bmi2, adx, sha, fma, vzeroupper, clflush, clflushopt, clwb, serialize, rdtscp, rdpid, fsrm, f16c, pku, cet_ibt, cet_ss
Processor Information for processor 0
  Max Mhz: 2000, Current Mhz: 2000, Mhz Limit: 2000
Processor Information for processor 1
  Max Mhz: 2000, Current Mhz: 2000, Mhz Limit: 2000
Processor Information for processor 2
  Max Mhz: 2000, Current Mhz: 2000, Mhz Limit: 2000
Processor Information for processor 3
  Max Mhz: 2000, Current Mhz: 2000, Mhz Limit: 2000
Processor Information for processor 4
  Max Mhz: 2000, Current Mhz: 2000, Mhz Limit: 2000
Processor Information for processor 5
  Max Mhz: 2000, Current Mhz: 2000, Mhz Limit: 2000
Processor Information for processor 6
  Max Mhz: 2000, Current Mhz: 2000, Mhz Limit: 2000
Processor Information for processor 7
  Max Mhz: 2000, Current Mhz: 2000, Mhz Limit: 2000
Processor Information for processor 8
  Max Mhz: 2000, Current Mhz: 1500, Mhz Limit: 1500
Processor Information for processor 9
  Max Mhz: 2000, Current Mhz: 1500, Mhz Limit: 1500
Processor Information for processor 10
  Max Mhz: 2000, Current Mhz: 1500, Mhz Limit: 1500
Processor Information for processor 11
  Max Mhz: 2000, Current Mhz: 1500, Mhz Limit: 1500

Memory: 4k page, system-wide physical 7860M (500M free)
TotalPageFile size 16052M (AvailPageFile size 8M)
current process WorkingSet (physical memory assigned to process): 312M, peak: 312M
current process commit charge ("private bytes"): 352M, peak: 353M

vm_info: OpenJDK 64-Bit Server VM (21.0.5+-12932927-b750.29) for windows-amd64 JRE (21.0.5+-12932927-b750.29), built on 2025-01-17T02:01:10Z by "builder" with MS VC++ 16.10 / 16.11 (VS2019)

END.
