#
# There is insufficient memory for the Java Runtime Environment to continue.
# Native memory allocation (malloc) failed to allocate 1446736 bytes. Error detail: Chunk::new
# Possible reasons:
#   The system is out of physical RAM or swap space
#   This process is running with CompressedOops enabled, and the Java Heap may be blocking the growth of the native heap
# Possible solutions:
#   Reduce memory load on the system
#   Increase physical memory or swap space
#   Check if swap backing store is full
#   Decrease Java heap size (-Xmx/-Xms)
#   Decrease number of Java threads
#   Decrease Java thread stack sizes (-Xss)
#   Set larger code cache with -XX:ReservedCodeCacheSize=
#   JVM is running with Unscaled Compressed Oops mode in which the Java heap is
#     placed in the first 4GB address space. The Java Heap base address is the
#     maximum limit for the native heap growth. Please use -XX:HeapBaseMinAddress
#     to set the Java Heap base and to place the Java Heap above 4GB virtual address.
# This output file may be truncated or incomplete.
#
#  Out of Memory Error (arena.cpp:168), pid=15868, tid=1028
#
# JRE version: OpenJDK Runtime Environment (21.0.5) (build 21.0.5+-12932927-b750.29)
# Java VM: OpenJDK 64-Bit Server VM (21.0.5+-12932927-b750.29, mixed mode, tiered, compressed oops, compressed class ptrs, g1 gc, windows-amd64)
# No core dump will be written. Minidumps are not enabled by default on client versions of Windows
#

---------------  S U M M A R Y ------------

Command Line: --add-opens=java.base/java.lang=ALL-UNNAMED --add-opens=java.base/java.lang.invoke=ALL-UNNAMED --add-opens=java.base/java.util=ALL-UNNAMED --add-opens=java.prefs/java.util.prefs=ALL-UNNAMED --add-exports=jdk.compiler/com.sun.tools.javac.api=ALL-UNNAMED --add-exports=jdk.compiler/com.sun.tools.javac.util=ALL-UNNAMED --add-opens=java.base/java.util=ALL-UNNAMED --add-opens=java.prefs/java.util.prefs=ALL-UNNAMED --add-opens=java.base/java.nio.charset=ALL-UNNAMED --add-opens=java.base/java.net=ALL-UNNAMED --add-opens=java.base/java.util.concurrent.atomic=ALL-UNNAMED --add-opens=java.xml/javax.xml.namespace=ALL-UNNAMED -Xmx2048m -Dfile.encoding=UTF-8 -Duser.country=US -Duser.language=en -Duser.variant -javaagent:C:\Users\ma725\.gradle\wrapper\dists\gradle-8.11.1-bin\bpt9gzteqjrbo1mjrsomdt32c\gradle-8.11.1\lib\agents\gradle-instrumentation-agent-8.11.1.jar org.gradle.launcher.daemon.bootstrap.GradleDaemon 8.11.1

Host: 12th Gen Intel(R) Core(TM) i5-12450H, 12 cores, 7G,  Windows 11 , 64 bit Build 26100 (10.0.26100.3775)
Time: Sun May 25 15:53:50 2025 Bangladesh Standard Time elapsed time: 2.780159 seconds (0d 0h 0m 2s)

---------------  T H R E A D  ---------------

Current thread (0x0000021c6f98d2c0):  JavaThread "C2 CompilerThread1" daemon [_thread_in_native, id=1028, stack(0x000000d15a200000,0x000000d15a300000) (1024K)]


Current CompileTask:
C2:2780 2902   !   4       java.net.URLClassLoader::findClass (47 bytes)

Stack: [0x000000d15a200000,0x000000d15a300000]
Native frames: (J=compiled Java code, j=interpreted, Vv=VM code, C=native code)
V  [jvm.dll+0x6cfb29]
V  [jvm.dll+0x85ded3]
V  [jvm.dll+0x86042e]
V  [jvm.dll+0x860b13]
V  [jvm.dll+0x27e6b6]
V  [jvm.dll+0xbff6d]
V  [jvm.dll+0xc04a3]
V  [jvm.dll+0x3b5ffb]
V  [jvm.dll+0x1de664]
V  [jvm.dll+0x247db4]
V  [jvm.dll+0x247231]
V  [jvm.dll+0x1c5ee4]
V  [jvm.dll+0x25697c]
V  [jvm.dll+0x254ec6]
V  [jvm.dll+0x3f0ce6]
V  [jvm.dll+0x806368]
V  [jvm.dll+0x6ce3fd]
C  [ucrtbase.dll+0x37b0]
C  [KERNEL32.DLL+0x2e8d7]
C  [ntdll.dll+0xb14fc]


---------------  P R O C E S S  ---------------

Threads class SMR info:
_java_thread_list=0x0000021c768d3110, length=28, elements={
0x0000021c55756a40, 0x0000021c6f65a440, 0x0000021c6f65aaa0, 0x0000021c6f6779f0,
0x0000021c6f678050, 0x0000021c6f6786b0, 0x0000021c6f664710, 0x0000021c6f664d70,
0x0000021c6f665410, 0x0000021c6f7b9cc0, 0x0000021c6f9886c0, 0x0000021c6f98d2c0,
0x0000021c759f7320, 0x0000021c74e73170, 0x0000021c758ffe00, 0x0000021c75ac6870,
0x0000021c7587d480, 0x0000021c7587e0b0, 0x0000021c75919910, 0x0000021c75983d20,
0x0000021c75984a40, 0x0000021c75985760, 0x0000021c75985df0, 0x0000021c759871a0,
0x0000021c75986480, 0x0000021c75986b10, 0x0000021c759843b0, 0x0000021c759850d0
}

Java Threads: ( => current thread )
  0x0000021c55756a40 JavaThread "main"                              [_thread_blocked, id=7972, stack(0x000000d159000000,0x000000d159100000) (1024K)]
  0x0000021c6f65a440 JavaThread "Reference Handler"          daemon [_thread_blocked, id=12368, stack(0x000000d159800000,0x000000d159900000) (1024K)]
  0x0000021c6f65aaa0 JavaThread "Finalizer"                  daemon [_thread_blocked, id=8360, stack(0x000000d159900000,0x000000d159a00000) (1024K)]
  0x0000021c6f6779f0 JavaThread "Signal Dispatcher"          daemon [_thread_blocked, id=10612, stack(0x000000d159a00000,0x000000d159b00000) (1024K)]
  0x0000021c6f678050 JavaThread "Attach Listener"            daemon [_thread_blocked, id=13748, stack(0x000000d159b00000,0x000000d159c00000) (1024K)]
  0x0000021c6f6786b0 JavaThread "Service Thread"             daemon [_thread_blocked, id=12012, stack(0x000000d159c00000,0x000000d159d00000) (1024K)]
  0x0000021c6f664710 JavaThread "Monitor Deflation Thread"   daemon [_thread_blocked, id=17852, stack(0x000000d159d00000,0x000000d159e00000) (1024K)]
  0x0000021c6f664d70 JavaThread "C2 CompilerThread0"         daemon [_thread_in_native, id=4336, stack(0x000000d159e00000,0x000000d159f00000) (1024K)]
  0x0000021c6f665410 JavaThread "C1 CompilerThread0"         daemon [_thread_blocked, id=8924, stack(0x000000d159f00000,0x000000d15a000000) (1024K)]
  0x0000021c6f7b9cc0 JavaThread "Common-Cleaner"             daemon [_thread_blocked, id=9384, stack(0x000000d15a000000,0x000000d15a100000) (1024K)]
  0x0000021c6f9886c0 JavaThread "Notification Thread"        daemon [_thread_blocked, id=14628, stack(0x000000d15a100000,0x000000d15a200000) (1024K)]
=>0x0000021c6f98d2c0 JavaThread "C2 CompilerThread1"         daemon [_thread_in_native, id=1028, stack(0x000000d15a200000,0x000000d15a300000) (1024K)]
  0x0000021c759f7320 JavaThread "Daemon health stats"               [_thread_blocked, id=16812, stack(0x000000d15a800000,0x000000d15a900000) (1024K)]
  0x0000021c74e73170 JavaThread "Incoming local TCP Connector on port 54849"        [_thread_in_native, id=5380, stack(0x000000d15a900000,0x000000d15aa00000) (1024K)]
  0x0000021c758ffe00 JavaThread "Daemon periodic checks"            [_thread_blocked, id=18108, stack(0x000000d15aa00000,0x000000d15ab00000) (1024K)]
  0x0000021c75ac6870 JavaThread "Daemon"                            [_thread_blocked, id=17932, stack(0x000000d15ab00000,0x000000d15ac00000) (1024K)]
  0x0000021c7587d480 JavaThread "Handler for socket connection from /127.0.0.1:54849 to /127.0.0.1:54855"        [_thread_in_native, id=15716, stack(0x000000d15ac00000,0x000000d15ad00000) (1024K)]
  0x0000021c7587e0b0 JavaThread "Cancel handler"                    [_thread_blocked, id=14460, stack(0x000000d15ad00000,0x000000d15ae00000) (1024K)]
  0x0000021c75919910 JavaThread "Daemon worker"                     [_thread_in_native, id=19048, stack(0x000000d15ae00000,0x000000d15af00000) (1024K)]
  0x0000021c75983d20 JavaThread "Asynchronous log dispatcher for DefaultDaemonConnection: socket connection from /127.0.0.1:54849 to /127.0.0.1:54855"        [_thread_blocked, id=1476, stack(0x000000d15af00000,0x000000d15b000000) (1024K)]
  0x0000021c75984a40 JavaThread "Stdin handler"                     [_thread_blocked, id=6624, stack(0x000000d15b000000,0x000000d15b100000) (1024K)]
  0x0000021c75985760 JavaThread "Daemon client event forwarder"        [_thread_blocked, id=7812, stack(0x000000d15b100000,0x000000d15b200000) (1024K)]
  0x0000021c75985df0 JavaThread "Cache worker for journal cache (C:\Users\ma725\.gradle\caches\journal-1)"        [_thread_blocked, id=2812, stack(0x000000d15b800000,0x000000d15b900000) (1024K)]
  0x0000021c759871a0 JavaThread "File lock request listener"        [_thread_in_native, id=17108, stack(0x000000d15b900000,0x000000d15ba00000) (1024K)]
  0x0000021c75986480 JavaThread "Cache worker for file hash cache (C:\Users\ma725\.gradle\caches\8.11.1\fileHashes)"        [_thread_blocked, id=2680, stack(0x000000d15ba00000,0x000000d15bb00000) (1024K)]
  0x0000021c75986b10 JavaThread "Cache worker for file content cache (C:\Users\ma725\.gradle\caches\8.11.1\fileContent)"        [_thread_blocked, id=7656, stack(0x000000d15bb00000,0x000000d15bc00000) (1024K)]
  0x0000021c759843b0 JavaThread "Cache worker for file hash cache (E:\YourClass\.gradle\8.11.1\fileHashes)"        [_thread_blocked, id=9412, stack(0x000000d15bc00000,0x000000d15bd00000) (1024K)]
  0x0000021c759850d0 JavaThread "Cache worker for Build Output Cleanup Cache (E:\YourClass\.gradle\buildOutputCleanup)"        [_thread_blocked, id=7820, stack(0x000000d15bd00000,0x000000d15be00000) (1024K)]
Total: 28

Other Threads:
  0x0000021c6f04d9f0 VMThread "VM Thread"                           [id=15908, stack(0x000000d159700000,0x000000d159800000) (1024K)]
  0x0000021c6f00d6d0 WatcherThread "VM Periodic Task Thread"        [id=7380, stack(0x000000d159600000,0x000000d159700000) (1024K)]
  0x0000021c5581df60 WorkerThread "GC Thread#0"                     [id=7588, stack(0x000000d159100000,0x000000d159200000) (1024K)]
  0x0000021c74778b30 WorkerThread "GC Thread#1"                     [id=17804, stack(0x000000d15a300000,0x000000d15a400000) (1024K)]
  0x0000021c744f10b0 WorkerThread "GC Thread#2"                     [id=5164, stack(0x000000d15a400000,0x000000d15a500000) (1024K)]
  0x0000021c7502e590 WorkerThread "GC Thread#3"                     [id=3436, stack(0x000000d15a500000,0x000000d15a600000) (1024K)]
  0x0000021c7460d380 WorkerThread "GC Thread#4"                     [id=2544, stack(0x000000d15a600000,0x000000d15a700000) (1024K)]
  0x0000021c750a0f00 WorkerThread "GC Thread#5"                     [id=18160, stack(0x000000d15a700000,0x000000d15a800000) (1024K)]
  0x0000021c75abedd0 WorkerThread "GC Thread#6"                     [id=15924, stack(0x000000d15b200000,0x000000d15b300000) (1024K)]
  0x0000021c75abf170 WorkerThread "GC Thread#7"                     [id=14752, stack(0x000000d15b300000,0x000000d15b400000) (1024K)]
  0x0000021c75ca62b0 WorkerThread "GC Thread#8"                     [id=18852, stack(0x000000d15b400000,0x000000d15b500000) (1024K)]
  0x0000021c75ca7130 WorkerThread "GC Thread#9"                     [id=19160, stack(0x000000d15b500000,0x000000d15b600000) (1024K)]
  0x0000021c571a5a30 ConcurrentGCThread "G1 Main Marker"            [id=19996, stack(0x000000d159200000,0x000000d159300000) (1024K)]
  0x0000021c571a6340 WorkerThread "G1 Conc#0"                       [id=11224, stack(0x000000d159300000,0x000000d159400000) (1024K)]
  0x0000021c75ca74d0 WorkerThread "G1 Conc#1"                       [id=20272, stack(0x000000d15b600000,0x000000d15b700000) (1024K)]
  0x0000021c75ca6650 WorkerThread "G1 Conc#2"                       [id=384, stack(0x000000d15b700000,0x000000d15b800000) (1024K)]
  0x0000021c571fe8d0 ConcurrentGCThread "G1 Refine#0"               [id=9928, stack(0x000000d159400000,0x000000d159500000) (1024K)]
  0x0000021c6eed70b0 ConcurrentGCThread "G1 Service"                [id=3164, stack(0x000000d159500000,0x000000d159600000) (1024K)]
Total: 18

Threads with active compile tasks:
C2 CompilerThread0  2804 2903       4       java.net.URLClassLoader$1::run (5 bytes)
C2 CompilerThread1  2804 2902   !   4       java.net.URLClassLoader::findClass (47 bytes)
Total: 2

VM state: not at safepoint (normal execution)

VM Mutex/Monitor currently owned by a thread: None

Heap address: 0x0000000080000000, size: 2048 MB, Compressed Oops mode: 32-bit

CDS archive(s) not mapped
Compressed class space mapped at: 0x0000000100000000-0x0000000140000000, reserved size: 1073741824
Narrow klass base: 0x0000000000000000, Narrow klass shift: 3, Narrow klass range: 0x140000000

GC Precious Log:
 CardTable entry size: 512
 Card Set container configuration: InlinePtr #cards 5 size 8 Array Of Cards #cards 12 size 40 Howl #buckets 4 coarsen threshold 1843 Howl Bitmap #cards 512 size 80 coarsen threshold 460 Card regions per heap region 1 cards per card region 2048
 CPUs: 12 total, 12 available
 Memory: 7860M
 Large Page Support: Disabled
 NUMA Support: Disabled
 Compressed Oops: Enabled (32-bit)
 Heap Region Size: 1M
 Heap Min Capacity: 8M
 Heap Initial Capacity: 124M
 Heap Max Capacity: 2G
 Pre-touch: Disabled
 Parallel Workers: 10
 Concurrent Workers: 3
 Concurrent Refinement Workers: 10
 Periodic GC: Disabled

Heap:
 garbage-first heap   total 101376K, used 44800K [0x0000000080000000, 0x0000000100000000)
  region size 1024K, 29 young (29696K), 7 survivors (7168K)
 Metaspace       used 31968K, committed 32704K, reserved 1114112K
  class space    used 4186K, committed 4544K, reserved 1048576K

Heap Regions: E=young(eden), S=young(survivor), O=old, HS=humongous(starts), HC=humongous(continues), CS=collection set, F=free, TAMS=top-at-mark-start, PB=parsable bottom
|   0|0x0000000080000000, 0x0000000080100000, 0x0000000080100000|100%| O|  |TAMS 0x0000000080000000| PB 0x0000000080000000| Untracked 
|   1|0x0000000080100000, 0x0000000080200000, 0x0000000080200000|100%|HS|  |TAMS 0x0000000080100000| PB 0x0000000080100000| Complete 
|   2|0x0000000080200000, 0x0000000080300000, 0x0000000080300000|100%|HC|  |TAMS 0x0000000080200000| PB 0x0000000080200000| Complete 
|   3|0x0000000080300000, 0x0000000080400000, 0x0000000080400000|100%|HC|  |TAMS 0x0000000080300000| PB 0x0000000080300000| Complete 
|   4|0x0000000080400000, 0x0000000080500000, 0x0000000080500000|100%| O|  |TAMS 0x0000000080400000| PB 0x0000000080400000| Untracked 
|   5|0x0000000080500000, 0x0000000080600000, 0x0000000080600000|100%| O|  |TAMS 0x0000000080500000| PB 0x0000000080500000| Untracked 
|   6|0x0000000080600000, 0x0000000080700000, 0x0000000080700000|100%| O|  |TAMS 0x0000000080600000| PB 0x0000000080600000| Untracked 
|   7|0x0000000080700000, 0x0000000080800000, 0x0000000080800000|100%|HS|  |TAMS 0x0000000080700000| PB 0x0000000080700000| Complete 
|   8|0x0000000080800000, 0x0000000080800000, 0x0000000080900000|  0%| F|  |TAMS 0x0000000080800000| PB 0x0000000080800000| Untracked 
|   9|0x0000000080900000, 0x0000000080a00000, 0x0000000080a00000|100%| O|  |TAMS 0x0000000080900000| PB 0x0000000080900000| Untracked 
|  10|0x0000000080a00000, 0x0000000080b00000, 0x0000000080b00000|100%| O|  |TAMS 0x0000000080a00000| PB 0x0000000080a00000| Untracked 
|  11|0x0000000080b00000, 0x0000000080c00000, 0x0000000080c00000|100%| O|  |TAMS 0x0000000080b00000| PB 0x0000000080b00000| Untracked 
|  12|0x0000000080c00000, 0x0000000080cf5d90, 0x0000000080d00000| 96%| O|Cm|TAMS 0x0000000080c00000| PB 0x0000000080c00000| Complete 
|  13|0x0000000080d00000, 0x0000000080d00000, 0x0000000080e00000|  0%| F|  |TAMS 0x0000000080d00000| PB 0x0000000080d00000| Untracked 
|  14|0x0000000080e00000, 0x0000000080e00000, 0x0000000080f00000|  0%| F|  |TAMS 0x0000000080e00000| PB 0x0000000080e00000| Untracked 
|  15|0x0000000080f00000, 0x0000000080f00000, 0x0000000081000000|  0%| F|  |TAMS 0x0000000080f00000| PB 0x0000000080f00000| Untracked 
|  16|0x0000000081000000, 0x0000000081000000, 0x0000000081100000|  0%| F|  |TAMS 0x0000000081000000| PB 0x0000000081000000| Untracked 
|  17|0x0000000081100000, 0x0000000081100000, 0x0000000081200000|  0%| F|  |TAMS 0x0000000081100000| PB 0x0000000081100000| Untracked 
|  18|0x0000000081200000, 0x0000000081200000, 0x0000000081300000|  0%| F|  |TAMS 0x0000000081200000| PB 0x0000000081200000| Untracked 
|  19|0x0000000081300000, 0x0000000081300000, 0x0000000081400000|  0%| F|  |TAMS 0x0000000081300000| PB 0x0000000081300000| Untracked 
|  20|0x0000000081400000, 0x0000000081400000, 0x0000000081500000|  0%| F|  |TAMS 0x0000000081400000| PB 0x0000000081400000| Untracked 
|  21|0x0000000081500000, 0x0000000081500000, 0x0000000081600000|  0%| F|  |TAMS 0x0000000081500000| PB 0x0000000081500000| Untracked 
|  22|0x0000000081600000, 0x0000000081600000, 0x0000000081700000|  0%| F|  |TAMS 0x0000000081600000| PB 0x0000000081600000| Untracked 
|  23|0x0000000081700000, 0x0000000081700000, 0x0000000081800000|  0%| F|  |TAMS 0x0000000081700000| PB 0x0000000081700000| Untracked 
|  24|0x0000000081800000, 0x0000000081800000, 0x0000000081900000|  0%| F|  |TAMS 0x0000000081800000| PB 0x0000000081800000| Untracked 
|  25|0x0000000081900000, 0x0000000081900000, 0x0000000081a00000|  0%| F|  |TAMS 0x0000000081900000| PB 0x0000000081900000| Untracked 
|  26|0x0000000081a00000, 0x0000000081a00000, 0x0000000081b00000|  0%| F|  |TAMS 0x0000000081a00000| PB 0x0000000081a00000| Untracked 
|  27|0x0000000081b00000, 0x0000000081b00000, 0x0000000081c00000|  0%| F|  |TAMS 0x0000000081b00000| PB 0x0000000081b00000| Untracked 
|  28|0x0000000081c00000, 0x0000000081c00000, 0x0000000081d00000|  0%| F|  |TAMS 0x0000000081c00000| PB 0x0000000081c00000| Untracked 
|  29|0x0000000081d00000, 0x0000000081d00000, 0x0000000081e00000|  0%| F|  |TAMS 0x0000000081d00000| PB 0x0000000081d00000| Untracked 
|  30|0x0000000081e00000, 0x0000000081e00000, 0x0000000081f00000|  0%| F|  |TAMS 0x0000000081e00000| PB 0x0000000081e00000| Untracked 
|  31|0x0000000081f00000, 0x0000000081f00000, 0x0000000082000000|  0%| F|  |TAMS 0x0000000081f00000| PB 0x0000000081f00000| Untracked 
|  32|0x0000000082000000, 0x0000000082000000, 0x0000000082100000|  0%| F|  |TAMS 0x0000000082000000| PB 0x0000000082000000| Untracked 
|  33|0x0000000082100000, 0x0000000082100000, 0x0000000082200000|  0%| F|  |TAMS 0x0000000082100000| PB 0x0000000082100000| Untracked 
|  34|0x0000000082200000, 0x0000000082200000, 0x0000000082300000|  0%| F|  |TAMS 0x0000000082200000| PB 0x0000000082200000| Untracked 
|  35|0x0000000082300000, 0x0000000082300000, 0x0000000082400000|  0%| F|  |TAMS 0x0000000082300000| PB 0x0000000082300000| Untracked 
|  36|0x0000000082400000, 0x0000000082400000, 0x0000000082500000|  0%| F|  |TAMS 0x0000000082400000| PB 0x0000000082400000| Untracked 
|  37|0x0000000082500000, 0x0000000082500000, 0x0000000082600000|  0%| F|  |TAMS 0x0000000082500000| PB 0x0000000082500000| Untracked 
|  38|0x0000000082600000, 0x0000000082600000, 0x0000000082700000|  0%| F|  |TAMS 0x0000000082600000| PB 0x0000000082600000| Untracked 
|  39|0x0000000082700000, 0x0000000082700000, 0x0000000082800000|  0%| F|  |TAMS 0x0000000082700000| PB 0x0000000082700000| Untracked 
|  40|0x0000000082800000, 0x0000000082800000, 0x0000000082900000|  0%| F|  |TAMS 0x0000000082800000| PB 0x0000000082800000| Untracked 
|  41|0x0000000082900000, 0x0000000082900000, 0x0000000082a00000|  0%| F|  |TAMS 0x0000000082900000| PB 0x0000000082900000| Untracked 
|  42|0x0000000082a00000, 0x0000000082a00000, 0x0000000082b00000|  0%| F|  |TAMS 0x0000000082a00000| PB 0x0000000082a00000| Untracked 
|  43|0x0000000082b00000, 0x0000000082b00000, 0x0000000082c00000|  0%| F|  |TAMS 0x0000000082b00000| PB 0x0000000082b00000| Untracked 
|  44|0x0000000082c00000, 0x0000000082c00000, 0x0000000082d00000|  0%| F|  |TAMS 0x0000000082c00000| PB 0x0000000082c00000| Untracked 
|  45|0x0000000082d00000, 0x0000000082d00000, 0x0000000082e00000|  0%| F|  |TAMS 0x0000000082d00000| PB 0x0000000082d00000| Untracked 
|  46|0x0000000082e00000, 0x0000000082e00000, 0x0000000082f00000|  0%| F|  |TAMS 0x0000000082e00000| PB 0x0000000082e00000| Untracked 
|  47|0x0000000082f00000, 0x0000000082f00000, 0x0000000083000000|  0%| F|  |TAMS 0x0000000082f00000| PB 0x0000000082f00000| Untracked 
|  48|0x0000000083000000, 0x0000000083000000, 0x0000000083100000|  0%| F|  |TAMS 0x0000000083000000| PB 0x0000000083000000| Untracked 
|  49|0x0000000083100000, 0x0000000083100000, 0x0000000083200000|  0%| F|  |TAMS 0x0000000083100000| PB 0x0000000083100000| Untracked 
|  50|0x0000000083200000, 0x0000000083200000, 0x0000000083300000|  0%| F|  |TAMS 0x0000000083200000| PB 0x0000000083200000| Untracked 
|  51|0x0000000083300000, 0x0000000083300000, 0x0000000083400000|  0%| F|  |TAMS 0x0000000083300000| PB 0x0000000083300000| Untracked 
|  52|0x0000000083400000, 0x0000000083400000, 0x0000000083500000|  0%| F|  |TAMS 0x0000000083400000| PB 0x0000000083400000| Untracked 
|  53|0x0000000083500000, 0x0000000083500000, 0x0000000083600000|  0%| F|  |TAMS 0x0000000083500000| PB 0x0000000083500000| Untracked 
|  54|0x0000000083600000, 0x0000000083600000, 0x0000000083700000|  0%| F|  |TAMS 0x0000000083600000| PB 0x0000000083600000| Untracked 
|  55|0x0000000083700000, 0x0000000083700000, 0x0000000083800000|  0%| F|  |TAMS 0x0000000083700000| PB 0x0000000083700000| Untracked 
|  56|0x0000000083800000, 0x0000000083800000, 0x0000000083900000|  0%| F|  |TAMS 0x0000000083800000| PB 0x0000000083800000| Untracked 
|  57|0x0000000083900000, 0x0000000083900000, 0x0000000083a00000|  0%| F|  |TAMS 0x0000000083900000| PB 0x0000000083900000| Untracked 
|  58|0x0000000083a00000, 0x0000000083a00000, 0x0000000083b00000|  0%| F|  |TAMS 0x0000000083a00000| PB 0x0000000083a00000| Untracked 
|  59|0x0000000083b00000, 0x0000000083b00000, 0x0000000083c00000|  0%| F|  |TAMS 0x0000000083b00000| PB 0x0000000083b00000| Untracked 
|  60|0x0000000083c00000, 0x0000000083d00000, 0x0000000083d00000|100%| S|CS|TAMS 0x0000000083c00000| PB 0x0000000083c00000| Complete 
|  61|0x0000000083d00000, 0x0000000083e00000, 0x0000000083e00000|100%| S|CS|TAMS 0x0000000083d00000| PB 0x0000000083d00000| Complete 
|  62|0x0000000083e00000, 0x0000000083f00000, 0x0000000083f00000|100%| S|CS|TAMS 0x0000000083e00000| PB 0x0000000083e00000| Complete 
|  63|0x0000000083f00000, 0x0000000084000000, 0x0000000084000000|100%| S|CS|TAMS 0x0000000083f00000| PB 0x0000000083f00000| Complete 
|  64|0x0000000084000000, 0x0000000084100000, 0x0000000084100000|100%| S|CS|TAMS 0x0000000084000000| PB 0x0000000084000000| Complete 
|  65|0x0000000084100000, 0x0000000084200000, 0x0000000084200000|100%| S|CS|TAMS 0x0000000084100000| PB 0x0000000084100000| Complete 
|  66|0x0000000084200000, 0x000000008421b408, 0x0000000084300000| 10%| S|CS|TAMS 0x0000000084200000| PB 0x0000000084200000| Complete 
|  67|0x0000000084300000, 0x0000000084300000, 0x0000000084400000|  0%| F|  |TAMS 0x0000000084300000| PB 0x0000000084300000| Untracked 
|  68|0x0000000084400000, 0x0000000084400000, 0x0000000084500000|  0%| F|  |TAMS 0x0000000084400000| PB 0x0000000084400000| Untracked 
|  69|0x0000000084500000, 0x0000000084500000, 0x0000000084600000|  0%| F|  |TAMS 0x0000000084500000| PB 0x0000000084500000| Untracked 
|  70|0x0000000084600000, 0x0000000084600000, 0x0000000084700000|  0%| F|  |TAMS 0x0000000084600000| PB 0x0000000084600000| Untracked 
|  71|0x0000000084700000, 0x0000000084700000, 0x0000000084800000|  0%| F|  |TAMS 0x0000000084700000| PB 0x0000000084700000| Untracked 
|  72|0x0000000084800000, 0x0000000084880000, 0x0000000084900000| 50%| E|  |TAMS 0x0000000084800000| PB 0x0000000084800000| Complete 
|  73|0x0000000084900000, 0x0000000084a00000, 0x0000000084a00000|100%| E|CS|TAMS 0x0000000084900000| PB 0x0000000084900000| Complete 
|  74|0x0000000084a00000, 0x0000000084b00000, 0x0000000084b00000|100%| E|CS|TAMS 0x0000000084a00000| PB 0x0000000084a00000| Complete 
|  75|0x0000000084b00000, 0x0000000084c00000, 0x0000000084c00000|100%| E|CS|TAMS 0x0000000084b00000| PB 0x0000000084b00000| Complete 
|  76|0x0000000084c00000, 0x0000000084d00000, 0x0000000084d00000|100%| E|CS|TAMS 0x0000000084c00000| PB 0x0000000084c00000| Complete 
|  77|0x0000000084d00000, 0x0000000084e00000, 0x0000000084e00000|100%| E|CS|TAMS 0x0000000084d00000| PB 0x0000000084d00000| Complete 
|  78|0x0000000084e00000, 0x0000000084f00000, 0x0000000084f00000|100%| E|CS|TAMS 0x0000000084e00000| PB 0x0000000084e00000| Complete 
|  79|0x0000000084f00000, 0x0000000085000000, 0x0000000085000000|100%| E|CS|TAMS 0x0000000084f00000| PB 0x0000000084f00000| Complete 
|  80|0x0000000085000000, 0x0000000085100000, 0x0000000085100000|100%| E|CS|TAMS 0x0000000085000000| PB 0x0000000085000000| Complete 
|  81|0x0000000085100000, 0x0000000085200000, 0x0000000085200000|100%| E|CS|TAMS 0x0000000085100000| PB 0x0000000085100000| Complete 
|  82|0x0000000085200000, 0x0000000085300000, 0x0000000085300000|100%| E|CS|TAMS 0x0000000085200000| PB 0x0000000085200000| Complete 
|  83|0x0000000085300000, 0x0000000085400000, 0x0000000085400000|100%| E|CS|TAMS 0x0000000085300000| PB 0x0000000085300000| Complete 
|  89|0x0000000085900000, 0x0000000085a00000, 0x0000000085a00000|100%| E|CS|TAMS 0x0000000085900000| PB 0x0000000085900000| Complete 
|  90|0x0000000085a00000, 0x0000000085b00000, 0x0000000085b00000|100%| E|CS|TAMS 0x0000000085a00000| PB 0x0000000085a00000| Complete 
|  91|0x0000000085b00000, 0x0000000085c00000, 0x0000000085c00000|100%| E|CS|TAMS 0x0000000085b00000| PB 0x0000000085b00000| Complete 
|  92|0x0000000085c00000, 0x0000000085d00000, 0x0000000085d00000|100%| E|CS|TAMS 0x0000000085c00000| PB 0x0000000085c00000| Complete 
|  93|0x0000000085d00000, 0x0000000085e00000, 0x0000000085e00000|100%| E|CS|TAMS 0x0000000085d00000| PB 0x0000000085d00000| Complete 
|  94|0x0000000085e00000, 0x0000000085f00000, 0x0000000085f00000|100%| E|CS|TAMS 0x0000000085e00000| PB 0x0000000085e00000| Complete 
|  95|0x0000000085f00000, 0x0000000086000000, 0x0000000086000000|100%| E|CS|TAMS 0x0000000085f00000| PB 0x0000000085f00000| Complete 
|  96|0x0000000086000000, 0x0000000086100000, 0x0000000086100000|100%| E|CS|TAMS 0x0000000086000000| PB 0x0000000086000000| Complete 
|  97|0x0000000086100000, 0x0000000086200000, 0x0000000086200000|100%| E|CS|TAMS 0x0000000086100000| PB 0x0000000086100000| Complete 
| 123|0x0000000087b00000, 0x0000000087c00000, 0x0000000087c00000|100%| E|CS|TAMS 0x0000000087b00000| PB 0x0000000087b00000| Complete 
|2043|0x00000000ffb00000, 0x00000000ffbaf188, 0x00000000ffc00000| 68%| O|  |TAMS 0x00000000ffb00000| PB 0x00000000ffb00000| Untracked 
|2044|0x00000000ffc00000, 0x00000000ffd00000, 0x00000000ffd00000|100%| O|  |TAMS 0x00000000ffc00000| PB 0x00000000ffc00000| Untracked 
|2045|0x00000000ffd00000, 0x00000000ffe00000, 0x00000000ffe00000|100%| O|  |TAMS 0x00000000ffd00000| PB 0x00000000ffd00000| Untracked 
|2046|0x00000000ffe00000, 0x00000000fff00000, 0x00000000fff00000|100%| O|  |TAMS 0x00000000ffe00000| PB 0x00000000ffe00000| Untracked 
|2047|0x00000000fff00000, 0x0000000100000000, 0x0000000100000000|100%| O|  |TAMS 0x00000000fff00000| PB 0x00000000fff00000| Untracked 

Card table byte_map: [0x0000021c6a3f0000,0x0000021c6a7f0000] _byte_map_base: 0x0000021c69ff0000

Marking Bits: (CMBitMap*) 0x0000021c5581e570
 Bits: [0x0000021c6a7f0000, 0x0000021c6c7f0000)

Polling page: 0x0000021c55ab0000

Metaspace:

Usage:
  Non-class:     27.14 MB used.
      Class:      4.09 MB used.
       Both:     31.23 MB used.

Virtual space:
  Non-class space:       64.00 MB reserved,      27.50 MB ( 43%) committed,  1 nodes.
      Class space:        1.00 GB reserved,       4.44 MB ( <1%) committed,  1 nodes.
             Both:        1.06 GB reserved,      31.94 MB (  3%) committed. 

Chunk freelists:
   Non-Class:  3.69 MB
       Class:  11.56 MB
        Both:  15.25 MB

MaxMetaspaceSize: unlimited
CompressedClassSpaceSize: 1.00 GB
Initial GC threshold: 21.00 MB
Current GC threshold: 35.12 MB
CDS: off
 - commit_granule_bytes: 65536.
 - commit_granule_words: 8192.
 - virtual_space_node_default_size: 8388608.
 - enlarge_chunks_in_place: 1.
 - use_allocation_guard: 0.


Internal statistics:

num_allocs_failed_limit: 3.
num_arena_births: 1166.
num_arena_deaths: 0.
num_vsnodes_births: 2.
num_vsnodes_deaths: 0.
num_space_committed: 511.
num_space_uncommitted: 0.
num_chunks_returned_to_freelist: 3.
num_chunks_taken_from_freelist: 2124.
num_chunk_merges: 3.
num_chunk_splits: 1367.
num_chunks_enlarged: 894.
num_inconsistent_stats: 0.

CodeHeap 'non-profiled nmethods': size=120000Kb used=1585Kb max_used=1585Kb free=118414Kb
 bounds [0x0000021c61e40000, 0x0000021c620b0000, 0x0000021c69370000]
CodeHeap 'profiled nmethods': size=120000Kb used=6216Kb max_used=6216Kb free=113783Kb
 bounds [0x0000021c5a370000, 0x0000021c5a990000, 0x0000021c618a0000]
CodeHeap 'non-nmethods': size=5760Kb used=1475Kb max_used=1525Kb free=4284Kb
 bounds [0x0000021c618a0000, 0x0000021c61b10000, 0x0000021c61e40000]
 total_blobs=3672 nmethods=3097 adapters=479
 compilation: enabled
              stopped_count=0, restarted_count=0
 full_count=0

Compilation events (20 events):
Event: 2.720 Thread 0x0000021c6f665410 3093       3       java.lang.invoke.MethodHandleImpl::makeIntrinsic (7 bytes)
Event: 2.720 Thread 0x0000021c6f665410 nmethod 3093 0x0000021c5a977f10 code [0x0000021c5a9780c0, 0x0000021c5a9781e8]
Event: 2.720 Thread 0x0000021c6f665410 3094       3       java.lang.invoke.MethodHandleImpl::makeIntrinsic (21 bytes)
Event: 2.720 Thread 0x0000021c6f665410 nmethod 3094 0x0000021c5a978290 code [0x0000021c5a9784a0, 0x0000021c5a978c78]
Event: 2.727 Thread 0x0000021c6f665410 3095       3       org.gradle.internal.service.DefaultServiceRegistry$OwnServices::instanceRealized (234 bytes)
Event: 2.728 Thread 0x0000021c6f665410 nmethod 3095 0x0000021c5a978e90 code [0x0000021c5a979420, 0x0000021c5a97c2c8]
Event: 2.728 Thread 0x0000021c6f665410 3096       3       java.lang.invoke.LambdaFormEditor$TransformKey::withResult (17 bytes)
Event: 2.729 Thread 0x0000021c6f665410 nmethod 3096 0x0000021c5a97d190 code [0x0000021c5a97d360, 0x0000021c5a97d6e0]
Event: 2.729 Thread 0x0000021c6f665410 3097       3       java.lang.invoke.DelegatingMethodHandle::internalMemberName (8 bytes)
Event: 2.729 Thread 0x0000021c6f665410 nmethod 3097 0x0000021c5a97d890 code [0x0000021c5a97da60, 0x0000021c5a97dce0]
Event: 2.740 Thread 0x0000021c6f665410 3100       3       jdk.internal.reflect.ReflectionFactory::newMethodAccessor (69 bytes)
Event: 2.740 Thread 0x0000021c6f665410 nmethod 3100 0x0000021c5a97dd90 code [0x0000021c5a97df80, 0x0000021c5a97e308]
Event: 2.740 Thread 0x0000021c6f665410 3101   !   3       jdk.internal.reflect.MethodHandleAccessorFactory::newMethodAccessor (61 bytes)
Event: 2.740 Thread 0x0000021c6f665410 nmethod 3101 0x0000021c5a97e510 code [0x0000021c5a97e800, 0x0000021c5a97f200]
Event: 2.740 Thread 0x0000021c6f665410 3102       3       jdk.internal.reflect.MethodHandleAccessorFactory::makeSpecializedTarget (97 bytes)
Event: 2.742 Thread 0x0000021c6f665410 nmethod 3102 0x0000021c5a97f610 code [0x0000021c5a97f8a0, 0x0000021c5a980498]
Event: 2.742 Thread 0x0000021c6f665410 3103       3       java.lang.invoke.DirectMethodHandle$Holder::invokeStatic (22 bytes)
Event: 2.743 Thread 0x0000021c6f665410 nmethod 3103 0x0000021c5a980810 code [0x0000021c5a9809e0, 0x0000021c5a980ee8]
Event: 2.744 Thread 0x0000021c6f665410 3104       3       java.lang.invoke.MethodHandles$Lookup::hasFullPrivilegeAccess (18 bytes)
Event: 2.744 Thread 0x0000021c6f665410 nmethod 3104 0x0000021c5a981010 code [0x0000021c5a9811a0, 0x0000021c5a981308]

GC Heap History (10 events):
Event: 0.276 GC heap before
{Heap before GC invocations=0 (full 0):
 garbage-first heap   total 126976K, used 22528K [0x0000000080000000, 0x0000000100000000)
  region size 1024K, 23 young (23552K), 0 survivors (0K)
 Metaspace       used 7975K, committed 8128K, reserved 1114112K
  class space    used 709K, committed 768K, reserved 1048576K
}
Event: 0.279 GC heap after
{Heap after GC invocations=1 (full 0):
 garbage-first heap   total 126976K, used 3392K [0x0000000080000000, 0x0000000100000000)
  region size 1024K, 3 young (3072K), 3 survivors (3072K)
 Metaspace       used 7975K, committed 8128K, reserved 1114112K
  class space    used 709K, committed 768K, reserved 1048576K
}
Event: 0.581 GC heap before
{Heap before GC invocations=1 (full 0):
 garbage-first heap   total 126976K, used 39232K [0x0000000080000000, 0x0000000100000000)
  region size 1024K, 36 young (36864K), 3 survivors (3072K)
 Metaspace       used 12120K, committed 12352K, reserved 1114112K
  class space    used 1275K, committed 1408K, reserved 1048576K
}
Event: 0.587 GC heap after
{Heap after GC invocations=2 (full 0):
 garbage-first heap   total 126976K, used 11150K [0x0000000080000000, 0x0000000100000000)
  region size 1024K, 5 young (5120K), 5 survivors (5120K)
 Metaspace       used 12120K, committed 12352K, reserved 1114112K
  class space    used 1275K, committed 1408K, reserved 1048576K
}
Event: 0.857 GC heap before
{Heap before GC invocations=2 (full 0):
 garbage-first heap   total 126976K, used 60302K [0x0000000080000000, 0x0000000100000000)
  region size 1024K, 51 young (52224K), 5 survivors (5120K)
 Metaspace       used 13080K, committed 13376K, reserved 1114112K
  class space    used 1438K, committed 1600K, reserved 1048576K
}
Event: 0.863 GC heap after
{Heap after GC invocations=3 (full 0):
 garbage-first heap   total 126976K, used 17367K [0x0000000080000000, 0x0000000100000000)
  region size 1024K, 5 young (5120K), 5 survivors (5120K)
 Metaspace       used 13080K, committed 13376K, reserved 1114112K
  class space    used 1438K, committed 1600K, reserved 1048576K
}
Event: 1.885 GC heap before
{Heap before GC invocations=3 (full 0):
 garbage-first heap   total 126976K, used 42967K [0x0000000080000000, 0x0000000100000000)
  region size 1024K, 31 young (31744K), 5 survivors (5120K)
 Metaspace       used 21177K, committed 21504K, reserved 1114112K
  class space    used 2436K, committed 2624K, reserved 1048576K
}
Event: 1.890 GC heap after
{Heap after GC invocations=4 (full 0):
 garbage-first heap   total 126976K, used 20726K [0x0000000080000000, 0x0000000100000000)
  region size 1024K, 9 young (9216K), 9 survivors (9216K)
 Metaspace       used 21177K, committed 21504K, reserved 1114112K
  class space    used 2436K, committed 2624K, reserved 1048576K
}
Event: 2.502 GC heap before
{Heap before GC invocations=5 (full 0):
 garbage-first heap   total 71680K, used 70902K [0x0000000080000000, 0x0000000100000000)
  region size 1024K, 58 young (59392K), 9 survivors (9216K)
 Metaspace       used 29258K, committed 29888K, reserved 1114112K
  class space    used 3734K, committed 4032K, reserved 1048576K
}
Event: 2.509 GC heap after
{Heap after GC invocations=6 (full 0):
 garbage-first heap   total 101376K, used 23296K [0x0000000080000000, 0x0000000100000000)
  region size 1024K, 7 young (7168K), 7 survivors (7168K)
 Metaspace       used 29258K, committed 29888K, reserved 1114112K
  class space    used 3734K, committed 4032K, reserved 1048576K
}

Dll operation events (3 events):
Event: 0.006 Loaded shared library E:\android studio\jbr\bin\java.dll
Event: 0.010 Loaded shared library E:\android studio\jbr\bin\zip.dll
Event: 0.311 Loaded shared library E:\android studio\jbr\bin\verify.dll

Deoptimization events (20 events):
Event: 2.608 Thread 0x0000021c75919910 Uncommon trap: trap_request=0xffffff45 fr.pc=0x0000021c61fa9008 relative=0x00000000000000e8
Event: 2.608 Thread 0x0000021c75919910 Uncommon trap: reason=unstable_if action=reinterpret pc=0x0000021c61fa9008 method=java.util.Arrays.equals([Ljava/lang/Object;[Ljava/lang/Object;)Z @ 44 c2
Event: 2.608 Thread 0x0000021c75919910 DEOPT PACKING pc=0x0000021c61fa9008 sp=0x000000d15aefbb00
Event: 2.608 Thread 0x0000021c75919910 DEOPT UNPACKING pc=0x0000021c618f46a2 sp=0x000000d15aefbaa0 mode 2
Event: 2.608 Thread 0x0000021c75919910 Uncommon trap: trap_request=0xffffff45 fr.pc=0x0000021c61fbd930 relative=0x00000000000001d0
Event: 2.608 Thread 0x0000021c75919910 Uncommon trap: reason=unstable_if action=reinterpret pc=0x0000021c61fbd930 method=java.util.HashMap.getNode(Ljava/lang/Object;)Ljava/util/HashMap$Node; @ 131 c2
Event: 2.608 Thread 0x0000021c75919910 DEOPT PACKING pc=0x0000021c61fbd930 sp=0x000000d15aefbbc0
Event: 2.608 Thread 0x0000021c75919910 DEOPT UNPACKING pc=0x0000021c618f46a2 sp=0x000000d15aefbae0 mode 2
Event: 2.608 Thread 0x0000021c75919910 Uncommon trap: trap_request=0xffffff45 fr.pc=0x0000021c61f6e628 relative=0x0000000000000788
Event: 2.608 Thread 0x0000021c75919910 Uncommon trap: reason=unstable_if action=reinterpret pc=0x0000021c61f6e628 method=java.util.HashMap.putVal(ILjava/lang/Object;Ljava/lang/Object;ZZ)Ljava/lang/Object; @ 206 c2
Event: 2.608 Thread 0x0000021c75919910 DEOPT PACKING pc=0x0000021c61f6e628 sp=0x000000d15aefbb00
Event: 2.608 Thread 0x0000021c75919910 DEOPT UNPACKING pc=0x0000021c618f46a2 sp=0x000000d15aefba88 mode 2
Event: 2.608 Thread 0x0000021c75919910 Uncommon trap: trap_request=0xffffff45 fr.pc=0x0000021c61fbcf14 relative=0x00000000000002b4
Event: 2.608 Thread 0x0000021c75919910 Uncommon trap: reason=unstable_if action=reinterpret pc=0x0000021c61fbcf14 method=java.util.HashMap.getNode(Ljava/lang/Object;)Ljava/util/HashMap$Node; @ 131 c2
Event: 2.608 Thread 0x0000021c75919910 DEOPT PACKING pc=0x0000021c61fbcf14 sp=0x000000d15aefbb60
Event: 2.608 Thread 0x0000021c75919910 DEOPT UNPACKING pc=0x0000021c618f46a2 sp=0x000000d15aefbae0 mode 2
Event: 2.741 Thread 0x0000021c75919910 Uncommon trap: trap_request=0xffffff45 fr.pc=0x0000021c61f57f04 relative=0x00000000000003a4
Event: 2.741 Thread 0x0000021c75919910 Uncommon trap: reason=unstable_if action=reinterpret pc=0x0000021c61f57f04 method=jdk.internal.org.objectweb.asm.SymbolTable.addType(Ljava/lang/String;)I @ 33 c2
Event: 2.741 Thread 0x0000021c75919910 DEOPT PACKING pc=0x0000021c61f57f04 sp=0x000000d15aefa320
Event: 2.741 Thread 0x0000021c75919910 DEOPT UNPACKING pc=0x0000021c618f46a2 sp=0x000000d15aefa2a8 mode 2

Classes loaded (20 events):
Event: 2.570 Loading class org/xml/sax/SAXException
Event: 2.570 Loading class org/xml/sax/SAXException done
Event: 2.570 Loading class javax/xml/xpath/XPathExpressionException
Event: 2.570 Loading class javax/xml/xpath/XPathException
Event: 2.570 Loading class javax/xml/xpath/XPathException done
Event: 2.570 Loading class javax/xml/xpath/XPathExpressionException done
Event: 2.570 Loading class org/xml/sax/ErrorHandler
Event: 2.570 Loading class org/xml/sax/ErrorHandler done
Event: 2.628 Loading class java/lang/ThreadLocal$SuppliedThreadLocal
Event: 2.628 Loading class java/lang/ThreadLocal$SuppliedThreadLocal done
Event: 2.720 Loading class java/util/zip/GZIPOutputStream
Event: 2.720 Loading class java/util/zip/DeflaterOutputStream
Event: 2.721 Loading class java/util/zip/DeflaterOutputStream done
Event: 2.721 Loading class java/util/zip/GZIPOutputStream done
Event: 2.721 Loading class java/util/zip/GZIPInputStream
Event: 2.721 Loading class java/util/zip/GZIPInputStream done
Event: 2.722 Loading class java/io/UnsupportedEncodingException
Event: 2.722 Loading class java/io/UnsupportedEncodingException done
Event: 2.744 Loading class java/util/Collections$SingletonMap
Event: 2.744 Loading class java/util/Collections$SingletonMap done

Classes unloaded (0 events):
No events

Classes redefined (0 events):
No events

Internal exceptions (20 events):
Event: 2.237 Thread 0x0000021c75919910 Exception <a 'java/lang/NoSuchMethodError'{0x00000000821f0630}: 'java.lang.Object java.lang.invoke.DirectMethodHandle$Holder.invokeStatic(java.lang.Object, java.lang.Object, java.lang.Object, java.lang.Object, java.lang.Object, java.lang.Object, java.lang.Object, java.lang.Object, java.lang.Object, java.lang.Object, java.lang.Object, java.lang.Object, java.lang.Object, java.lang.Object, java.lang.Object, java.lang.Object, java.lang.Object)'> (0x00000000821f0630) 
thrown [s\src\hotspot\share\interpreter\lin
Event: 2.238 Thread 0x0000021c75919910 Exception <a 'java/lang/NoSuchMethodError'{0x00000000820196f0}: 'java.lang.Object java.lang.invoke.DirectMethodHandle$Holder.invokeStatic(java.lang.Object, java.lang.Object, java.lang.Object, java.lang.Object, java.lang.Object, java.lang.Object, java.lang.Object, java.lang.Object, java.lang.Object, java.lang.Object, java.lang.Object, java.lang.Object, java.lang.Object, java.lang.Object, java.lang.Object, java.lang.Object, java.lang.Object, java.lang.Object)'> (0x00000000820196f0) 
thrown [s\src\hotspot\sha
Event: 2.239 Thread 0x0000021c75919910 Exception <a 'java/lang/NoSuchMethodError'{0x00000000820437b8}: 'java.lang.Object java.lang.invoke.DirectMethodHandle$Holder.invokeStatic(java.lang.Object, java.lang.Object, java.lang.Object, java.lang.Object, java.lang.Object, java.lang.Object, java.lang.Object, java.lang.Object, java.lang.Object, java.lang.Object, java.lang.Object, java.lang.Object, java.lang.Object, java.lang.Object, java.lang.Object, java.lang.Object, java.lang.Object, java.lang.Object, java.lang.Object)'> (0x00000000820437b8) 
thrown 
Event: 2.240 Thread 0x0000021c75919910 Exception <a 'java/lang/NoSuchMethodError'{0x000000008206eca8}: 'java.lang.Object java.lang.invoke.DirectMethodHandle$Holder.invokeStatic(java.lang.Object, java.lang.Object, java.lang.Object, java.lang.Object, java.lang.Object, java.lang.Object, java.lang.Object, java.lang.Object, java.lang.Object, java.lang.Object, java.lang.Object, java.lang.Object, java.lang.Object, java.lang.Object, java.lang.Object, java.lang.Object, java.lang.Object, java.lang.Object, java.lang.Object, java.lang.Object)'> (0x00000000
Event: 2.241 Thread 0x0000021c75919910 Exception <a 'java/lang/NoSuchMethodError'{0x000000008209b650}: 'java.lang.Object java.lang.invoke.DirectMethodHandle$Holder.invokeStatic(java.lang.Object, java.lang.Object, java.lang.Object, java.lang.Object, java.lang.Object, java.lang.Object, java.lang.Object, java.lang.Object, java.lang.Object, java.lang.Object, java.lang.Object, java.lang.Object, java.lang.Object, java.lang.Object, java.lang.Object, java.lang.Object, java.lang.Object, java.lang.Object, java.lang.Object, java.lang.Object, java.lang.Obj
Event: 2.242 Thread 0x0000021c75919910 Exception <a 'java/lang/NoSuchMethodError'{0x00000000820c8e30}: 'java.lang.Object java.lang.invoke.DirectMethodHandle$Holder.invokeStatic(java.lang.Object, java.lang.Object, java.lang.Object, java.lang.Object, java.lang.Object, java.lang.Object, java.lang.Object, java.lang.Object, java.lang.Object, java.lang.Object, java.lang.Object, java.lang.Object, java.lang.Object, java.lang.Object, java.lang.Object, java.lang.Object, java.lang.Object, java.lang.Object, java.lang.Object, java.lang.Object, java.lang.Obj
Event: 2.243 Thread 0x0000021c75919910 Exception <a 'java/lang/NoSuchMethodError'{0x00000000820f7398}: 'java.lang.Object java.lang.invoke.DirectMethodHandle$Holder.invokeStatic(java.lang.Object, java.lang.Object, java.lang.Object, java.lang.Object, java.lang.Object, java.lang.Object, java.lang.Object, java.lang.Object, java.lang.Object, java.lang.Object, java.lang.Object, java.lang.Object, java.lang.Object, java.lang.Object, java.lang.Object, java.lang.Object, java.lang.Object, java.lang.Object, java.lang.Object, java.lang.Object, java.lang.Obj
Event: 2.244 Thread 0x0000021c75919910 Exception <a 'java/lang/NoSuchMethodError'{0x0000000081f26808}: 'java.lang.Object java.lang.invoke.DirectMethodHandle$Holder.invokeStatic(java.lang.Object, java.lang.Object, java.lang.Object, java.lang.Object, java.lang.Object, java.lang.Object, java.lang.Object, java.lang.Object, java.lang.Object, java.lang.Object, java.lang.Object, java.lang.Object, java.lang.Object, java.lang.Object, java.lang.Object, java.lang.Object, java.lang.Object, java.lang.Object, java.lang.Object, java.lang.Object, java.lang.Obj
Event: 2.244 Thread 0x0000021c75919910 Exception <a 'java/lang/NoSuchMethodError'{0x0000000081f565e8}: 'java.lang.Object java.lang.invoke.DirectMethodHandle$Holder.invokeStatic(java.lang.Object, java.lang.Object, java.lang.Object, java.lang.Object, java.lang.Object, java.lang.Object, java.lang.Object, java.lang.Object, java.lang.Object, java.lang.Object, java.lang.Object, java.lang.Object, java.lang.Object, java.lang.Object, java.lang.Object, java.lang.Object, java.lang.Object, java.lang.Object, java.lang.Object, java.lang.Object, java.lang.Obj
Event: 2.245 Thread 0x0000021c75919910 Exception <a 'java/lang/NoSuchMethodError'{0x0000000081f87f90}: 'java.lang.Object java.lang.invoke.DirectMethodHandle$Holder.invokeStatic(java.lang.Object, java.lang.Object, java.lang.Object, java.lang.Object, java.lang.Object, java.lang.Object, java.lang.Object, java.lang.Object, java.lang.Object, java.lang.Object, java.lang.Object, java.lang.Object, java.lang.Object, java.lang.Object, java.lang.Object, java.lang.Object, java.lang.Object, java.lang.Object, java.lang.Object, java.lang.Object, java.lang.Obj
Event: 2.265 Thread 0x0000021c75919910 Exception <a 'java/lang/IncompatibleClassChangeError'{0x0000000081e81a88}: Found class java.lang.Object, but interface was expected> (0x0000000081e81a88) 
thrown [s\src\hotspot\share\interpreter\linkResolver.cpp, line 851]
Event: 2.416 Thread 0x0000021c75919910 Exception <a 'java/lang/IncompatibleClassChangeError'{0x0000000081360c58}: Found class java.lang.Object, but interface was expected> (0x0000000081360c58) 
thrown [s\src\hotspot\share\interpreter\linkResolver.cpp, line 851]
Event: 2.419 Thread 0x0000021c75919910 Exception <a 'java/lang/NoSuchMethodError'{0x000000008138a308}: 'java.lang.Object java.lang.invoke.DirectMethodHandle$Holder.newInvokeSpecial(java.lang.Object, java.lang.Object, java.lang.Object, java.lang.Object, java.lang.Object, java.lang.Object, java.lang.Object, java.lang.Object, java.lang.Object, java.lang.Object)'> (0x000000008138a308) 
thrown [s\src\hotspot\share\interpreter\linkResolver.cpp, line 784]
Event: 2.430 Thread 0x0000021c75919910 Exception <a 'java/lang/NoSuchMethodError'{0x00000000812a2e28}: 'java.lang.Object java.lang.invoke.DirectMethodHandle$Holder.newInvokeSpecial(java.lang.Object, java.lang.Object, java.lang.Object, java.lang.Object, java.lang.Object, java.lang.Object, java.lang.Object, java.lang.Object)'> (0x00000000812a2e28) 
thrown [s\src\hotspot\share\interpreter\linkResolver.cpp, line 784]
Event: 2.442 Thread 0x0000021c75919910 Exception <a 'java/lang/NoSuchMethodError'{0x0000000081150770}: 'int java.lang.invoke.DirectMethodHandle$Holder.invokeStaticInit(java.lang.Object, java.lang.Object, java.lang.Object)'> (0x0000000081150770) 
thrown [s\src\hotspot\share\interpreter\linkResolver.cpp, line 784]
Event: 2.502 Thread 0x0000021c75919910 Exception <a 'java/lang/NoSuchMethodError'{0x00000000808fa420}: 'java.lang.Object java.lang.invoke.DirectMethodHandle$Holder.invokeVirtual(java.lang.Object, java.lang.Object, java.lang.Object, java.lang.Object, java.lang.Object, java.lang.Object, java.lang.Object, java.lang.Object, java.lang.Object, java.lang.Object, java.lang.Object, java.lang.Object, java.lang.Object, java.lang.Object, java.lang.Object, java.lang.Object, java.lang.Object, java.lang.Object, java.lang.Object, java.lang.Object, java.lang.Ob
Event: 2.515 Thread 0x0000021c75919910 Exception <a 'java/lang/NoSuchMethodError'{0x0000000087b6c6d0}: 'java.lang.Object java.lang.invoke.DirectMethodHandle$Holder.invokeSpecial(java.lang.Object, java.lang.Object, java.lang.Object, java.lang.Object, java.lang.Object, java.lang.Object, java.lang.Object, java.lang.Object, java.lang.Object, java.lang.Object, java.lang.Object, java.lang.Object, java.lang.Object, java.lang.Object, java.lang.Object, java.lang.Object, java.lang.Object, java.lang.Object, java.lang.Object, java.lang.Object, java.lang.Ob
Event: 2.613 Thread 0x0000021c75919910 Exception <a 'java/lang/NoSuchMethodError'{0x0000000085adcbe0}: 'java.lang.Object java.lang.invoke.DirectMethodHandle$Holder.newInvokeSpecial(java.lang.Object, java.lang.Object, java.lang.Object, java.lang.Object, java.lang.Object, java.lang.Object, java.lang.Object)'> (0x0000000085adcbe0) 
thrown [s\src\hotspot\share\interpreter\linkResolver.cpp, line 784]
Event: 2.644 Thread 0x0000021c75919910 Exception <a 'java/lang/NoSuchMethodError'{0x0000000085226828}: 'java.lang.Object java.lang.invoke.DirectMethodHandle$Holder.invokeVirtual(java.lang.Object, java.lang.Object, java.lang.Object, java.lang.Object, java.lang.Object, java.lang.Object, java.lang.Object, java.lang.Object, java.lang.Object, java.lang.Object, java.lang.Object)'> (0x0000000085226828) 
thrown [s\src\hotspot\share\interpreter\linkResolver.cpp, line 784]
Event: 2.735 Thread 0x0000021c75919910 Exception <a 'java/lang/NoSuchMethodError'{0x0000000084b59a50}: 'java.lang.Object java.lang.invoke.DirectMethodHandle$Holder.invokeVirtual(java.lang.Object, java.lang.Object, java.lang.Object, java.lang.Object, java.lang.Object, java.lang.Object, java.lang.Object, java.lang.Object, java.lang.Object, java.lang.Object)'> (0x0000000084b59a50) 
thrown [s\src\hotspot\share\interpreter\linkResolver.cpp, line 784]

ZGC Phase Switch (0 events):
No events

VM Operations (20 events):
Event: 1.780 Executing VM operation: HandshakeAllThreads (Deoptimize)
Event: 1.780 Executing VM operation: HandshakeAllThreads (Deoptimize) done
Event: 1.843 Executing VM operation: ICBufferFull
Event: 1.843 Executing VM operation: ICBufferFull done
Event: 1.885 Executing VM operation: CollectForMetadataAllocation (Metadata GC Threshold)
Event: 1.890 Executing VM operation: CollectForMetadataAllocation (Metadata GC Threshold) done
Event: 1.894 Executing VM operation: G1PauseRemark
Event: 1.896 Executing VM operation: G1PauseRemark done
Event: 1.897 Executing VM operation: G1PauseCleanup
Event: 1.900 Executing VM operation: G1PauseCleanup done
Event: 2.103 Executing VM operation: HandshakeAllThreads (Deoptimize)
Event: 2.103 Executing VM operation: HandshakeAllThreads (Deoptimize) done
Event: 2.250 Executing VM operation: HandshakeAllThreads (Deoptimize)
Event: 2.250 Executing VM operation: HandshakeAllThreads (Deoptimize) done
Event: 2.251 Executing VM operation: HandshakeAllThreads (Deoptimize)
Event: 2.251 Executing VM operation: HandshakeAllThreads (Deoptimize) done
Event: 2.436 Executing VM operation: ICBufferFull
Event: 2.436 Executing VM operation: ICBufferFull done
Event: 2.502 Executing VM operation: G1CollectForAllocation (G1 Evacuation Pause)
Event: 2.509 Executing VM operation: G1CollectForAllocation (G1 Evacuation Pause) done

Memory protections (0 events):
No events

Nmethod flushes (0 events):
No events

Events (20 events):
Event: 0.379 Loaded shared library C:\Users\ma725\.gradle\native\c067742578af261105cb4f569cf0c3c89f3d7b1fecec35dd04571415982c5e48\windows-amd64\native-platform.dll
Event: 0.383 Loaded shared library C:\Users\ma725\.gradle\native\100fb08df4bc3b14c8652ba06237920a3bd2aa13389f12d3474272988ae205f9\windows-amd64\native-platform-file-events.dll
Event: 0.940 Loaded shared library E:\android studio\jbr\bin\management.dll
Event: 0.944 Loaded shared library E:\android studio\jbr\bin\management_ext.dll
Event: 0.969 Thread 0x0000021c55756a40 Thread added: 0x0000021c759f7320
Event: 1.080 Loaded shared library E:\android studio\jbr\bin\extnet.dll
Event: 1.100 Thread 0x0000021c55756a40 Thread added: 0x0000021c74e73170
Event: 1.148 Thread 0x0000021c55756a40 Thread added: 0x0000021c758ffe00
Event: 1.802 Thread 0x0000021c74e73170 Thread added: 0x0000021c75ac6870
Event: 1.803 Thread 0x0000021c75ac6870 Thread added: 0x0000021c7587d480
Event: 1.821 Thread 0x0000021c75ac6870 Thread added: 0x0000021c7587e0b0
Event: 1.828 Thread 0x0000021c75ac6870 Thread added: 0x0000021c75919910
Event: 1.834 Thread 0x0000021c75919910 Thread added: 0x0000021c75983d20
Event: 1.837 Thread 0x0000021c75919910 Thread added: 0x0000021c75984a40
Event: 1.839 Thread 0x0000021c75919910 Thread added: 0x0000021c75985760
Event: 2.103 Thread 0x0000021c75919910 Thread added: 0x0000021c75985df0
Event: 2.108 Thread 0x0000021c75919910 Thread added: 0x0000021c759871a0
Event: 2.126 Thread 0x0000021c75919910 Thread added: 0x0000021c75986480
Event: 2.556 Thread 0x0000021c75919910 Thread added: 0x0000021c75986b10
Event: 2.736 Thread 0x0000021c75919910 Thread added: 0x0000021c759843b0


Dynamic libraries:
0x00007ff7ea840000 - 0x00007ff7ea84a000 	E:\android studio\jbr\bin\java.exe
0x00007ffa00f00000 - 0x00007ffa01160000 	C:\WINDOWS\SYSTEM32\ntdll.dll
0x00007ff9ff6d0000 - 0x00007ff9ff797000 	C:\WINDOWS\System32\KERNEL32.DLL
0x00007ff9fe2e0000 - 0x00007ff9fe6aa000 	C:\WINDOWS\System32\KERNELBASE.dll
0x00007ff9fe0e0000 - 0x00007ff9fe22b000 	C:\WINDOWS\System32\ucrtbase.dll
0x00007ff9eb010000 - 0x00007ff9eb02b000 	E:\android studio\jbr\bin\VCRUNTIME140.dll
0x00007ff9f82f0000 - 0x00007ff9f8308000 	E:\android studio\jbr\bin\jli.dll
0x00007ff9fee70000 - 0x00007ff9ff03c000 	C:\WINDOWS\System32\USER32.dll
0x00007ff9fe970000 - 0x00007ff9fe997000 	C:\WINDOWS\System32\win32u.dll
0x00007ff9ffec0000 - 0x00007ff9ffeea000 	C:\WINDOWS\System32\GDI32.dll
0x00007ff9c6880000 - 0x00007ff9c6b17000 	C:\WINDOWS\WinSxS\amd64_microsoft.windows.common-controls_6595b64144ccf1df_6.0.26100.3624_none_3e086962e3345f24\COMCTL32.dll
0x00007ff9fe830000 - 0x00007ff9fe961000 	C:\WINDOWS\System32\gdi32full.dll
0x00007ff9ffce0000 - 0x00007ff9ffd89000 	C:\WINDOWS\System32\msvcrt.dll
0x00007ff9fe230000 - 0x00007ff9fe2d3000 	C:\WINDOWS\System32\msvcp_win.dll
0x00007ff9ff140000 - 0x00007ff9ff16f000 	C:\WINDOWS\System32\IMM32.DLL
0x00007ff9f1bb0000 - 0x00007ff9f1bbc000 	E:\android studio\jbr\bin\vcruntime140_1.dll
0x00007ff9dd590000 - 0x00007ff9dd61d000 	E:\android studio\jbr\bin\msvcp140.dll
0x00007ff978420000 - 0x00007ff9790aa000 	E:\android studio\jbr\bin\server\jvm.dll
0x00007ffa001c0000 - 0x00007ffa00272000 	C:\WINDOWS\System32\ADVAPI32.dll
0x00007ff9fedc0000 - 0x00007ff9fee66000 	C:\WINDOWS\System32\sechost.dll
0x00007ffa005f0000 - 0x00007ffa00706000 	C:\WINDOWS\System32\RPCRT4.dll
0x00007ff9ff1a0000 - 0x00007ff9ff214000 	C:\WINDOWS\System32\WS2_32.dll
0x00007ff9f1eb0000 - 0x00007ff9f1ee6000 	C:\WINDOWS\SYSTEM32\WINMM.dll
0x00007ff9fcd70000 - 0x00007ff9fcdce000 	C:\WINDOWS\SYSTEM32\POWRPROF.dll
0x00007ff9ed150000 - 0x00007ff9ed15b000 	C:\WINDOWS\SYSTEM32\VERSION.dll
0x00007ff9fcd50000 - 0x00007ff9fcd64000 	C:\WINDOWS\SYSTEM32\UMPDC.dll
0x00007ff9fd010000 - 0x00007ff9fd02a000 	C:\WINDOWS\SYSTEM32\kernel.appcore.dll
0x00007ff9f1ad0000 - 0x00007ff9f1ada000 	E:\android studio\jbr\bin\jimage.dll
0x00007ff9fb8e0000 - 0x00007ff9fbb21000 	C:\WINDOWS\SYSTEM32\DBGHELP.DLL
0x00007ff9ff2b0000 - 0x00007ff9ff632000 	C:\WINDOWS\System32\combase.dll
0x00007ff9ffd90000 - 0x00007ff9ffe66000 	C:\WINDOWS\System32\OLEAUT32.dll
0x00007ff9e7aa0000 - 0x00007ff9e7ad9000 	C:\WINDOWS\SYSTEM32\dbgcore.DLL
0x00007ff9fe9a0000 - 0x00007ff9fea39000 	C:\WINDOWS\System32\bcryptPrimitives.dll
0x00007ff9f6650000 - 0x00007ff9f665e000 	E:\android studio\jbr\bin\instrument.dll
0x00007ff9e16e0000 - 0x00007ff9e1700000 	E:\android studio\jbr\bin\java.dll
0x00007ff9e16c0000 - 0x00007ff9e16d8000 	E:\android studio\jbr\bin\zip.dll
0x00007ffa00720000 - 0x00007ffa00e49000 	C:\WINDOWS\System32\SHELL32.dll
0x00007ff9fea40000 - 0x00007ff9feba8000 	C:\WINDOWS\System32\wintypes.dll
0x00007ff9fbdc0000 - 0x00007ff9fc612000 	C:\WINDOWS\SYSTEM32\windows.storage.dll
0x00007ff9ffef0000 - 0x00007ff9fffdd000 	C:\WINDOWS\System32\SHCORE.dll
0x00007ffa00e50000 - 0x00007ffa00eb4000 	C:\WINDOWS\System32\shlwapi.dll
0x00007ff9fdff0000 - 0x00007ff9fe01f000 	C:\WINDOWS\SYSTEM32\profapi.dll
0x00007ff9f19d0000 - 0x00007ff9f19e0000 	E:\android studio\jbr\bin\net.dll
0x00007ff9f5650000 - 0x00007ff9f576d000 	C:\WINDOWS\SYSTEM32\WINHTTP.dll
0x00007ff9fd530000 - 0x00007ff9fd59a000 	C:\WINDOWS\system32\mswsock.dll
0x00007ff9de1f0000 - 0x00007ff9de206000 	E:\android studio\jbr\bin\nio.dll
0x00007ff9f1bc0000 - 0x00007ff9f1bd0000 	E:\android studio\jbr\bin\verify.dll
0x00007ff9d9f90000 - 0x00007ff9d9fb7000 	C:\Users\ma725\.gradle\native\c067742578af261105cb4f569cf0c3c89f3d7b1fecec35dd04571415982c5e48\windows-amd64\native-platform.dll
0x00007ff9d46d0000 - 0x00007ff9d4814000 	C:\Users\ma725\.gradle\native\100fb08df4bc3b14c8652ba06237920a3bd2aa13389f12d3474272988ae205f9\windows-amd64\native-platform-file-events.dll
0x00007ff9f16e0000 - 0x00007ff9f16e9000 	E:\android studio\jbr\bin\management.dll
0x00007ff9ebd00000 - 0x00007ff9ebd0b000 	E:\android studio\jbr\bin\management_ext.dll
0x00007ffa005e0000 - 0x00007ffa005e8000 	C:\WINDOWS\System32\PSAPI.DLL
0x00007ff9fd7e0000 - 0x00007ff9fd7fc000 	C:\WINDOWS\SYSTEM32\CRYPTSP.dll
0x00007ff9fcf70000 - 0x00007ff9fcfaa000 	C:\WINDOWS\system32\rsaenh.dll
0x00007ff9fd5d0000 - 0x00007ff9fd5fb000 	C:\WINDOWS\SYSTEM32\USERENV.dll
0x00007ff9fdfc0000 - 0x00007ff9fdfe6000 	C:\WINDOWS\SYSTEM32\bcrypt.dll
0x00007ff9fd7d0000 - 0x00007ff9fd7dc000 	C:\WINDOWS\SYSTEM32\CRYPTBASE.dll
0x00007ff9fca60000 - 0x00007ff9fca93000 	C:\WINDOWS\SYSTEM32\IPHLPAPI.DLL
0x00007ffa00710000 - 0x00007ffa0071a000 	C:\WINDOWS\System32\NSI.dll
0x00007ff9f1800000 - 0x00007ff9f1809000 	E:\android studio\jbr\bin\extnet.dll
0x00007ff9ba4b0000 - 0x00007ff9ba4b8000 	C:\WINDOWS\system32\wshunix.dll

dbghelp: loaded successfully - version: 4.0.5 - missing functions: none
symbol engine: initialized successfully - sym options: 0x614 - pdb path: .;E:\android studio\jbr\bin;C:\WINDOWS\SYSTEM32;C:\WINDOWS\WinSxS\amd64_microsoft.windows.common-controls_6595b64144ccf1df_6.0.26100.3624_none_3e086962e3345f24;E:\android studio\jbr\bin\server;C:\Users\ma725\.gradle\native\c067742578af261105cb4f569cf0c3c89f3d7b1fecec35dd04571415982c5e48\windows-amd64;C:\Users\ma725\.gradle\native\100fb08df4bc3b14c8652ba06237920a3bd2aa13389f12d3474272988ae205f9\windows-amd64

VM Arguments:
jvm_args: --add-opens=java.base/java.lang=ALL-UNNAMED --add-opens=java.base/java.lang.invoke=ALL-UNNAMED --add-opens=java.base/java.util=ALL-UNNAMED --add-opens=java.prefs/java.util.prefs=ALL-UNNAMED --add-exports=jdk.compiler/com.sun.tools.javac.api=ALL-UNNAMED --add-exports=jdk.compiler/com.sun.tools.javac.util=ALL-UNNAMED --add-opens=java.base/java.util=ALL-UNNAMED --add-opens=java.prefs/java.util.prefs=ALL-UNNAMED --add-opens=java.base/java.nio.charset=ALL-UNNAMED --add-opens=java.base/java.net=ALL-UNNAMED --add-opens=java.base/java.util.concurrent.atomic=ALL-UNNAMED --add-opens=java.xml/javax.xml.namespace=ALL-UNNAMED -Xmx2048m -Dfile.encoding=UTF-8 -Duser.country=US -Duser.language=en -Duser.variant -javaagent:C:\Users\ma725\.gradle\wrapper\dists\gradle-8.11.1-bin\bpt9gzteqjrbo1mjrsomdt32c\gradle-8.11.1\lib\agents\gradle-instrumentation-agent-8.11.1.jar 
java_command: org.gradle.launcher.daemon.bootstrap.GradleDaemon 8.11.1
java_class_path (initial): C:\Users\ma725\.gradle\wrapper\dists\gradle-8.11.1-bin\bpt9gzteqjrbo1mjrsomdt32c\gradle-8.11.1\lib\gradle-daemon-main-8.11.1.jar
Launcher Type: SUN_STANDARD

[Global flags]
     intx CICompilerCount                          = 4                                         {product} {ergonomic}
     uint ConcGCThreads                            = 3                                         {product} {ergonomic}
     uint G1ConcRefinementThreads                  = 10                                        {product} {ergonomic}
   size_t G1HeapRegionSize                         = 1048576                                   {product} {ergonomic}
    uintx GCDrainStackTargetSize                   = 64                                        {product} {ergonomic}
   size_t InitialHeapSize                          = 130023424                                 {product} {ergonomic}
   size_t MarkStackSize                            = 4194304                                   {product} {ergonomic}
   size_t MaxHeapSize                              = 2147483648                                {product} {command line}
   size_t MaxNewSize                               = 1287651328                                {product} {ergonomic}
   size_t MinHeapDeltaBytes                        = 1048576                                   {product} {ergonomic}
   size_t MinHeapSize                              = 8388608                                   {product} {ergonomic}
    uintx NonNMethodCodeHeapSize                   = 5839372                                {pd product} {ergonomic}
    uintx NonProfiledCodeHeapSize                  = 122909434                              {pd product} {ergonomic}
    uintx ProfiledCodeHeapSize                     = 122909434                              {pd product} {ergonomic}
    uintx ReservedCodeCacheSize                    = 251658240                              {pd product} {ergonomic}
     bool SegmentedCodeCache                       = true                                      {product} {ergonomic}
   size_t SoftMaxHeapSize                          = 2147483648                             {manageable} {ergonomic}
     bool UseCompressedOops                        = true                           {product lp64_product} {ergonomic}
     bool UseG1GC                                  = true                                      {product} {ergonomic}
     bool UseLargePagesIndividualAllocation        = false                                  {pd product} {ergonomic}

Logging:
Log output configuration:
 #0: stdout all=warning uptime,level,tags foldmultilines=false
 #1: stderr all=off uptime,level,tags foldmultilines=false

Environment Variables:
JAVA_HOME=E:\android studio\jbr
PATH=C:\Program Files\Common Files\Oracle\Java\javapath;C:\WINDOWS\system32;C:\WINDOWS;C:\WINDOWS\System32\Wbem;C:\WINDOWS\System32\WindowsPowerShell\v1.0\;C:\WINDOWS\System32\OpenSSH\;E:\android studio\jbr\bin;C:\Program Files (x86)\NVIDIA Corporation\PhysX\Common;C:\Program Files\NVIDIA Corporation\NVIDIA app\NvDLISR;C:\MinGW\bin;C:\Program Files\Git\cmd;C:\Program Files\Git LFS;C:\Users\ma725\AppData\Local\Programs\Python\Python39\Scripts\;C:\Users\ma725\AppData\Local\Programs\Python\Python39\;C:\Users\ma725\AppData\Local\Programs\Python\Launcher\;C:\Users\ma725\AppData\Local\Microsoft\WindowsApps;E:\Microsoft VS Code\bin;C:\Program Files (x86)\GnuWin32\bin;C:\MinGW\bin;C:\MinGW\msys\1.0\bin;
USERNAME=ma725
OS=Windows_NT
PROCESSOR_IDENTIFIER=Intel64 Family 6 Model 154 Stepping 3, GenuineIntel
TMP=C:\Users\ma725\AppData\Local\Temp
TEMP=C:\Users\ma725\AppData\Local\Temp




Periodic native trim disabled

JNI global refs:
JNI global refs: 23, weak refs: 2

JNI global refs memory usage: 835, weak refs: 833

Process memory usage:
Resident Set Size: 238088K (2% of 8048768K total physical memory with 257524K free physical memory)

OOME stack traces (most recent first):
Classloader memory used:
Loader bootstrap                                                                       : 16762K
Loader org.gradle.internal.classloader.VisitableURLClassLoader                         : 13003K
Loader org.gradle.initialization.MixInLegacyTypesClassLoader                           : 1918K
Loader jdk.internal.loader.ClassLoaders$AppClassLoader                                 : 232K
Loader jdk.internal.loader.ClassLoaders$PlatformClassLoader                            : 113K

Classes loaded by more than one classloader:
Class org.gradle.internal.classloader.FilteringClassLoader                            : loaded 2 times (x 101B)
Class org.gradle.internal.classloader.ClassLoaderHierarchy                            : loaded 2 times (x 66B)
Class org.gradle.api.internal.classpath.ManifestUtil                                  : loaded 2 times (x 67B)
Class org.gradle.internal.classloader.DefaultClassLoaderFactory                       : loaded 2 times (x 78B)
Class org.gradle.internal.classloader.ClassLoaderVisitor                              : loaded 2 times (x 72B)
Class org.gradle.api.internal.classpath.EffectiveClassPath                            : loaded 2 times (x 86B)
Class org.gradle.api.internal.DefaultClassPathProvider                                : loaded 2 times (x 72B)
Class [Lorg.gradle.api.internal.ClassPathProvider;                                    : loaded 2 times (x 65B)
Class org.gradle.api.internal.ClassPathProvider                                       : loaded 2 times (x 66B)
Class org.gradle.internal.service.UnknownServiceException                             : loaded 2 times (x 79B)
Class org.gradle.internal.classpath.TransformedClassPath                              : loaded 2 times (x 92B)
Class org.gradle.internal.classloader.InstrumentingClassLoader                        : loaded 2 times (x 66B)
Class org.gradle.internal.service.ServiceLocator                                      : loaded 2 times (x 66B)
Class org.gradle.internal.InternalTransformer                                         : loaded 2 times (x 66B)
Class org.gradle.internal.classloader.ClasspathUtil$1                                 : loaded 2 times (x 72B)
Class org.gradle.api.internal.classpath.DefaultModuleRegistry$DefaultModule           : loaded 2 times (x 82B)
Class org.gradle.api.internal.classpath.Module                                        : loaded 2 times (x 66B)
Class org.gradle.api.internal.classpath.UnknownModuleException                        : loaded 2 times (x 78B)
Class org.gradle.api.internal.DefaultClassPathRegistry                                : loaded 2 times (x 72B)
Class org.gradle.api.internal.ClassPathRegistry                                       : loaded 2 times (x 66B)
Class org.gradle.internal.classpath.DefaultClassPath$ImmutableUniqueList              : loaded 2 times (x 195B)
Class org.gradle.internal.classpath.ClassPath                                         : loaded 2 times (x 66B)
Class org.gradle.api.UncheckedIOException                                             : loaded 2 times (x 78B)
Class org.gradle.internal.installation.GradleInstallation$1                           : loaded 2 times (x 71B)
Class org.gradle.api.internal.classpath.ModuleRegistry                                : loaded 2 times (x 66B)
Class org.gradle.api.internal.classpath.DefaultModuleRegistry                         : loaded 2 times (x 82B)
Class org.gradle.internal.service.ServiceLookupException                              : loaded 2 times (x 78B)
Class org.gradle.internal.classloader.ClassLoaderFactory                              : loaded 2 times (x 66B)
Class org.gradle.internal.service.CachingServiceLocator                               : loaded 2 times (x 78B)
Class org.gradle.internal.classloader.ClasspathUtil                                   : loaded 2 times (x 67B)
Class org.gradle.api.specs.Spec                                                       : loaded 2 times (x 66B)
Class org.gradle.internal.classloader.VisitableURLClassLoader$InstrumentingVisitableURLClassLoader: loaded 2 times (x 119B)
Class org.gradle.internal.classloader.VisitableURLClassLoader$Spec                    : loaded 2 times (x 70B)
Class org.gradle.internal.classpath.DefaultClassPath                                  : loaded 2 times (x 86B)
Class org.gradle.internal.classloader.ClassLoaderSpec                                 : loaded 2 times (x 67B)
Class org.gradle.internal.classloader.VisitableURLClassLoader                         : loaded 2 times (x 113B)
Class org.gradle.internal.Cast                                                        : loaded 2 times (x 67B)
Class org.gradle.api.Action                                                           : loaded 2 times (x 66B)
Class org.gradle.internal.classpath.DefaultClassPath$ImmutableUniqueList$Builder      : loaded 2 times (x 71B)
Class org.gradle.api.GradleException                                                  : loaded 2 times (x 78B)
Class org.gradle.internal.IoActions                                                   : loaded 2 times (x 67B)
Class org.gradle.internal.classloader.SystemClassLoaderSpec                           : loaded 2 times (x 67B)
Class org.gradle.api.internal.classpath.GlobalCacheRootsProvider                      : loaded 2 times (x 66B)
Class org.gradle.internal.installation.CurrentGradleInstallationLocator               : loaded 2 times (x 67B)
Class org.gradle.internal.service.DefaultServiceLocator                               : loaded 2 times (x 79B)
Class org.gradle.internal.installation.CurrentGradleInstallation                      : loaded 2 times (x 69B)
Class org.gradle.util.internal.GUtil                                                  : loaded 2 times (x 67B)
Class org.gradle.internal.installation.GradleInstallation                             : loaded 2 times (x 71B)

---------------  S Y S T E M  ---------------

OS:
 Windows 11 , 64 bit Build 26100 (10.0.26100.3775)
OS uptime: 0 days 13:16 hours

CPU: total 12 (initial active 12) (6 cores per cpu, 2 threads per core) family 6 model 154 stepping 3 microcode 0x432, cx8, cmov, fxsr, ht, mmx, 3dnowpref, sse, sse2, sse3, ssse3, sse4.1, sse4.2, popcnt, lzcnt, tsc, tscinvbit, avx, avx2, aes, erms, clmul, bmi1, bmi2, adx, sha, fma, vzeroupper, clflush, clflushopt, clwb, serialize, rdtscp, rdpid, fsrm, f16c, pku, cet_ibt, cet_ss
Processor Information for processor 0
  Max Mhz: 2000, Current Mhz: 1520, Mhz Limit: 2000
Processor Information for processor 1
  Max Mhz: 2000, Current Mhz: 2000, Mhz Limit: 2000
Processor Information for processor 2
  Max Mhz: 2000, Current Mhz: 2000, Mhz Limit: 2000
Processor Information for processor 3
  Max Mhz: 2000, Current Mhz: 2000, Mhz Limit: 2000
Processor Information for processor 4
  Max Mhz: 2000, Current Mhz: 2000, Mhz Limit: 2000
Processor Information for processor 5
  Max Mhz: 2000, Current Mhz: 2000, Mhz Limit: 2000
Processor Information for processor 6
  Max Mhz: 2000, Current Mhz: 1520, Mhz Limit: 2000
Processor Information for processor 7
  Max Mhz: 2000, Current Mhz: 2000, Mhz Limit: 2000
Processor Information for processor 8
  Max Mhz: 2000, Current Mhz: 1500, Mhz Limit: 1500
Processor Information for processor 9
  Max Mhz: 2000, Current Mhz: 1500, Mhz Limit: 1500
Processor Information for processor 10
  Max Mhz: 2000, Current Mhz: 1500, Mhz Limit: 1500
Processor Information for processor 11
  Max Mhz: 2000, Current Mhz: 1500, Mhz Limit: 1500

Memory: 4k page, system-wide physical 7860M (250M free)
TotalPageFile size 16052M (AvailPageFile size 5M)
current process WorkingSet (physical memory assigned to process): 235M, peak: 235M
current process commit charge ("private bytes"): 287M, peak: 289M

vm_info: OpenJDK 64-Bit Server VM (21.0.5+-12932927-b750.29) for windows-amd64 JRE (21.0.5+-12932927-b750.29), built on 2025-01-17T02:01:10Z by "builder" with MS VC++ 16.10 / 16.11 (VS2019)

END.
