#
# There is insufficient memory for the Java Runtime Environment to continue.
# Native memory allocation (malloc) failed to allocate 1808496 bytes. Error detail: Chunk::new
# Possible reasons:
#   The system is out of physical RAM or swap space
#   This process is running with CompressedOops enabled, and the Java Heap may be blocking the growth of the native heap
# Possible solutions:
#   Reduce memory load on the system
#   Increase physical memory or swap space
#   Check if swap backing store is full
#   Decrease Java heap size (-Xmx/-Xms)
#   Decrease number of Java threads
#   Decrease Java thread stack sizes (-Xss)
#   Set larger code cache with -XX:ReservedCodeCacheSize=
#   JVM is running with Unscaled Compressed Oops mode in which the Java heap is
#     placed in the first 4GB address space. The Java Heap base address is the
#     maximum limit for the native heap growth. Please use -XX:HeapBaseMinAddress
#     to set the Java Heap base and to place the Java Heap above 4GB virtual address.
# This output file may be truncated or incomplete.
#
#  Out of Memory Error (arena.cpp:168), pid=11540, tid=19112
#
# JRE version: OpenJDK Runtime Environment (21.0.5) (build 21.0.5+-12932927-b750.29)
# Java VM: OpenJDK 64-Bit Server VM (21.0.5+-12932927-b750.29, mixed mode, tiered, compressed oops, compressed class ptrs, g1 gc, windows-amd64)
# No core dump will be written. Minidumps are not enabled by default on client versions of Windows
#

---------------  S U M M A R Y ------------

Command Line: --add-opens=java.base/java.lang=ALL-UNNAMED --add-opens=java.base/java.lang.invoke=ALL-UNNAMED --add-opens=java.base/java.util=ALL-UNNAMED --add-opens=java.prefs/java.util.prefs=ALL-UNNAMED --add-exports=jdk.compiler/com.sun.tools.javac.api=ALL-UNNAMED --add-exports=jdk.compiler/com.sun.tools.javac.util=ALL-UNNAMED --add-opens=java.base/java.util=ALL-UNNAMED --add-opens=java.prefs/java.util.prefs=ALL-UNNAMED --add-opens=java.base/java.nio.charset=ALL-UNNAMED --add-opens=java.base/java.net=ALL-UNNAMED --add-opens=java.base/java.util.concurrent.atomic=ALL-UNNAMED --add-opens=java.xml/javax.xml.namespace=ALL-UNNAMED -Xmx2048m -Dfile.encoding=UTF-8 -Duser.country=US -Duser.language=en -Duser.variant -javaagent:C:\Users\ma725\.gradle\wrapper\dists\gradle-8.11.1-bin\bpt9gzteqjrbo1mjrsomdt32c\gradle-8.11.1\lib\agents\gradle-instrumentation-agent-8.11.1.jar org.gradle.launcher.daemon.bootstrap.GradleDaemon 8.11.1

Host: 12th Gen Intel(R) Core(TM) i5-12450H, 12 cores, 7G,  Windows 11 , 64 bit Build 26100 (10.0.26100.3775)
Time: Sun May 25 19:50:41 2025 Bangladesh Standard Time elapsed time: 3.968622 seconds (0d 0h 0m 3s)

---------------  T H R E A D  ---------------

Current thread (0x000002357d2a7d40):  JavaThread "C2 CompilerThread0" daemon [_thread_in_native, id=19112, stack(0x00000084bf400000,0x00000084bf500000) (1024K)]


Current CompileTask:
C2:3968 2795       4       java.net.URLClassLoader$1::run (5 bytes)

Stack: [0x00000084bf400000,0x00000084bf500000]
Native frames: (J=compiled Java code, j=interpreted, Vv=VM code, C=native code)
V  [jvm.dll+0x6cfb29]
V  [jvm.dll+0x85ded3]
V  [jvm.dll+0x86042e]
V  [jvm.dll+0x860b13]
V  [jvm.dll+0x27e6b6]
V  [jvm.dll+0xbff6d]
V  [jvm.dll+0xc04a3]
V  [jvm.dll+0x3b5fc1]
V  [jvm.dll+0x381f97]
V  [jvm.dll+0x38140a]
V  [jvm.dll+0x247c62]
V  [jvm.dll+0x247231]
V  [jvm.dll+0x1c5ee4]
V  [jvm.dll+0x25697c]
V  [jvm.dll+0x254ec6]
V  [jvm.dll+0x3f0ce6]
V  [jvm.dll+0x806368]
V  [jvm.dll+0x6ce3fd]
C  [ucrtbase.dll+0x37b0]
C  [KERNEL32.DLL+0x2e8d7]
C  [ntdll.dll+0xb14fc]


---------------  P R O C E S S  ---------------

Threads class SMR info:
_java_thread_list=0x000002357f6a2890, length=26, elements={
0x000002357457b060, 0x000002357d29c570, 0x000002357d278e80, 0x000002357d282e70,
0x000002357d286b60, 0x000002357d2875b0, 0x000002357d2a6fc0, 0x000002357d2a7d40,
0x000002357d2a8de0, 0x000002357d41e6c0, 0x000002357d5b9ce0, 0x000002357d7f9020,
0x000002357d864660, 0x000002357f0d2410, 0x000002357f1f6fb0, 0x000002357f22ed90,
0x000002357f34f8b0, 0x000002357f34ff10, 0x000002357f39d650, 0x000002357f39dcb0,
0x000002357f4e0240, 0x000002357f4e15f0, 0x000002357f4de800, 0x000002357f4df520,
0x000002357f4e1c80, 0x000002357f4dee90
}

Java Threads: ( => current thread )
  0x000002357457b060 JavaThread "main"                              [_thread_blocked, id=16024, stack(0x00000084be600000,0x00000084be700000) (1024K)]
  0x000002357d29c570 JavaThread "Reference Handler"          daemon [_thread_blocked, id=15816, stack(0x00000084bee00000,0x00000084bef00000) (1024K)]
  0x000002357d278e80 JavaThread "Finalizer"                  daemon [_thread_blocked, id=20352, stack(0x00000084bef00000,0x00000084bf000000) (1024K)]
  0x000002357d282e70 JavaThread "Signal Dispatcher"          daemon [_thread_blocked, id=1996, stack(0x00000084bf000000,0x00000084bf100000) (1024K)]
  0x000002357d286b60 JavaThread "Attach Listener"            daemon [_thread_blocked, id=5968, stack(0x00000084bf100000,0x00000084bf200000) (1024K)]
  0x000002357d2875b0 JavaThread "Service Thread"             daemon [_thread_blocked, id=13024, stack(0x00000084bf200000,0x00000084bf300000) (1024K)]
  0x000002357d2a6fc0 JavaThread "Monitor Deflation Thread"   daemon [_thread_blocked, id=15344, stack(0x00000084bf300000,0x00000084bf400000) (1024K)]
=>0x000002357d2a7d40 JavaThread "C2 CompilerThread0"         daemon [_thread_in_native, id=19112, stack(0x00000084bf400000,0x00000084bf500000) (1024K)]
  0x000002357d2a8de0 JavaThread "C1 CompilerThread0"         daemon [_thread_blocked, id=8596, stack(0x00000084bf500000,0x00000084bf600000) (1024K)]
  0x000002357d41e6c0 JavaThread "Common-Cleaner"             daemon [_thread_blocked, id=11956, stack(0x00000084bf600000,0x00000084bf700000) (1024K)]
  0x000002357d5b9ce0 JavaThread "Notification Thread"        daemon [_thread_blocked, id=10156, stack(0x00000084bf700000,0x00000084bf800000) (1024K)]
  0x000002357d7f9020 JavaThread "C2 CompilerThread1"         daemon [_thread_blocked, id=14404, stack(0x00000084bf800000,0x00000084bf900000) (1024K)]
  0x000002357d864660 JavaThread "C2 CompilerThread2"         daemon [_thread_in_native, id=1468, stack(0x00000084bf900000,0x00000084bfa00000) (1024K)]
  0x000002357f0d2410 JavaThread "Daemon health stats"               [_thread_blocked, id=5444, stack(0x00000084c0000000,0x00000084c0100000) (1024K)]
  0x000002357f1f6fb0 JavaThread "Incoming local TCP Connector on port 58157"        [_thread_in_native, id=2352, stack(0x00000084c0100000,0x00000084c0200000) (1024K)]
  0x000002357f22ed90 JavaThread "Daemon periodic checks"            [_thread_blocked, id=11444, stack(0x00000084c0200000,0x00000084c0300000) (1024K)]
  0x000002357f34f8b0 JavaThread "Daemon"                            [_thread_blocked, id=13512, stack(0x00000084c0300000,0x00000084c0400000) (1024K)]
  0x000002357f34ff10 JavaThread "Handler for socket connection from /127.0.0.1:58157 to /127.0.0.1:58158"        [_thread_in_native, id=15584, stack(0x00000084c0400000,0x00000084c0500000) (1024K)]
  0x000002357f39d650 JavaThread "Cancel handler"                    [_thread_blocked, id=20308, stack(0x00000084c0500000,0x00000084c0600000) (1024K)]
  0x000002357f39dcb0 JavaThread "Daemon worker"                     [_thread_in_vm, id=16816, stack(0x00000084c0600000,0x00000084c0700000) (1024K)]
  0x000002357f4e0240 JavaThread "Asynchronous log dispatcher for DefaultDaemonConnection: socket connection from /127.0.0.1:58157 to /127.0.0.1:58158"        [_thread_blocked, id=10100, stack(0x00000084c0700000,0x00000084c0800000) (1024K)]
  0x000002357f4e15f0 JavaThread "Stdin handler"                     [_thread_blocked, id=19956, stack(0x00000084c0800000,0x00000084c0900000) (1024K)]
  0x000002357f4de800 JavaThread "Daemon client event forwarder"        [_thread_blocked, id=19140, stack(0x00000084c0900000,0x00000084c0a00000) (1024K)]
  0x000002357f4df520 JavaThread "Cache worker for journal cache (C:\Users\ma725\.gradle\caches\journal-1)"        [_thread_blocked, id=15840, stack(0x00000084c0f00000,0x00000084c1000000) (1024K)]
  0x000002357f4e1c80 JavaThread "File lock request listener"        [_thread_in_native, id=20452, stack(0x00000084c1000000,0x00000084c1100000) (1024K)]
  0x000002357f4dee90 JavaThread "Cache worker for file hash cache (C:\Users\ma725\.gradle\caches\8.11.1\fileHashes)"        [_thread_blocked, id=16500, stack(0x00000084c1100000,0x00000084c1200000) (1024K)]
Total: 26

Other Threads:
  0x000002357d22bdc0 VMThread "VM Thread"                           [id=19028, stack(0x00000084bed00000,0x00000084bee00000) (1024K)]
  0x000002357d079fb0 WatcherThread "VM Periodic Task Thread"        [id=14884, stack(0x00000084bec00000,0x00000084bed00000) (1024K)]
  0x00000235745d3a00 WorkerThread "GC Thread#0"                     [id=6316, stack(0x00000084be700000,0x00000084be800000) (1024K)]
  0x000002357da2bb00 WorkerThread "GC Thread#1"                     [id=16936, stack(0x00000084bfa00000,0x00000084bfb00000) (1024K)]
  0x000002357dcb23a0 WorkerThread "GC Thread#2"                     [id=19944, stack(0x00000084bfb00000,0x00000084bfc00000) (1024K)]
  0x000002357e3cf950 WorkerThread "GC Thread#3"                     [id=10500, stack(0x00000084bfc00000,0x00000084bfd00000) (1024K)]
  0x000002357e02de30 WorkerThread "GC Thread#4"                     [id=19156, stack(0x00000084bfd00000,0x00000084bfe00000) (1024K)]
  0x000002357f03b600 WorkerThread "GC Thread#5"                     [id=20188, stack(0x00000084bfe00000,0x00000084bff00000) (1024K)]
  0x000002357f03b9a0 WorkerThread "GC Thread#6"                     [id=6304, stack(0x00000084bff00000,0x00000084c0000000) (1024K)]
  0x000002357e66fed0 WorkerThread "GC Thread#7"                     [id=9624, stack(0x00000084c0a00000,0x00000084c0b00000) (1024K)]
  0x000002357e670610 WorkerThread "GC Thread#8"                     [id=19840, stack(0x00000084c0b00000,0x00000084c0c00000) (1024K)]
  0x000002357e66f3f0 WorkerThread "GC Thread#9"                     [id=404, stack(0x00000084c0c00000,0x00000084c0d00000) (1024K)]
  0x00000235745e5900 ConcurrentGCThread "G1 Main Marker"            [id=20328, stack(0x00000084be800000,0x00000084be900000) (1024K)]
  0x00000235745e6310 WorkerThread "G1 Conc#0"                       [id=368, stack(0x00000084be900000,0x00000084bea00000) (1024K)]
  0x000002357e66f050 WorkerThread "G1 Conc#1"                       [id=19708, stack(0x00000084c0d00000,0x00000084c0e00000) (1024K)]
  0x000002357e66f790 WorkerThread "G1 Conc#2"                       [id=3772, stack(0x00000084c0e00000,0x00000084c0f00000) (1024K)]
  0x000002357cf4d3d0 ConcurrentGCThread "G1 Refine#0"               [id=11972, stack(0x00000084bea00000,0x00000084beb00000) (1024K)]
  0x000002357cf4dd50 ConcurrentGCThread "G1 Service"                [id=14420, stack(0x00000084beb00000,0x00000084bec00000) (1024K)]
Total: 18

Threads with active compile tasks:
C2 CompilerThread0  3981 2795       4       java.net.URLClassLoader$1::run (5 bytes)
C2 CompilerThread2  3981 2790   !   4       java.net.URLClassLoader::findClass (47 bytes)
Total: 2

VM state: not at safepoint (normal execution)

VM Mutex/Monitor currently owned by a thread: None

Heap address: 0x0000000080000000, size: 2048 MB, Compressed Oops mode: 32-bit

CDS archive(s) not mapped
Compressed class space mapped at: 0x0000000100000000-0x0000000140000000, reserved size: 1073741824
Narrow klass base: 0x0000000000000000, Narrow klass shift: 3, Narrow klass range: 0x140000000

GC Precious Log:
 CardTable entry size: 512
 Card Set container configuration: InlinePtr #cards 5 size 8 Array Of Cards #cards 12 size 40 Howl #buckets 4 coarsen threshold 1843 Howl Bitmap #cards 512 size 80 coarsen threshold 460 Card regions per heap region 1 cards per card region 2048
 CPUs: 12 total, 12 available
 Memory: 7860M
 Large Page Support: Disabled
 NUMA Support: Disabled
 Compressed Oops: Enabled (32-bit)
 Heap Region Size: 1M
 Heap Min Capacity: 8M
 Heap Initial Capacity: 124M
 Heap Max Capacity: 2G
 Pre-touch: Disabled
 Parallel Workers: 10
 Concurrent Workers: 3
 Concurrent Refinement Workers: 10
 Periodic GC: Disabled

Heap:
 garbage-first heap   total 71680K, used 62398K [0x0000000080000000, 0x0000000100000000)
  region size 1024K, 46 young (47104K), 3 survivors (3072K)
 Metaspace       used 28492K, committed 29056K, reserved 1114112K
  class space    used 3577K, committed 3840K, reserved 1048576K

Heap Regions: E=young(eden), S=young(survivor), O=old, HS=humongous(starts), HC=humongous(continues), CS=collection set, F=free, TAMS=top-at-mark-start, PB=parsable bottom
|   0|0x0000000080000000, 0x0000000080100000, 0x0000000080100000|100%| O|  |TAMS 0x0000000080000000| PB 0x0000000080000000| Untracked 
|   1|0x0000000080100000, 0x0000000080200000, 0x0000000080200000|100%|HS|  |TAMS 0x0000000080100000| PB 0x0000000080100000| Complete 
|   2|0x0000000080200000, 0x0000000080300000, 0x0000000080300000|100%|HC|  |TAMS 0x0000000080200000| PB 0x0000000080200000| Complete 
|   3|0x0000000080300000, 0x0000000080400000, 0x0000000080400000|100%|HC|  |TAMS 0x0000000080300000| PB 0x0000000080300000| Complete 
|   4|0x0000000080400000, 0x0000000080500000, 0x0000000080500000|100%| O|  |TAMS 0x0000000080400000| PB 0x0000000080400000| Untracked 
|   5|0x0000000080500000, 0x0000000080600000, 0x0000000080600000|100%| O|  |TAMS 0x0000000080500000| PB 0x0000000080500000| Untracked 
|   6|0x0000000080600000, 0x0000000080700000, 0x0000000080700000|100%| O|  |TAMS 0x0000000080600000| PB 0x0000000080600000| Untracked 
|   7|0x0000000080700000, 0x0000000080800000, 0x0000000080800000|100%|HS|  |TAMS 0x0000000080700000| PB 0x0000000080700000| Complete 
|   8|0x0000000080800000, 0x0000000080900000, 0x0000000080900000|100%| O|  |TAMS 0x0000000080800000| PB 0x0000000080800000| Untracked 
|   9|0x0000000080900000, 0x0000000080a00000, 0x0000000080a00000|100%| O|  |TAMS 0x0000000080900000| PB 0x0000000080900000| Untracked 
|  10|0x0000000080a00000, 0x0000000080b00000, 0x0000000080b00000|100%| O|  |TAMS 0x0000000080a00000| PB 0x0000000080a00000| Untracked 
|  11|0x0000000080b00000, 0x0000000080c00000, 0x0000000080c00000|100%| O|  |TAMS 0x0000000080b00000| PB 0x0000000080b00000| Untracked 
|  12|0x0000000080c00000, 0x0000000080d00000, 0x0000000080d00000|100%| O|  |TAMS 0x0000000080c00000| PB 0x0000000080c00000| Untracked 
|  13|0x0000000080d00000, 0x0000000080e00000, 0x0000000080e00000|100%| O|  |TAMS 0x0000000080d00000| PB 0x0000000080d00000| Untracked 
|  14|0x0000000080e00000, 0x0000000080f00000, 0x0000000080f00000|100%| O|  |TAMS 0x0000000080e00000| PB 0x0000000080e00000| Untracked 
|  15|0x0000000080f00000, 0x0000000081000000, 0x0000000081000000|100%| O|  |TAMS 0x0000000080f00000| PB 0x0000000080f00000| Untracked 
|  16|0x0000000081000000, 0x0000000081100000, 0x0000000081100000|100%| O|  |TAMS 0x0000000081000000| PB 0x0000000081000000| Untracked 
|  17|0x0000000081100000, 0x000000008111e780, 0x0000000081200000| 11%| O|Cm|TAMS 0x0000000081100000| PB 0x0000000081100000| Complete 
|  18|0x0000000081200000, 0x0000000081200000, 0x0000000081300000|  0%| F|  |TAMS 0x0000000081200000| PB 0x0000000081200000| Untracked 
|  19|0x0000000081300000, 0x0000000081300000, 0x0000000081400000|  0%| F|  |TAMS 0x0000000081300000| PB 0x0000000081300000| Untracked 
|  20|0x0000000081400000, 0x0000000081400000, 0x0000000081500000|  0%| F|  |TAMS 0x0000000081400000| PB 0x0000000081400000| Untracked 
|  21|0x0000000081500000, 0x0000000081500000, 0x0000000081600000|  0%| F|  |TAMS 0x0000000081500000| PB 0x0000000081500000| Untracked 
|  22|0x0000000081600000, 0x0000000081600000, 0x0000000081700000|  0%| F|  |TAMS 0x0000000081600000| PB 0x0000000081600000| Untracked 
|  23|0x0000000081700000, 0x0000000081700000, 0x0000000081800000|  0%| F|  |TAMS 0x0000000081700000| PB 0x0000000081700000| Untracked 
|  24|0x0000000081800000, 0x0000000081879760, 0x0000000081900000| 47%| E|  |TAMS 0x0000000081800000| PB 0x0000000081800000| Complete 
|  25|0x0000000081900000, 0x0000000081a00000, 0x0000000081a00000|100%| E|CS|TAMS 0x0000000081900000| PB 0x0000000081900000| Complete 
|  26|0x0000000081a00000, 0x0000000081b00000, 0x0000000081b00000|100%| E|CS|TAMS 0x0000000081a00000| PB 0x0000000081a00000| Complete 
|  27|0x0000000081b00000, 0x0000000081c00000, 0x0000000081c00000|100%| E|CS|TAMS 0x0000000081b00000| PB 0x0000000081b00000| Complete 
|  28|0x0000000081c00000, 0x0000000081d00000, 0x0000000081d00000|100%| E|CS|TAMS 0x0000000081c00000| PB 0x0000000081c00000| Complete 
|  29|0x0000000081d00000, 0x0000000081e00000, 0x0000000081e00000|100%| E|CS|TAMS 0x0000000081d00000| PB 0x0000000081d00000| Complete 
|  30|0x0000000081e00000, 0x0000000081f00000, 0x0000000081f00000|100%| E|CS|TAMS 0x0000000081e00000| PB 0x0000000081e00000| Complete 
|  31|0x0000000081f00000, 0x0000000082000000, 0x0000000082000000|100%| E|CS|TAMS 0x0000000081f00000| PB 0x0000000081f00000| Complete 
|  32|0x0000000082000000, 0x0000000082100000, 0x0000000082100000|100%| E|CS|TAMS 0x0000000082000000| PB 0x0000000082000000| Complete 
|  33|0x0000000082100000, 0x0000000082200000, 0x0000000082200000|100%| E|CS|TAMS 0x0000000082100000| PB 0x0000000082100000| Complete 
|  34|0x0000000082200000, 0x0000000082300000, 0x0000000082300000|100%| E|CS|TAMS 0x0000000082200000| PB 0x0000000082200000| Complete 
|  35|0x0000000082300000, 0x0000000082400000, 0x0000000082400000|100%| E|CS|TAMS 0x0000000082300000| PB 0x0000000082300000| Complete 
|  36|0x0000000082400000, 0x0000000082500000, 0x0000000082500000|100%| E|CS|TAMS 0x0000000082400000| PB 0x0000000082400000| Complete 
|  37|0x0000000082500000, 0x0000000082600000, 0x0000000082600000|100%| E|CS|TAMS 0x0000000082500000| PB 0x0000000082500000| Complete 
|  38|0x0000000082600000, 0x0000000082700000, 0x0000000082700000|100%| E|CS|TAMS 0x0000000082600000| PB 0x0000000082600000| Complete 
|  39|0x0000000082700000, 0x0000000082800000, 0x0000000082800000|100%| E|CS|TAMS 0x0000000082700000| PB 0x0000000082700000| Complete 
|  40|0x0000000082800000, 0x0000000082900000, 0x0000000082900000|100%| E|  |TAMS 0x0000000082800000| PB 0x0000000082800000| Complete 
|  41|0x0000000082900000, 0x0000000082a00000, 0x0000000082a00000|100%| E|CS|TAMS 0x0000000082900000| PB 0x0000000082900000| Complete 
|  42|0x0000000082a00000, 0x0000000082b00000, 0x0000000082b00000|100%| E|CS|TAMS 0x0000000082a00000| PB 0x0000000082a00000| Complete 
|  43|0x0000000082b00000, 0x0000000082c00000, 0x0000000082c00000|100%| E|CS|TAMS 0x0000000082b00000| PB 0x0000000082b00000| Complete 
|  44|0x0000000082c00000, 0x0000000082d00000, 0x0000000082d00000|100%| E|CS|TAMS 0x0000000082c00000| PB 0x0000000082c00000| Complete 
|  45|0x0000000082d00000, 0x0000000082e00000, 0x0000000082e00000|100%| E|CS|TAMS 0x0000000082d00000| PB 0x0000000082d00000| Complete 
|  46|0x0000000082e00000, 0x0000000082f00000, 0x0000000082f00000|100%| E|CS|TAMS 0x0000000082e00000| PB 0x0000000082e00000| Complete 
|  47|0x0000000082f00000, 0x0000000083000000, 0x0000000083000000|100%| E|CS|TAMS 0x0000000082f00000| PB 0x0000000082f00000| Complete 
|  48|0x0000000083000000, 0x0000000083100000, 0x0000000083100000|100%| E|CS|TAMS 0x0000000083000000| PB 0x0000000083000000| Complete 
|  49|0x0000000083100000, 0x0000000083200000, 0x0000000083200000|100%| E|CS|TAMS 0x0000000083100000| PB 0x0000000083100000| Complete 
|  50|0x0000000083200000, 0x0000000083300000, 0x0000000083300000|100%| E|CS|TAMS 0x0000000083200000| PB 0x0000000083200000| Complete 
|  51|0x0000000083300000, 0x0000000083400000, 0x0000000083400000|100%| E|CS|TAMS 0x0000000083300000| PB 0x0000000083300000| Complete 
|  52|0x0000000083400000, 0x0000000083500000, 0x0000000083500000|100%| E|CS|TAMS 0x0000000083400000| PB 0x0000000083400000| Complete 
|  53|0x0000000083500000, 0x0000000083600000, 0x0000000083600000|100%| E|CS|TAMS 0x0000000083500000| PB 0x0000000083500000| Complete 
|  54|0x0000000083600000, 0x0000000083700000, 0x0000000083700000|100%| E|CS|TAMS 0x0000000083600000| PB 0x0000000083600000| Complete 
|  55|0x0000000083700000, 0x0000000083800000, 0x0000000083800000|100%| E|CS|TAMS 0x0000000083700000| PB 0x0000000083700000| Complete 
|  56|0x0000000083800000, 0x0000000083900000, 0x0000000083900000|100%| E|CS|TAMS 0x0000000083800000| PB 0x0000000083800000| Complete 
|  57|0x0000000083900000, 0x0000000083a00000, 0x0000000083a00000|100%| E|CS|TAMS 0x0000000083900000| PB 0x0000000083900000| Complete 
|  58|0x0000000083a00000, 0x0000000083b00000, 0x0000000083b00000|100%| E|CS|TAMS 0x0000000083a00000| PB 0x0000000083a00000| Complete 
|  59|0x0000000083b00000, 0x0000000083c00000, 0x0000000083c00000|100%| E|CS|TAMS 0x0000000083b00000| PB 0x0000000083b00000| Complete 
|  60|0x0000000083c00000, 0x0000000083d00000, 0x0000000083d00000|100%| E|CS|TAMS 0x0000000083c00000| PB 0x0000000083c00000| Complete 
|  61|0x0000000083d00000, 0x0000000083e00000, 0x0000000083e00000|100%| E|CS|TAMS 0x0000000083d00000| PB 0x0000000083d00000| Complete 
|  62|0x0000000083e00000, 0x0000000083f00000, 0x0000000083f00000|100%| E|CS|TAMS 0x0000000083e00000| PB 0x0000000083e00000| Complete 
|  63|0x0000000083f00000, 0x0000000084000000, 0x0000000084000000|100%| E|CS|TAMS 0x0000000083f00000| PB 0x0000000083f00000| Complete 
|  64|0x0000000084000000, 0x0000000084100000, 0x0000000084100000|100%| E|CS|TAMS 0x0000000084000000| PB 0x0000000084000000| Complete 
|  65|0x0000000084100000, 0x0000000084200000, 0x0000000084200000|100%| E|CS|TAMS 0x0000000084100000| PB 0x0000000084100000| Complete 
|  98|0x0000000086200000, 0x00000000862d1080, 0x0000000086300000| 81%| S|CS|TAMS 0x0000000086200000| PB 0x0000000086200000| Complete 
|  99|0x0000000086300000, 0x0000000086400000, 0x0000000086400000|100%| S|CS|TAMS 0x0000000086300000| PB 0x0000000086300000| Complete 
| 100|0x0000000086400000, 0x0000000086500000, 0x0000000086500000|100%| S|CS|TAMS 0x0000000086400000| PB 0x0000000086400000| Complete 
| 123|0x0000000087b00000, 0x0000000087c00000, 0x0000000087c00000|100%| E|CS|TAMS 0x0000000087b00000| PB 0x0000000087b00000| Complete 

Card table byte_map: [0x0000023578030000,0x0000023578430000] _byte_map_base: 0x0000023577c30000

Marking Bits: (CMBitMap*) 0x00000235745d4010
 Bits: [0x0000023578430000, 0x000002357a430000)

Polling page: 0x0000023573d40000

Metaspace:

Usage:
  Non-class:     24.34 MB used.
      Class:      3.49 MB used.
       Both:     27.83 MB used.

Virtual space:
  Non-class space:       64.00 MB reserved,      24.62 MB ( 38%) committed,  1 nodes.
      Class space:        1.00 GB reserved,       3.75 MB ( <1%) committed,  1 nodes.
             Both:        1.06 GB reserved,      28.38 MB (  3%) committed. 

Chunk freelists:
   Non-Class:  7.11 MB
       Class:  12.30 MB
        Both:  19.41 MB

MaxMetaspaceSize: unlimited
CompressedClassSpaceSize: 1.00 GB
Initial GC threshold: 21.00 MB
Current GC threshold: 35.12 MB
CDS: off
 - commit_granule_bytes: 65536.
 - commit_granule_words: 8192.
 - virtual_space_node_default_size: 8388608.
 - enlarge_chunks_in_place: 1.
 - use_allocation_guard: 0.


Internal statistics:

num_allocs_failed_limit: 3.
num_arena_births: 716.
num_arena_deaths: 0.
num_vsnodes_births: 2.
num_vsnodes_deaths: 0.
num_space_committed: 454.
num_space_uncommitted: 0.
num_chunks_returned_to_freelist: 3.
num_chunks_taken_from_freelist: 1447.
num_chunk_merges: 0.
num_chunk_splits: 919.
num_chunks_enlarged: 613.
num_inconsistent_stats: 0.

CodeHeap 'non-profiled nmethods': size=120000Kb used=1482Kb max_used=1482Kb free=118517Kb
 bounds [0x0000023507ad0000, 0x0000023507d40000, 0x000002350f000000]
CodeHeap 'profiled nmethods': size=120000Kb used=5600Kb max_used=5600Kb free=114400Kb
 bounds [0x0000023500000000, 0x0000023500580000, 0x0000023507530000]
CodeHeap 'non-nmethods': size=5760Kb used=1481Kb max_used=1535Kb free=4278Kb
 bounds [0x0000023507530000, 0x00000235077a0000, 0x0000023507ad0000]
 total_blobs=3401 nmethods=2827 adapters=478
 compilation: enabled
              stopped_count=0, restarted_count=0
 full_count=0

Compilation events (20 events):
Event: 2.923 Thread 0x000002357d2a8de0 nmethod 2813 0x000002350056db90 code [0x000002350056dd60, 0x000002350056e1d0]
Event: 2.923 Thread 0x000002357d2a8de0 2815       3       org.gradle.internal.service.DefaultServiceRegistry::validateImplementationForServiceTypes (84 bytes)
Event: 2.924 Thread 0x000002357d2a8de0 nmethod 2815 0x000002350056e310 code [0x000002350056e640, 0x000002350056f7b0]
Event: 2.924 Thread 0x000002357d2a8de0 2814       3       org.gradle.internal.service.DefaultServiceRegistry::access$2700 (6 bytes)
Event: 2.924 Thread 0x000002357d2a8de0 nmethod 2814 0x000002350056fe10 code [0x000002350056ffc0, 0x00000235005700d8]
Event: 2.933 Thread 0x000002357d2a8de0 2816       3       jdk.internal.loader.BuiltinClassLoader::loadClassOrNull (7 bytes)
Event: 2.933 Thread 0x000002357d2a8de0 nmethod 2816 0x0000023500570190 code [0x0000023500570340, 0x0000023500570508]
Event: 2.934 Thread 0x000002357d2a8de0 2817       3       jdk.internal.reflect.ReflectionFactory::copyConstructor (11 bytes)
Event: 2.934 Thread 0x000002357d2a8de0 nmethod 2817 0x0000023500570590 code [0x0000023500570740, 0x0000023500570930]
Event: 2.934 Thread 0x000002357d2a8de0 2818       3       java.lang.reflect.ReflectAccess::copyConstructor (5 bytes)
Event: 2.934 Thread 0x000002357d2a8de0 nmethod 2818 0x0000023500570a90 code [0x0000023500570c40, 0x0000023500570d80]
Event: 2.936 Thread 0x000002357d2a8de0 2819       3       java.lang.Class::privateGetDeclaredConstructors (79 bytes)
Event: 2.936 Thread 0x000002357d2a8de0 nmethod 2819 0x0000023500570e90 code [0x00000235005710a0, 0x0000023500571598]
Event: 2.952 Thread 0x000002357d2a8de0 2820       3       java.util.jar.Manifest::<init> (38 bytes)
Event: 2.952 Thread 0x000002357d2a8de0 nmethod 2820 0x0000023500571790 code [0x00000235005719a0, 0x0000023500572010]
Event: 2.955 Thread 0x000002357d2a8de0 2822       3       sun.reflect.annotation.AnnotationParser::parseArray (234 bytes)
Event: 2.956 Thread 0x000002357d2a8de0 nmethod 2822 0x0000023500572290 code [0x0000023500572680, 0x0000023500573838]
Event: 2.956 Thread 0x000002357d2a8de0 2823       3       sun.reflect.annotation.AnnotationParser::parseArrayElements (105 bytes)
Event: 2.957 Thread 0x000002357d2a8de0 nmethod 2823 0x0000023500573d10 code [0x0000023500573f40, 0x00000235005747b8]
Event: 3.001 Thread 0x000002357d2a8de0 2824       1       java.util.concurrent.atomic.AtomicInteger::get (5 bytes)

GC Heap History (8 events):
Event: 0.326 GC heap before
{Heap before GC invocations=0 (full 0):
 garbage-first heap   total 126976K, used 22528K [0x0000000080000000, 0x0000000100000000)
  region size 1024K, 23 young (23552K), 0 survivors (0K)
 Metaspace       used 7966K, committed 8128K, reserved 1114112K
  class space    used 709K, committed 768K, reserved 1048576K
}
Event: 0.329 GC heap after
{Heap after GC invocations=1 (full 0):
 garbage-first heap   total 126976K, used 3432K [0x0000000080000000, 0x0000000100000000)
  region size 1024K, 3 young (3072K), 3 survivors (3072K)
 Metaspace       used 7966K, committed 8128K, reserved 1114112K
  class space    used 709K, committed 768K, reserved 1048576K
}
Event: 0.699 GC heap before
{Heap before GC invocations=1 (full 0):
 garbage-first heap   total 126976K, used 40296K [0x0000000080000000, 0x0000000100000000)
  region size 1024K, 37 young (37888K), 3 survivors (3072K)
 Metaspace       used 12144K, committed 12352K, reserved 1114112K
  class space    used 1275K, committed 1408K, reserved 1048576K
}
Event: 0.704 GC heap after
{Heap after GC invocations=2 (full 0):
 garbage-first heap   total 126976K, used 11300K [0x0000000080000000, 0x0000000100000000)
  region size 1024K, 5 young (5120K), 5 survivors (5120K)
 Metaspace       used 12144K, committed 12352K, reserved 1114112K
  class space    used 1275K, committed 1408K, reserved 1048576K
}
Event: 1.086 GC heap before
{Heap before GC invocations=2 (full 0):
 garbage-first heap   total 126976K, used 61476K [0x0000000080000000, 0x0000000100000000)
  region size 1024K, 52 young (53248K), 5 survivors (5120K)
 Metaspace       used 14229K, committed 14528K, reserved 1114112K
  class space    used 1557K, committed 1664K, reserved 1048576K
}
Event: 1.092 GC heap after
{Heap after GC invocations=3 (full 0):
 garbage-first heap   total 126976K, used 17543K [0x0000000080000000, 0x0000000100000000)
  region size 1024K, 6 young (6144K), 6 survivors (6144K)
 Metaspace       used 14229K, committed 14528K, reserved 1114112K
  class space    used 1557K, committed 1664K, reserved 1048576K
}
Event: 2.480 GC heap before
{Heap before GC invocations=3 (full 0):
 garbage-first heap   total 126976K, used 40071K [0x0000000080000000, 0x0000000100000000)
  region size 1024K, 29 young (29696K), 6 survivors (6144K)
 Metaspace       used 21200K, committed 21504K, reserved 1114112K
  class space    used 2436K, committed 2560K, reserved 1048576K
}
Event: 2.484 GC heap after
{Heap after GC invocations=4 (full 0):
 garbage-first heap   total 126976K, used 20414K [0x0000000080000000, 0x0000000100000000)
  region size 1024K, 3 young (3072K), 3 survivors (3072K)
 Metaspace       used 21200K, committed 21504K, reserved 1114112K
  class space    used 2436K, committed 2560K, reserved 1048576K
}

Dll operation events (3 events):
Event: 0.005 Loaded shared library E:\android studio\jbr\bin\java.dll
Event: 0.008 Loaded shared library E:\android studio\jbr\bin\zip.dll
Event: 0.379 Loaded shared library E:\android studio\jbr\bin\verify.dll

Deoptimization events (20 events):
Event: 2.741 Thread 0x000002357f39dcb0 Uncommon trap: trap_request=0xffffff45 fr.pc=0x0000023507b07d08 relative=0x0000000000000628
Event: 2.741 Thread 0x000002357f39dcb0 Uncommon trap: reason=unstable_if action=reinterpret pc=0x0000023507b07d08 method=java.io.File.getName()Ljava/lang/String; @ 16 c2
Event: 2.741 Thread 0x000002357f39dcb0 DEOPT PACKING pc=0x0000023507b07d08 sp=0x00000084c06fb860
Event: 2.741 Thread 0x000002357f39dcb0 DEOPT UNPACKING pc=0x00000235075846a2 sp=0x00000084c06fb830 mode 2
Event: 2.777 Thread 0x000002357f39dcb0 Uncommon trap: trap_request=0xffffff45 fr.pc=0x0000023507afa210 relative=0x00000000000000f0
Event: 2.777 Thread 0x000002357f39dcb0 Uncommon trap: reason=unstable_if action=reinterpret pc=0x0000023507afa210 method=java.util.HashMap.hash(Ljava/lang/Object;)I @ 1 c2
Event: 2.777 Thread 0x000002357f39dcb0 DEOPT PACKING pc=0x0000023507afa210 sp=0x00000084c06fc8c0
Event: 2.778 Thread 0x000002357f39dcb0 DEOPT UNPACKING pc=0x00000235075846a2 sp=0x00000084c06fc800 mode 2
Event: 2.806 Thread 0x000002357f39dcb0 Uncommon trap: trap_request=0xffffff45 fr.pc=0x0000023507c137b8 relative=0x0000000000000578
Event: 2.806 Thread 0x000002357f39dcb0 Uncommon trap: reason=unstable_if action=reinterpret pc=0x0000023507c137b8 method=java.util.ArrayList.grow(I)[Ljava/lang/Object; @ 17 c2
Event: 2.806 Thread 0x000002357f39dcb0 DEOPT PACKING pc=0x0000023507c137b8 sp=0x00000084c06fd5d0
Event: 2.806 Thread 0x000002357f39dcb0 DEOPT UNPACKING pc=0x00000235075846a2 sp=0x00000084c06fd588 mode 2
Event: 2.851 Thread 0x000002357f39dcb0 DEOPT PACKING pc=0x00000235004e1ea2 sp=0x00000084c06fc770
Event: 2.851 Thread 0x000002357f39dcb0 DEOPT UNPACKING pc=0x0000023507584e42 sp=0x00000084c06fbc80 mode 0
Event: 2.920 Thread 0x000002357f39dcb0 DEOPT PACKING pc=0x00000235004e1e81 sp=0x00000084c06fbdc0
Event: 2.920 Thread 0x000002357f39dcb0 DEOPT UNPACKING pc=0x0000023507584e42 sp=0x00000084c06fb2d0 mode 0
Event: 2.935 Thread 0x000002357f39dcb0 DEOPT PACKING pc=0x00000235004e1e81 sp=0x00000084c06fc450
Event: 2.935 Thread 0x000002357f39dcb0 DEOPT UNPACKING pc=0x0000023507584e42 sp=0x00000084c06fb960 mode 0
Event: 2.941 Thread 0x000002357f39dcb0 DEOPT PACKING pc=0x00000235004e1ea2 sp=0x00000084c06fa780
Event: 2.941 Thread 0x000002357f39dcb0 DEOPT UNPACKING pc=0x0000023507584e42 sp=0x00000084c06f9c90 mode 0

Classes loaded (20 events):
Event: 2.822 Loading class java/lang/invoke/BoundMethodHandle$Species_LLLLLLLLLLLLLLLL
Event: 2.822 Loading class java/lang/invoke/BoundMethodHandle$Species_LLLLLLLLLLLLLLLL done
Event: 2.823 Loading class java/lang/invoke/BoundMethodHandle$Species_LLLLLLLLLLLLLLLLL
Event: 2.823 Loading class java/lang/invoke/BoundMethodHandle$Species_LLLLLLLLLLLLLLLLL done
Event: 2.824 Loading class java/lang/invoke/BoundMethodHandle$Species_LLLLLLLLLLLLLLLLLL
Event: 2.824 Loading class java/lang/invoke/BoundMethodHandle$Species_LLLLLLLLLLLLLLLLLL done
Event: 2.825 Loading class java/lang/invoke/BoundMethodHandle$Species_LLLLLLLLLLLLLLLLLLL
Event: 2.825 Loading class java/lang/invoke/BoundMethodHandle$Species_LLLLLLLLLLLLLLLLLLL done
Event: 2.826 Loading class java/lang/invoke/BoundMethodHandle$Species_LLLLLLLLLLLLLLLLLLLL
Event: 2.826 Loading class java/lang/invoke/BoundMethodHandle$Species_LLLLLLLLLLLLLLLLLLLL done
Event: 2.827 Loading class java/lang/invoke/BoundMethodHandle$Species_LLLLLLLLLLLLLLLLLLLLL
Event: 2.827 Loading class java/lang/invoke/BoundMethodHandle$Species_LLLLLLLLLLLLLLLLLLLLL done
Event: 2.828 Loading class java/lang/invoke/BoundMethodHandle$Species_LLLLLLLLLLLLLLLLLLLLLL
Event: 2.828 Loading class java/lang/invoke/BoundMethodHandle$Species_LLLLLLLLLLLLLLLLLLLLLL done
Event: 2.829 Loading class java/lang/invoke/BoundMethodHandle$Species_LLLLLLLLLLLLLLLLLLLLLLL
Event: 2.829 Loading class java/lang/invoke/BoundMethodHandle$Species_LLLLLLLLLLLLLLLLLLLLLLL done
Event: 2.863 Loading class java/util/Collections$2
Event: 2.863 Loading class java/util/Collections$2 done
Event: 2.926 Loading class java/util/function/LongFunction
Event: 2.926 Loading class java/util/function/LongFunction done

Classes unloaded (0 events):
No events

Classes redefined (0 events):
No events

Internal exceptions (20 events):
Event: 2.679 Thread 0x000002357f39dcb0 Exception <a 'java/lang/IncompatibleClassChangeError'{0x0000000083095c20}: Found class java.lang.Object, but interface was expected> (0x0000000083095c20) 
thrown [s\src\hotspot\share\interpreter\linkResolver.cpp, line 851]
Event: 2.690 Thread 0x000002357f39dcb0 Exception <a 'java/lang/NoSuchMethodError'{0x0000000082fb6b18}: 'java.lang.Object java.lang.invoke.DirectMethodHandle$Holder.newInvokeSpecial(java.lang.Object, java.lang.Object, int)'> (0x0000000082fb6b18) 
thrown [s\src\hotspot\share\interpreter\linkResolver.cpp, line 784]
Event: 2.730 Thread 0x000002357f39dcb0 Exception <a 'java/lang/NoSuchMethodError'{0x0000000082b1ac30}: 'java.lang.Object java.lang.invoke.DirectMethodHandle$Holder.invokeVirtual(java.lang.Object, java.lang.Object, java.lang.Object, java.lang.Object, java.lang.Object, java.lang.Object, java.lang.Object, java.lang.Object)'> (0x0000000082b1ac30) 
thrown [s\src\hotspot\share\interpreter\linkResolver.cpp, line 784]
Event: 2.761 Thread 0x000002357f39dcb0 Exception <a 'java/lang/NoSuchMethodError'{0x0000000082982910}: 'int java.lang.invoke.DirectMethodHandle$Holder.invokeSpecialIFC(java.lang.Object, java.lang.Object, java.lang.Object, java.lang.Object)'> (0x0000000082982910) 
thrown [s\src\hotspot\share\interpreter\linkResolver.cpp, line 784]
Event: 2.762 Thread 0x000002357f39dcb0 Exception <a 'java/lang/NoSuchMethodError'{0x0000000082990158}: 'java.lang.Object java.lang.invoke.DirectMethodHandle$Holder.invokeInterface(java.lang.Object, java.lang.Object, java.lang.Object)'> (0x0000000082990158) 
thrown [s\src\hotspot\share\interpreter\linkResolver.cpp, line 784]
Event: 2.762 Thread 0x000002357f39dcb0 Exception <a 'java/lang/IncompatibleClassChangeError'{0x0000000082993d70}: Found class java.lang.Object, but interface was expected> (0x0000000082993d70) 
thrown [s\src\hotspot\share\interpreter\linkResolver.cpp, line 851]
Event: 2.777 Thread 0x000002357f39dcb0 Implicit null exception at 0x0000023507afa166 to 0x0000023507afa206
Event: 2.790 Thread 0x000002357f39dcb0 Exception <a 'java/lang/NoSuchMethodError'{0x000000008277cfb8}: 'int java.lang.invoke.DirectMethodHandle$Holder.invokeStatic(java.lang.Object, java.lang.Object, java.lang.Object, java.lang.Object)'> (0x000000008277cfb8) 
thrown [s\src\hotspot\share\interpreter\linkResolver.cpp, line 784]
Event: 2.819 Thread 0x000002357f39dcb0 Exception <a 'java/lang/NoSuchMethodError'{0x000000008255bd78}: 'java.lang.Object java.lang.invoke.DelegatingMethodHandle$Holder.reinvoke_L(java.lang.Object, java.lang.Object, java.lang.Object, java.lang.Object, java.lang.Object, java.lang.Object, java.lang.Object, java.lang.Object, java.lang.Object, java.lang.Object, java.lang.Object, java.lang.Object, java.lang.Object, java.lang.Object, java.lang.Object, java.lang.Object, java.lang.Object, java.lang.Object, java.lang.Object, java.lang.Object, java.lang.O
Event: 2.821 Thread 0x000002357f39dcb0 Exception <a 'java/lang/NoSuchMethodError'{0x00000000825c9758}: 'java.lang.Object java.lang.invoke.DirectMethodHandle$Holder.invokeStatic(java.lang.Object, java.lang.Object, java.lang.Object, java.lang.Object, java.lang.Object, java.lang.Object, java.lang.Object, java.lang.Object, java.lang.Object, java.lang.Object, java.lang.Object, java.lang.Object, java.lang.Object, java.lang.Object, java.lang.Object, java.lang.Object, java.lang.Object)'> (0x00000000825c9758) 
thrown [s\src\hotspot\share\interpreter\lin
Event: 2.822 Thread 0x000002357f39dcb0 Exception <a 'java/lang/NoSuchMethodError'{0x00000000825f27e0}: 'java.lang.Object java.lang.invoke.DirectMethodHandle$Holder.invokeStatic(java.lang.Object, java.lang.Object, java.lang.Object, java.lang.Object, java.lang.Object, java.lang.Object, java.lang.Object, java.lang.Object, java.lang.Object, java.lang.Object, java.lang.Object, java.lang.Object, java.lang.Object, java.lang.Object, java.lang.Object, java.lang.Object, java.lang.Object, java.lang.Object)'> (0x00000000825f27e0) 
thrown [s\src\hotspot\sha
Event: 2.823 Thread 0x000002357f39dcb0 Exception <a 'java/lang/NoSuchMethodError'{0x000000008241cab0}: 'java.lang.Object java.lang.invoke.DirectMethodHandle$Holder.invokeStatic(java.lang.Object, java.lang.Object, java.lang.Object, java.lang.Object, java.lang.Object, java.lang.Object, java.lang.Object, java.lang.Object, java.lang.Object, java.lang.Object, java.lang.Object, java.lang.Object, java.lang.Object, java.lang.Object, java.lang.Object, java.lang.Object, java.lang.Object, java.lang.Object, java.lang.Object)'> (0x000000008241cab0) 
thrown 
Event: 2.824 Thread 0x000002357f39dcb0 Exception <a 'java/lang/NoSuchMethodError'{0x0000000082447fd8}: 'java.lang.Object java.lang.invoke.DirectMethodHandle$Holder.invokeStatic(java.lang.Object, java.lang.Object, java.lang.Object, java.lang.Object, java.lang.Object, java.lang.Object, java.lang.Object, java.lang.Object, java.lang.Object, java.lang.Object, java.lang.Object, java.lang.Object, java.lang.Object, java.lang.Object, java.lang.Object, java.lang.Object, java.lang.Object, java.lang.Object, java.lang.Object, java.lang.Object)'> (0x00000000
Event: 2.825 Thread 0x000002357f39dcb0 Exception <a 'java/lang/NoSuchMethodError'{0x0000000082474710}: 'java.lang.Object java.lang.invoke.DirectMethodHandle$Holder.invokeStatic(java.lang.Object, java.lang.Object, java.lang.Object, java.lang.Object, java.lang.Object, java.lang.Object, java.lang.Object, java.lang.Object, java.lang.Object, java.lang.Object, java.lang.Object, java.lang.Object, java.lang.Object, java.lang.Object, java.lang.Object, java.lang.Object, java.lang.Object, java.lang.Object, java.lang.Object, java.lang.Object, java.lang.Obj
Event: 2.826 Thread 0x000002357f39dcb0 Exception <a 'java/lang/NoSuchMethodError'{0x00000000824a2168}: 'java.lang.Object java.lang.invoke.DirectMethodHandle$Holder.invokeStatic(java.lang.Object, java.lang.Object, java.lang.Object, java.lang.Object, java.lang.Object, java.lang.Object, java.lang.Object, java.lang.Object, java.lang.Object, java.lang.Object, java.lang.Object, java.lang.Object, java.lang.Object, java.lang.Object, java.lang.Object, java.lang.Object, java.lang.Object, java.lang.Object, java.lang.Object, java.lang.Object, java.lang.Obj
Event: 2.827 Thread 0x000002357f39dcb0 Exception <a 'java/lang/NoSuchMethodError'{0x00000000824d0428}: 'java.lang.Object java.lang.invoke.DirectMethodHandle$Holder.invokeStatic(java.lang.Object, java.lang.Object, java.lang.Object, java.lang.Object, java.lang.Object, java.lang.Object, java.lang.Object, java.lang.Object, java.lang.Object, java.lang.Object, java.lang.Object, java.lang.Object, java.lang.Object, java.lang.Object, java.lang.Object, java.lang.Object, java.lang.Object, java.lang.Object, java.lang.Object, java.lang.Object, java.lang.Obj
Event: 2.827 Thread 0x000002357f39dcb0 Exception <a 'java/lang/NoSuchMethodError'{0x00000000824ff8c0}: 'java.lang.Object java.lang.invoke.DirectMethodHandle$Holder.invokeStatic(java.lang.Object, java.lang.Object, java.lang.Object, java.lang.Object, java.lang.Object, java.lang.Object, java.lang.Object, java.lang.Object, java.lang.Object, java.lang.Object, java.lang.Object, java.lang.Object, java.lang.Object, java.lang.Object, java.lang.Object, java.lang.Object, java.lang.Object, java.lang.Object, java.lang.Object, java.lang.Object, java.lang.Obj
Event: 2.828 Thread 0x000002357f39dcb0 Exception <a 'java/lang/NoSuchMethodError'{0x000000008232fd58}: 'java.lang.Object java.lang.invoke.DirectMethodHandle$Holder.invokeStatic(java.lang.Object, java.lang.Object, java.lang.Object, java.lang.Object, java.lang.Object, java.lang.Object, java.lang.Object, java.lang.Object, java.lang.Object, java.lang.Object, java.lang.Object, java.lang.Object, java.lang.Object, java.lang.Object, java.lang.Object, java.lang.Object, java.lang.Object, java.lang.Object, java.lang.Object, java.lang.Object, java.lang.Obj
Event: 2.830 Thread 0x000002357f39dcb0 Exception <a 'java/lang/NoSuchMethodError'{0x0000000082361498}: 'java.lang.Object java.lang.invoke.DirectMethodHandle$Holder.invokeStatic(java.lang.Object, java.lang.Object, java.lang.Object, java.lang.Object, java.lang.Object, java.lang.Object, java.lang.Object, java.lang.Object, java.lang.Object, java.lang.Object, java.lang.Object, java.lang.Object, java.lang.Object, java.lang.Object, java.lang.Object, java.lang.Object, java.lang.Object, java.lang.Object, java.lang.Object, java.lang.Object, java.lang.Obj
Event: 2.851 Thread 0x000002357f39dcb0 Exception <a 'java/lang/IncompatibleClassChangeError'{0x0000000082283d30}: Found class java.lang.Object, but interface was expected> (0x0000000082283d30) 
thrown [s\src\hotspot\share\interpreter\linkResolver.cpp, line 851]

ZGC Phase Switch (0 events):
No events

VM Operations (20 events):
Event: 2.282 Executing VM operation: Cleanup
Event: 2.344 Executing VM operation: Cleanup done
Event: 2.358 Executing VM operation: HandshakeAllThreads (Deoptimize)
Event: 2.358 Executing VM operation: HandshakeAllThreads (Deoptimize) done
Event: 2.393 Executing VM operation: HandshakeAllThreads (Deoptimize)
Event: 2.393 Executing VM operation: HandshakeAllThreads (Deoptimize) done
Event: 2.480 Executing VM operation: CollectForMetadataAllocation (Metadata GC Threshold)
Event: 2.484 Executing VM operation: CollectForMetadataAllocation (Metadata GC Threshold) done
Event: 2.488 Executing VM operation: G1PauseRemark
Event: 2.489 Executing VM operation: G1PauseRemark done
Event: 2.491 Executing VM operation: G1PauseCleanup
Event: 2.494 Executing VM operation: G1PauseCleanup done
Event: 2.690 Executing VM operation: HandshakeAllThreads (Deoptimize)
Event: 2.690 Executing VM operation: HandshakeAllThreads (Deoptimize) done
Event: 2.835 Executing VM operation: HandshakeAllThreads (Deoptimize)
Event: 2.835 Executing VM operation: HandshakeAllThreads (Deoptimize) done
Event: 2.836 Executing VM operation: HandshakeAllThreads (Deoptimize)
Event: 2.836 Executing VM operation: HandshakeAllThreads (Deoptimize) done
Event: 3.851 Executing VM operation: Cleanup
Event: 3.851 Executing VM operation: Cleanup done

Memory protections (0 events):
No events

Nmethod flushes (0 events):
No events

Events (20 events):
Event: 0.261 Loaded shared library E:\android studio\jbr\bin\jimage.dll
Event: 0.261 Thread 0x000002357d7f9020 Thread added: 0x000002357d864660
Event: 0.456 Loaded shared library C:\Users\ma725\.gradle\native\c067742578af261105cb4f569cf0c3c89f3d7b1fecec35dd04571415982c5e48\windows-amd64\native-platform.dll
Event: 0.459 Loaded shared library C:\Users\ma725\.gradle\native\100fb08df4bc3b14c8652ba06237920a3bd2aa13389f12d3474272988ae205f9\windows-amd64\native-platform-file-events.dll
Event: 1.124 Loaded shared library E:\android studio\jbr\bin\management.dll
Event: 1.125 Loaded shared library E:\android studio\jbr\bin\management_ext.dll
Event: 1.145 Thread 0x000002357457b060 Thread added: 0x000002357f0d2410
Event: 1.282 Loaded shared library E:\android studio\jbr\bin\extnet.dll
Event: 1.304 Thread 0x000002357457b060 Thread added: 0x000002357f1f6fb0
Event: 2.387 Thread 0x000002357457b060 Thread added: 0x000002357f22ed90
Event: 2.411 Thread 0x000002357f1f6fb0 Thread added: 0x000002357f34f8b0
Event: 2.412 Thread 0x000002357f34f8b0 Thread added: 0x000002357f34ff10
Event: 2.445 Thread 0x000002357f34f8b0 Thread added: 0x000002357f39d650
Event: 2.449 Thread 0x000002357f34f8b0 Thread added: 0x000002357f39dcb0
Event: 2.454 Thread 0x000002357f39dcb0 Thread added: 0x000002357f4e0240
Event: 2.458 Thread 0x000002357f39dcb0 Thread added: 0x000002357f4e15f0
Event: 2.459 Thread 0x000002357f39dcb0 Thread added: 0x000002357f4de800
Event: 2.690 Thread 0x000002357f39dcb0 Thread added: 0x000002357f4df520
Event: 2.694 Thread 0x000002357f39dcb0 Thread added: 0x000002357f4e1c80
Event: 2.717 Thread 0x000002357f39dcb0 Thread added: 0x000002357f4dee90


Dynamic libraries:
0x00007ff68a1b0000 - 0x00007ff68a1ba000 	E:\android studio\jbr\bin\java.exe
0x00007ffa00f00000 - 0x00007ffa01160000 	C:\WINDOWS\SYSTEM32\ntdll.dll
0x00007ff9ff6d0000 - 0x00007ff9ff797000 	C:\WINDOWS\System32\KERNEL32.DLL
0x00007ff9fe2e0000 - 0x00007ff9fe6aa000 	C:\WINDOWS\System32\KERNELBASE.dll
0x00007ff9fe0e0000 - 0x00007ff9fe22b000 	C:\WINDOWS\System32\ucrtbase.dll
0x00007ff9f1820000 - 0x00007ff9f1838000 	E:\android studio\jbr\bin\jli.dll
0x00007ff9f1730000 - 0x00007ff9f174b000 	E:\android studio\jbr\bin\VCRUNTIME140.dll
0x00007ff9fee70000 - 0x00007ff9ff03c000 	C:\WINDOWS\System32\USER32.dll
0x00007ff9fe970000 - 0x00007ff9fe997000 	C:\WINDOWS\System32\win32u.dll
0x00007ff9c6880000 - 0x00007ff9c6b17000 	C:\WINDOWS\WinSxS\amd64_microsoft.windows.common-controls_6595b64144ccf1df_6.0.26100.3624_none_3e086962e3345f24\COMCTL32.dll
0x00007ff9ffec0000 - 0x00007ff9ffeea000 	C:\WINDOWS\System32\GDI32.dll
0x00007ff9fe830000 - 0x00007ff9fe961000 	C:\WINDOWS\System32\gdi32full.dll
0x00007ff9ffce0000 - 0x00007ff9ffd89000 	C:\WINDOWS\System32\msvcrt.dll
0x00007ff9fe230000 - 0x00007ff9fe2d3000 	C:\WINDOWS\System32\msvcp_win.dll
0x00007ff9ff140000 - 0x00007ff9ff16f000 	C:\WINDOWS\System32\IMM32.DLL
0x00007ff9f1ba0000 - 0x00007ff9f1bac000 	E:\android studio\jbr\bin\vcruntime140_1.dll
0x00007ff9da3f0000 - 0x00007ff9da47d000 	E:\android studio\jbr\bin\msvcp140.dll
0x00007ff97f440000 - 0x00007ff9800ca000 	E:\android studio\jbr\bin\server\jvm.dll
0x00007ffa001c0000 - 0x00007ffa00272000 	C:\WINDOWS\System32\ADVAPI32.dll
0x00007ff9fedc0000 - 0x00007ff9fee66000 	C:\WINDOWS\System32\sechost.dll
0x00007ffa005f0000 - 0x00007ffa00706000 	C:\WINDOWS\System32\RPCRT4.dll
0x00007ff9ff1a0000 - 0x00007ff9ff214000 	C:\WINDOWS\System32\WS2_32.dll
0x00007ff9ed150000 - 0x00007ff9ed15b000 	C:\WINDOWS\SYSTEM32\VERSION.dll
0x00007ff9fcd70000 - 0x00007ff9fcdce000 	C:\WINDOWS\SYSTEM32\POWRPROF.dll
0x00007ff9f1eb0000 - 0x00007ff9f1ee6000 	C:\WINDOWS\SYSTEM32\WINMM.dll
0x00007ff9fcd50000 - 0x00007ff9fcd64000 	C:\WINDOWS\SYSTEM32\UMPDC.dll
0x00007ff9fd010000 - 0x00007ff9fd02a000 	C:\WINDOWS\SYSTEM32\kernel.appcore.dll
0x00007ff9f19d0000 - 0x00007ff9f19da000 	E:\android studio\jbr\bin\jimage.dll
0x00007ff9fb8e0000 - 0x00007ff9fbb21000 	C:\WINDOWS\SYSTEM32\DBGHELP.DLL
0x00007ff9ff2b0000 - 0x00007ff9ff632000 	C:\WINDOWS\System32\combase.dll
0x00007ff9ffd90000 - 0x00007ff9ffe66000 	C:\WINDOWS\System32\OLEAUT32.dll
0x00007ff9e7aa0000 - 0x00007ff9e7ad9000 	C:\WINDOWS\SYSTEM32\dbgcore.DLL
0x00007ff9fe9a0000 - 0x00007ff9fea39000 	C:\WINDOWS\System32\bcryptPrimitives.dll
0x00007ff9f1bb0000 - 0x00007ff9f1bbe000 	E:\android studio\jbr\bin\instrument.dll
0x00007ff9f15d0000 - 0x00007ff9f15f0000 	E:\android studio\jbr\bin\java.dll
0x00007ff9ec790000 - 0x00007ff9ec7a8000 	E:\android studio\jbr\bin\zip.dll
0x00007ffa00720000 - 0x00007ffa00e49000 	C:\WINDOWS\System32\SHELL32.dll
0x00007ff9fea40000 - 0x00007ff9feba8000 	C:\WINDOWS\System32\wintypes.dll
0x00007ff9fbdc0000 - 0x00007ff9fc612000 	C:\WINDOWS\SYSTEM32\windows.storage.dll
0x00007ff9ffef0000 - 0x00007ff9fffdd000 	C:\WINDOWS\System32\SHCORE.dll
0x00007ffa00e50000 - 0x00007ffa00eb4000 	C:\WINDOWS\System32\shlwapi.dll
0x00007ff9fdff0000 - 0x00007ff9fe01f000 	C:\WINDOWS\SYSTEM32\profapi.dll
0x00007ff9f1800000 - 0x00007ff9f1810000 	E:\android studio\jbr\bin\net.dll
0x00007ff9f5650000 - 0x00007ff9f576d000 	C:\WINDOWS\SYSTEM32\WINHTTP.dll
0x00007ff9fd530000 - 0x00007ff9fd59a000 	C:\WINDOWS\system32\mswsock.dll
0x00007ff9e16c0000 - 0x00007ff9e16d6000 	E:\android studio\jbr\bin\nio.dll
0x00007ff9f4ec0000 - 0x00007ff9f4ed0000 	E:\android studio\jbr\bin\verify.dll
0x00007ff9d9810000 - 0x00007ff9d9837000 	C:\Users\ma725\.gradle\native\c067742578af261105cb4f569cf0c3c89f3d7b1fecec35dd04571415982c5e48\windows-amd64\native-platform.dll
0x00007ff9d0720000 - 0x00007ff9d0864000 	C:\Users\ma725\.gradle\native\100fb08df4bc3b14c8652ba06237920a3bd2aa13389f12d3474272988ae205f9\windows-amd64\native-platform-file-events.dll
0x00007ff9f1690000 - 0x00007ff9f1699000 	E:\android studio\jbr\bin\management.dll
0x00007ff9f15c0000 - 0x00007ff9f15cb000 	E:\android studio\jbr\bin\management_ext.dll
0x00007ffa005e0000 - 0x00007ffa005e8000 	C:\WINDOWS\System32\PSAPI.DLL
0x00007ff9fd7e0000 - 0x00007ff9fd7fc000 	C:\WINDOWS\SYSTEM32\CRYPTSP.dll
0x00007ff9fcf70000 - 0x00007ff9fcfaa000 	C:\WINDOWS\system32\rsaenh.dll
0x00007ff9fd5d0000 - 0x00007ff9fd5fb000 	C:\WINDOWS\SYSTEM32\USERENV.dll
0x00007ff9fdfc0000 - 0x00007ff9fdfe6000 	C:\WINDOWS\SYSTEM32\bcrypt.dll
0x00007ff9fd7d0000 - 0x00007ff9fd7dc000 	C:\WINDOWS\SYSTEM32\CRYPTBASE.dll
0x00007ff9fca60000 - 0x00007ff9fca93000 	C:\WINDOWS\SYSTEM32\IPHLPAPI.DLL
0x00007ffa00710000 - 0x00007ffa0071a000 	C:\WINDOWS\System32\NSI.dll
0x00007ff9f16e0000 - 0x00007ff9f16e9000 	E:\android studio\jbr\bin\extnet.dll
0x00007ff9ba4b0000 - 0x00007ff9ba4b8000 	C:\WINDOWS\system32\wshunix.dll

dbghelp: loaded successfully - version: 4.0.5 - missing functions: none
symbol engine: initialized successfully - sym options: 0x614 - pdb path: .;E:\android studio\jbr\bin;C:\WINDOWS\SYSTEM32;C:\WINDOWS\WinSxS\amd64_microsoft.windows.common-controls_6595b64144ccf1df_6.0.26100.3624_none_3e086962e3345f24;E:\android studio\jbr\bin\server;C:\Users\ma725\.gradle\native\c067742578af261105cb4f569cf0c3c89f3d7b1fecec35dd04571415982c5e48\windows-amd64;C:\Users\ma725\.gradle\native\100fb08df4bc3b14c8652ba06237920a3bd2aa13389f12d3474272988ae205f9\windows-amd64

VM Arguments:
jvm_args: --add-opens=java.base/java.lang=ALL-UNNAMED --add-opens=java.base/java.lang.invoke=ALL-UNNAMED --add-opens=java.base/java.util=ALL-UNNAMED --add-opens=java.prefs/java.util.prefs=ALL-UNNAMED --add-exports=jdk.compiler/com.sun.tools.javac.api=ALL-UNNAMED --add-exports=jdk.compiler/com.sun.tools.javac.util=ALL-UNNAMED --add-opens=java.base/java.util=ALL-UNNAMED --add-opens=java.prefs/java.util.prefs=ALL-UNNAMED --add-opens=java.base/java.nio.charset=ALL-UNNAMED --add-opens=java.base/java.net=ALL-UNNAMED --add-opens=java.base/java.util.concurrent.atomic=ALL-UNNAMED --add-opens=java.xml/javax.xml.namespace=ALL-UNNAMED -Xmx2048m -Dfile.encoding=UTF-8 -Duser.country=US -Duser.language=en -Duser.variant -javaagent:C:\Users\ma725\.gradle\wrapper\dists\gradle-8.11.1-bin\bpt9gzteqjrbo1mjrsomdt32c\gradle-8.11.1\lib\agents\gradle-instrumentation-agent-8.11.1.jar 
java_command: org.gradle.launcher.daemon.bootstrap.GradleDaemon 8.11.1
java_class_path (initial): C:\Users\ma725\.gradle\wrapper\dists\gradle-8.11.1-bin\bpt9gzteqjrbo1mjrsomdt32c\gradle-8.11.1\lib\gradle-daemon-main-8.11.1.jar
Launcher Type: SUN_STANDARD

[Global flags]
     intx CICompilerCount                          = 4                                         {product} {ergonomic}
     uint ConcGCThreads                            = 3                                         {product} {ergonomic}
     uint G1ConcRefinementThreads                  = 10                                        {product} {ergonomic}
   size_t G1HeapRegionSize                         = 1048576                                   {product} {ergonomic}
    uintx GCDrainStackTargetSize                   = 64                                        {product} {ergonomic}
   size_t InitialHeapSize                          = 130023424                                 {product} {ergonomic}
   size_t MarkStackSize                            = 4194304                                   {product} {ergonomic}
   size_t MaxHeapSize                              = 2147483648                                {product} {command line}
   size_t MaxNewSize                               = 1287651328                                {product} {ergonomic}
   size_t MinHeapDeltaBytes                        = 1048576                                   {product} {ergonomic}
   size_t MinHeapSize                              = 8388608                                   {product} {ergonomic}
    uintx NonNMethodCodeHeapSize                   = 5839372                                {pd product} {ergonomic}
    uintx NonProfiledCodeHeapSize                  = 122909434                              {pd product} {ergonomic}
    uintx ProfiledCodeHeapSize                     = 122909434                              {pd product} {ergonomic}
    uintx ReservedCodeCacheSize                    = 251658240                              {pd product} {ergonomic}
     bool SegmentedCodeCache                       = true                                      {product} {ergonomic}
   size_t SoftMaxHeapSize                          = 2147483648                             {manageable} {ergonomic}
     bool UseCompressedOops                        = true                           {product lp64_product} {ergonomic}
     bool UseG1GC                                  = true                                      {product} {ergonomic}
     bool UseLargePagesIndividualAllocation        = false                                  {pd product} {ergonomic}

Logging:
Log output configuration:
 #0: stdout all=warning uptime,level,tags foldmultilines=false
 #1: stderr all=off uptime,level,tags foldmultilines=false

Environment Variables:
JAVA_HOME=E:\android studio\jbr
PATH=C:\Program Files\Common Files\Oracle\Java\javapath;C:\WINDOWS\system32;C:\WINDOWS;C:\WINDOWS\System32\Wbem;C:\WINDOWS\System32\WindowsPowerShell\v1.0\;C:\WINDOWS\System32\OpenSSH\;E:\android studio\jbr\bin;C:\Program Files (x86)\NVIDIA Corporation\PhysX\Common;C:\Program Files\NVIDIA Corporation\NVIDIA app\NvDLISR;C:\MinGW\bin;C:\Program Files\Git\cmd;C:\Program Files\Git LFS;C:\Users\ma725\AppData\Local\Programs\Python\Python39\Scripts\;C:\Users\ma725\AppData\Local\Programs\Python\Python39\;C:\Users\ma725\AppData\Local\Programs\Python\Launcher\;C:\Users\ma725\AppData\Local\Microsoft\WindowsApps;E:\Microsoft VS Code\bin;C:\Program Files (x86)\GnuWin32\bin;C:\MinGW\bin;C:\MinGW\msys\1.0\bin;
USERNAME=ma725
OS=Windows_NT
PROCESSOR_IDENTIFIER=Intel64 Family 6 Model 154 Stepping 3, GenuineIntel
TMP=C:\Users\ma725\AppData\Local\Temp
TEMP=C:\Users\ma725\AppData\Local\Temp




Periodic native trim disabled

JNI global refs:
JNI global refs: 24, weak refs: 0

JNI global refs memory usage: 835, weak refs: 833

Process memory usage:
Resident Set Size: 205520K (2% of 8048768K total physical memory with 1384816K free physical memory)

OOME stack traces (most recent first):
Classloader memory used:
Loader bootstrap                                                                       : 16433K
Loader org.gradle.internal.classloader.VisitableURLClassLoader                         : 10400K
Loader org.gradle.initialization.MixInLegacyTypesClassLoader                           : 1319K
Loader jdk.internal.loader.ClassLoaders$AppClassLoader                                 : 232K
Loader jdk.internal.loader.ClassLoaders$PlatformClassLoader                            : 114K
Loader jdk.internal.reflect.DelegatingClassLoader                                      : 37752B

Classes loaded by more than one classloader:
Class org.gradle.internal.classloader.FilteringClassLoader                            : loaded 2 times (x 101B)
Class org.gradle.internal.classloader.ClassLoaderHierarchy                            : loaded 2 times (x 66B)
Class org.gradle.api.internal.classpath.ManifestUtil                                  : loaded 2 times (x 67B)
Class org.gradle.internal.classloader.DefaultClassLoaderFactory                       : loaded 2 times (x 78B)
Class org.gradle.internal.classloader.ClassLoaderVisitor                              : loaded 2 times (x 72B)
Class org.gradle.api.internal.classpath.EffectiveClassPath                            : loaded 2 times (x 86B)
Class org.gradle.api.internal.DefaultClassPathProvider                                : loaded 2 times (x 72B)
Class [Lorg.gradle.api.internal.ClassPathProvider;                                    : loaded 2 times (x 65B)
Class org.gradle.api.internal.ClassPathProvider                                       : loaded 2 times (x 66B)
Class org.gradle.internal.service.UnknownServiceException                             : loaded 2 times (x 79B)
Class org.gradle.internal.classpath.TransformedClassPath                              : loaded 2 times (x 92B)
Class org.gradle.internal.classloader.InstrumentingClassLoader                        : loaded 2 times (x 66B)
Class org.gradle.internal.service.ServiceLocator                                      : loaded 2 times (x 66B)
Class org.gradle.internal.InternalTransformer                                         : loaded 2 times (x 66B)
Class org.gradle.internal.classloader.ClasspathUtil$1                                 : loaded 2 times (x 72B)
Class org.gradle.api.internal.classpath.DefaultModuleRegistry$DefaultModule           : loaded 2 times (x 82B)
Class org.gradle.api.internal.classpath.Module                                        : loaded 2 times (x 66B)
Class org.gradle.api.internal.classpath.UnknownModuleException                        : loaded 2 times (x 78B)
Class org.gradle.api.internal.DefaultClassPathRegistry                                : loaded 2 times (x 72B)
Class org.gradle.api.internal.ClassPathRegistry                                       : loaded 2 times (x 66B)
Class org.gradle.internal.classpath.DefaultClassPath$ImmutableUniqueList              : loaded 2 times (x 195B)
Class org.gradle.internal.classpath.ClassPath                                         : loaded 2 times (x 66B)
Class org.gradle.api.UncheckedIOException                                             : loaded 2 times (x 78B)
Class org.gradle.internal.installation.GradleInstallation$1                           : loaded 2 times (x 71B)
Class org.gradle.api.internal.classpath.ModuleRegistry                                : loaded 2 times (x 66B)
Class org.gradle.api.internal.classpath.DefaultModuleRegistry                         : loaded 2 times (x 82B)
Class org.gradle.internal.service.ServiceLookupException                              : loaded 2 times (x 78B)
Class org.gradle.internal.classloader.ClassLoaderFactory                              : loaded 2 times (x 66B)
Class org.gradle.internal.service.CachingServiceLocator                               : loaded 2 times (x 78B)
Class org.gradle.internal.classloader.ClasspathUtil                                   : loaded 2 times (x 67B)
Class org.gradle.api.specs.Spec                                                       : loaded 2 times (x 66B)
Class org.gradle.internal.classloader.VisitableURLClassLoader$InstrumentingVisitableURLClassLoader: loaded 2 times (x 119B)
Class org.gradle.internal.classloader.VisitableURLClassLoader$Spec                    : loaded 2 times (x 70B)
Class org.gradle.internal.classpath.DefaultClassPath                                  : loaded 2 times (x 86B)
Class org.gradle.internal.classloader.ClassLoaderSpec                                 : loaded 2 times (x 67B)
Class org.gradle.internal.classloader.VisitableURLClassLoader                         : loaded 2 times (x 113B)
Class org.gradle.internal.Cast                                                        : loaded 2 times (x 67B)
Class org.gradle.api.Action                                                           : loaded 2 times (x 66B)
Class org.gradle.internal.classpath.DefaultClassPath$ImmutableUniqueList$Builder      : loaded 2 times (x 71B)
Class org.gradle.api.GradleException                                                  : loaded 2 times (x 78B)
Class org.gradle.internal.IoActions                                                   : loaded 2 times (x 67B)
Class org.gradle.internal.classloader.SystemClassLoaderSpec                           : loaded 2 times (x 67B)
Class org.gradle.api.internal.classpath.GlobalCacheRootsProvider                      : loaded 2 times (x 66B)
Class org.gradle.internal.installation.CurrentGradleInstallationLocator               : loaded 2 times (x 67B)
Class org.gradle.internal.service.DefaultServiceLocator                               : loaded 2 times (x 79B)
Class org.gradle.internal.installation.CurrentGradleInstallation                      : loaded 2 times (x 69B)
Class org.gradle.util.internal.GUtil                                                  : loaded 2 times (x 67B)
Class org.gradle.internal.installation.GradleInstallation                             : loaded 2 times (x 71B)

---------------  S Y S T E M  ---------------

OS:
 Windows 11 , 64 bit Build 26100 (10.0.26100.3775)
OS uptime: 0 days 17:13 hours

CPU: total 12 (initial active 12) (6 cores per cpu, 2 threads per core) family 6 model 154 stepping 3 microcode 0x432, cx8, cmov, fxsr, ht, mmx, 3dnowpref, sse, sse2, sse3, ssse3, sse4.1, sse4.2, popcnt, lzcnt, tsc, tscinvbit, avx, avx2, aes, erms, clmul, bmi1, bmi2, adx, sha, fma, vzeroupper, clflush, clflushopt, clwb, serialize, rdtscp, rdpid, fsrm, f16c, pku, cet_ibt, cet_ss
Processor Information for processor 0
  Max Mhz: 2000, Current Mhz: 2000, Mhz Limit: 2000
Processor Information for processor 1
  Max Mhz: 2000, Current Mhz: 2000, Mhz Limit: 2000
Processor Information for processor 2
  Max Mhz: 2000, Current Mhz: 2000, Mhz Limit: 2000
Processor Information for processor 3
  Max Mhz: 2000, Current Mhz: 2000, Mhz Limit: 2000
Processor Information for processor 4
  Max Mhz: 2000, Current Mhz: 2000, Mhz Limit: 2000
Processor Information for processor 5
  Max Mhz: 2000, Current Mhz: 1520, Mhz Limit: 2000
Processor Information for processor 6
  Max Mhz: 2000, Current Mhz: 2000, Mhz Limit: 2000
Processor Information for processor 7
  Max Mhz: 2000, Current Mhz: 1520, Mhz Limit: 2000
Processor Information for processor 8
  Max Mhz: 2000, Current Mhz: 1500, Mhz Limit: 1500
Processor Information for processor 9
  Max Mhz: 2000, Current Mhz: 1500, Mhz Limit: 1500
Processor Information for processor 10
  Max Mhz: 2000, Current Mhz: 1500, Mhz Limit: 1500
Processor Information for processor 11
  Max Mhz: 2000, Current Mhz: 1500, Mhz Limit: 1500

Memory: 4k page, system-wide physical 7860M (1348M free)
TotalPageFile size 16052M (AvailPageFile size 6M)
current process WorkingSet (physical memory assigned to process): 203M, peak: 203M
current process commit charge ("private bytes"): 252M, peak: 254M

vm_info: OpenJDK 64-Bit Server VM (21.0.5+-12932927-b750.29) for windows-amd64 JRE (21.0.5+-12932927-b750.29), built on 2025-01-17T02:01:10Z by "builder" with MS VC++ 16.10 / 16.11 (VS2019)

END.
